            --------------------------------------------------------
                             AMBER SQM VERSION 19
 
                                     By
              Ross C. Walker, Michael F. Crowley, Scott Brozell,
                         Tim Giese, Andreas W. Goetz,
                        Tai-Sung Lee and David A. Case
 
            --------------------------------------------------------
 

--------------------------------------------------------------------------------
  QM CALCULATION INFO
--------------------------------------------------------------------------------

| QMMM: Citation for AMBER QMMM Run:
| QMMM: R.C. Walker, M.F. Crowley and D.A. Case, J. COMP. CHEM. 29:1019, 2008

QMMM: SINGLET STATE CALCULATION
QMMM: RHF CALCULATION, NO. OF DOUBLY OCCUPIED LEVELS = 41

| QMMM: *** Selected Hamiltonian *** 
| QMMM: AM1         

| QMMM: *** Parameter sets in use ***
| QMMM: C : M.J.S.DEWAR et al. JACS, 107, 3902, (1985)
| QMMM: O : M.J.S.DEWAR et al. JACS, 107, 3902, (1985)
| QMMM: N : M.J.S.DEWAR et al. JACS, 107, 3902, (1985)
| QMMM: H : M.J.S.DEWAR et al. JACS, 107, 3902, (1985)

| QMMM: *** SCF convergence criteria ***
| QMMM: Energy change                :  0.1D-09 kcal/mol
| QMMM: Error matrix |FP-PF|         :  0.1D+00 au
| QMMM: Density matrix change        :  0.5D-06
| QMMM: Maximum number of SCF cycles :     1000
 
| QMMM: *** Diagonalization Routine Information ***
| QMMM: Pseudo diagonalizations are allowed.
| QMMM: Auto diagonalization routine selection is in use.
| QMMM:
| QMMM: Timing diagonalization routines:
| QMMM:                              norbs =       77
| QMMM:    diag iterations used for timing =       15
| QMMM:
| QMMM:              Internal diag routine = 0.025536 seconds
| QMMM:                 Dspev diag routine = 0.025689 seconds
| QMMM:                Dspevd diag routine = 0.008503 seconds
| QMMM:                Dspevx diag routine = 0.040060 seconds
| QMMM:                 Dsyev diag routine = 0.005574 seconds
| QMMM:                Dsyevd diag routine = 0.004559 seconds
| QMMM:                Dsyevr diag routine = 0.007958 seconds
| QMMM:
| QMMM:                Pseudo diag routine = 0.003284 seconds
| QMMM:
| QMMM: Using dsyevd routine (diag_routine=6).

  QMMM: QM Region Cartesian Coordinates (*=link atom) 
  QMMM: QM_NO.   MM_NO.  ATOM         X         Y         Z
  QMMM:     1        1      C       15.0720   10.5550   -1.7980
  QMMM:     2        2      C       16.3650   10.1180   -2.1210
  QMMM:     3        3      C       17.2880    9.8630   -1.1090
  QMMM:     4        4      O       18.4510    9.4770   -1.4100
  QMMM:     5        5      N       16.9280   10.0430    0.1960
  QMMM:     6        6      C       17.8800    9.7920    1.2780
  QMMM:     7        7      N       15.6910   10.4370    0.5080
  QMMM:     8        8      C       14.7410   10.6900   -0.4320
  QMMM:     9        9      C       13.3890   11.0690    0.0320
  QMMM:    10       10      C       13.0680   12.4240    0.2160
  QMMM:    11       11      C       11.8040   12.7910    0.6870
  QMMM:    12       12      C       10.8570   11.8090    0.9910
  QMMM:    13       13      C       11.1760   10.4580    0.8320
  QMMM:    14       14      C       12.4390   10.0860    0.3610
  QMMM:    15       15      N       14.1330   10.9160   -2.8330
  QMMM:    16       16      C       14.1410   10.3240   -4.1670
  QMMM:    17       17      H       16.6330    9.9850   -3.1090
  QMMM:    18       18      H       18.8180    9.4860    0.8640
  QMMM:    19       19      H       17.5020    9.0190    1.9140
  QMMM:    20       20      H       18.0170   10.6870    1.8480
  QMMM:    21       21      H       13.7680   13.1520    0.0030
  QMMM:    22       22      H       11.5700   13.7880    0.8100
  QMMM:    23       23      H        9.9220   12.0820    1.3330
  QMMM:    24       24      H       10.4780    9.7330    1.0630
  QMMM:    25       25      H       12.6750    9.0870    0.2550
  QMMM:    26       26      H       13.4520   11.5970   -2.6290
  QMMM:    27       27      H       14.9330    9.6070   -4.2340
  QMMM:    28       28      H       14.2920   11.0920   -4.8970
  QMMM:    29       29      H       13.2050    9.8390   -4.3480

--------------------------------------------------------------------------------
  RESULTS
--------------------------------------------------------------------------------

      iter         sqm energy              rms gradient
      ----    -------------------    -----------------------
xmin    10       51.1057 kcal/mol        0.8668 kcal/(mol*A)
xmin    20       50.6062 kcal/mol        0.3535 kcal/(mol*A)
xmin    30       50.4519 kcal/mol        0.0609 kcal/(mol*A)
xmin    40       50.4360 kcal/mol        0.2320 kcal/(mol*A)
xmin    50       50.3206 kcal/mol        0.8497 kcal/(mol*A)
xmin    60       50.0253 kcal/mol        0.3170 kcal/(mol*A)
xmin    70       49.9825 kcal/mol        0.0583 kcal/(mol*A)
xmin    80       49.9681 kcal/mol        0.0362 kcal/(mol*A)
xmin    90       49.9546 kcal/mol        0.0587 kcal/(mol*A)
xmin   100       49.9363 kcal/mol        0.0197 kcal/(mol*A)
xmin   110       49.9307 kcal/mol        0.0894 kcal/(mol*A)
xmin   120       49.9255 kcal/mol        0.0491 kcal/(mol*A)
xmin   130       49.9231 kcal/mol        0.0103 kcal/(mol*A)
xmin   140       49.9218 kcal/mol        0.0255 kcal/(mol*A)
xmin   150       49.9211 kcal/mol        0.0223 kcal/(mol*A)
xmin   160       49.9208 kcal/mol        0.0180 kcal/(mol*A)
xmin   170       49.9207 kcal/mol        0.0055 kcal/(mol*A)
xmin   180       49.9206 kcal/mol        0.0034 kcal/(mol*A)
xmin   190       49.9205 kcal/mol        0.0053 kcal/(mol*A)
xmin   200       49.9205 kcal/mol        0.0053 kcal/(mol*A)
xmin   210       49.9205 kcal/mol        0.0016 kcal/(mol*A)
xmin   220       49.9205 kcal/mol        0.0028 kcal/(mol*A)
xmin   230       49.9234 kcal/mol        0.1783 kcal/(mol*A)
xmin   240       49.9218 kcal/mol        0.0071 kcal/(mol*A)
xmin   250       49.9216 kcal/mol        0.0098 kcal/(mol*A)
xmin   260       49.9213 kcal/mol        0.0142 kcal/(mol*A)
xmin   270       49.9211 kcal/mol        0.0220 kcal/(mol*A)
xmin   280       49.9208 kcal/mol        0.0070 kcal/(mol*A)
xmin   290       49.9206 kcal/mol        0.0134 kcal/(mol*A)
xmin   300       49.9206 kcal/mol        0.0085 kcal/(mol*A)
xmin   310       49.9205 kcal/mol        0.0058 kcal/(mol*A)
xmin   320       49.9205 kcal/mol        0.0037 kcal/(mol*A)
xmin   330       49.9204 kcal/mol        0.0019 kcal/(mol*A)
  ... geometry converged !
 
 Final MO eigenvalues (eV):
 -41.3239  -39.6884  -38.3047  -37.4264  -34.2610  -32.2387  -31.7369  -30.8546
 -28.4199  -26.5812  -25.0438  -23.4979  -22.9603  -22.5321  -19.5327  -18.6016
 -18.0823  -17.2351  -16.7791  -16.4948  -16.1238  -15.8178  -15.5529  -15.2955
 -14.5266  -14.4396  -14.2866  -13.7447  -13.7216  -13.3860  -13.1991  -13.1577
 -12.5857  -12.1782  -11.9991  -11.9819  -10.5519  -10.0613   -9.9592   -9.2521
  -8.9429   -0.1961    0.0710    0.2586    0.8093    1.4305    2.0910    2.4606
   2.6289    2.9188    3.5019    3.6056    3.7266    3.7778    3.7977    3.8798
   3.9283    4.1237    4.2076    4.2813    4.3071    4.3428    4.4484    4.5446
   4.5951    4.8068    4.8447    5.0921    5.1059    5.2969    5.3307    5.4097
   5.7580    5.8588    5.9294    6.8850    7.2308

 Heat of formation   =         49.92043609 kcal/mol  (        2.16471255 eV)

 Total SCF energy    =     -61219.55582342 kcal/mol  (    -2654.67914763 eV)
 Electronic energy   =    -365072.86393411 kcal/mol  (   -15830.74731946 eV)
 Core-core repulsion =     303853.30811070 kcal/mol  (    13176.06817184 eV)
 
    Atomic Charges for Step       1 :
  Atom    Element       Mulliken Charge
     1      C                  0.137
     2      C                 -0.329
     3      C                  0.325
     4      O                 -0.357
     5      N                 -0.232
     6      C                 -0.060
     7      N                  0.030
     8      C                 -0.118
     9      C                 -0.034
    10      C                 -0.101
    11      C                 -0.134
    12      C                 -0.121
    13      C                 -0.135
    14      C                 -0.117
    15      N                 -0.305
    16      C                 -0.087
    17      H                  0.166
    18      H                  0.097
    19      H                  0.098
    20      H                  0.105
    21      H                  0.143
    22      H                  0.136
    23      H                  0.134
    24      H                  0.136
    25      H                  0.145
    26      H                  0.228
    27      H                  0.092
    28      H                  0.069
    29      H                  0.089
 Total Mulliken Charge =       0.000
 
                  X        Y        Z     TOTAL  
  QM DIPOLE    -4.110    1.770   -0.632    4.520
 
 Final Structure

  QMMM: QM Region Cartesian Coordinates (*=link atom) 
  QMMM: QM_NO.   MM_NO.  ATOM         X         Y         Z
  QMMM:     1        1      C       14.9613   10.2597   -1.7788
  QMMM:     2        2      C       16.2352    9.8592   -2.1261
  QMMM:     3        3      C       17.2910    9.7926   -1.1332
  QMMM:     4        4      O       18.4622    9.4309   -1.3486
  QMMM:     5        5      N       16.9308   10.1900    0.1999
  QMMM:     6        6      C       17.9742   10.1325    1.2174
  QMMM:     7        7      N       15.7226   10.5896    0.5381
  QMMM:     8        8      C       14.7483   10.6393   -0.3662
  QMMM:     9        9      C       13.4178   11.1001    0.0687
  QMMM:    10       10      C       13.2556   12.3926    0.5818
  QMMM:    11       11      C       11.9942   12.8267    0.9880
  QMMM:    12       12      C       10.8946   11.9743    0.8916
  QMMM:    13       13      C       11.0569   10.6823    0.3910
  QMMM:    14       14      C       12.3145   10.2414   -0.0177
  QMMM:    15       15      N       13.8975   10.2746   -2.6586
  QMMM:    16       16      C       14.1158   10.1516   -4.0674
  QMMM:    17       17      H       16.5219    9.5670   -3.1445
  QMMM:    18       18      H       18.8147   10.8038    0.8972
  QMMM:    19       19      H       18.3530    9.0774    1.2734
  QMMM:    20       20      H       17.5919   10.4530    2.2202
  QMMM:    21       21      H       14.1247   13.0618    0.6692
  QMMM:    22       22      H       11.8695   13.8430    1.3900
  QMMM:    23       23      H        9.9012   12.3182    1.2151
  QMMM:    24       24      H       10.1925   10.0052    0.3242
  QMMM:    25       25      H       12.4441    9.2167   -0.3983
  QMMM:    26       26      H       13.0976   10.7968   -2.3735
  QMMM:    27       27      H       14.5761    9.1514   -4.2915
  QMMM:    28       28      H       14.8005   10.9515   -4.4633
  QMMM:    29       29      H       13.1279   10.2229   -4.5940
 
           --------- Calculation Completed ----------
 
