
          -------------------------------------------------------
          Amber 14 SANDER                              2014
          -------------------------------------------------------

| PMEMD implementation of SANDER, Release 14

| Run on 04/27/2020 at 11:00:32

|   Executable path: pmemd.cuda
| Working directory: /home1/tbaba/centos/BAT.py-master/BAT/equil/pose0
|          Hostname: tx1

  [-O]verwriting output

File Assignments:
|   MDIN: eqnpt.in                                                              
|  MDOUT: eqnpt04.out                                                           
| INPCRD: eqnpt03.rst7                                                          
|   PARM: full.hmr.prmtop                                                       
| RESTRT: eqnpt04.rst7                                                          
|   REFC: full.inpcrd                                                           
|  MDVEL: mdvel                                                                 
|   MDEN: mden                                                                  
|  MDCRD: traj004.nc                                                            
| MDINFO: mdinfo                                                                
|  MDFRC: mdfrc                                                                 

 
 Here is the input file:
 
*******************************************************                        
*****************************       eqnpt.in                                   
*******************************************************                        
Equilibrate, NPT.                                                              
 &cntrl                                                                        
  imin = 0,                                                                    
  ntx = 5,                                                                     
  irest = 1,                                                                   
  ntpr = 500,                                                                  
  ntwr = 500,                                                                  
  ntwx = 500,                                                                  
  ioutfm = 1,                                                                  
  iwrap = 1,                                                                   
  ntf = 2,                                                                     
  ntc = 2,                                                                     
  cut = 9.0,                                                                   
  ntt = 3,                                                                     
  temp0 = 298.15,                                                              
  gamma_ln = 1.0,                                                              
  ig = -1,                                                                     
  ntp = 1,                                                                     
  barostat = 2,                                                                
  nstlim = 3500,                                                               
  dt = 0.004,                                                                  
  ntr = 1,                                                                     
  restraint_wt = 50.0,                                                         
  restraintmask = ':1-3',                                                      
  nmropt = 1,                                                                  
  pencut = -1,                                                                 
 /                                                                             
 &wt type = 'END', /                                                           
DISANG=disang.rest                                                             
LISTOUT=POUT                                                                   
                                                                               


Note: ig = -1. Setting random seed to   175901 based on wallclock time in 
      microseconds.
 
|--------------------- INFORMATION ----------------------
| GPU (CUDA) Version of PMEMD in use: NVIDIA GPU IN USE.
|                    Version 14.0.1
| 
|                      06/20/2014
| 
| Implementation by:
|                    Ross C. Walker     (SDSC)
|                    Scott Le Grand     (nVIDIA)
| 
| CAUTION: The CUDA code is currently experimental.
|          You use it at your own risk. Be sure to
|          check ALL results carefully.
| 
| Precision model in use:
|      [SPFP] - Mixed Single/Double/Fixed Point Precision.
|               (Default)
| 
|--------------------------------------------------------
 
|----------------- CITATION INFORMATION -----------------
|
|    When publishing work that utilized the CUDA version
|    of AMBER, please cite the following in addition to
|    the regular AMBER citations:
|
|  - Romelia Salomon-Ferrer; Andreas W. Goetz; Duncan
|    Poole; Scott Le Grand; Ross C. Walker "Routine
|    microsecond molecular dynamics simulations with
|    AMBER - Part II: Particle Mesh Ewald", J. Chem.
|    Theory Comput., 2013, 9 (9), pp3878-3888,
|    DOI: 10.1021/ct400314y.
|
|  - Andreas W. Goetz; Mark J. Williamson; Dong Xu;
|    Duncan Poole; Scott Le Grand; Ross C. Walker
|    "Routine microsecond molecular dynamics simulations
|    with AMBER - Part I: Generalized Born", J. Chem.
|    Theory Comput., 2012, 8 (5), pp1542-1555.
|
|  - Scott Le Grand; Andreas W. Goetz; Ross C. Walker
|    "SPFP: Speed without compromise - a mixed precision
|    model for GPU accelerated molecular dynamics
|    simulations.", Comp. Phys. Comm., 2013, 184
|    pp374-380, DOI: 10.1016/j.cpc.2012.09.022
|
|--------------------------------------------------------
 
|------------------- GPU DEVICE INFO --------------------
|
|            CUDA_VISIBLE_DEVICES: 2
|   CUDA Capable Devices Detected:      1
|           CUDA Device ID in use:      0
|                CUDA Device Name: GeForce GTX TITAN X
|     CUDA Device Global Mem Size:  12212 MB
| CUDA Device Num Multiprocessors:     24
|           CUDA Device Core Freq:   1.08 GHz
|
|--------------------------------------------------------
 
 
| Conditional Compilation Defines Used:
| FFTW_FFT
| BINTRAJ
| MKL
| CUDA
| EMIL
 
| Largest sphere to fit in unit cell has radius =    29.692

| New format PARM file being parsed.
| Version =    1.000 Date = 04/22/20 Time = 12:15:12

| Note: 1-4 EEL scale factors are being read from the topology file.

| Note: 1-4 VDW scale factors are being read from the topology file.
| Duplicated    0 dihedrals

| Duplicated    0 dihedrals

--------------------------------------------------------------------------------
   1.  RESOURCE   USE: 
--------------------------------------------------------------------------------

 getting new box info from bottom of inpcrd
 NATOM  =   40866 NTYPES =      18 NBONH =   39890 MBONA  =     933
 NTHETH =    2036 MTHETA =    1252 NPHIH =    3990 MPHIA  =    3859
 NHPARM =       0 NPARM  =       0 NNB   =   61967 NRES   =   13177
 NBONA  =     933 NTHETA =    1252 NPHIA =    3859 NUMBND =      87
 NUMANG =     186 NPTRA  =     207 NATYP =      51 NPHB   =       1
 IFBOX  =       1 NMXRS  =      29 IFCAP =       0 NEXTRA =       0
 NCOPY  =       0

| Coordinate Index Table dimensions:    12   11   21
| Direct force subcell size =     5.3712    5.3985    5.1763

     BOX TYPE: RECTILINEAR

--------------------------------------------------------------------------------
   2.  CONTROL  DATA  FOR  THE  RUN
--------------------------------------------------------------------------------

default_name                                                                    

General flags:
     imin    =       0, nmropt  =       1

Nature and format of input:
     ntx     =       5, irest   =       1, ntrx    =       1

Nature and format of output:
     ntxo    =       1, ntpr    =     500, ntrx    =       1, ntwr    =     500
     iwrap   =       1, ntwx    =     500, ntwv    =       0, ntwe    =       0
     ioutfm  =       1, ntwprt  =       0, idecomp =       0, rbornstat=      0

Potential function:
     ntf     =       2, ntb     =       2, igb     =       0, nsnb    =      25
     ipol    =       0, gbsa    =       0, iesp    =       0
     dielc   =   1.00000, cut     =   9.00000, intdiel =   1.00000

Frozen or restrained atoms:
     ibelly  =       0, ntr     =       1
     restraint_wt =  50.00000

Molecular dynamics:
     nstlim  =      3500, nscm    =         0, nrespa  =         1
     t       =   0.00000, dt      =   0.00400, vlimit  =  -1.00000

Langevin dynamics temperature regulation:
     ig      =  175901
     temp0   = 298.15000, tempi   =   0.00000, gamma_ln=   1.00000

Pressure regulation:
     ntp     =       1
     pres0   =   1.00000, comp    =  44.60000, taup    =   1.00000
     Monte-Carlo Barostat:
     mcbarint  =     100

SHAKE:
     ntc     =       2, jfastw  =       0
     tol     =   0.00001

NMR refinement options:
     iscale  =       0, noeskp  =       1, ipnlty  =       1, mxsub   =       1
     scalm   = 100.00000, pencut  =  -1.00000, tausw   =   0.10000

| Intermolecular bonds treatment:
|     no_intermolecular_bonds =       1

| Energy averages sample interval:
|     ene_avg_sampling =     500

Ewald parameters:
     verbose =       0, ew_type =       0, nbflag  =       1, use_pme =       1
     vdwmeth =       1, eedmeth =       1, netfrc  =       1
     Box X =   64.454   Box Y =   59.383   Box Z =  108.703
     Alpha =   90.000   Beta  =   90.000   Gamma =   90.000
     NFFT1 =   64       NFFT2 =   64       NFFT3 =  120
     Cutoff=    9.000   Tol   =0.100E-04
     Ewald Coefficient =  0.30768
     Interpolation order =    4

    LOADING THE CONSTRAINED ATOMS AS GROUPS


   5.  REFERENCE ATOM COORDINATES

  default_name                                                                    
     Mask :1-3; matches     3 atoms

--------------------------------------------------------------------------------
   3.  ATOMIC COORDINATES AND VELOCITIES
--------------------------------------------------------------------------------

default_name                                                                    
 begin time read from input coords =   158.000 ps



           Begin reading energy term weight changes/NMR restraints
 WEIGHT CHANGES:
                         ** No weight changes given **

 RESTRAINTS:
 Requested file redirections:
  DISANG    = disang.rest
  LISTOUT   = POUT
 Restraints will be read from file: disang.rest
Here are comments from the DISANG input file:
# Anchor atoms  :58@CA  :79@CA  :105@CA  :113@C9  :113@C3  :113@C11  stage = equ
 
                       Number of restraints read =    54

                  Done reading weight changes/NMR restraints


 
 Number of triangulated 3-point waters found:    13000

     Sum of charges from parm topology file =  -0.00000106
     Forcing neutrality...

| Dynamic Memory, Types Used:
| Reals             1885961
| Integers          1191820

| Nonbonded Pairs Initial Allocation:     9317448

| GPU memory information (estimate):
| KB of GPU memory in use:    251124
| KB of CPU memory in use:     49686

--------------------------------------------------------------------------------
   4.  RESULTS
--------------------------------------------------------------------------------

 ---------------------------------------------------
 APPROXIMATING switch and d/dx switch using CUBIC SPLINE INTERPOLATION
 using   5000.0 points per unit in tabled values
 TESTING RELATIVE ERROR over r ranging from 0.0 to cutoff
| CHECK switch(x): max rel err =   0.3316E-14   at   2.351880
| CHECK d/dx switch(x): max rel err =   0.8205E-11   at   2.761360
 ---------------------------------------------------
|---------------------------------------------------
| APPROXIMATING direct energy using CUBIC SPLINE INTERPOLATION
|  with   50.0 points per unit in tabled values
| Relative Error Limit not exceeded for r .gt.   2.39
| APPROXIMATING direct force using CUBIC SPLINE INTERPOLATION
|  with   50.0 points per unit in tabled values
| Relative Error Limit not exceeded for r .gt.   2.84
|---------------------------------------------------
| Attempting MC barostat change: Failed
| Attempting MC barostat change: Failed
| Attempting MC barostat change: Failed
| Attempting MC barostat change: Failed
| Attempting MC barostat change: Succeeded

 NSTEP =      500   TIME(PS) =     160.000  TEMP(K) =   297.34  PRESS =     0.0
 Etot   =   -107782.0803  EKtot   =     24434.9688  EPtot      =   -132217.0490
 BOND   =       405.6985  ANGLE   =      1008.1066  DIHED      =      1388.6480
 1-4 NB =       408.7643  1-4 EEL =      5446.5226  VDWAALS    =     17988.2393
 EELEC  =   -158894.7293  EHBOND  =         0.0000  RESTRAINT  =        31.7011
 EAMBER (non-restraint)  =   -132248.7502
 EKCMT  =         0.0000  VIRIAL  =         0.0000  VOLUME     =    414954.6436
                                                    Density    =         0.9993
 ------------------------------------------------------------------------------

 NMR restraints: Bond =   10.235   Angle =     1.281   Torsion =     8.997
===============================================================================
| Attempting MC barostat change: Succeeded
| Attempting MC barostat change: Succeeded
| Attempting MC barostat change: Failed
| Attempting MC barostat change: Failed
| Attempting MC barostat change: Failed

 NSTEP =     1000   TIME(PS) =     162.000  TEMP(K) =   299.02  PRESS =     0.0
 Etot   =   -107503.9534  EKtot   =     24572.9395  EPtot      =   -132076.8928
 BOND   =       427.0022  ANGLE   =      1028.5794  DIHED      =      1381.0075
 1-4 NB =       422.7470  1-4 EEL =      5514.5391  VDWAALS    =     17418.0888
 EELEC  =   -158286.8350  EHBOND  =         0.0000  RESTRAINT  =        17.9783
 EAMBER (non-restraint)  =   -132094.8711
 EKCMT  =         0.0000  VIRIAL  =         0.0000  VOLUME     =    414564.0201
                                                    Density    =         1.0002
 ------------------------------------------------------------------------------

 NMR restraints: Bond =    2.203   Angle =     3.235   Torsion =     7.652
===============================================================================
| Attempting MC barostat change: Failed
| Attempting MC barostat change: Failed
| Attempting MC barostat change: Failed
| Attempting MC barostat change: Failed
| Attempting MC barostat change: Failed

 NSTEP =     1500   TIME(PS) =     164.000  TEMP(K) =   298.40  PRESS =     0.0
 Etot   =   -107535.2640  EKtot   =     24522.4180  EPtot      =   -132057.6819
 BOND   =       430.9099  ANGLE   =      1014.7397  DIHED      =      1391.8922
 1-4 NB =       431.7887  1-4 EEL =      5514.9861  VDWAALS    =     17318.8125
 EELEC  =   -158180.6644  EHBOND  =         0.0000  RESTRAINT  =        19.8535
 EAMBER (non-restraint)  =   -132077.5354
 EKCMT  =         0.0000  VIRIAL  =         0.0000  VOLUME     =    414564.0201
                                                    Density    =         1.0002
 ------------------------------------------------------------------------------

 NMR restraints: Bond =    1.498   Angle =     3.408   Torsion =     8.941
===============================================================================
| Attempting MC barostat change: Failed
| Attempting MC barostat change: Succeeded
| Attempting MC barostat change: Failed
| Attempting MC barostat change: Failed
| Attempting MC barostat change: Failed
| MC Barostat: Decreasing size of volume moves

 NSTEP =     2000   TIME(PS) =     166.000  TEMP(K) =   297.14  PRESS =     0.0
 Etot   =   -107521.3526  EKtot   =     24418.8516  EPtot      =   -131940.2041
 BOND   =       406.6258  ANGLE   =       962.6376  DIHED      =      1383.4962
 1-4 NB =       409.9880  1-4 EEL =      5466.1460  VDWAALS    =     17571.4994
 EELEC  =   -158155.0341  EHBOND  =         0.0000  RESTRAINT  =        14.4369
 EAMBER (non-restraint)  =   -131954.6411
 EKCMT  =         0.0000  VIRIAL  =         0.0000  VOLUME     =    414432.0849
                                                    Density    =         1.0005
 ------------------------------------------------------------------------------

 NMR restraints: Bond =    1.930   Angle =     1.240   Torsion =     6.364
===============================================================================
| Attempting MC barostat change: Succeeded
| Attempting MC barostat change: Failed
| Attempting MC barostat change: Failed
| Attempting MC barostat change: Failed
| Attempting MC barostat change: Failed

 NSTEP =     2500   TIME(PS) =     168.000  TEMP(K) =   299.71  PRESS =     0.0
 Etot   =   -107755.9275  EKtot   =     24629.3281  EPtot      =   -132385.2557
 BOND   =       403.1083  ANGLE   =       981.6993  DIHED      =      1397.8509
 1-4 NB =       420.7040  1-4 EEL =      5489.7710  VDWAALS    =     17857.2663
 EELEC  =   -158945.4505  EHBOND  =         0.0000  RESTRAINT  =         9.7951
 EAMBER (non-restraint)  =   -132395.0508
 EKCMT  =         0.0000  VIRIAL  =         0.0000  VOLUME     =    413530.2529
                                                    Density    =         1.0027
 ------------------------------------------------------------------------------

 NMR restraints: Bond =    1.078   Angle =     1.345   Torsion =     5.457
===============================================================================
| Attempting MC barostat change: Failed
| Attempting MC barostat change: Failed
| Attempting MC barostat change: Succeeded
| Attempting MC barostat change: Failed
| Attempting MC barostat change: Failed
| MC Barostat: Decreasing size of volume moves

 NSTEP =     3000   TIME(PS) =     170.000  TEMP(K) =   296.13  PRESS =     0.0
 Etot   =   -107723.1752  EKtot   =     24335.4395  EPtot      =   -132058.6147
 BOND   =       420.9138  ANGLE   =      1037.7130  DIHED      =      1377.6688
 1-4 NB =       421.6162  1-4 EEL =      5503.7822  VDWAALS    =     17547.5443
 EELEC  =   -158382.3150  EHBOND  =         0.0000  RESTRAINT  =        14.4620
 EAMBER (non-restraint)  =   -132073.0766
 EKCMT  =         0.0000  VIRIAL  =         0.0000  VOLUME     =    413958.3360
                                                    Density    =         1.0017
 ------------------------------------------------------------------------------

 NMR restraints: Bond =    1.725   Angle =     0.939   Torsion =     9.434
===============================================================================
| Attempting MC barostat change: Failed
| Attempting MC barostat change: Succeeded
| Attempting MC barostat change: Failed
| Attempting MC barostat change: Failed
| Attempting MC barostat change: Succeeded

 NSTEP =     3500   TIME(PS) =     172.000  TEMP(K) =   298.99  PRESS =     0.0
 Etot   =   -107548.7713  EKtot   =     24570.5723  EPtot      =   -132119.3436
 BOND   =       436.4253  ANGLE   =       972.9066  DIHED      =      1408.9380
 1-4 NB =       431.6952  1-4 EEL =      5455.5599  VDWAALS    =     17428.6272
 EELEC  =   -158262.6037  EHBOND  =         0.0000  RESTRAINT  =         9.1080
 EAMBER (non-restraint)  =   -132128.4516
 EKCMT  =         0.0000  VIRIAL  =         0.0000  VOLUME     =    414997.2816
                                                    Density    =         0.9992
 ------------------------------------------------------------------------------

 NMR restraints: Bond =    0.795   Angle =     1.918   Torsion =     5.686
===============================================================================

      A V E R A G E S   O V E R       7 S T E P S


 NSTEP =     3500   TIME(PS) =     172.000  TEMP(K) =   298.11  PRESS =     0.0
 Etot   =   -107624.3606  EKtot   =     24497.7882  EPtot      =   -132122.1488
 BOND   =       418.6691  ANGLE   =      1000.9117  DIHED      =      1389.9288
 1-4 NB =       421.0433  1-4 EEL =      5484.4724  VDWAALS    =     17590.0111
 EELEC  =   -158443.9475  EHBOND  =         0.0000  RESTRAINT  =        16.7621
 EAMBER (non-restraint)  =   -132138.9110
 EKCMT  =         0.0000  VIRIAL  =         0.0000  VOLUME     =    414428.6628
                                                    Density    =         1.0006
 ------------------------------------------------------------------------------

 NMR restraints: Bond =    0.795   Angle =     1.918   Torsion =     5.686
===============================================================================

      R M S  F L U C T U A T I O N S


 NSTEP =     3500   TIME(PS) =     172.000  TEMP(K) =     1.18  PRESS =     0.0
 Etot   =       113.8358  EKtot   =        96.6503  EPtot      =       131.7919
 BOND   =        12.5072  ANGLE   =        26.6756  DIHED      =        10.0063
 1-4 NB =         8.4959  1-4 EEL =        26.3168  VDWAALS    =       227.1902
 EELEC  =       309.1155  EHBOND  =         0.0000  RESTRAINT  =         7.0916
 EAMBER (non-restraint)  =       124.7003
 EKCMT  =         0.0000  VIRIAL  =         0.0000  VOLUME     =       487.7039
                                                    Density    =         0.0012
 ------------------------------------------------------------------------------


 NMR restraints on final step:

 ------------------------------------------------------------------------------


 Final Restraint Analysis for coords: eqnpt04.rst7                            


 Restraints, deviations, and energy contributions:    pencut =   -1.00

 ------------------------------------------------------------------------------
     First atom        Last atom    curr. value target deviation  penalty
 ------------------------------------------------------------------------------
  Pb   DUM    2 --  CA   ILE   58:    8.074    8.172    0.098    0.096 d    0: 0
  Pb   DUM    1 --  CA   ILE   58:   88.286   90.000    1.714    0.224 a
  Pb   DUM    1 --  Pb   DUM    2:  178.786  180.000    1.214    0.112 t
  Pb   DUM    2 --  CA   LEU   79:   82.886   78.062    4.824    1.773 a
  Pb   DUM    2 --  CA   ILE   58:    5.267    5.032    0.235    0.004 t
  CA   ILE   58 --  CA   LEU   79:   84.679   83.908    0.771    0.045 t
  CA   ILE   58 --  CA   LEU   79:   10.745   10.640    0.104    0.055 d    0: 0
  CA   LEU   79 --  CA   PHE  105:   12.424   12.583    0.158    0.125 d    0: 0
  CA   PHE  105 --  CA   ILE   58:   13.652   13.332    0.320    0.511 d    0: 0
  CA   PRO   34 --  C    PRO   34:  148.229  144.217    4.012    0.245 t
  N    VAL   35 --  CA   VAL   35:  -56.326  -56.167    0.158    0.000 t
  CA   VAL   35 --  C    VAL   35:  132.922  129.525    3.397    0.176 t
  N    ASP   36 --  CA   ASP   36:  -77.269  -76.193    1.076    0.018 t
  CA   ASP   36 --  C    ASP   36:  100.875   89.364   11.511    2.018 t
  N    VAL   37 --  CA   VAL   37:  -76.700  -68.274    8.426    1.081 t
  CA   VAL   37 --  C    VAL   37:   -2.333   -7.220    4.887    0.364 t
  N    GLU   38 --  CA   GLU   38:  -94.104  -93.159    0.945    0.014 t
  CA   GLU   38 --  C    GLU   38:   -8.387   -7.845    0.542    0.004 t
  N    ALA   39 --  CA   ALA   39:  -75.930  -74.191    1.738    0.046 t
  CA   ALA   39 --  C    ALA   39:  143.774  147.578    3.804    0.220 t
  N    LEU   40 --  CA   LEU   40:  -60.142  -57.702    2.440    0.091 t
  CA   LEU   40 --  C    LEU   40:  131.620  128.400    3.219    0.158 t
  N    GLY   41 --  CA   GLY   41:   95.133   99.732    4.599    0.322 t
  CA   GLY   41 --  C    GLY   41:  -16.338  -12.759    3.579    0.195 t
  N    LEU   42 --  CA   LEU   42: -104.529 -107.618    3.089    0.145 t
  CA   LEU   42 --  C    LEU   42:   24.158   18.284    5.874    0.525 t
  N    HIE   43 --  CA   HIE   43:  -60.738  -58.806    1.932    0.057 t
  CA   HIE   43 --  C    HIE   43:  -24.792  -25.366    0.574    0.005 t
  N    ASP   44 --  CA   ASP   44: -109.340 -102.929    6.411    0.626 t
  CA   ASP   44 --  C    ASP   44:    4.796    4.656    0.140    0.000 t
  N    TYR   45 --  CA   TYR   45:  -59.164  -56.812    2.352    0.084 t
  Pb   DUM    1 --  C9   LIG  113:    4.789    5.000    0.211    0.022 d    0: 0
  Pb   DUM    2 --  C9   LIG  113:   92.620   90.000    2.620    0.026 a
  Pb   DUM    2 --  Pb   DUM    1:   -6.685    0.000    6.685    0.170 t
  Pb   DUM    1 --  C3   LIG  113:  103.592   97.216    6.375    0.155 a
  Pb   DUM    1 --  C9   LIG  113:  -19.014  -21.174    2.160    0.018 t
  C9   LIG  113 --  C3   LIG  113:  138.616  149.954   11.339    0.490 t
  C9   LIG  113 --  C3   LIG  113:    7.008    6.751    0.257    0.017 d    0: 0
  C3   LIG  113 --  C11  LIG  113:    6.532    6.626    0.094    0.002 d    0: 0
  C11  LIG  113 --  C9   LIG  113:    5.946    5.814    0.132    0.004 d    0: 0
  C10  LIG  113 --  C9   LIG  113:   -1.111   -0.708    0.403    0.000 t
  C5   LIG  113 --  C6   LIG  113: -170.322 -178.368    8.046    0.000 t
  C8   LIG  113 --  C9   LIG  113:    4.233   -0.343    4.576    0.000 t
  C7   LIG  113 --  C8   LIG  113:   -6.371    0.326    6.697    0.000 t
  C6   LIG  113 --  C7   LIG  113:    5.224    0.742    4.482    0.000 t
  C    LIG  113 --  N2   LIG  113: -204.806 -153.555   51.251    0.000 t
  C5   LIG  113 --  C10  LIG  113:  167.761  178.315   10.553    0.000 t
  C    LIG  113 --  C1   LIG  113:   -0.983   -1.423    0.440    0.000 t
  N    LIG  113 --  N1   LIG  113:    6.413   -0.617    7.030    0.000 t
  C    LIG  113 --  C4   LIG  113: -182.467 -176.503    5.965    0.000 t
  C2   LIG  113 --  N    LIG  113: -177.998 -179.476    1.478    0.000 t
  C1   LIG  113 --  C2   LIG  113: -178.383 -179.628    1.245    0.000 t
  C4   LIG  113 --  N1   LIG  113:   -6.498   -1.082    5.416    0.000 t
  C4   LIG  113 --  C5   LIG  113:   74.669   93.154   18.486    0.000 t
                                       Total distance penalty:      0.832
                                       Total angle    penalty:      2.177
                                       Total torsion  penalty:      7.235
 ------------------------------------------------------------------------------
| MC Barostat:         35 volume changes attempted.
| MC Barostat:          8 changes successful ( 22.86%)
 ------------------------------------------------------------------------------

--------------------------------------------------------------------------------
   5.  TIMINGS
--------------------------------------------------------------------------------

|  NonSetup CPU Time in Major Routines:
|
|     Routine           Sec        %
|     ------------------------------
|     Nonbond           0.92   10.65
|     Bond              0.00    0.00
|     Angle             0.00    0.00
|     Dihedral          0.00    0.00
|     Shake             0.03    0.33
|     RunMD             7.60   88.30
|     Other             0.06    0.73
|     ------------------------------
|     Total             8.61

|  PME Nonbond Pairlist CPU Time:
|
|     Routine              Sec        %
|     ---------------------------------
|     Set Up Cit           0.00    0.00
|     Build List           0.00    0.00
|     ---------------------------------
|     Total                0.00    0.00

|  PME Direct Force CPU Time:
|
|     Routine              Sec        %
|     ---------------------------------
|     NonBonded Calc       0.00    0.00
|     Exclude Masked       0.00    0.00
|     Other                0.01    0.16
|     ---------------------------------
|     Total                0.01    0.16

|  PME Reciprocal Force CPU Time:
|
|     Routine              Sec        %
|     ---------------------------------
|     1D bspline           0.00    0.00
|     Grid Charges         0.00    0.00
|     Scalar Sum           0.00    0.00
|     Gradient Sum         0.00    0.00
|     FFT                  0.00    0.00
|     ---------------------------------
|     Total                0.00    0.00

|  Final Performance Info:
|     -----------------------------------------------------
|     Average timings for last    3000 steps:
|         Elapsed(s) =       7.85 Per Step(ms) =       2.62
|             ns/day =     132.04   seconds/ns =     654.36
|
|     Average timings for all steps:
|         Elapsed(s) =       9.14 Per Step(ms) =       2.61
|             ns/day =     132.34   seconds/ns =     652.85
|     -----------------------------------------------------

|  Setup CPU time:            0.42 seconds
|  NonSetup CPU time:         8.61 seconds
|  Total CPU time:            9.03 seconds     0.00 hours

|  Setup wall time:           1    seconds
|  NonSetup wall time:        9    seconds
|  Total wall time:          10    seconds     0.00 hours
