
          -------------------------------------------------------
          Amber 14 SANDER                              2014
          -------------------------------------------------------

| PMEMD implementation of SANDER, Release 14

| Run on 04/27/2020 at 11:00:02

|   Executable path: pmemd.cuda
| Working directory: /home1/tbaba/centos/BAT.py-master/BAT/equil/pose0
|          Hostname: tx1

  [-O]verwriting output

File Assignments:
|   MDIN: eqnpt.in                                                              
|  MDOUT: eqnpt01.out                                                           
| INPCRD: eqnpt.rst7                                                            
|   PARM: full.hmr.prmtop                                                       
| RESTRT: eqnpt01.rst7                                                          
|   REFC: full.inpcrd                                                           
|  MDVEL: mdvel                                                                 
|   MDEN: mden                                                                  
|  MDCRD: traj001.nc                                                            
| MDINFO: mdinfo                                                                
|  MDFRC: mdfrc                                                                 

 
 Here is the input file:
 
*******************************************************                        
*****************************       eqnpt.in                                   
*******************************************************                        
Equilibrate, NPT.                                                              
 &cntrl                                                                        
  imin = 0,                                                                    
  ntx = 5,                                                                     
  irest = 1,                                                                   
  ntpr = 500,                                                                  
  ntwr = 500,                                                                  
  ntwx = 500,                                                                  
  ioutfm = 1,                                                                  
  iwrap = 1,                                                                   
  ntf = 2,                                                                     
  ntc = 2,                                                                     
  cut = 9.0,                                                                   
  ntt = 3,                                                                     
  temp0 = 298.15,                                                              
  gamma_ln = 1.0,                                                              
  ig = -1,                                                                     
  ntp = 1,                                                                     
  barostat = 2,                                                                
  nstlim = 3500,                                                               
  dt = 0.004,                                                                  
  ntr = 1,                                                                     
  restraint_wt = 50.0,                                                         
  restraintmask = ':1-3',                                                      
  nmropt = 1,                                                                  
  pencut = -1,                                                                 
 /                                                                             
 &wt type = 'END', /                                                           
DISANG=disang.rest                                                             
LISTOUT=POUT                                                                   
                                                                               


Note: ig = -1. Setting random seed to   946380 based on wallclock time in 
      microseconds.
 
|--------------------- INFORMATION ----------------------
| GPU (CUDA) Version of PMEMD in use: NVIDIA GPU IN USE.
|                    Version 14.0.1
| 
|                      06/20/2014
| 
| Implementation by:
|                    Ross C. Walker     (SDSC)
|                    Scott Le Grand     (nVIDIA)
| 
| CAUTION: The CUDA code is currently experimental.
|          You use it at your own risk. Be sure to
|          check ALL results carefully.
| 
| Precision model in use:
|      [SPFP] - Mixed Single/Double/Fixed Point Precision.
|               (Default)
| 
|--------------------------------------------------------
 
|----------------- CITATION INFORMATION -----------------
|
|    When publishing work that utilized the CUDA version
|    of AMBER, please cite the following in addition to
|    the regular AMBER citations:
|
|  - Romelia Salomon-Ferrer; Andreas W. Goetz; Duncan
|    Poole; Scott Le Grand; Ross C. Walker "Routine
|    microsecond molecular dynamics simulations with
|    AMBER - Part II: Particle Mesh Ewald", J. Chem.
|    Theory Comput., 2013, 9 (9), pp3878-3888,
|    DOI: 10.1021/ct400314y.
|
|  - Andreas W. Goetz; Mark J. Williamson; Dong Xu;
|    Duncan Poole; Scott Le Grand; Ross C. Walker
|    "Routine microsecond molecular dynamics simulations
|    with AMBER - Part I: Generalized Born", J. Chem.
|    Theory Comput., 2012, 8 (5), pp1542-1555.
|
|  - Scott Le Grand; Andreas W. Goetz; Ross C. Walker
|    "SPFP: Speed without compromise - a mixed precision
|    model for GPU accelerated molecular dynamics
|    simulations.", Comp. Phys. Comm., 2013, 184
|    pp374-380, DOI: 10.1016/j.cpc.2012.09.022
|
|--------------------------------------------------------
 
|------------------- GPU DEVICE INFO --------------------
|
|            CUDA_VISIBLE_DEVICES: 2
|   CUDA Capable Devices Detected:      1
|           CUDA Device ID in use:      0
|                CUDA Device Name: GeForce GTX TITAN X
|     CUDA Device Global Mem Size:  12212 MB
| CUDA Device Num Multiprocessors:     24
|           CUDA Device Core Freq:   1.08 GHz
|
|--------------------------------------------------------
 
 
| Conditional Compilation Defines Used:
| FFTW_FFT
| BINTRAJ
| MKL
| CUDA
| EMIL
 
| Largest sphere to fit in unit cell has radius =    31.071

| New format PARM file being parsed.
| Version =    1.000 Date = 04/22/20 Time = 12:15:12

| Note: 1-4 EEL scale factors are being read from the topology file.

| Note: 1-4 VDW scale factors are being read from the topology file.
| Duplicated    0 dihedrals

| Duplicated    0 dihedrals

--------------------------------------------------------------------------------
   1.  RESOURCE   USE: 
--------------------------------------------------------------------------------

 getting new box info from bottom of inpcrd
 NATOM  =   40866 NTYPES =      18 NBONH =   39890 MBONA  =     933
 NTHETH =    2036 MTHETA =    1252 NPHIH =    3990 MPHIA  =    3859
 NHPARM =       0 NPARM  =       0 NNB   =   61967 NRES   =   13177
 NBONA  =     933 NTHETA =    1252 NPHIA =    3859 NUMBND =      87
 NUMANG =     186 NPTRA  =     207 NATYP =      51 NPHB   =       1
 IFBOX  =       1 NMXRS  =      29 IFCAP =       0 NEXTRA =       0
 NCOPY  =       0

| Coordinate Index Table dimensions:    13   12   22
| Direct force subcell size =     5.1883    5.1785    5.1706

     BOX TYPE: RECTILINEAR

--------------------------------------------------------------------------------
   2.  CONTROL  DATA  FOR  THE  RUN
--------------------------------------------------------------------------------

default_name                                                                    

General flags:
     imin    =       0, nmropt  =       1

Nature and format of input:
     ntx     =       5, irest   =       1, ntrx    =       1

Nature and format of output:
     ntxo    =       1, ntpr    =     500, ntrx    =       1, ntwr    =     500
     iwrap   =       1, ntwx    =     500, ntwv    =       0, ntwe    =       0
     ioutfm  =       1, ntwprt  =       0, idecomp =       0, rbornstat=      0

Potential function:
     ntf     =       2, ntb     =       2, igb     =       0, nsnb    =      25
     ipol    =       0, gbsa    =       0, iesp    =       0
     dielc   =   1.00000, cut     =   9.00000, intdiel =   1.00000

Frozen or restrained atoms:
     ibelly  =       0, ntr     =       1
     restraint_wt =  50.00000

Molecular dynamics:
     nstlim  =      3500, nscm    =         0, nrespa  =         1
     t       =   0.00000, dt      =   0.00400, vlimit  =  -1.00000

Langevin dynamics temperature regulation:
     ig      =  946380
     temp0   = 298.15000, tempi   =   0.00000, gamma_ln=   1.00000

Pressure regulation:
     ntp     =       1
     pres0   =   1.00000, comp    =  44.60000, taup    =   1.00000
     Monte-Carlo Barostat:
     mcbarint  =     100

SHAKE:
     ntc     =       2, jfastw  =       0
     tol     =   0.00001

NMR refinement options:
     iscale  =       0, noeskp  =       1, ipnlty  =       1, mxsub   =       1
     scalm   = 100.00000, pencut  =  -1.00000, tausw   =   0.10000

| Intermolecular bonds treatment:
|     no_intermolecular_bonds =       1

| Energy averages sample interval:
|     ene_avg_sampling =     500

Ewald parameters:
     verbose =       0, ew_type =       0, nbflag  =       1, use_pme =       1
     vdwmeth =       1, eedmeth =       1, netfrc  =       1
     Box X =   67.448   Box Y =   62.142   Box Z =  113.753
     Alpha =   90.000   Beta  =   90.000   Gamma =   90.000
     NFFT1 =   64       NFFT2 =   64       NFFT3 =  120
     Cutoff=    9.000   Tol   =0.100E-04
     Ewald Coefficient =  0.30768
     Interpolation order =    4

    LOADING THE CONSTRAINED ATOMS AS GROUPS


   5.  REFERENCE ATOM COORDINATES

  default_name                                                                    
     Mask :1-3; matches     3 atoms

--------------------------------------------------------------------------------
   3.  ATOMIC COORDINATES AND VELOCITIES
--------------------------------------------------------------------------------

default_name                                                                    
 begin time read from input coords =   116.000 ps



           Begin reading energy term weight changes/NMR restraints
 WEIGHT CHANGES:
                         ** No weight changes given **

 RESTRAINTS:
 Requested file redirections:
  DISANG    = disang.rest
  LISTOUT   = POUT
 Restraints will be read from file: disang.rest
Here are comments from the DISANG input file:
# Anchor atoms  :58@CA  :79@CA  :105@CA  :113@C9  :113@C3  :113@C11  stage = equ
 
                       Number of restraints read =    54

                  Done reading weight changes/NMR restraints


 
 Number of triangulated 3-point waters found:    13000

     Sum of charges from parm topology file =  -0.00000106
     Forcing neutrality...

| Dynamic Memory, Types Used:
| Reals             1885961
| Integers          1191820

| Nonbonded Pairs Initial Allocation:     9317448

| GPU memory information (estimate):
| KB of GPU memory in use:    236840
| KB of CPU memory in use:     47624

--------------------------------------------------------------------------------
   4.  RESULTS
--------------------------------------------------------------------------------

 ---------------------------------------------------
 APPROXIMATING switch and d/dx switch using CUBIC SPLINE INTERPOLATION
 using   5000.0 points per unit in tabled values
 TESTING RELATIVE ERROR over r ranging from 0.0 to cutoff
| CHECK switch(x): max rel err =   0.3316E-14   at   2.351880
| CHECK d/dx switch(x): max rel err =   0.8205E-11   at   2.761360
 ---------------------------------------------------
|---------------------------------------------------
| APPROXIMATING direct energy using CUBIC SPLINE INTERPOLATION
|  with   50.0 points per unit in tabled values
| Relative Error Limit not exceeded for r .gt.   2.39
| APPROXIMATING direct force using CUBIC SPLINE INTERPOLATION
|  with   50.0 points per unit in tabled values
| Relative Error Limit not exceeded for r .gt.   2.84
|---------------------------------------------------
| Attempting MC barostat change: Failed
| Attempting MC barostat change: Succeeded
| Attempting MC barostat change: Succeeded
| Attempting MC barostat change: Failed
| Attempting MC barostat change: Failed

 NSTEP =      500   TIME(PS) =     118.000  TEMP(K) =   297.60  PRESS =     0.0
 Etot   =   -105895.7880  EKtot   =     24456.3574  EPtot      =   -130352.1454
 BOND   =       407.7092  ANGLE   =       988.8109  DIHED      =      1362.9924
 1-4 NB =       425.7593  1-4 EEL =      5469.4812  VDWAALS    =     17325.9439
 EELEC  =   -156367.5844  EHBOND  =         0.0000  RESTRAINT  =        34.7421
 EAMBER (non-restraint)  =   -130386.8875
 EKCMT  =         0.0000  VIRIAL  =         0.0000  VOLUME     =    469592.2587
                                                    Density    =         0.8830
 ------------------------------------------------------------------------------

 NMR restraints: Bond =    1.510   Angle =     2.556   Torsion =     4.668
===============================================================================
| Attempting MC barostat change: Succeeded
| Attempting MC barostat change: Failed
| Attempting MC barostat change: Failed
| Attempting MC barostat change: Failed
| Attempting MC barostat change: Succeeded

 NSTEP =     1000   TIME(PS) =     120.000  TEMP(K) =   297.23  PRESS =     0.0
 Etot   =   -105778.3069  EKtot   =     24425.4766  EPtot      =   -130203.7834
 BOND   =       427.6890  ANGLE   =       988.5547  DIHED      =      1406.5464
 1-4 NB =       408.9408  1-4 EEL =      5452.1775  VDWAALS    =     17446.3138
 EELEC  =   -156352.6776  EHBOND  =         0.0000  RESTRAINT  =        18.6720
 EAMBER (non-restraint)  =   -130222.4554
 EKCMT  =         0.0000  VIRIAL  =         0.0000  VOLUME     =    468933.0082
                                                    Density    =         0.8843
 ------------------------------------------------------------------------------

 NMR restraints: Bond =    1.756   Angle =     0.616   Torsion =     6.023
===============================================================================
| Attempting MC barostat change: Failed
| Attempting MC barostat change: Succeeded
| Attempting MC barostat change: Failed
| Attempting MC barostat change: Succeeded
| Attempting MC barostat change: Succeeded

 NSTEP =     1500   TIME(PS) =     122.000  TEMP(K) =   296.54  PRESS =     0.0
 Etot   =   -105903.6605  EKtot   =     24369.0234  EPtot      =   -130272.6839
 BOND   =       452.1409  ANGLE   =      1014.7162  DIHED      =      1391.2747
 1-4 NB =       414.2634  1-4 EEL =      5456.2925  VDWAALS    =     17226.4402
 EELEC  =   -156239.3666  EHBOND  =         0.0000  RESTRAINT  =        11.5548
 EAMBER (non-restraint)  =   -130284.2387
 EKCMT  =         0.0000  VIRIAL  =         0.0000  VOLUME     =    463971.2082
                                                    Density    =         0.8937
 ------------------------------------------------------------------------------

 NMR restraints: Bond =    1.321   Angle =     0.435   Torsion =     7.749
===============================================================================
| Attempting MC barostat change: Failed
| Attempting MC barostat change: Failed
| Attempting MC barostat change: Failed
| Attempting MC barostat change: Succeeded
| Attempting MC barostat change: Succeeded

 NSTEP =     2000   TIME(PS) =     124.000  TEMP(K) =   296.57  PRESS =     0.0
 Etot   =   -106081.0349  EKtot   =     24371.3340  EPtot      =   -130452.3689
 BOND   =       451.2617  ANGLE   =       968.6575  DIHED      =      1392.2541
 1-4 NB =       433.3538  1-4 EEL =      5488.3004  VDWAALS    =     18441.4486
 EELEC  =   -157637.3368  EHBOND  =         0.0000  RESTRAINT  =         9.6917
 EAMBER (non-restraint)  =   -130462.0607
 EKCMT  =         0.0000  VIRIAL  =         0.0000  VOLUME     =    459472.7516
                                                    Density    =         0.9025
 ------------------------------------------------------------------------------

 NMR restraints: Bond =    0.672   Angle =     0.175   Torsion =     6.245
===============================================================================
| Attempting MC barostat change: Succeeded
| Attempting MC barostat change: Succeeded
| Attempting MC barostat change: Succeeded
| Attempting MC barostat change: Failed
| Attempting MC barostat change: Succeeded

 NSTEP =     2500   TIME(PS) =     126.000  TEMP(K) =   297.48  PRESS =     0.0
 Etot   =   -106183.1347  EKtot   =     24446.7695  EPtot      =   -130629.9042
 BOND   =       391.5449  ANGLE   =      1054.6164  DIHED      =      1406.5463
 1-4 NB =       430.8422  1-4 EEL =      5471.2143  VDWAALS    =     18423.5485
 EELEC  =   -157820.2853  EHBOND  =         0.0000  RESTRAINT  =        12.0685
 EAMBER (non-restraint)  =   -130641.9727
 EKCMT  =         0.0000  VIRIAL  =         0.0000  VOLUME     =    452142.2433
                                                    Density    =         0.9171
 ------------------------------------------------------------------------------

 NMR restraints: Bond =    1.203   Angle =     0.497   Torsion =     5.844
===============================================================================
| Attempting MC barostat change: Succeeded
| Attempting MC barostat change: Succeeded
| Attempting MC barostat change: Failed
| Attempting MC barostat change: Failed
| Attempting MC barostat change: Failed

 NSTEP =     3000   TIME(PS) =     128.000  TEMP(K) =   298.55  PRESS =     0.0
 Etot   =   -106403.4159  EKtot   =     24534.0664  EPtot      =   -130937.4823
 BOND   =       411.3865  ANGLE   =       951.9800  DIHED      =      1393.2318
 1-4 NB =       439.6723  1-4 EEL =      5486.7757  VDWAALS    =     17176.6345
 EELEC  =   -156810.7559  EHBOND  =         0.0000  RESTRAINT  =        13.5928
 EAMBER (non-restraint)  =   -130951.0751
 EKCMT  =         0.0000  VIRIAL  =         0.0000  VOLUME     =    449669.7393
                                                    Density    =         0.9221
 ------------------------------------------------------------------------------

 NMR restraints: Bond =    0.516   Angle =     1.716   Torsion =     7.425
===============================================================================
| Attempting MC barostat change: Failed
| Attempting MC barostat change: Failed
| Attempting MC barostat change: Succeeded
| Attempting MC barostat change: Failed
| Attempting MC barostat change: Failed

 NSTEP =     3500   TIME(PS) =     130.000  TEMP(K) =   296.14  PRESS =     0.0
 Etot   =   -106569.3905  EKtot   =     24336.4336  EPtot      =   -130905.8241
 BOND   =       380.5799  ANGLE   =      1007.1126  DIHED      =      1379.6664
 1-4 NB =       438.3099  1-4 EEL =      5490.6439  VDWAALS    =     17373.1111
 EELEC  =   -156986.7080  EHBOND  =         0.0000  RESTRAINT  =        11.4601
 EAMBER (non-restraint)  =   -130917.2841
 EKCMT  =         0.0000  VIRIAL  =         0.0000  VOLUME     =    446013.0309
                                                    Density    =         0.9297
 ------------------------------------------------------------------------------

 NMR restraints: Bond =    0.503   Angle =     0.592   Torsion =     8.698
===============================================================================

      A V E R A G E S   O V E R       7 S T E P S


 NSTEP =     3500   TIME(PS) =     130.000  TEMP(K) =   297.16  PRESS =     0.0
 Etot   =   -106116.3902  EKtot   =     24419.9230  EPtot      =   -130536.3132
 BOND   =       417.4732  ANGLE   =       996.3498  DIHED      =      1390.3589
 1-4 NB =       427.3060  1-4 EEL =      5473.5551  VDWAALS    =     17630.4915
 EELEC  =   -156887.8164  EHBOND  =         0.0000  RESTRAINT  =        15.9689
 EAMBER (non-restraint)  =   -130552.2820
 EKCMT  =         0.0000  VIRIAL  =         0.0000  VOLUME     =    458542.0343
                                                    Density    =         0.9046
 ------------------------------------------------------------------------------

 NMR restraints: Bond =    0.503   Angle =     0.592   Torsion =     8.698
===============================================================================

      R M S  F L U C T U A T I O N S


 NSTEP =     3500   TIME(PS) =     130.000  TEMP(K) =     0.76  PRESS =     0.0
 Etot   =       267.6665  EKtot   =        62.1403  EPtot      =       274.4540
 BOND   =        25.6728  ANGLE   =        30.9407  DIHED      =        14.1422
 1-4 NB =        10.9079  1-4 EEL =        14.4485  VDWAALS    =       513.9135
 EELEC  =       588.5210  EHBOND  =         0.0000  RESTRAINT  =         8.1048
 EAMBER (non-restraint)  =       266.3492
 EKCMT  =         0.0000  VIRIAL  =         0.0000  VOLUME     =      8759.2631
                                                    Density    =         0.0173
 ------------------------------------------------------------------------------


 NMR restraints on final step:

 ------------------------------------------------------------------------------


 Final Restraint Analysis for coords: eqnpt01.rst7                            


 Restraints, deviations, and energy contributions:    pencut =   -1.00

 ------------------------------------------------------------------------------
     First atom        Last atom    curr. value target deviation  penalty
 ------------------------------------------------------------------------------
  Pb   DUM    2 --  CA   ILE   58:    8.110    8.172    0.062    0.038 d    0: 0
  Pb   DUM    1 --  CA   ILE   58:   88.971   90.000    1.029    0.081 a
  Pb   DUM    1 --  Pb   DUM    2:  178.417  180.000    1.583    0.191 t
  Pb   DUM    2 --  CA   LEU   79:   79.424   78.062    1.362    0.141 a
  Pb   DUM    2 --  CA   ILE   58:    4.212    5.032    0.820    0.051 t
  CA   ILE   58 --  CA   LEU   79:   85.751   83.908    1.843    0.259 t
  CA   ILE   58 --  CA   LEU   79:   10.864   10.640    0.224    0.251 d    0: 0
  CA   LEU   79 --  CA   PHE  105:   12.630   12.583    0.047    0.011 d    0: 0
  CA   PHE  105 --  CA   ILE   58:   13.418   13.332    0.085    0.036 d    0: 0
  CA   PRO   34 --  C    PRO   34:  142.514  144.217    1.703    0.044 t
  N    VAL   35 --  CA   VAL   35:  -59.166  -56.167    2.999    0.137 t
  CA   VAL   35 --  C    VAL   35:  123.059  129.525    6.467    0.637 t
  N    ASP   36 --  CA   ASP   36:  -77.371  -76.193    1.178    0.021 t
  CA   ASP   36 --  C    ASP   36:   88.630   89.364    0.734    0.008 t
  N    VAL   37 --  CA   VAL   37:  -75.323  -68.274    7.049    0.757 t
  CA   VAL   37 --  C    VAL   37:   -8.742   -7.220    1.522    0.035 t
  N    GLU   38 --  CA   GLU   38:  -90.068  -93.159    3.091    0.146 t
  CA   GLU   38 --  C    GLU   38:  -13.023   -7.845    5.177    0.408 t
  N    ALA   39 --  CA   ALA   39:  -76.458  -74.191    2.267    0.078 t
  CA   ALA   39 --  C    ALA   39:  141.017  147.578    6.561    0.656 t
  N    LEU   40 --  CA   LEU   40:  -59.145  -57.702    1.443    0.032 t
  CA   LEU   40 --  C    LEU   40:  125.693  128.400    2.707    0.112 t
  N    GLY   41 --  CA   GLY   41:  101.350   99.732    1.618    0.040 t
  CA   GLY   41 --  C    GLY   41:  -13.912  -12.759    1.153    0.020 t
  N    LEU   42 --  CA   LEU   42:  -99.080 -107.618    8.539    1.110 t
  CA   LEU   42 --  C    LEU   42:   20.370   18.284    2.086    0.066 t
  N    HIE   43 --  CA   HIE   43:  -63.966  -58.806    5.160    0.405 t
  CA   HIE   43 --  C    HIE   43:  -25.393  -25.366    0.027    0.000 t
  N    ASP   44 --  CA   ASP   44: -102.619 -102.929    0.310    0.001 t
  CA   ASP   44 --  C    ASP   44:    4.331    4.656    0.325    0.002 t
  N    TYR   45 --  CA   TYR   45:  -60.306  -56.812    3.493    0.186 t
  Pb   DUM    1 --  C9   LIG  113:    5.381    5.000    0.381    0.072 d    0: 0
  Pb   DUM    2 --  C9   LIG  113:   86.600   90.000    3.400    0.044 a
  Pb   DUM    2 --  Pb   DUM    1:   -7.308    0.000    7.308    0.203 t
  Pb   DUM    1 --  C3   LIG  113:  106.953   97.216    9.736    0.361 a
  Pb   DUM    1 --  C9   LIG  113:  -17.692  -21.174    3.482    0.046 t
  C9   LIG  113 --  C3   LIG  113:  142.325  149.954    7.630    0.222 t
  C9   LIG  113 --  C3   LIG  113:    7.146    6.751    0.395    0.039 d    0: 0
  C3   LIG  113 --  C11  LIG  113:    6.569    6.626    0.057    0.001 d    0: 0
  C11  LIG  113 --  C9   LIG  113:    5.779    5.814    0.035    0.000 d    0: 0
  C10  LIG  113 --  C9   LIG  113:   -3.116   -0.708    2.409    0.000 t
  C5   LIG  113 --  C6   LIG  113: -178.867 -178.368    0.499    0.000 t
  C8   LIG  113 --  C9   LIG  113:    0.371   -0.343    0.715    0.000 t
  C7   LIG  113 --  C8   LIG  113:    2.415    0.326    2.089    0.000 t
  C6   LIG  113 --  C7   LIG  113:   -2.316    0.742    3.057    0.000 t
  C    LIG  113 --  N2   LIG  113: -162.252 -153.555    8.697    0.000 t
  C5   LIG  113 --  C10  LIG  113:  181.502  178.315    3.188    0.000 t
  C    LIG  113 --  C1   LIG  113:   -4.945   -1.423    3.522    0.000 t
  N    LIG  113 --  N1   LIG  113:   -1.198   -0.617    0.581    0.000 t
  C    LIG  113 --  C4   LIG  113: -189.144 -176.503   12.642    0.000 t
  C2   LIG  113 --  N    LIG  113: -180.143 -179.476    0.667    0.000 t
  C1   LIG  113 --  C2   LIG  113: -169.188 -179.628   10.441    0.000 t
  C4   LIG  113 --  N1   LIG  113:   -5.423   -1.082    4.341    0.000 t
  C4   LIG  113 --  C5   LIG  113:  105.720   93.154   12.566    0.000 t
                                       Total distance penalty:      0.449
                                       Total angle    penalty:      0.627
                                       Total torsion  penalty:      5.874
 ------------------------------------------------------------------------------
| MC Barostat:         35 volume changes attempted.
| MC Barostat:         16 changes successful ( 45.71%)
 ------------------------------------------------------------------------------

--------------------------------------------------------------------------------
   5.  TIMINGS
--------------------------------------------------------------------------------

|  NonSetup CPU Time in Major Routines:
|
|     Routine           Sec        %
|     ------------------------------
|     Nonbond           0.98   11.64
|     Bond              0.00    0.00
|     Angle             0.00    0.00
|     Dihedral          0.00    0.00
|     Shake             0.02    0.24
|     RunMD             7.34   87.36
|     Other             0.06    0.76
|     ------------------------------
|     Total             8.40

|  PME Nonbond Pairlist CPU Time:
|
|     Routine              Sec        %
|     ---------------------------------
|     Set Up Cit           0.00    0.00
|     Build List           0.00    0.00
|     ---------------------------------
|     Total                0.00    0.00

|  PME Direct Force CPU Time:
|
|     Routine              Sec        %
|     ---------------------------------
|     NonBonded Calc       0.00    0.00
|     Exclude Masked       0.00    0.00
|     Other                0.01    0.13
|     ---------------------------------
|     Total                0.01    0.13

|  PME Reciprocal Force CPU Time:
|
|     Routine              Sec        %
|     ---------------------------------
|     1D bspline           0.00    0.00
|     Grid Charges         0.00    0.00
|     Scalar Sum           0.00    0.00
|     Gradient Sum         0.00    0.00
|     FFT                  0.00    0.00
|     ---------------------------------
|     Total                0.00    0.00

|  Final Performance Info:
|     -----------------------------------------------------
|     Average timings for last    3000 steps:
|         Elapsed(s) =       7.76 Per Step(ms) =       2.59
|             ns/day =     133.56   seconds/ns =     646.90
|
|     Average timings for all steps:
|         Elapsed(s) =       9.01 Per Step(ms) =       2.57
|             ns/day =     134.29   seconds/ns =     643.38
|     -----------------------------------------------------

|  Setup CPU time:            0.40 seconds
|  NonSetup CPU time:         8.40 seconds
|  Total CPU time:            8.80 seconds     0.00 hours

|  Setup wall time:           0    seconds
|  NonSetup wall time:        9    seconds
|  Total wall time:           9    seconds     0.00 hours
