
          -------------------------------------------------------
          Amber 14 SANDER                              2014
          -------------------------------------------------------

| PMEMD implementation of SANDER, Release 14

| Run on 04/27/2020 at 10:59:53

|   Executable path: pmemd.cuda
| Working directory: /home1/tbaba/centos/BAT.py-master/BAT/equil/pose0
|          Hostname: tx1

  [-O]verwriting output

File Assignments:
|   MDIN: eqnpt.in                                                              
|  MDOUT: eqnpt.out                                                             
| INPCRD: therm2.rst7                                                           
|   PARM: full.hmr.prmtop                                                       
| RESTRT: eqnpt.rst7                                                            
|   REFC: full.inpcrd                                                           
|  MDVEL: mdvel                                                                 
|   MDEN: mden                                                                  
|  MDCRD: traj000.nc                                                            
| MDINFO: mdinfo                                                                
|  MDFRC: mdfrc                                                                 

 
 Here is the input file:
 
*******************************************************                        
*****************************       eqnpt.in                                   
*******************************************************                        
Equilibrate, NPT.                                                              
 &cntrl                                                                        
  imin = 0,                                                                    
  ntx = 5,                                                                     
  irest = 1,                                                                   
  ntpr = 500,                                                                  
  ntwr = 500,                                                                  
  ntwx = 500,                                                                  
  ioutfm = 1,                                                                  
  iwrap = 1,                                                                   
  ntf = 2,                                                                     
  ntc = 2,                                                                     
  cut = 9.0,                                                                   
  ntt = 3,                                                                     
  temp0 = 298.15,                                                              
  gamma_ln = 1.0,                                                              
  ig = -1,                                                                     
  ntp = 1,                                                                     
  barostat = 2,                                                                
  nstlim = 3500,                                                               
  dt = 0.004,                                                                  
  ntr = 1,                                                                     
  restraint_wt = 50.0,                                                         
  restraintmask = ':1-3',                                                      
  nmropt = 1,                                                                  
  pencut = -1,                                                                 
 /                                                                             
 &wt type = 'END', /                                                           
DISANG=disang.rest                                                             
LISTOUT=POUT                                                                   
                                                                               


Note: ig = -1. Setting random seed to    77714 based on wallclock time in 
      microseconds.
 
|--------------------- INFORMATION ----------------------
| GPU (CUDA) Version of PMEMD in use: NVIDIA GPU IN USE.
|                    Version 14.0.1
| 
|                      06/20/2014
| 
| Implementation by:
|                    Ross C. Walker     (SDSC)
|                    Scott Le Grand     (nVIDIA)
| 
| CAUTION: The CUDA code is currently experimental.
|          You use it at your own risk. Be sure to
|          check ALL results carefully.
| 
| Precision model in use:
|      [SPFP] - Mixed Single/Double/Fixed Point Precision.
|               (Default)
| 
|--------------------------------------------------------
 
|----------------- CITATION INFORMATION -----------------
|
|    When publishing work that utilized the CUDA version
|    of AMBER, please cite the following in addition to
|    the regular AMBER citations:
|
|  - Romelia Salomon-Ferrer; Andreas W. Goetz; Duncan
|    Poole; Scott Le Grand; Ross C. Walker "Routine
|    microsecond molecular dynamics simulations with
|    AMBER - Part II: Particle Mesh Ewald", J. Chem.
|    Theory Comput., 2013, 9 (9), pp3878-3888,
|    DOI: 10.1021/ct400314y.
|
|  - Andreas W. Goetz; Mark J. Williamson; Dong Xu;
|    Duncan Poole; Scott Le Grand; Ross C. Walker
|    "Routine microsecond molecular dynamics simulations
|    with AMBER - Part I: Generalized Born", J. Chem.
|    Theory Comput., 2012, 8 (5), pp1542-1555.
|
|  - Scott Le Grand; Andreas W. Goetz; Ross C. Walker
|    "SPFP: Speed without compromise - a mixed precision
|    model for GPU accelerated molecular dynamics
|    simulations.", Comp. Phys. Comm., 2013, 184
|    pp374-380, DOI: 10.1016/j.cpc.2012.09.022
|
|--------------------------------------------------------
 
|------------------- GPU DEVICE INFO --------------------
|
|            CUDA_VISIBLE_DEVICES: 2
|   CUDA Capable Devices Detected:      1
|           CUDA Device ID in use:      0
|                CUDA Device Name: GeForce GTX TITAN X
|     CUDA Device Global Mem Size:  12212 MB
| CUDA Device Num Multiprocessors:     24
|           CUDA Device Core Freq:   1.08 GHz
|
|--------------------------------------------------------
 
 
| Conditional Compilation Defines Used:
| FFTW_FFT
| BINTRAJ
| MKL
| CUDA
| EMIL
 
| Largest sphere to fit in unit cell has radius =    31.567

| New format PARM file being parsed.
| Version =    1.000 Date = 04/22/20 Time = 12:15:12

| Note: 1-4 EEL scale factors are being read from the topology file.

| Note: 1-4 VDW scale factors are being read from the topology file.
| Duplicated    0 dihedrals

| Duplicated    0 dihedrals

--------------------------------------------------------------------------------
   1.  RESOURCE   USE: 
--------------------------------------------------------------------------------

 getting new box info from bottom of inpcrd
 NATOM  =   40866 NTYPES =      18 NBONH =   39890 MBONA  =     933
 NTHETH =    2036 MTHETA =    1252 NPHIH =    3990 MPHIA  =    3859
 NHPARM =       0 NPARM  =       0 NNB   =   61967 NRES   =   13177
 NBONA  =     933 NTHETA =    1252 NPHIA =    3859 NUMBND =      87
 NUMANG =     186 NPTRA  =     207 NATYP =      51 NPHB   =       1
 IFBOX  =       1 NMXRS  =      29 IFCAP =       0 NEXTRA =       0
 NCOPY  =       0

| Coordinate Index Table dimensions:    13   12   23
| Direct force subcell size =     5.2711    5.2611    5.0246

     BOX TYPE: RECTILINEAR

--------------------------------------------------------------------------------
   2.  CONTROL  DATA  FOR  THE  RUN
--------------------------------------------------------------------------------

default_name                                                                    

General flags:
     imin    =       0, nmropt  =       1

Nature and format of input:
     ntx     =       5, irest   =       1, ntrx    =       1

Nature and format of output:
     ntxo    =       1, ntpr    =     500, ntrx    =       1, ntwr    =     500
     iwrap   =       1, ntwx    =     500, ntwv    =       0, ntwe    =       0
     ioutfm  =       1, ntwprt  =       0, idecomp =       0, rbornstat=      0

Potential function:
     ntf     =       2, ntb     =       2, igb     =       0, nsnb    =      25
     ipol    =       0, gbsa    =       0, iesp    =       0
     dielc   =   1.00000, cut     =   9.00000, intdiel =   1.00000

Frozen or restrained atoms:
     ibelly  =       0, ntr     =       1
     restraint_wt =  50.00000

Molecular dynamics:
     nstlim  =      3500, nscm    =         0, nrespa  =         1
     t       =   0.00000, dt      =   0.00400, vlimit  =  -1.00000

Langevin dynamics temperature regulation:
     ig      =   77714
     temp0   = 298.15000, tempi   =   0.00000, gamma_ln=   1.00000

Pressure regulation:
     ntp     =       1
     pres0   =   1.00000, comp    =  44.60000, taup    =   1.00000
     Monte-Carlo Barostat:
     mcbarint  =     100

SHAKE:
     ntc     =       2, jfastw  =       0
     tol     =   0.00001

NMR refinement options:
     iscale  =       0, noeskp  =       1, ipnlty  =       1, mxsub   =       1
     scalm   = 100.00000, pencut  =  -1.00000, tausw   =   0.10000

| Intermolecular bonds treatment:
|     no_intermolecular_bonds =       1

| Energy averages sample interval:
|     ene_avg_sampling =     500

Ewald parameters:
     verbose =       0, ew_type =       0, nbflag  =       1, use_pme =       1
     vdwmeth =       1, eedmeth =       1, netfrc  =       1
     Box X =   68.524   Box Y =   63.133   Box Z =  115.567
     Alpha =   90.000   Beta  =   90.000   Gamma =   90.000
     NFFT1 =   72       NFFT2 =   64       NFFT3 =  120
     Cutoff=    9.000   Tol   =0.100E-04
     Ewald Coefficient =  0.30768
     Interpolation order =    4

    LOADING THE CONSTRAINED ATOMS AS GROUPS


   5.  REFERENCE ATOM COORDINATES

  default_name                                                                    
     Mask :1-3; matches     3 atoms

--------------------------------------------------------------------------------
   3.  ATOMIC COORDINATES AND VELOCITIES
--------------------------------------------------------------------------------

default_name                                                                    
 begin time read from input coords =   102.000 ps



           Begin reading energy term weight changes/NMR restraints
 WEIGHT CHANGES:
                         ** No weight changes given **

 RESTRAINTS:
 Requested file redirections:
  DISANG    = disang.rest
  LISTOUT   = POUT
 Restraints will be read from file: disang.rest
Here are comments from the DISANG input file:
# Anchor atoms  :58@CA  :79@CA  :105@CA  :113@C9  :113@C3  :113@C11  stage = equ
 
                       Number of restraints read =    54

                  Done reading weight changes/NMR restraints


 
 Number of triangulated 3-point waters found:    13000

     Sum of charges from parm topology file =  -0.00000106
     Forcing neutrality...

| Dynamic Memory, Types Used:
| Reals             1885977
| Integers          1191820

| Nonbonded Pairs Initial Allocation:     9317448

| GPU memory information (estimate):
| KB of GPU memory in use:    239186
| KB of CPU memory in use:     49970

--------------------------------------------------------------------------------
   4.  RESULTS
--------------------------------------------------------------------------------

 ---------------------------------------------------
 APPROXIMATING switch and d/dx switch using CUBIC SPLINE INTERPOLATION
 using   5000.0 points per unit in tabled values
 TESTING RELATIVE ERROR over r ranging from 0.0 to cutoff
| CHECK switch(x): max rel err =   0.3316E-14   at   2.351880
| CHECK d/dx switch(x): max rel err =   0.8205E-11   at   2.761360
 ---------------------------------------------------
|---------------------------------------------------
| APPROXIMATING direct energy using CUBIC SPLINE INTERPOLATION
|  with   50.0 points per unit in tabled values
| Relative Error Limit not exceeded for r .gt.   2.39
| APPROXIMATING direct force using CUBIC SPLINE INTERPOLATION
|  with   50.0 points per unit in tabled values
| Relative Error Limit not exceeded for r .gt.   2.84
|---------------------------------------------------
| Attempting MC barostat change: Failed
| Attempting MC barostat change: Failed
| Attempting MC barostat change: Failed
| Attempting MC barostat change: Succeeded
| Attempting MC barostat change: Failed

 NSTEP =      500   TIME(PS) =     104.000  TEMP(K) =   293.56  PRESS =     0.0
 Etot   =   -106133.9871  EKtot   =     24124.5312  EPtot      =   -130258.5183
 BOND   =       410.2334  ANGLE   =      1022.1321  DIHED      =      1385.6455
 1-4 NB =       427.9468  1-4 EEL =      5493.2614  VDWAALS    =     17448.4688
 EELEC  =   -156456.2914  EHBOND  =         0.0000  RESTRAINT  =        10.0852
 EAMBER (non-restraint)  =   -130268.6035
 EKCMT  =         0.0000  VIRIAL  =         0.0000  VOLUME     =    497040.1341
                                                    Density    =         0.8343
 ------------------------------------------------------------------------------

 NMR restraints: Bond =    0.432   Angle =     0.941   Torsion =     6.757
===============================================================================
| Attempting MC barostat change: Failed
| Attempting MC barostat change: Failed
| Attempting MC barostat change: Failed
| Attempting MC barostat change: Failed
| Attempting MC barostat change: Succeeded
| MC Barostat: Decreasing size of volume moves

 NSTEP =     1000   TIME(PS) =     106.000  TEMP(K) =   298.17  PRESS =     0.0
 Etot   =   -105743.9215  EKtot   =     24503.5176  EPtot      =   -130247.4391
 BOND   =       428.1767  ANGLE   =      1007.3066  DIHED      =      1373.5691
 1-4 NB =       434.0701  1-4 EEL =      5498.9943  VDWAALS    =     17848.9084
 EELEC  =   -156847.8789  EHBOND  =         0.0000  RESTRAINT  =         9.4148
 EAMBER (non-restraint)  =   -130256.8539
 EKCMT  =         0.0000  VIRIAL  =         0.0000  VOLUME     =    495094.7606
                                                    Density    =         0.8375
 ------------------------------------------------------------------------------

 NMR restraints: Bond =    0.984   Angle =     0.700   Torsion =     6.208
===============================================================================
| Attempting MC barostat change: Failed
| Attempting MC barostat change: Succeeded
| Attempting MC barostat change: Failed
| Attempting MC barostat change: Succeeded
| Attempting MC barostat change: Failed

 NSTEP =     1500   TIME(PS) =     108.000  TEMP(K) =   298.05  PRESS =     0.0
 Etot   =   -105703.2420  EKtot   =     24493.1562  EPtot      =   -130196.3983
 BOND   =       430.7664  ANGLE   =       965.5098  DIHED      =      1351.4076
 1-4 NB =       436.1382  1-4 EEL =      5476.4410  VDWAALS    =     17535.5639
 EELEC  =   -156409.2546  EHBOND  =         0.0000  RESTRAINT  =        17.0296
 EAMBER (non-restraint)  =   -130213.4278
 EKCMT  =         0.0000  VIRIAL  =         0.0000  VOLUME     =    489597.6217
                                                    Density    =         0.8469
 ------------------------------------------------------------------------------

 NMR restraints: Bond =    3.343   Angle =     0.439   Torsion =    10.330
===============================================================================
| Attempting MC barostat change: Failed
| Attempting MC barostat change: Succeeded
| Attempting MC barostat change: Failed
| Attempting MC barostat change: Failed
| Attempting MC barostat change: Succeeded

 NSTEP =     2000   TIME(PS) =     110.000  TEMP(K) =   296.97  PRESS =     0.0
 Etot   =   -105870.0187  EKtot   =     24404.2031  EPtot      =   -130274.2218
 BOND   =       423.9467  ANGLE   =       988.2835  DIHED      =      1387.1064
 1-4 NB =       427.0173  1-4 EEL =      5497.8075  VDWAALS    =     17684.6868
 EELEC  =   -156696.6442  EHBOND  =         0.0000  RESTRAINT  =        13.5742
 EAMBER (non-restraint)  =   -130287.7960
 EKCMT  =         0.0000  VIRIAL  =         0.0000  VOLUME     =    485643.5016
                                                    Density    =         0.8538
 ------------------------------------------------------------------------------

 NMR restraints: Bond =    0.691   Angle =     1.402   Torsion =     9.006
===============================================================================
| Attempting MC barostat change: Failed
| Attempting MC barostat change: Failed
| Attempting MC barostat change: Succeeded
| Attempting MC barostat change: Failed
| Attempting MC barostat change: Succeeded

 NSTEP =     2500   TIME(PS) =     112.000  TEMP(K) =   296.90  PRESS =     0.0
 Etot   =   -105678.6511  EKtot   =     24398.6387  EPtot      =   -130077.2897
 BOND   =       393.9787  ANGLE   =       967.4466  DIHED      =      1379.0972
 1-4 NB =       431.6024  1-4 EEL =      5489.4003  VDWAALS    =     17430.5129
 EELEC  =   -156182.8933  EHBOND  =         0.0000  RESTRAINT  =        13.5655
 EAMBER (non-restraint)  =   -130090.8552
 EKCMT  =         0.0000  VIRIAL  =         0.0000  VOLUME     =    485323.5777
                                                    Density    =         0.8544
 ------------------------------------------------------------------------------

 NMR restraints: Bond =    1.052   Angle =     0.712   Torsion =     9.960
===============================================================================
| Attempting MC barostat change: Failed
| Attempting MC barostat change: Succeeded
| Attempting MC barostat change: Succeeded
| Attempting MC barostat change: Failed
| Attempting MC barostat change: Failed

 NSTEP =     3000   TIME(PS) =     114.000  TEMP(K) =   297.48  PRESS =     0.0
 Etot   =   -105877.4466  EKtot   =     24446.3750  EPtot      =   -130323.8216
 BOND   =       409.5209  ANGLE   =       997.4818  DIHED      =      1391.4454
 1-4 NB =       417.6247  1-4 EEL =      5466.5153  VDWAALS    =     17104.7716
 EELEC  =   -156120.4887  EHBOND  =         0.0000  RESTRAINT  =         9.3074
 EAMBER (non-restraint)  =   -130333.1290
 EKCMT  =         0.0000  VIRIAL  =         0.0000  VOLUME     =    479026.1629
                                                    Density    =         0.8656
 ------------------------------------------------------------------------------

 NMR restraints: Bond =    0.601   Angle =     1.149   Torsion =     6.833
===============================================================================
| Attempting MC barostat change: Succeeded
| Attempting MC barostat change: Failed
| Attempting MC barostat change: Failed
| Attempting MC barostat change: Succeeded
| Attempting MC barostat change: Failed

 NSTEP =     3500   TIME(PS) =     116.000  TEMP(K) =   299.23  PRESS =     0.0
 Etot   =   -105581.2199  EKtot   =     24590.3535  EPtot      =   -130171.5734
 BOND   =       418.1001  ANGLE   =       975.9640  DIHED      =      1392.9597
 1-4 NB =       426.2171  1-4 EEL =      5457.4521  VDWAALS    =     17109.5196
 EELEC  =   -155963.5345  EHBOND  =         0.0000  RESTRAINT  =        11.7484
 EAMBER (non-restraint)  =   -130183.3218
 EKCMT  =         0.0000  VIRIAL  =         0.0000  VOLUME     =    476786.0945
                                                    Density    =         0.8697
 ------------------------------------------------------------------------------

 NMR restraints: Bond =    0.131   Angle =     1.276   Torsion =     7.929
===============================================================================

      A V E R A G E S   O V E R       7 S T E P S


 NSTEP =     3500   TIME(PS) =     116.000  TEMP(K) =   297.19  PRESS =     0.0
 Etot   =   -105798.3553  EKtot   =     24422.9679  EPtot      =   -130221.3232
 BOND   =       416.3890  ANGLE   =       989.1606  DIHED      =      1380.1758
 1-4 NB =       428.6595  1-4 EEL =      5482.8388  VDWAALS    =     17451.7760
 EELEC  =   -156382.4265  EHBOND  =         0.0000  RESTRAINT  =        12.1036
 EAMBER (non-restraint)  =   -130233.4268
 EKCMT  =         0.0000  VIRIAL  =         0.0000  VOLUME     =    486930.2647
                                                    Density    =         0.8518
 ------------------------------------------------------------------------------

 NMR restraints: Bond =    0.131   Angle =     1.276   Torsion =     7.929
===============================================================================

      R M S  F L U C T U A T I O N S


 NSTEP =     3500   TIME(PS) =     116.000  TEMP(K) =     1.66  PRESS =     0.0
 Etot   =       167.9822  EKtot   =       136.2712  EPtot      =        74.8442
 BOND   =        11.9103  ANGLE   =        19.6084  DIHED      =        13.3138
 1-4 NB =         5.6670  1-4 EEL =        15.0647  VDWAALS    =       255.5097
 EELEC  =       294.0967  EHBOND  =         0.0000  RESTRAINT  =         2.6135
 EAMBER (non-restraint)  =        72.2307
 EKCMT  =         0.0000  VIRIAL  =         0.0000  VOLUME     =      7026.4751
                                                    Density    =         0.0123
 ------------------------------------------------------------------------------


 NMR restraints on final step:

 ------------------------------------------------------------------------------


 Final Restraint Analysis for coords: eqnpt.rst7                              


 Restraints, deviations, and energy contributions:    pencut =   -1.00

 ------------------------------------------------------------------------------
     First atom        Last atom    curr. value target deviation  penalty
 ------------------------------------------------------------------------------
  Pb   DUM    2 --  CA   ILE   58:    8.212    8.172    0.040    0.016 d    0: 0
  Pb   DUM    1 --  CA   ILE   58:   87.179   90.000    2.821    0.606 a
  Pb   DUM    1 --  Pb   DUM    2:  180.925  180.000    0.925    0.065 t
  Pb   DUM    2 --  CA   LEU   79:   79.258   78.062    1.196    0.109 a
  Pb   DUM    2 --  CA   ILE   58:    2.521    5.032    2.510    0.480 t
  CA   ILE   58 --  CA   LEU   79:   85.830   83.908    1.922    0.281 t
  CA   ILE   58 --  CA   LEU   79:   10.651   10.640    0.011    0.001 d    0: 0
  CA   LEU   79 --  CA   PHE  105:   12.540   12.583    0.043    0.009 d    0: 0
  CA   PHE  105 --  CA   ILE   58:   13.233   13.332    0.099    0.049 d    0: 0
  CA   PRO   34 --  C    PRO   34:  144.497  144.217    0.280    0.001 t
  N    VAL   35 --  CA   VAL   35:  -53.249  -56.167    2.918    0.130 t
  CA   VAL   35 --  C    VAL   35:  131.228  129.525    1.703    0.044 t
  N    ASP   36 --  CA   ASP   36:  -77.576  -76.193    1.383    0.029 t
  CA   ASP   36 --  C    ASP   36:   83.456   89.364    5.908    0.532 t
  N    VAL   37 --  CA   VAL   37:  -73.399  -68.274    5.125    0.400 t
  CA   VAL   37 --  C    VAL   37:   -7.483   -7.220    0.263    0.001 t
  N    GLU   38 --  CA   GLU   38:  -91.285  -93.159    1.874    0.053 t
  CA   GLU   38 --  C    GLU   38:   -9.297   -7.845    1.452    0.032 t
  N    ALA   39 --  CA   ALA   39:  -76.736  -74.191    2.545    0.099 t
  CA   ALA   39 --  C    ALA   39:  139.456  147.578    8.122    1.005 t
  N    LEU   40 --  CA   LEU   40:  -54.989  -57.702    2.713    0.112 t
  CA   LEU   40 --  C    LEU   40:  125.586  128.400    2.815    0.121 t
  N    GLY   41 --  CA   GLY   41:  105.516   99.732    5.784    0.510 t
  CA   GLY   41 --  C    GLY   41:   -9.849  -12.759    2.910    0.129 t
  N    LEU   42 --  CA   LEU   42: -116.978 -107.618    9.359    1.334 t
  CA   LEU   42 --  C    LEU   42:   21.631   18.284    3.347    0.171 t
  N    HIE   43 --  CA   HIE   43:  -59.741  -58.806    0.935    0.013 t
  CA   HIE   43 --  C    HIE   43:  -18.168  -25.366    7.198    0.789 t
  N    ASP   44 --  CA   ASP   44: -100.112 -102.929    2.817    0.121 t
  CA   ASP   44 --  C    ASP   44:   -1.748    4.656    6.403    0.625 t
  N    TYR   45 --  CA   TYR   45:  -57.206  -56.812    0.393    0.002 t
  Pb   DUM    1 --  C9   LIG  113:    5.262    5.000    0.262    0.034 d    0: 0
  Pb   DUM    2 --  C9   LIG  113:   82.555   90.000    7.445    0.211 a
  Pb   DUM    2 --  Pb   DUM    1:   -5.510    0.000    5.510    0.116 t
  Pb   DUM    1 --  C3   LIG  113:  106.830   97.216    9.614    0.352 a
  Pb   DUM    1 --  C9   LIG  113:  -19.403  -21.174    1.771    0.012 t
  C9   LIG  113 --  C3   LIG  113:  151.762  149.954    1.807    0.012 t
  C9   LIG  113 --  C3   LIG  113:    6.911    6.751    0.161    0.006 d    0: 0
  C3   LIG  113 --  C11  LIG  113:    6.586    6.626    0.040    0.000 d    0: 0
  C11  LIG  113 --  C9   LIG  113:    5.656    5.814    0.158    0.006 d    0: 0
  C10  LIG  113 --  C9   LIG  113:   -9.775   -0.708    9.067    0.000 t
  C5   LIG  113 --  C6   LIG  113: -179.934 -178.368    1.566    0.000 t
  C8   LIG  113 --  C9   LIG  113:   -0.539   -0.343    0.195    0.000 t
  C7   LIG  113 --  C8   LIG  113:   12.327    0.326   12.001    0.000 t
  C6   LIG  113 --  C7   LIG  113:  -15.097    0.742   15.839    0.000 t
  C    LIG  113 --  N2   LIG  113: -162.455 -153.555    8.900    0.000 t
  C5   LIG  113 --  C10  LIG  113:  192.710  178.315   14.395    0.000 t
  C    LIG  113 --  C1   LIG  113:    5.826   -1.423    7.249    0.000 t
  N    LIG  113 --  N1   LIG  113:    3.429   -0.617    4.046    0.000 t
  C    LIG  113 --  C4   LIG  113: -190.808 -176.503   14.305    0.000 t
  C2   LIG  113 --  N    LIG  113: -173.938 -179.476    5.539    0.000 t
  C1   LIG  113 --  C2   LIG  113: -181.340 -179.628    1.712    0.000 t
  C4   LIG  113 --  N1   LIG  113:   -3.348   -1.082    2.266    0.000 t
  C4   LIG  113 --  C5   LIG  113:  109.893   93.154   16.739    0.000 t
                                       Total distance penalty:      0.122
                                       Total angle    penalty:      1.278
                                       Total torsion  penalty:      7.218
 ------------------------------------------------------------------------------
| MC Barostat:         35 volume changes attempted.
| MC Barostat:         12 changes successful ( 34.29%)
 ------------------------------------------------------------------------------

--------------------------------------------------------------------------------
   5.  TIMINGS
--------------------------------------------------------------------------------

|  NonSetup CPU Time in Major Routines:
|
|     Routine           Sec        %
|     ------------------------------
|     Nonbond           0.96   11.06
|     Bond              0.00    0.00
|     Angle             0.00    0.00
|     Dihedral          0.00    0.00
|     Shake             0.02    0.23
|     RunMD             7.65   88.04
|     Other             0.06    0.67
|     ------------------------------
|     Total             8.69

|  PME Nonbond Pairlist CPU Time:
|
|     Routine              Sec        %
|     ---------------------------------
|     Set Up Cit           0.00    0.00
|     Build List           0.00    0.00
|     ---------------------------------
|     Total                0.00    0.00

|  PME Direct Force CPU Time:
|
|     Routine              Sec        %
|     ---------------------------------
|     NonBonded Calc       0.00    0.00
|     Exclude Masked       0.00    0.00
|     Other                0.01    0.16
|     ---------------------------------
|     Total                0.01    0.16

|  PME Reciprocal Force CPU Time:
|
|     Routine              Sec        %
|     ---------------------------------
|     1D bspline           0.00    0.00
|     Grid Charges         0.00    0.00
|     Scalar Sum           0.00    0.00
|     Gradient Sum         0.00    0.00
|     FFT                  0.00    0.00
|     ---------------------------------
|     Total                0.00    0.00

|  Final Performance Info:
|     -----------------------------------------------------
|     Average timings for last    3000 steps:
|         Elapsed(s) =       7.90 Per Step(ms) =       2.63
|             ns/day =     131.21   seconds/ns =     658.48
|
|     Average timings for all steps:
|         Elapsed(s) =       9.22 Per Step(ms) =       2.63
|             ns/day =     131.24   seconds/ns =     658.34
|     -----------------------------------------------------

|  Setup CPU time:            0.41 seconds
|  NonSetup CPU time:         8.69 seconds
|  Total CPU time:            9.10 seconds     0.00 hours

|  Setup wall time:           1    seconds
|  NonSetup wall time:        9    seconds
|  Total wall time:          10    seconds     0.00 hours
