
          -------------------------------------------------------
          Amber 14 SANDER                              2014
          -------------------------------------------------------

| PMEMD implementation of SANDER, Release 14

| Run on 04/27/2020 at 10:58:56

|   Executable path: pmemd.cuda
| Working directory: /home1/tbaba/centos/BAT.py-master/BAT/equil/pose0
|          Hostname: tx1

  [-O]verwriting output

File Assignments:
|   MDIN: mini.in                                                               
|  MDOUT: mini.out                                                              
| INPCRD: full.inpcrd                                                           
|   PARM: full.hmr.prmtop                                                       
| RESTRT: mini.rst7                                                             
|   REFC: full.inpcrd                                                           
|  MDVEL: mdvel                                                                 
|   MDEN: mden                                                                  
|  MDCRD: mini.nc                                                               
| MDINFO: mdinfo                                                                
|  MDFRC: mdfrc                                                                 

 
 Here is the input file:
 
*******************************************************                        
*****************************       mini.in                                    
*******************************************************                        
Minimizing.                                                                    
 &cntrl                                                                        
  imin = 1,                                                                    
  ntx = 1,                                                                     
  ntpr = 50,                                                                   
  maxcyc = 1000,                                                               
  ncyc = 1000,                                                                 
  irest = 0,                                                                   
  ntf = 1,                                                                     
  ntc = 1,                                                                     
  ntb = 1,                                                                     
  cut = 9.0,                                                                   
  ntr = 1,                                                                     
  ntxo = 1,                                                                    
  restraint_wt = 50.0,                                                         
  restraintmask = ':1-3 | :113@C9 | :113@C3 | :113@C11',                       
  nmropt = 1,                                                                  
  pencut = -1,                                                                 
 /                                                                             
 &wt type = 'END', /                                                           
DISANG=disang.rest                                                             
LISTOUT=POUT                                                                   
                                                                               


 
|--------------------- INFORMATION ----------------------
| GPU (CUDA) Version of PMEMD in use: NVIDIA GPU IN USE.
|                    Version 14.0.1
| 
|                      06/20/2014
| 
| Implementation by:
|                    Ross C. Walker     (SDSC)
|                    Scott Le Grand     (nVIDIA)
| 
| CAUTION: The CUDA code is currently experimental.
|          You use it at your own risk. Be sure to
|          check ALL results carefully.
| 
| Precision model in use:
|      [SPFP] - Mixed Single/Double/Fixed Point Precision.
|               (Default)
| 
|--------------------------------------------------------
 
|----------------- CITATION INFORMATION -----------------
|
|    When publishing work that utilized the CUDA version
|    of AMBER, please cite the following in addition to
|    the regular AMBER citations:
|
|  - Romelia Salomon-Ferrer; Andreas W. Goetz; Duncan
|    Poole; Scott Le Grand; Ross C. Walker "Routine
|    microsecond molecular dynamics simulations with
|    AMBER - Part II: Particle Mesh Ewald", J. Chem.
|    Theory Comput., 2013, 9 (9), pp3878-3888,
|    DOI: 10.1021/ct400314y.
|
|  - Andreas W. Goetz; Mark J. Williamson; Dong Xu;
|    Duncan Poole; Scott Le Grand; Ross C. Walker
|    "Routine microsecond molecular dynamics simulations
|    with AMBER - Part I: Generalized Born", J. Chem.
|    Theory Comput., 2012, 8 (5), pp1542-1555.
|
|  - Scott Le Grand; Andreas W. Goetz; Ross C. Walker
|    "SPFP: Speed without compromise - a mixed precision
|    model for GPU accelerated molecular dynamics
|    simulations.", Comp. Phys. Comm., 2013, 184
|    pp374-380, DOI: 10.1016/j.cpc.2012.09.022
|
|--------------------------------------------------------
 
|------------------- GPU DEVICE INFO --------------------
|
|            CUDA_VISIBLE_DEVICES: 2
|   CUDA Capable Devices Detected:      1
|           CUDA Device ID in use:      0
|                CUDA Device Name: GeForce GTX TITAN X
|     CUDA Device Global Mem Size:  12212 MB
| CUDA Device Num Multiprocessors:     24
|           CUDA Device Core Freq:   1.08 GHz
|
|--------------------------------------------------------
 
 
| Conditional Compilation Defines Used:
| FFTW_FFT
| BINTRAJ
| MKL
| CUDA
| EMIL
 
| Largest sphere to fit in unit cell has radius =    31.567

| New format PARM file being parsed.
| Version =    1.000 Date = 04/22/20 Time = 12:15:12

| Note: 1-4 EEL scale factors are being read from the topology file.

| Note: 1-4 VDW scale factors are being read from the topology file.
| Duplicated    0 dihedrals

| Duplicated    0 dihedrals

--------------------------------------------------------------------------------
   1.  RESOURCE   USE: 
--------------------------------------------------------------------------------

 getting new box info from bottom of inpcrd
 NATOM  =   40866 NTYPES =      18 NBONH =   39890 MBONA  =     933
 NTHETH =    2036 MTHETA =    1252 NPHIH =    3990 MPHIA  =    3859
 NHPARM =       0 NPARM  =       0 NNB   =   61967 NRES   =   13177
 NBONA  =     933 NTHETA =    1252 NPHIA =    3859 NUMBND =      87
 NUMANG =     186 NPTRA  =     207 NATYP =      51 NPHB   =       1
 IFBOX  =       1 NMXRS  =      29 IFCAP =       0 NEXTRA =       0
 NCOPY  =       0

| Coordinate Index Table dimensions:    13   12   23
| Direct force subcell size =     5.2711    5.2611    5.0246

     BOX TYPE: RECTILINEAR

--------------------------------------------------------------------------------
   2.  CONTROL  DATA  FOR  THE  RUN
--------------------------------------------------------------------------------

default_name                                                                    

General flags:
     imin    =       1, nmropt  =       1

Nature and format of input:
     ntx     =       1, irest   =       0, ntrx    =       1

Nature and format of output:
     ntxo    =       1, ntpr    =      50, ntrx    =       1, ntwr    =     500
     iwrap   =       0, ntwx    =       0, ntwv    =       0, ntwe    =       0
     ioutfm  =       0, ntwprt  =       0, idecomp =       0, rbornstat=      0

Potential function:
     ntf     =       1, ntb     =       1, igb     =       0, nsnb    =      25
     ipol    =       0, gbsa    =       0, iesp    =       0
     dielc   =   1.00000, cut     =   9.00000, intdiel =   1.00000

Frozen or restrained atoms:
     ibelly  =       0, ntr     =       1
     restraint_wt =  50.00000

Energy minimization:
     maxcyc  =    1000, ncyc    =    1000, ntmin   =       1
     dx0     =   0.01000, drms    =   0.00010

NMR refinement options:
     iscale  =       0, noeskp  =       1, ipnlty  =       1, mxsub   =       1
     scalm   = 100.00000, pencut  =  -1.00000, tausw   =   0.10000

| Intermolecular bonds treatment:
|     no_intermolecular_bonds =       1

| Energy averages sample interval:
|     ene_avg_sampling =       1

Ewald parameters:
     verbose =       0, ew_type =       0, nbflag  =       1, use_pme =       1
     vdwmeth =       1, eedmeth =       1, netfrc  =       0
     Box X =   68.524   Box Y =   63.133   Box Z =  115.567
     Alpha =   90.000   Beta  =   90.000   Gamma =   90.000
     NFFT1 =   72       NFFT2 =   64       NFFT3 =  120
     Cutoff=    9.000   Tol   =0.100E-04
     Ewald Coefficient =  0.30768
     Interpolation order =    4

    LOADING THE CONSTRAINED ATOMS AS GROUPS


   5.  REFERENCE ATOM COORDINATES

  default_name                                                                    
     Mask :1-3 | :113@C9 | :113@C3 | :113@C11; matches     6 atoms

--------------------------------------------------------------------------------
   3.  ATOMIC COORDINATES AND VELOCITIES
--------------------------------------------------------------------------------

default_name                                                                    
 begin time read from input coords =     0.000 ps



           Begin reading energy term weight changes/NMR restraints
 WEIGHT CHANGES:
                         ** No weight changes given **

 RESTRAINTS:
 Requested file redirections:
  DISANG    = disang.rest
  LISTOUT   = POUT
 Restraints will be read from file: disang.rest
Here are comments from the DISANG input file:
# Anchor atoms  :58@CA  :79@CA  :105@CA  :113@C9  :113@C3  :113@C11  stage = equ
 
                       Number of restraints read =    54

                  Done reading weight changes/NMR restraints


 
 Number of triangulated 3-point waters found:    13000

     Sum of charges from parm topology file =  -0.00000106
     Forcing neutrality...

| Dynamic Memory, Types Used:
| Reals             1198660
| Integers          1083829

| Nonbonded Pairs Initial Allocation:     9317448

| GPU memory information (estimate):
| KB of GPU memory in use:    116448
| KB of CPU memory in use:     49920

--------------------------------------------------------------------------------
   4.  RESULTS
--------------------------------------------------------------------------------

 ---------------------------------------------------
 APPROXIMATING switch and d/dx switch using CUBIC SPLINE INTERPOLATION
 using   5000.0 points per unit in tabled values
 TESTING RELATIVE ERROR over r ranging from 0.0 to cutoff
| CHECK switch(x): max rel err =   0.3316E-14   at   2.351880
| CHECK d/dx switch(x): max rel err =   0.8205E-11   at   2.761360
 ---------------------------------------------------
|---------------------------------------------------
| APPROXIMATING direct energy using CUBIC SPLINE INTERPOLATION
|  with   50.0 points per unit in tabled values
| Relative Error Limit not exceeded for r .gt.   2.39
| APPROXIMATING direct force using CUBIC SPLINE INTERPOLATION
|  with   50.0 points per unit in tabled values
| Relative Error Limit not exceeded for r .gt.   2.84
|---------------------------------------------------


   NSTEP       ENERGY          RMS            GMAX         NAME    NUMBER
      1      -1.1437E+05     1.3063E+01     1.7117E+02     O       26830

 BOND    =      112.4130  ANGLE   =      312.5765  DIHED      =     1203.6416
 VDWAALS =    13660.7893  EEL     =  -135805.8913  HBOND      =        0.0000
 1-4 VDW =      469.8048  1-4 EEL =     5673.3380  RESTRAINT  =        0.0000
 EAMBER  =  -114373.3280
 NMR restraints: Bond =    0.000   Angle =     0.000   Torsion =     0.000
===============================================================================


   NSTEP       ENERGY          RMS            GMAX         NAME    NUMBER
     50      -1.3916E+05     4.7653E+00     7.4702E+01     N1       1780

 BOND    =     6739.5918  ANGLE   =      240.1845  DIHED      =     1211.3684
 VDWAALS =    12989.9190  EEL     =  -166296.9579  HBOND      =        0.0000
 1-4 VDW =      409.2794  1-4 EEL =     5550.7026  RESTRAINT  =        0.4234
 EAMBER  =  -139155.9121
 NMR restraints: Bond =    0.015   Angle =     0.001   Torsion =     0.338
===============================================================================


   NSTEP       ENERGY          RMS            GMAX         NAME    NUMBER
    100      -1.4523E+05     3.1807E+00     8.1331E+01     N1       1780

 BOND    =     9558.8645  ANGLE   =      249.7524  DIHED      =     1213.0980
 VDWAALS =    14272.4089  EEL     =  -176438.7811  HBOND      =        0.0000
 1-4 VDW =      390.3779  1-4 EEL =     5522.8534  RESTRAINT  =        0.5354
 EAMBER  =  -145231.4261
 NMR restraints: Bond =    0.017   Angle =     0.001   Torsion =     0.386
===============================================================================


   NSTEP       ENERGY          RMS            GMAX         NAME    NUMBER
    150      -1.4837E+05     9.8653E-01     3.4420E+01     C4       1781

 BOND    =     8573.6916  ANGLE   =      248.8862  DIHED      =     1212.4039
 VDWAALS =    15480.6697  EEL     =  -179773.9996  HBOND      =        0.0000
 1-4 VDW =      382.9031  1-4 EEL =     5508.7434  RESTRAINT  =        0.5788
 EAMBER  =  -148366.7018
 NMR restraints: Bond =    0.017   Angle =     0.001   Torsion =     0.394
===============================================================================


   NSTEP       ENERGY          RMS            GMAX         NAME    NUMBER
    200      -1.5036E+05     2.3603E+00     1.9614E+02     C4       1781

 BOND    =     8790.6058  ANGLE   =      264.8536  DIHED      =     1211.7131
 VDWAALS =    16586.1879  EEL     =  -183097.5366  HBOND      =        0.0000
 1-4 VDW =      378.6083  1-4 EEL =     5500.9491  RESTRAINT  =        0.6670
 EAMBER  =  -150364.6187
 NMR restraints: Bond =    0.018   Angle =     0.001   Torsion =     0.407
===============================================================================


   NSTEP       ENERGY          RMS            GMAX         NAME    NUMBER
    250      -1.5207E+05     1.3680E+00     8.5115E+01     N1       1780

 BOND    =     9343.9310  ANGLE   =      260.1574  DIHED      =     1210.6829
 VDWAALS =    17594.8052  EEL     =  -186356.5436  HBOND      =        0.0000
 1-4 VDW =      376.4180  1-4 EEL =     5495.6433  RESTRAINT  =        0.6597
 EAMBER  =  -152074.9057
 NMR restraints: Bond =    0.019   Angle =     0.001   Torsion =     0.485
===============================================================================


   NSTEP       ENERGY          RMS            GMAX         NAME    NUMBER
    300      -1.5332E+05     2.0606E+00     1.6091E+02     N        1778

 BOND    =     9591.0090  ANGLE   =      271.7305  DIHED      =     1209.8529
 VDWAALS =    18474.6618  EEL     =  -188730.6784  HBOND      =        0.0000
 1-4 VDW =      374.7244  1-4 EEL =     5491.7691  RESTRAINT  =        0.6929
 EAMBER  =  -153316.9308
 NMR restraints: Bond =    0.019   Angle =     0.002   Torsion =     0.524
===============================================================================


   NSTEP       ENERGY          RMS            GMAX         NAME    NUMBER
    350      -1.5446E+05     8.4846E-01     8.4805E+01     CG        651

 BOND    =     9723.6625  ANGLE   =      255.7942  DIHED      =     1209.2548
 VDWAALS =    19270.8898  EEL     =  -190785.8064  HBOND      =        0.0000
 1-4 VDW =      373.4600  1-4 EEL =     5490.0858  RESTRAINT  =        0.6426
 EAMBER  =  -154462.6592
 NMR restraints: Bond =    0.019   Angle =     0.002   Torsion =     0.470
===============================================================================


   NSTEP       ENERGY          RMS            GMAX         NAME    NUMBER
    400      -1.5537E+05     5.3475E-01     2.4553E+01     CE1       769

 BOND    =     9877.8109  ANGLE   =      256.7559  DIHED      =     1208.9068
 VDWAALS =    19978.7159  EEL     =  -192551.2045  HBOND      =        0.0000
 1-4 VDW =      372.5356  1-4 EEL =     5487.4394  RESTRAINT  =        0.6803
 EAMBER  =  -155369.0399
 NMR restraints: Bond =    0.019   Angle =     0.002   Torsion =     0.508
===============================================================================


   NSTEP       ENERGY          RMS            GMAX         NAME    NUMBER
    450      -1.5618E+05     1.0039E+00     6.4520E+01     NE2       771

 BOND    =    10043.8726  ANGLE   =      261.1198  DIHED      =     1208.5355
 VDWAALS =    20658.6075  EEL     =  -194207.2365  HBOND      =        0.0000
 1-4 VDW =      371.7419  1-4 EEL =     5485.2254  RESTRAINT  =        0.7219
 EAMBER  =  -156178.1339
 NMR restraints: Bond =    0.019   Angle =     0.002   Torsion =     0.548
===============================================================================


   NSTEP       ENERGY          RMS            GMAX         NAME    NUMBER
    500      -1.5687E+05     1.5154E+00     1.9128E+02     CG        651

 BOND    =    10201.7874  ANGLE   =      265.2189  DIHED      =     1207.8686
 VDWAALS =    21260.6024  EEL     =  -195656.5015  HBOND      =        0.0000
 1-4 VDW =      371.2238  1-4 EEL =     5483.5269  RESTRAINT  =        0.7425
 EAMBER  =  -156866.2735
 NMR restraints: Bond =    0.019   Angle =     0.002   Torsion =     0.572
===============================================================================


   NSTEP       ENERGY          RMS            GMAX         NAME    NUMBER
    550      -1.5757E+05     6.8215E-01     4.3942E+01     CE1       769

 BOND    =    10303.8245  ANGLE   =      257.5005  DIHED      =     1205.8234
 VDWAALS =    21835.7128  EEL     =  -197031.1884  HBOND      =        0.0000
 1-4 VDW =      370.4311  1-4 EEL =     5483.1221  RESTRAINT  =        0.7109
 EAMBER  =  -157574.7740
 NMR restraints: Bond =    0.019   Angle =     0.002   Torsion =     0.550
===============================================================================


   NSTEP       ENERGY          RMS            GMAX         NAME    NUMBER
    600      -1.5815E+05     1.2488E+00     8.5724E+01     CE1       769

 BOND    =    10439.1110  ANGLE   =      261.3681  DIHED      =     1204.0992
 VDWAALS =    22348.4123  EEL     =  -198255.6463  HBOND      =        0.0000
 1-4 VDW =      369.9614  1-4 EEL =     5482.3360  RESTRAINT  =        0.7272
 EAMBER  =  -158150.3584
 NMR restraints: Bond =    0.020   Angle =     0.002   Torsion =     0.568
===============================================================================


   NSTEP       ENERGY          RMS            GMAX         NAME    NUMBER
    650      -1.5873E+05     4.7802E-01     3.0584E+01     CD         61

 BOND    =    10524.4457  ANGLE   =      258.5465  DIHED      =     1203.2407
 VDWAALS =    22834.3987  EEL     =  -199405.7938  HBOND      =        0.0000
 1-4 VDW =      369.5866  1-4 EEL =     5480.6152  RESTRAINT  =        0.7877
 EAMBER  =  -158734.9605
 NMR restraints: Bond =    0.021   Angle =     0.003   Torsion =     0.619
===============================================================================


   NSTEP       ENERGY          RMS            GMAX         NAME    NUMBER
    700      -1.5925E+05     3.4556E-01     9.4351E+00     CE1       769

 BOND    =    10625.6389  ANGLE   =      257.8964  DIHED      =     1202.9311
 VDWAALS =    23291.7767  EEL     =  -200480.2880  HBOND      =        0.0000
 1-4 VDW =      369.3498  1-4 EEL =     5480.2983  RESTRAINT  =        0.8083
 EAMBER  =  -159252.3968
 NMR restraints: Bond =    0.022   Angle =     0.003   Torsion =     0.641
===============================================================================


   NSTEP       ENERGY          RMS            GMAX         NAME    NUMBER
    750      -1.5972E+05     3.3631E-01     9.4633E+00     NE2       771

 BOND    =    10718.8575  ANGLE   =      258.2905  DIHED      =     1202.8533
 VDWAALS =    23714.3831  EEL     =  -201463.3456  HBOND      =        0.0000
 1-4 VDW =      369.1987  1-4 EEL =     5479.8898  RESTRAINT  =        0.8413
 EAMBER  =  -159719.8728
 NMR restraints: Bond =    0.023   Angle =     0.003   Torsion =     0.672
===============================================================================


   NSTEP       ENERGY          RMS            GMAX         NAME    NUMBER
    800      -1.6015E+05     1.0747E+00     1.2400E+02     CD         61

 BOND    =    10828.0370  ANGLE   =      261.4006  DIHED      =     1202.9715
 VDWAALS =    24132.3121  EEL     =  -202426.4418  HBOND      =        0.0000
 1-4 VDW =      369.0662  1-4 EEL =     5479.7876  RESTRAINT  =        0.8652
 EAMBER  =  -160152.8669
 NMR restraints: Bond =    0.023   Angle =     0.003   Torsion =     0.697
===============================================================================


   NSTEP       ENERGY          RMS            GMAX         NAME    NUMBER
    850      -1.6056E+05     3.1085E-01     9.5412E+00     CE1       769

 BOND    =    10889.5915  ANGLE   =      259.5835  DIHED      =     1203.0129
 VDWAALS =    24497.4369  EEL     =  -203262.5204  HBOND      =        0.0000
 1-4 VDW =      368.9184  1-4 EEL =     5478.7242  RESTRAINT  =        0.9149
 EAMBER  =  -160565.2529
 NMR restraints: Bond =    0.025   Angle =     0.003   Torsion =     0.741
===============================================================================


   NSTEP       ENERGY          RMS            GMAX         NAME    NUMBER
    900      -1.6093E+05     8.2457E-01     6.1092E+01     CE1       769

 BOND    =    10976.6391  ANGLE   =      263.6913  DIHED      =     1203.1343
 VDWAALS =    24857.2768  EEL     =  -204082.1875  HBOND      =        0.0000
 1-4 VDW =      368.7130  1-4 EEL =     5477.8139  RESTRAINT  =        0.9640
 EAMBER  =  -160934.9193
 NMR restraints: Bond =    0.026   Angle =     0.004   Torsion =     0.785
===============================================================================


   NSTEP       ENERGY          RMS            GMAX         NAME    NUMBER
    950      -1.6131E+05     3.7457E-01     2.0460E+01     CE1       769

 BOND    =    11043.5680  ANGLE   =      260.9003  DIHED      =     1203.1300
 VDWAALS =    25201.5442  EEL     =  -204863.9093  HBOND      =        0.0000
 1-4 VDW =      368.4745  1-4 EEL =     5477.9819  RESTRAINT  =        0.9878
 EAMBER  =  -161308.3105
 NMR restraints: Bond =    0.028   Angle =     0.004   Torsion =     0.810
===============================================================================


   NSTEP       ENERGY          RMS            GMAX         NAME    NUMBER
   1000      -1.6163E+05     7.1309E-01     7.4734E+01     CD         61

 BOND    =    11117.5353  ANGLE   =      261.9589  DIHED      =     1203.1362
 VDWAALS =    25520.4156  EEL     =  -205581.4951  HBOND      =        0.0000
 1-4 VDW =      368.3447  1-4 EEL =     5477.8434  RESTRAINT  =        1.0258
 EAMBER  =  -161632.2610
 NMR restraints: Bond =    0.030   Angle =     0.004   Torsion =     0.845
===============================================================================


  Maximum number of minimization cycles reached.


                    FINAL RESULTS



   NSTEP       ENERGY          RMS            GMAX         NAME    NUMBER
   1000      -1.6163E+05     7.1309E-01     7.4734E+01     CD         61

 BOND    =    11117.5353  ANGLE   =      261.9589  DIHED      =     1203.1362
 VDWAALS =    25520.4156  EEL     =  -205581.4951  HBOND      =        0.0000
 1-4 VDW =      368.3447  1-4 EEL =     5477.8434  RESTRAINT  =        1.0258
 EAMBER  =  -161632.2610
 NMR restraints: Bond =    0.030   Angle =     0.004   Torsion =     0.845
===============================================================================
 ------------------------------------------------------------------------------


 Final Restraint Analysis for coords: mini.rst7                               


 Restraints, deviations, and energy contributions:    pencut =   -1.00

 ------------------------------------------------------------------------------
     First atom        Last atom    curr. value target deviation  penalty
 ------------------------------------------------------------------------------
  Pb   DUM    2 --  CA   ILE   58:    8.168    8.172    0.004    0.000 d    0: 0
  Pb   DUM    1 --  CA   ILE   58:   90.073   90.000    0.073    0.000 a
  Pb   DUM    1 --  Pb   DUM    2:  180.124  180.000    0.124    0.001 t
  Pb   DUM    2 --  CA   LEU   79:   77.850   78.062    0.211    0.003 a
  Pb   DUM    2 --  CA   ILE   58:    4.850    5.032    0.182    0.003 t
  CA   ILE   58 --  CA   LEU   79:   84.318   83.908    0.410    0.013 t
  CA   ILE   58 --  CA   LEU   79:   10.704   10.640    0.063    0.020 d    0: 0
  CA   LEU   79 --  CA   PHE  105:   12.615   12.583    0.032    0.005 d    0: 0
  CA   PHE  105 --  CA   ILE   58:   13.304   13.332    0.028    0.004 d    0: 0
  CA   PRO   34 --  C    PRO   34:  145.193  144.217    0.976    0.014 t
  N    VAL   35 --  CA   VAL   35:  -56.727  -56.167    0.560    0.005 t
  CA   VAL   35 --  C    VAL   35:  130.079  129.525    0.553    0.005 t
  N    ASP   36 --  CA   ASP   36:  -76.585  -76.193    0.392    0.002 t
  CA   ASP   36 --  C    ASP   36:   85.112   89.364    4.251    0.275 t
  N    VAL   37 --  CA   VAL   37:  -69.868  -68.274    1.594    0.039 t
  CA   VAL   37 --  C    VAL   37:   -9.049   -7.220    1.829    0.051 t
  N    GLU   38 --  CA   GLU   38:  -94.098  -93.159    0.939    0.013 t
  CA   GLU   38 --  C    GLU   38:   -5.082   -7.845    2.763    0.116 t
  N    ALA   39 --  CA   ALA   39:  -73.081  -74.191    1.110    0.019 t
  CA   ALA   39 --  C    ALA   39:  147.430  147.578    0.148    0.000 t
  N    LEU   40 --  CA   LEU   40:  -58.249  -57.702    0.547    0.005 t
  CA   LEU   40 --  C    LEU   40:  125.344  128.400    3.056    0.142 t
  N    GLY   41 --  CA   GLY   41:   99.784   99.732    0.052    0.000 t
  CA   GLY   41 --  C    GLY   41:  -11.744  -12.759    1.015    0.016 t
  N    LEU   42 --  CA   LEU   42: -106.285 -107.618    1.333    0.027 t
  CA   LEU   42 --  C    LEU   42:   15.925   18.284    2.359    0.085 t
  N    HIE   43 --  CA   HIE   43:  -59.261  -58.806    0.455    0.003 t
  CA   HIE   43 --  C    HIE   43:  -24.829  -25.366    0.537    0.004 t
  N    ASP   44 --  CA   ASP   44: -103.117 -102.929    0.189    0.001 t
  CA   ASP   44 --  C    ASP   44:    4.310    4.656    0.346    0.002 t
  N    TYR   45 --  CA   TYR   45:  -57.272  -56.812    0.459    0.003 t
  Pb   DUM    1 --  C9   LIG  113:    4.990    5.000    0.010    0.000 d    0: 0
  Pb   DUM    2 --  C9   LIG  113:   89.875   90.000    0.125    0.000 a
  Pb   DUM    2 --  Pb   DUM    1:    0.163    0.000    0.163    0.000 t
  Pb   DUM    1 --  C3   LIG  113:   97.468   97.216    0.252    0.000 a
  Pb   DUM    1 --  C9   LIG  113:  -21.176  -21.174    0.002    0.000 t
  C9   LIG  113 --  C3   LIG  113:  150.510  149.954    0.555    0.001 t
  C9   LIG  113 --  C3   LIG  113:    6.757    6.751    0.006    0.000 d    0: 0
  C3   LIG  113 --  C11  LIG  113:    6.592    6.626    0.034    0.000 d    0: 0
  C11  LIG  113 --  C9   LIG  113:    5.785    5.814    0.029    0.000 d    0: 0
  C10  LIG  113 --  C9   LIG  113:   -1.148   -0.708    0.440    0.000 t
  C5   LIG  113 --  C6   LIG  113: -175.384 -178.368    2.984    0.000 t
  C8   LIG  113 --  C9   LIG  113:    1.303   -0.343    1.646    0.000 t
  C7   LIG  113 --  C8   LIG  113:   -0.699    0.326    1.025    0.000 t
  C6   LIG  113 --  C7   LIG  113:   -0.066    0.742    0.808    0.000 t
  C    LIG  113 --  N2   LIG  113: -162.903 -153.555    9.348    0.000 t
  C5   LIG  113 --  C10  LIG  113:  175.986  178.315    2.328    0.000 t
  C    LIG  113 --  C1   LIG  113:    1.791   -1.423    3.214    0.000 t
  N    LIG  113 --  N1   LIG  113:    2.714   -0.617    3.331    0.000 t
  C    LIG  113 --  C4   LIG  113: -180.733 -176.503    4.230    0.000 t
  C2   LIG  113 --  N    LIG  113: -185.658 -179.476    6.182    0.000 t
  C1   LIG  113 --  C2   LIG  113: -178.462 -179.628    1.166    0.000 t
  C4   LIG  113 --  N1   LIG  113:    0.466   -1.082    1.548    0.000 t
  C4   LIG  113 --  C5   LIG  113:   96.593   93.154    3.439    0.000 t
                                       Total distance penalty:      0.030
                                       Total angle    penalty:      0.004
                                       Total torsion  penalty:      0.845
 ------------------------------------------------------------------------------
--------------------------------------------------------------------------------
   5.  TIMINGS
--------------------------------------------------------------------------------

|  NonSetup CPU Time in Major Routines:
|
|     Routine           Sec        %
|     ------------------------------
|     Nonbond           1.98   49.58
|     Bond              0.00    0.00
|     Angle             0.00    0.00
|     Dihedral          0.00    0.00
|     Shake             0.00    0.00
|     Other             2.02   50.42
|     ------------------------------
|     Total             4.00

|  PME Nonbond Pairlist CPU Time:
|
|     Routine              Sec        %
|     ---------------------------------
|     Set Up Cit           0.00    0.00
|     Build List           0.00    0.00
|     ---------------------------------
|     Total                0.00    0.00

|  PME Direct Force CPU Time:
|
|     Routine              Sec        %
|     ---------------------------------
|     NonBonded Calc       0.00    0.00
|     Exclude Masked       0.00    0.00
|     Other                0.00    0.02
|     ---------------------------------
|     Total                0.00    0.02

|  PME Reciprocal Force CPU Time:
|
|     Routine              Sec        %
|     ---------------------------------
|     1D bspline           0.00    0.00
|     Grid Charges         0.00    0.00
|     Scalar Sum           0.00    0.00
|     Gradient Sum         0.00    0.00
|     FFT                  0.00    0.00
|     ---------------------------------
|     Total                0.00    0.00

|  Setup CPU time:            0.42 seconds
|  NonSetup CPU time:         4.00 seconds
|  Total CPU time:            4.43 seconds     0.00 hours

|  Setup wall time:           0    seconds
|  NonSetup wall time:        4    seconds
|  Total wall time:           4    seconds     0.00 hours
