
          -------------------------------------------------------
          Amber 14 SANDER                              2014
          -------------------------------------------------------

| PMEMD implementation of SANDER, Release 14

| Run on 04/27/2020 at 10:59:03

|   Executable path: pmemd.cuda
| Working directory: /home1/tbaba/centos/BAT.py-master/BAT/equil/pose0
|          Hostname: tx1

  [-O]verwriting output

File Assignments:
|   MDIN: therm2.in                                                             
|  MDOUT: therm2.out                                                            
| INPCRD: therm1.rst7                                                           
|   PARM: full.hmr.prmtop                                                       
| RESTRT: therm2.rst7                                                           
|   REFC: full.inpcrd                                                           
|  MDVEL: mdvel                                                                 
|   MDEN: mden                                                                  
|  MDCRD: therm2.nc                                                             
| MDINFO: mdinfo                                                                
|  MDFRC: mdfrc                                                                 

 
 Here is the input file:
 
*******************************************************                        
*****************************       therm2.in                                  
*******************************************************                        
Thermalizing, NVT.                                                             
 &cntrl                                                                        
  imin = 0,                                                                    
  ntx = 5,                                                                     
  irest = 1,                                                                   
  ntpr = 500,                                                                  
  ntwr = 25000,                                                                
  ntwx = 0,                                                                    
  ioutfm = 1,                                                                  
  iwrap = 1,                                                                   
  ntf = 2,                                                                     
  ntc = 2,                                                                     
  cut = 9.0,                                                                   
  ntt = 3,                                                                     
  gamma_ln = 1.0,                                                              
  ig = -1,                                                                     
  ntp = 0,                                                                     
  nstlim = 25000,                                                              
  dt = 0.004,                                                                  
  ntr = 1,                                                                     
  restraint_wt = 50.0,                                                         
  restraintmask = ':1-3 | :113@C9 | :113@C3 | :113@C11',                       
  nmropt = 1,                                                                  
  pencut = -1,                                                                 
 /                                                                             
 &wt type='TEMP0', istep1=0,    istep2=25000,  value1=10.0, value2= 298.15, /  
 &wt type = 'END', /                                                           
DISANG=disang.rest                                                             
LISTOUT=POUT                                                                   
                                                                               


Note: ig = -1. Setting random seed to    28650 based on wallclock time in 
      microseconds.
 
|--------------------- INFORMATION ----------------------
| GPU (CUDA) Version of PMEMD in use: NVIDIA GPU IN USE.
|                    Version 14.0.1
| 
|                      06/20/2014
| 
| Implementation by:
|                    Ross C. Walker     (SDSC)
|                    Scott Le Grand     (nVIDIA)
| 
| CAUTION: The CUDA code is currently experimental.
|          You use it at your own risk. Be sure to
|          check ALL results carefully.
| 
| Precision model in use:
|      [SPFP] - Mixed Single/Double/Fixed Point Precision.
|               (Default)
| 
|--------------------------------------------------------
 
|----------------- CITATION INFORMATION -----------------
|
|    When publishing work that utilized the CUDA version
|    of AMBER, please cite the following in addition to
|    the regular AMBER citations:
|
|  - Romelia Salomon-Ferrer; Andreas W. Goetz; Duncan
|    Poole; Scott Le Grand; Ross C. Walker "Routine
|    microsecond molecular dynamics simulations with
|    AMBER - Part II: Particle Mesh Ewald", J. Chem.
|    Theory Comput., 2013, 9 (9), pp3878-3888,
|    DOI: 10.1021/ct400314y.
|
|  - Andreas W. Goetz; Mark J. Williamson; Dong Xu;
|    Duncan Poole; Scott Le Grand; Ross C. Walker
|    "Routine microsecond molecular dynamics simulations
|    with AMBER - Part I: Generalized Born", J. Chem.
|    Theory Comput., 2012, 8 (5), pp1542-1555.
|
|  - Scott Le Grand; Andreas W. Goetz; Ross C. Walker
|    "SPFP: Speed without compromise - a mixed precision
|    model for GPU accelerated molecular dynamics
|    simulations.", Comp. Phys. Comm., 2013, 184
|    pp374-380, DOI: 10.1016/j.cpc.2012.09.022
|
|--------------------------------------------------------
 
|------------------- GPU DEVICE INFO --------------------
|
|            CUDA_VISIBLE_DEVICES: 2
|   CUDA Capable Devices Detected:      1
|           CUDA Device ID in use:      0
|                CUDA Device Name: GeForce GTX TITAN X
|     CUDA Device Global Mem Size:  12212 MB
| CUDA Device Num Multiprocessors:     24
|           CUDA Device Core Freq:   1.08 GHz
|
|--------------------------------------------------------
 
 
| Conditional Compilation Defines Used:
| FFTW_FFT
| BINTRAJ
| MKL
| CUDA
| EMIL
 
| Largest sphere to fit in unit cell has radius =    31.567

| New format PARM file being parsed.
| Version =    1.000 Date = 04/22/20 Time = 12:15:12

| Note: 1-4 EEL scale factors are being read from the topology file.

| Note: 1-4 VDW scale factors are being read from the topology file.
| Duplicated    0 dihedrals

| Duplicated    0 dihedrals

--------------------------------------------------------------------------------
   1.  RESOURCE   USE: 
--------------------------------------------------------------------------------

 getting new box info from bottom of inpcrd
 NATOM  =   40866 NTYPES =      18 NBONH =   39890 MBONA  =     933
 NTHETH =    2036 MTHETA =    1252 NPHIH =    3990 MPHIA  =    3859
 NHPARM =       0 NPARM  =       0 NNB   =   61967 NRES   =   13177
 NBONA  =     933 NTHETA =    1252 NPHIA =    3859 NUMBND =      87
 NUMANG =     186 NPTRA  =     207 NATYP =      51 NPHB   =       1
 IFBOX  =       1 NMXRS  =      29 IFCAP =       0 NEXTRA =       0
 NCOPY  =       0

| Coordinate Index Table dimensions:    13   12   23
| Direct force subcell size =     5.2711    5.2611    5.0246

     BOX TYPE: RECTILINEAR

--------------------------------------------------------------------------------
   2.  CONTROL  DATA  FOR  THE  RUN
--------------------------------------------------------------------------------

default_name                                                                    

General flags:
     imin    =       0, nmropt  =       1

Nature and format of input:
     ntx     =       5, irest   =       1, ntrx    =       1

Nature and format of output:
     ntxo    =       1, ntpr    =     500, ntrx    =       1, ntwr    =   25000
     iwrap   =       1, ntwx    =       0, ntwv    =       0, ntwe    =       0
     ioutfm  =       1, ntwprt  =       0, idecomp =       0, rbornstat=      0

Potential function:
     ntf     =       2, ntb     =       1, igb     =       0, nsnb    =      25
     ipol    =       0, gbsa    =       0, iesp    =       0
     dielc   =   1.00000, cut     =   9.00000, intdiel =   1.00000

Frozen or restrained atoms:
     ibelly  =       0, ntr     =       1
     restraint_wt =  50.00000

Molecular dynamics:
     nstlim  =     25000, nscm    =         0, nrespa  =         1
     t       =   0.00000, dt      =   0.00400, vlimit  =  -1.00000

Langevin dynamics temperature regulation:
     ig      =   28650
     temp0   = 300.00000, tempi   =   0.00000, gamma_ln=   1.00000

SHAKE:
     ntc     =       2, jfastw  =       0
     tol     =   0.00001

NMR refinement options:
     iscale  =       0, noeskp  =       1, ipnlty  =       1, mxsub   =       1
     scalm   = 100.00000, pencut  =  -1.00000, tausw   =   0.10000

| Intermolecular bonds treatment:
|     no_intermolecular_bonds =       1

| Energy averages sample interval:
|     ene_avg_sampling =     500

Ewald parameters:
     verbose =       0, ew_type =       0, nbflag  =       1, use_pme =       1
     vdwmeth =       1, eedmeth =       1, netfrc  =       1
     Box X =   68.524   Box Y =   63.133   Box Z =  115.567
     Alpha =   90.000   Beta  =   90.000   Gamma =   90.000
     NFFT1 =   72       NFFT2 =   64       NFFT3 =  120
     Cutoff=    9.000   Tol   =0.100E-04
     Ewald Coefficient =  0.30768
     Interpolation order =    4

    LOADING THE CONSTRAINED ATOMS AS GROUPS


   5.  REFERENCE ATOM COORDINATES

  default_name                                                                    
     Mask :1-3 | :113@C9 | :113@C3 | :113@C11; matches     6 atoms

--------------------------------------------------------------------------------
   3.  ATOMIC COORDINATES AND VELOCITIES
--------------------------------------------------------------------------------

default_name                                                                    
 begin time read from input coords =     2.000 ps



           Begin reading energy term weight changes/NMR restraints
 WEIGHT CHANGES:
 TEMP0         0  25000   10.000000  298.150000      0      0

 RESTRAINTS:
 Requested file redirections:
  DISANG    = disang.rest
  LISTOUT   = POUT
 Restraints will be read from file: disang.rest
Here are comments from the DISANG input file:
# Anchor atoms  :58@CA  :79@CA  :105@CA  :113@C9  :113@C3  :113@C11  stage = equ
 
                       Number of restraints read =    54

                  Done reading weight changes/NMR restraints


 
 Number of triangulated 3-point waters found:    13000

     Sum of charges from parm topology file =  -0.00000106
     Forcing neutrality...

| Dynamic Memory, Types Used:
| Reals             1322150
| Integers          1191825

| Nonbonded Pairs Initial Allocation:     9317448

| GPU memory information (estimate):
| KB of GPU memory in use:    239186
| KB of CPU memory in use:     49970

--------------------------------------------------------------------------------
   4.  RESULTS
--------------------------------------------------------------------------------

 ---------------------------------------------------
 APPROXIMATING switch and d/dx switch using CUBIC SPLINE INTERPOLATION
 using   5000.0 points per unit in tabled values
 TESTING RELATIVE ERROR over r ranging from 0.0 to cutoff
| CHECK switch(x): max rel err =   0.3316E-14   at   2.351880
| CHECK d/dx switch(x): max rel err =   0.8205E-11   at   2.761360
 ---------------------------------------------------
|---------------------------------------------------
| APPROXIMATING direct energy using CUBIC SPLINE INTERPOLATION
|  with   50.0 points per unit in tabled values
| Relative Error Limit not exceeded for r .gt.   2.39
| APPROXIMATING direct force using CUBIC SPLINE INTERPOLATION
|  with   50.0 points per unit in tabled values
| Relative Error Limit not exceeded for r .gt.   2.84
|---------------------------------------------------

 NSTEP =      500   TIME(PS) =       4.000  TEMP(K) =    17.33  PRESS =     0.0
 Etot   =   -161169.1896  EKtot   =      1424.0194  EPtot      =   -162593.2090
 BOND   =        71.2544  ANGLE   =       301.4664  DIHED      =      1222.1345
 1-4 NB =       384.1472  1-4 EEL =      5477.1771  VDWAALS    =     30613.5063
 EELEC  =   -200665.7803  EHBOND  =         0.0000  RESTRAINT  =         2.8856
 EAMBER (non-restraint)  =   -162596.0946
 ------------------------------------------------------------------------------

 NMR restraints: Bond =    0.495   Angle =     0.250   Torsion =     1.553
===============================================================================

 NSTEP =     1000   TIME(PS) =       6.000  TEMP(K) =    19.93  PRESS =     0.0
 Etot   =   -160978.3713  EKtot   =      1638.1484  EPtot      =   -162616.5197
 BOND   =        79.4792  ANGLE   =       318.3279  DIHED      =      1221.5450
 1-4 NB =       382.8325  1-4 EEL =      5468.9489  VDWAALS    =     30719.4391
 EELEC  =   -200810.1707  EHBOND  =         0.0000  RESTRAINT  =         3.0785
 EAMBER (non-restraint)  =   -162619.5982
 ------------------------------------------------------------------------------

 NMR restraints: Bond =    0.435   Angle =     0.341   Torsion =     1.664
===============================================================================

 NSTEP =     1500   TIME(PS) =       8.000  TEMP(K) =    24.66  PRESS =     0.0
 Etot   =   -160223.4376  EKtot   =      2026.2924  EPtot      =   -162249.7299
 BOND   =        84.1021  ANGLE   =       326.5581  DIHED      =      1222.1033
 1-4 NB =       386.6399  1-4 EEL =      5475.9136  VDWAALS    =     30529.0962
 EELEC  =   -200277.3740  EHBOND  =         0.0000  RESTRAINT  =         3.2308
 EAMBER (non-restraint)  =   -162252.9607
 ------------------------------------------------------------------------------

 NMR restraints: Bond =    0.302   Angle =     0.854   Torsion =     1.571
===============================================================================

 NSTEP =     2000   TIME(PS) =      10.000  TEMP(K) =    30.31  PRESS =     0.0
 Etot   =   -159398.9336  EKtot   =      2490.6790  EPtot      =   -161889.6126
 BOND   =        94.4404  ANGLE   =       346.4516  DIHED      =      1226.0546
 1-4 NB =       385.2433  1-4 EEL =      5477.1309  VDWAALS    =     30403.7782
 EELEC  =   -199826.1040  EHBOND  =         0.0000  RESTRAINT  =         3.3923
 EAMBER (non-restraint)  =   -161893.0049
 ------------------------------------------------------------------------------

 NMR restraints: Bond =    0.542   Angle =     0.488   Torsion =     1.554
===============================================================================

 NSTEP =     2500   TIME(PS) =      12.000  TEMP(K) =    36.36  PRESS =     0.0
 Etot   =   -158556.2414  EKtot   =      2987.7856  EPtot      =   -161544.0270
 BOND   =        99.1798  ANGLE   =       358.1482  DIHED      =      1235.8110
 1-4 NB =       385.6140  1-4 EEL =      5480.4949  VDWAALS    =     30185.0886
 EELEC  =   -199293.0068  EHBOND  =         0.0000  RESTRAINT  =         4.6432
 EAMBER (non-restraint)  =   -161548.6702
 ------------------------------------------------------------------------------

 NMR restraints: Bond =    0.365   Angle =     0.470   Torsion =     2.840
===============================================================================

 NSTEP =     3000   TIME(PS) =      14.000  TEMP(K) =    42.26  PRESS =     0.0
 Etot   =   -157713.6360  EKtot   =      3473.1663  EPtot      =   -161186.8022
 BOND   =       116.4355  ANGLE   =       366.8231  DIHED      =      1225.4658
 1-4 NB =       394.8268  1-4 EEL =      5477.6869  VDWAALS    =     29978.8686
 EELEC  =   -198750.6235  EHBOND  =         0.0000  RESTRAINT  =         3.7146
 EAMBER (non-restraint)  =   -161190.5168
 ------------------------------------------------------------------------------

 NMR restraints: Bond =    0.185   Angle =     0.972   Torsion =     1.490
===============================================================================

 NSTEP =     3500   TIME(PS) =      16.000  TEMP(K) =    47.28  PRESS =     0.0
 Etot   =   -156907.9799  EKtot   =      3885.3740  EPtot      =   -160793.3539
 BOND   =       113.6882  ANGLE   =       390.7923  DIHED      =      1233.8827
 1-4 NB =       389.3905  1-4 EEL =      5489.0894  VDWAALS    =     29766.2858
 EELEC  =   -198180.9529  EHBOND  =         0.0000  RESTRAINT  =         4.4701
 EAMBER (non-restraint)  =   -160797.8240
 ------------------------------------------------------------------------------

 NMR restraints: Bond =    0.701   Angle =     0.253   Torsion =     2.431
===============================================================================

 NSTEP =     4000   TIME(PS) =      18.000  TEMP(K) =    53.66  PRESS =     0.0
 Etot   =   -155997.3601  EKtot   =      4410.0273  EPtot      =   -160407.3874
 BOND   =       121.9978  ANGLE   =       401.5612  DIHED      =      1240.0253
 1-4 NB =       388.1004  1-4 EEL =      5482.3200  VDWAALS    =     29886.5727
 EELEC  =   -197932.9346  EHBOND  =         0.0000  RESTRAINT  =         4.9697
 EAMBER (non-restraint)  =   -160412.3571
 ------------------------------------------------------------------------------

 NMR restraints: Bond =    0.256   Angle =     0.926   Torsion =     2.778
===============================================================================

 NSTEP =     4500   TIME(PS) =      20.000  TEMP(K) =    59.48  PRESS =     0.0
 Etot   =   -155146.5756  EKtot   =      4887.7783  EPtot      =   -160034.3539
 BOND   =       124.8597  ANGLE   =       402.5342  DIHED      =      1236.1275
 1-4 NB =       396.1902  1-4 EEL =      5493.5400  VDWAALS    =     29600.5248
 EELEC  =   -197293.3980  EHBOND  =         0.0000  RESTRAINT  =         5.2677
 EAMBER (non-restraint)  =   -160039.6216
 ------------------------------------------------------------------------------

 NMR restraints: Bond =    0.241   Angle =     0.284   Torsion =     3.514
===============================================================================

 NSTEP =     5000   TIME(PS) =      22.000  TEMP(K) =    64.91  PRESS =     0.0
 Etot   =   -154259.6146  EKtot   =      5334.4194  EPtot      =   -159594.0341
 BOND   =       139.6758  ANGLE   =       407.6456  DIHED      =      1241.7151
 1-4 NB =       397.4170  1-4 EEL =      5481.1480  VDWAALS    =     29297.2000
 EELEC  =   -196564.4653  EHBOND  =         0.0000  RESTRAINT  =         5.6298
 EAMBER (non-restraint)  =   -159599.6638
 ------------------------------------------------------------------------------

 NMR restraints: Bond =    0.330   Angle =     0.381   Torsion =     3.463
===============================================================================

 NSTEP =     5500   TIME(PS) =      24.000  TEMP(K) =    70.73  PRESS =     0.0
 Etot   =   -153438.2175  EKtot   =      5812.5068  EPtot      =   -159250.7244
 BOND   =       143.3513  ANGLE   =       434.3877  DIHED      =      1242.4370
 1-4 NB =       388.1398  1-4 EEL =      5473.8655  VDWAALS    =     29180.0581
 EELEC  =   -196119.0475  EHBOND  =         0.0000  RESTRAINT  =         6.0837
 EAMBER (non-restraint)  =   -159256.8081
 ------------------------------------------------------------------------------

 NMR restraints: Bond =    0.453   Angle =     0.199   Torsion =     4.091
===============================================================================

 NSTEP =     6000   TIME(PS) =      26.000  TEMP(K) =    77.57  PRESS =     0.0
 Etot   =   -152439.4167  EKtot   =      6374.8623  EPtot      =   -158814.2790
 BOND   =       157.9450  ANGLE   =       455.7395  DIHED      =      1240.5276
 1-4 NB =       397.1708  1-4 EEL =      5485.7485  VDWAALS    =     29036.2289
 EELEC  =   -195595.5157  EHBOND  =         0.0000  RESTRAINT  =         7.8763
 EAMBER (non-restraint)  =   -158822.1553
 ------------------------------------------------------------------------------

 NMR restraints: Bond =    0.577   Angle =     0.690   Torsion =     4.900
===============================================================================

 NSTEP =     6500   TIME(PS) =      28.000  TEMP(K) =    81.65  PRESS =     0.0
 Etot   =   -151667.9726  EKtot   =      6710.0771  EPtot      =   -158378.0497
 BOND   =       164.0349  ANGLE   =       469.0092  DIHED      =      1245.1337
 1-4 NB =       397.0759  1-4 EEL =      5470.7914  VDWAALS    =     28847.6780
 EELEC  =   -194977.4097  EHBOND  =         0.0000  RESTRAINT  =         5.6370
 EAMBER (non-restraint)  =   -158383.6867
 ------------------------------------------------------------------------------

 NMR restraints: Bond =    0.623   Angle =     0.817   Torsion =     2.836
===============================================================================

 NSTEP =     7000   TIME(PS) =      30.000  TEMP(K) =    88.26  PRESS =     0.0
 Etot   =   -150826.9959  EKtot   =      7252.7988  EPtot      =   -158079.7947
 BOND   =       170.1308  ANGLE   =       489.6867  DIHED      =      1255.9691
 1-4 NB =       397.9375  1-4 EEL =      5490.5502  VDWAALS    =     28657.9354
 EELEC  =   -194550.3134  EHBOND  =         0.0000  RESTRAINT  =         8.3090
 EAMBER (non-restraint)  =   -158088.1037
 ------------------------------------------------------------------------------

 NMR restraints: Bond =    0.199   Angle =     0.672   Torsion =     5.019
===============================================================================

 NSTEP =     7500   TIME(PS) =      32.000  TEMP(K) =    94.37  PRESS =     0.0
 Etot   =   -149861.6637  EKtot   =      7755.2021  EPtot      =   -157616.8659
 BOND   =       178.8182  ANGLE   =       496.0399  DIHED      =      1268.1549
 1-4 NB =       391.0363  1-4 EEL =      5470.9511  VDWAALS    =     28178.5925
 EELEC  =   -193607.2071  EHBOND  =         0.0000  RESTRAINT  =         6.7483
 EAMBER (non-restraint)  =   -157623.6142
 ------------------------------------------------------------------------------

 NMR restraints: Bond =    0.313   Angle =     1.588   Torsion =     3.734
===============================================================================

 NSTEP =     8000   TIME(PS) =      34.000  TEMP(K) =    99.85  PRESS =     0.0
 Etot   =   -148965.2976  EKtot   =      8205.7500  EPtot      =   -157171.0476
 BOND   =       182.5480  ANGLE   =       495.0824  DIHED      =      1254.8832
 1-4 NB =       396.8708  1-4 EEL =      5477.5655  VDWAALS    =     28219.7848
 EELEC  =   -193204.5362  EHBOND  =         0.0000  RESTRAINT  =         6.7540
 EAMBER (non-restraint)  =   -157177.8017
 ------------------------------------------------------------------------------

 NMR restraints: Bond =    0.405   Angle =     0.258   Torsion =     2.812
===============================================================================

 NSTEP =     8500   TIME(PS) =      36.000  TEMP(K) =   104.78  PRESS =     0.0
 Etot   =   -148307.0107  EKtot   =      8610.4004  EPtot      =   -156917.4111
 BOND   =       183.4106  ANGLE   =       523.1416  DIHED      =      1269.6739
 1-4 NB =       404.7160  1-4 EEL =      5506.5714  VDWAALS    =     28063.5159
 EELEC  =   -192875.0630  EHBOND  =         0.0000  RESTRAINT  =         6.6225
 EAMBER (non-restraint)  =   -156924.0336
 ------------------------------------------------------------------------------

 NMR restraints: Bond =    0.284   Angle =     0.182   Torsion =     3.375
===============================================================================

 NSTEP =     9000   TIME(PS) =      38.000  TEMP(K) =   110.65  PRESS =     0.0
 Etot   =   -147352.0544  EKtot   =      9092.9209  EPtot      =   -156444.9753
 BOND   =       199.8758  ANGLE   =       539.8645  DIHED      =      1263.5311
 1-4 NB =       404.6409  1-4 EEL =      5482.9191  VDWAALS    =     27932.4004
 EELEC  =   -192272.2662  EHBOND  =         0.0000  RESTRAINT  =         4.0592
 EAMBER (non-restraint)  =   -156449.0345
 ------------------------------------------------------------------------------

 NMR restraints: Bond =    0.186   Angle =     0.164   Torsion =     2.397
===============================================================================

 NSTEP =     9500   TIME(PS) =      40.000  TEMP(K) =   116.66  PRESS =     0.0
 Etot   =   -146576.9813  EKtot   =      9586.6748  EPtot      =   -156163.6561
 BOND   =       196.7649  ANGLE   =       538.2713  DIHED      =      1271.3524
 1-4 NB =       396.7094  1-4 EEL =      5485.7075  VDWAALS    =     27712.2138
 EELEC  =   -191770.1371  EHBOND  =         0.0000  RESTRAINT  =         5.4617
 EAMBER (non-restraint)  =   -156169.1177
 ------------------------------------------------------------------------------

 NMR restraints: Bond =    0.175   Angle =     0.642   Torsion =     3.639
===============================================================================

 NSTEP =    10000   TIME(PS) =      42.000  TEMP(K) =   122.70  PRESS =     0.0
 Etot   =   -145546.3339  EKtot   =     10083.0117  EPtot      =   -155629.3456
 BOND   =       219.9505  ANGLE   =       573.6207  DIHED      =      1286.5620
 1-4 NB =       396.5936  1-4 EEL =      5464.6463  VDWAALS    =     27629.6311
 EELEC  =   -191207.7804  EHBOND  =         0.0000  RESTRAINT  =         7.4306
 EAMBER (non-restraint)  =   -155636.7762
 ------------------------------------------------------------------------------

 NMR restraints: Bond =    0.364   Angle =     0.186   Torsion =     3.484
===============================================================================

 NSTEP =    10500   TIME(PS) =      44.000  TEMP(K) =   127.92  PRESS =     0.0
 Etot   =   -144788.3283  EKtot   =     10512.4863  EPtot      =   -155300.8147
 BOND   =       205.5716  ANGLE   =       581.8212  DIHED      =      1287.2006
 1-4 NB =       402.4648  1-4 EEL =      5496.3707  VDWAALS    =     27520.5444
 EELEC  =   -190802.1592  EHBOND  =         0.0000  RESTRAINT  =         7.3711
 EAMBER (non-restraint)  =   -155308.1857
 ------------------------------------------------------------------------------

 NMR restraints: Bond =    0.437   Angle =     0.215   Torsion =     4.014
===============================================================================

 NSTEP =    11000   TIME(PS) =      46.000  TEMP(K) =   133.65  PRESS =     0.0
 Etot   =   -143865.3366  EKtot   =     10983.5029  EPtot      =   -154848.8395
 BOND   =       226.8630  ANGLE   =       589.6749  DIHED      =      1282.6289
 1-4 NB =       408.3131  1-4 EEL =      5504.1562  VDWAALS    =     27148.0373
 EELEC  =   -190016.0616  EHBOND  =         0.0000  RESTRAINT  =         7.5487
 EAMBER (non-restraint)  =   -154856.3882
 ------------------------------------------------------------------------------

 NMR restraints: Bond =    0.306   Angle =     0.457   Torsion =     3.751
===============================================================================

 NSTEP =    11500   TIME(PS) =      48.000  TEMP(K) =   138.86  PRESS =     0.0
 Etot   =   -142925.3730  EKtot   =     11411.1094  EPtot      =   -154336.4824
 BOND   =       236.3953  ANGLE   =       614.7702  DIHED      =      1282.2740
 1-4 NB =       387.5169  1-4 EEL =      5487.7804  VDWAALS    =     26953.5300
 EELEC  =   -189305.5296  EHBOND  =         0.0000  RESTRAINT  =         6.7803
 EAMBER (non-restraint)  =   -154343.2627
 ------------------------------------------------------------------------------

 NMR restraints: Bond =    0.256   Angle =     1.482   Torsion =     3.212
===============================================================================

 NSTEP =    12000   TIME(PS) =      50.000  TEMP(K) =   144.84  PRESS =     0.0
 Etot   =   -142010.6792  EKtot   =     11902.7783  EPtot      =   -153913.4576
 BOND   =       232.9317  ANGLE   =       624.9437  DIHED      =      1281.5437
 1-4 NB =       407.7264  1-4 EEL =      5496.1617  VDWAALS    =     26734.5103
 EELEC  =   -188701.6021  EHBOND  =         0.0000  RESTRAINT  =        10.3271
 EAMBER (non-restraint)  =   -153923.7847
 ------------------------------------------------------------------------------

 NMR restraints: Bond =    0.863   Angle =     0.787   Torsion =     6.070
===============================================================================

 NSTEP =    12500   TIME(PS) =      52.000  TEMP(K) =   150.73  PRESS =     0.0
 Etot   =   -141020.3561  EKtot   =     12386.4561  EPtot      =   -153406.8122
 BOND   =       226.6449  ANGLE   =       642.7147  DIHED      =      1285.3706
 1-4 NB =       407.2838  1-4 EEL =      5485.4291  VDWAALS    =     26595.7967
 EELEC  =   -188057.2285  EHBOND  =         0.0000  RESTRAINT  =         7.1766
 EAMBER (non-restraint)  =   -153413.9888
 ------------------------------------------------------------------------------

 NMR restraints: Bond =    0.223   Angle =     0.636   Torsion =     4.134
===============================================================================

 NSTEP =    13000   TIME(PS) =      54.000  TEMP(K) =   157.08  PRESS =     0.0
 Etot   =   -139925.4135  EKtot   =     12908.6328  EPtot      =   -152834.0463
 BOND   =       252.1699  ANGLE   =       658.0051  DIHED      =      1303.8171
 1-4 NB =       405.1851  1-4 EEL =      5486.0679  VDWAALS    =     26218.6792
 EELEC  =   -187165.0347  EHBOND  =         0.0000  RESTRAINT  =         7.0641
 EAMBER (non-restraint)  =   -152841.1104
 ------------------------------------------------------------------------------

 NMR restraints: Bond =    0.315   Angle =     0.160   Torsion =     4.335
===============================================================================

 NSTEP =    13500   TIME(PS) =      56.000  TEMP(K) =   162.12  PRESS =     0.0
 Etot   =   -138913.6311  EKtot   =     13322.6455  EPtot      =   -152236.2766
 BOND   =       268.2963  ANGLE   =       649.0098  DIHED      =      1298.0946
 1-4 NB =       405.1975  1-4 EEL =      5471.1208  VDWAALS    =     26194.5545
 EELEC  =   -186530.2221  EHBOND  =         0.0000  RESTRAINT  =         7.6719
 EAMBER (non-restraint)  =   -152243.9486
 ------------------------------------------------------------------------------

 NMR restraints: Bond =    0.353   Angle =     0.089   Torsion =     3.937
===============================================================================

 NSTEP =    14000   TIME(PS) =      58.000  TEMP(K) =   166.15  PRESS =     0.0
 Etot   =   -137949.8808  EKtot   =     13653.5479  EPtot      =   -151603.4287
 BOND   =       264.6771  ANGLE   =       687.6068  DIHED      =      1299.3125
 1-4 NB =       413.5772  1-4 EEL =      5491.3646  VDWAALS    =     25704.6467
 EELEC  =   -185472.7384  EHBOND  =         0.0000  RESTRAINT  =         8.1249
 EAMBER (non-restraint)  =   -151611.5536
 ------------------------------------------------------------------------------

 NMR restraints: Bond =    0.152   Angle =     0.095   Torsion =     4.466
===============================================================================

 NSTEP =    14500   TIME(PS) =      60.000  TEMP(K) =   174.15  PRESS =     0.0
 Etot   =   -136769.6322  EKtot   =     14311.3203  EPtot      =   -151080.9525
 BOND   =       250.4617  ANGLE   =       663.3785  DIHED      =      1295.6562
 1-4 NB =       417.7016  1-4 EEL =      5493.4210  VDWAALS    =     25231.7438
 EELEC  =   -184441.2648  EHBOND  =         0.0000  RESTRAINT  =         7.9494
 EAMBER (non-restraint)  =   -151088.9019
 ------------------------------------------------------------------------------

 NMR restraints: Bond =    0.492   Angle =     0.451   Torsion =     4.798
===============================================================================

 NSTEP =    15000   TIME(PS) =      62.000  TEMP(K) =   178.46  PRESS =     0.0
 Etot   =   -135708.8897  EKtot   =     14665.8408  EPtot      =   -150374.7305
 BOND   =       286.5564  ANGLE   =       761.6046  DIHED      =      1306.9203
 1-4 NB =       405.3808  1-4 EEL =      5454.3716  VDWAALS    =     25098.8237
 EELEC  =   -183697.1115  EHBOND  =         0.0000  RESTRAINT  =         8.7235
 EAMBER (non-restraint)  =   -150383.4540
 ------------------------------------------------------------------------------

 NMR restraints: Bond =    0.292   Angle =     1.002   Torsion =     4.614
===============================================================================

 NSTEP =    15500   TIME(PS) =      64.000  TEMP(K) =   184.97  PRESS =     0.0
 Etot   =   -134598.4111  EKtot   =     15200.5820  EPtot      =   -149798.9931
 BOND   =       255.2367  ANGLE   =       729.1818  DIHED      =      1297.5704
 1-4 NB =       395.6866  1-4 EEL =      5487.1078  VDWAALS    =     25139.2939
 EELEC  =   -183114.7518  EHBOND  =         0.0000  RESTRAINT  =        11.6816
 EAMBER (non-restraint)  =   -149810.6747
 ------------------------------------------------------------------------------

 NMR restraints: Bond =    0.540   Angle =     0.415   Torsion =     5.187
===============================================================================

 NSTEP =    16000   TIME(PS) =      66.000  TEMP(K) =   190.09  PRESS =     0.0
 Etot   =   -133400.5774  EKtot   =     15621.3633  EPtot      =   -149021.9407
 BOND   =       270.8294  ANGLE   =       767.8830  DIHED      =      1313.6403
 1-4 NB =       409.3889  1-4 EEL =      5467.4780  VDWAALS    =     24616.9198
 EELEC  =   -181877.5085  EHBOND  =         0.0000  RESTRAINT  =         9.4283
 EAMBER (non-restraint)  =   -149031.3691
 ------------------------------------------------------------------------------

 NMR restraints: Bond =    0.221   Angle =     0.588   Torsion =     3.248
===============================================================================

 NSTEP =    16500   TIME(PS) =      68.000  TEMP(K) =   196.31  PRESS =     0.0
 Etot   =   -131909.1602  EKtot   =     16132.7080  EPtot      =   -148041.8682
 BOND   =       287.7610  ANGLE   =       755.5570  DIHED      =      1310.6045
 1-4 NB =       408.9706  1-4 EEL =      5499.1085  VDWAALS    =     24323.0187
 EELEC  =   -180638.0097  EHBOND  =         0.0000  RESTRAINT  =        11.1212
 EAMBER (non-restraint)  =   -148052.9893
 ------------------------------------------------------------------------------

 NMR restraints: Bond =    0.403   Angle =     1.263   Torsion =     4.497
===============================================================================

 NSTEP =    17000   TIME(PS) =      70.000  TEMP(K) =   201.58  PRESS =     0.0
 Etot   =   -131002.5682  EKtot   =     16565.1094  EPtot      =   -147567.6775
 BOND   =       313.4367  ANGLE   =       768.5876  DIHED      =      1320.4312
 1-4 NB =       407.6993  1-4 EEL =      5457.8043  VDWAALS    =     23871.8286
 EELEC  =   -179722.7825  EHBOND  =         0.0000  RESTRAINT  =        15.3172
 EAMBER (non-restraint)  =   -147582.9948
 ------------------------------------------------------------------------------

 NMR restraints: Bond =    0.753   Angle =     1.901   Torsion =     7.805
===============================================================================

 NSTEP =    17500   TIME(PS) =      72.000  TEMP(K) =   207.99  PRESS =     0.0
 Etot   =   -129503.2046  EKtot   =     17092.1309  EPtot      =   -146595.3354
 BOND   =       339.7267  ANGLE   =       796.6399  DIHED      =      1324.4642
 1-4 NB =       408.2987  1-4 EEL =      5493.4673  VDWAALS    =     23529.0374
 EELEC  =   -178501.8063  EHBOND  =         0.0000  RESTRAINT  =        14.8367
 EAMBER (non-restraint)  =   -146610.1721
 ------------------------------------------------------------------------------

 NMR restraints: Bond =    1.289   Angle =     0.783   Torsion =     9.292
===============================================================================

 NSTEP =    18000   TIME(PS) =      74.000  TEMP(K) =   212.30  PRESS =     0.0
 Etot   =   -128109.1945  EKtot   =     17446.6211  EPtot      =   -145555.8156
 BOND   =       331.8872  ANGLE   =       765.0661  DIHED      =      1340.5539
 1-4 NB =       428.5598  1-4 EEL =      5479.5085  VDWAALS    =     23282.0089
 EELEC  =   -177193.1311  EHBOND  =         0.0000  RESTRAINT  =         9.7309
 EAMBER (non-restraint)  =   -145565.5465
 ------------------------------------------------------------------------------

 NMR restraints: Bond =    0.185   Angle =     1.209   Torsion =     3.881
===============================================================================

 NSTEP =    18500   TIME(PS) =      76.000  TEMP(K) =   220.33  PRESS =     0.0
 Etot   =   -126608.9312  EKtot   =     18106.3594  EPtot      =   -144715.2906
 BOND   =       323.8205  ANGLE   =       793.9010  DIHED      =      1331.4181
 1-4 NB =       408.7002  1-4 EEL =      5508.9068  VDWAALS    =     22906.1775
 EELEC  =   -176004.1070  EHBOND  =         0.0000  RESTRAINT  =        15.8922
 EAMBER (non-restraint)  =   -144731.1828
 ------------------------------------------------------------------------------

 NMR restraints: Bond =    0.357   Angle =     2.193   Torsion =     6.418
===============================================================================

 NSTEP =    19000   TIME(PS) =      78.000  TEMP(K) =   224.77  PRESS =     0.0
 Etot   =   -125177.0867  EKtot   =     18471.5059  EPtot      =   -143648.5925
 BOND   =       330.2440  ANGLE   =       829.3707  DIHED      =      1330.1511
 1-4 NB =       425.3195  1-4 EEL =      5483.2026  VDWAALS    =     22341.4072
 EELEC  =   -174403.9250  EHBOND  =         0.0000  RESTRAINT  =        15.6373
 EAMBER (non-restraint)  =   -143664.2299
 ------------------------------------------------------------------------------

 NMR restraints: Bond =    0.813   Angle =     1.259   Torsion =     9.141
===============================================================================

 NSTEP =    19500   TIME(PS) =      80.000  TEMP(K) =   229.32  PRESS =     0.0
 Etot   =   -123552.7992  EKtot   =     18845.1230  EPtot      =   -142397.9222
 BOND   =       324.3858  ANGLE   =       851.1549  DIHED      =      1323.1781
 1-4 NB =       414.5862  1-4 EEL =      5464.7819  VDWAALS    =     21671.4416
 EELEC  =   -172462.2919  EHBOND  =         0.0000  RESTRAINT  =        14.8410
 EAMBER (non-restraint)  =   -142412.7632
 ------------------------------------------------------------------------------

 NMR restraints: Bond =    0.126   Angle =     0.102   Torsion =    10.148
===============================================================================

 NSTEP =    20000   TIME(PS) =      82.000  TEMP(K) =   234.55  PRESS =     0.0
 Etot   =   -122115.4683  EKtot   =     19275.2637  EPtot      =   -141390.7319
 BOND   =       367.0635  ANGLE   =       831.5626  DIHED      =      1333.2693
 1-4 NB =       412.9299  1-4 EEL =      5449.4853  VDWAALS    =     21243.4935
 EELEC  =   -171042.4651  EHBOND  =         0.0000  RESTRAINT  =        13.9290
 EAMBER (non-restraint)  =   -141404.6609
 ------------------------------------------------------------------------------

 NMR restraints: Bond =    0.478   Angle =     0.475   Torsion =     8.094
===============================================================================

 NSTEP =    20500   TIME(PS) =      84.000  TEMP(K) =   242.52  PRESS =     0.0
 Etot   =   -120380.4111  EKtot   =     19930.1602  EPtot      =   -140310.5712
 BOND   =       371.2365  ANGLE   =       847.1993  DIHED      =      1347.3654
 1-4 NB =       416.9318  1-4 EEL =      5465.4278  VDWAALS    =     21061.6100
 EELEC  =   -169836.2657  EHBOND  =         0.0000  RESTRAINT  =        15.9236
 EAMBER (non-restraint)  =   -140326.4948
 ------------------------------------------------------------------------------

 NMR restraints: Bond =    0.865   Angle =     1.075   Torsion =     6.797
===============================================================================

 NSTEP =    21000   TIME(PS) =      86.000  TEMP(K) =   247.53  PRESS =     0.0
 Etot   =   -118932.5575  EKtot   =     20341.6602  EPtot      =   -139274.2176
 BOND   =       362.9328  ANGLE   =       858.4761  DIHED      =      1353.9456
 1-4 NB =       426.4745  1-4 EEL =      5521.7692  VDWAALS    =     20690.1494
 EELEC  =   -168502.2619  EHBOND  =         0.0000  RESTRAINT  =        14.2966
 EAMBER (non-restraint)  =   -139288.5142
 ------------------------------------------------------------------------------

 NMR restraints: Bond =    0.401   Angle =     1.157   Torsion =     7.296
===============================================================================

 NSTEP =    21500   TIME(PS) =      88.000  TEMP(K) =   252.37  PRESS =     0.0
 Etot   =   -117246.0493  EKtot   =     20738.9961  EPtot      =   -137985.0454
 BOND   =       354.8349  ANGLE   =       915.8457  DIHED      =      1338.8646
 1-4 NB =       418.8280  1-4 EEL =      5475.0255  VDWAALS    =     20276.3891
 EELEC  =   -166777.5384  EHBOND  =         0.0000  RESTRAINT  =        12.7053
 EAMBER (non-restraint)  =   -137997.7507
 ------------------------------------------------------------------------------

 NMR restraints: Bond =    1.066   Angle =     1.744   Torsion =     6.062
===============================================================================

 NSTEP =    22000   TIME(PS) =      90.000  TEMP(K) =   258.85  PRESS =     0.0
 Etot   =   -115519.3508  EKtot   =     21271.5566  EPtot      =   -136790.9074
 BOND   =       373.1097  ANGLE   =       916.1105  DIHED      =      1328.7473
 1-4 NB =       405.1587  1-4 EEL =      5472.8821  VDWAALS    =     19563.3280
 EELEC  =   -164866.7052  EHBOND  =         0.0000  RESTRAINT  =        16.4616
 EAMBER (non-restraint)  =   -136807.3690
 ------------------------------------------------------------------------------

 NMR restraints: Bond =    1.559   Angle =     2.295   Torsion =     5.739
===============================================================================

 NSTEP =    22500   TIME(PS) =      92.000  TEMP(K) =   265.89  PRESS =     0.0
 Etot   =   -114139.4783  EKtot   =     21850.5586  EPtot      =   -135990.0369
 BOND   =       348.7977  ANGLE   =       917.4011  DIHED      =      1338.2011
 1-4 NB =       410.9780  1-4 EEL =      5478.8108  VDWAALS    =     19289.6032
 EELEC  =   -163789.0714  EHBOND  =         0.0000  RESTRAINT  =        15.2426
 EAMBER (non-restraint)  =   -136005.2795
 ------------------------------------------------------------------------------

 NMR restraints: Bond =    3.530   Angle =     0.629   Torsion =     5.456
===============================================================================

 NSTEP =    23000   TIME(PS) =      94.000  TEMP(K) =   269.70  PRESS =     0.0
 Etot   =   -112675.1568  EKtot   =     22163.2930  EPtot      =   -134838.4497
 BOND   =       381.4624  ANGLE   =       920.1887  DIHED      =      1371.9186
 1-4 NB =       429.0832  1-4 EEL =      5468.5710  VDWAALS    =     18833.2434
 EELEC  =   -162259.1618  EHBOND  =         0.0000  RESTRAINT  =        16.2447
 EAMBER (non-restraint)  =   -134854.6945
 ------------------------------------------------------------------------------

 NMR restraints: Bond =    0.344   Angle =     1.806   Torsion =     9.410
===============================================================================

 NSTEP =    23500   TIME(PS) =      96.000  TEMP(K) =   275.71  PRESS =     0.0
 Etot   =   -110995.8976  EKtot   =     22657.6152  EPtot      =   -133653.5129
 BOND   =       397.9684  ANGLE   =       940.1866  DIHED      =      1403.1437
 1-4 NB =       427.7577  1-4 EEL =      5485.7231  VDWAALS    =     18272.1922
 EELEC  =   -160592.6650  EHBOND  =         0.0000  RESTRAINT  =        12.1805
 EAMBER (non-restraint)  =   -133665.6934
 ------------------------------------------------------------------------------

 NMR restraints: Bond =    0.748   Angle =     0.297   Torsion =     6.518
===============================================================================

 NSTEP =    24000   TIME(PS) =      98.000  TEMP(K) =   285.18  PRESS =     0.0
 Etot   =   -109633.7405  EKtot   =     23435.5371  EPtot      =   -133069.2776
 BOND   =       370.6973  ANGLE   =       976.3271  DIHED      =      1375.4628
 1-4 NB =       415.0531  1-4 EEL =      5483.5803  VDWAALS    =     18208.0112
 EELEC  =   -159912.5555  EHBOND  =         0.0000  RESTRAINT  =        14.1461
 EAMBER (non-restraint)  =   -133083.4237
 ------------------------------------------------------------------------------

 NMR restraints: Bond =    1.398   Angle =     0.719   Torsion =     7.660
===============================================================================

 NSTEP =    24500   TIME(PS) =     100.000  TEMP(K) =   288.82  PRESS =     0.0
 Etot   =   -107694.4647  EKtot   =     23734.7480  EPtot      =   -131429.2128
 BOND   =       420.3805  ANGLE   =       998.0621  DIHED      =      1388.3878
 1-4 NB =       417.0573  1-4 EEL =      5461.1734  VDWAALS    =     17846.3289
 EELEC  =   -157979.4453  EHBOND  =         0.0000  RESTRAINT  =        18.8425
 EAMBER (non-restraint)  =   -131448.0552
 ------------------------------------------------------------------------------

 NMR restraints: Bond =    0.629   Angle =     1.523   Torsion =     7.951
===============================================================================

 NSTEP =    25000   TIME(PS) =     102.000  TEMP(K) =   293.41  PRESS =     0.0
 Etot   =   -106515.2744  EKtot   =     24111.9727  EPtot      =   -130627.2471
 BOND   =       440.4196  ANGLE   =       991.5890  DIHED      =      1374.6276
 1-4 NB =       434.2659  1-4 EEL =      5457.9612  VDWAALS    =     17675.4760
 EELEC  =   -157015.8861  EHBOND  =         0.0000  RESTRAINT  =        14.2998
 EAMBER (non-restraint)  =   -130641.5469
 ------------------------------------------------------------------------------

 NMR restraints: Bond =    0.178   Angle =     0.578   Torsion =     6.449
===============================================================================

      A V E R A G E S   O V E R      50 S T E P S


 NSTEP =    25000   TIME(PS) =     102.000  TEMP(K) =   153.59  PRESS =     0.0
 Etot   =   -137978.4117  EKtot   =     12621.8616  EPtot      =   -150600.2733
 BOND   =       245.1748  ANGLE   =       645.5795  DIHED      =      1293.4371
 1-4 NB =       404.8674  1-4 EEL =      5480.8157  VDWAALS    =     25449.6045
 EELEC  =   -184129.1075  EHBOND  =         0.0000  RESTRAINT  =         9.3552
 EAMBER (non-restraint)  =   -150609.6285
 ------------------------------------------------------------------------------

 NMR restraints: Bond =    0.178   Angle =     0.578   Torsion =     6.449
===============================================================================

      R M S  F L U C T U A T I O N S


 NSTEP =    25000   TIME(PS) =     102.000  TEMP(K) =    82.28  PRESS =     0.0
 Etot   =     16062.7305  EKtot   =      6761.2227  EPtot      =      9400.8978
 BOND   =       100.8458  ANGLE   =       205.2345  DIHED      =        48.2874
 1-4 NB =        13.0644  1-4 EEL =        14.3718  VDWAALS    =      3966.7144
 EELEC  =     13007.9628  EHBOND  =         0.0000  RESTRAINT  =         4.4126
 EAMBER (non-restraint)  =      9396.4852
 ------------------------------------------------------------------------------


 NMR restraints on final step:

 ------------------------------------------------------------------------------


 Final Restraint Analysis for coords: therm2.rst7                             


 Restraints, deviations, and energy contributions:    pencut =   -1.00

 ------------------------------------------------------------------------------
     First atom        Last atom    curr. value target deviation  penalty
 ------------------------------------------------------------------------------
  Pb   DUM    2 --  CA   ILE   58:    8.082    8.172    0.090    0.081 d    0: 0
  Pb   DUM    1 --  CA   ILE   58:   87.541   90.000    2.459    0.461 a
  Pb   DUM    1 --  Pb   DUM    2:  180.293  180.000    0.293    0.007 t
  Pb   DUM    2 --  CA   LEU   79:   79.157   78.062    1.095    0.091 a
  Pb   DUM    2 --  CA   ILE   58:    4.572    5.032    0.459    0.016 t
  CA   ILE   58 --  CA   LEU   79:   83.585   83.908    0.323    0.008 t
  CA   ILE   58 --  CA   LEU   79:   10.738   10.640    0.097    0.047 d    0: 0
  CA   LEU   79 --  CA   PHE  105:   12.522   12.583    0.060    0.018 d    0: 0
  CA   PHE  105 --  CA   ILE   58:   13.471   13.332    0.139    0.097 d    0: 0
  CA   PRO   34 --  C    PRO   34:  145.653  144.217    1.436    0.031 t
  N    VAL   35 --  CA   VAL   35:  -60.717  -56.167    4.550    0.315 t
  CA   VAL   35 --  C    VAL   35:  135.314  129.525    5.789    0.510 t
  N    ASP   36 --  CA   ASP   36:  -81.680  -76.193    5.487    0.459 t
  CA   ASP   36 --  C    ASP   36:   89.935   89.364    0.571    0.005 t
  N    VAL   37 --  CA   VAL   37:  -69.213  -68.274    0.939    0.013 t
  CA   VAL   37 --  C    VAL   37:  -13.752   -7.220    6.531    0.650 t
  N    GLU   38 --  CA   GLU   38:  -91.709  -93.159    1.450    0.032 t
  CA   GLU   38 --  C    GLU   38:   -3.534   -7.845    4.312    0.283 t
  N    ALA   39 --  CA   ALA   39:  -81.817  -74.191    7.625    0.886 t
  CA   ALA   39 --  C    ALA   39:  148.257  147.578    0.679    0.007 t
  N    LEU   40 --  CA   LEU   40:  -60.739  -57.702    3.037    0.140 t
  CA   LEU   40 --  C    LEU   40:  118.182  128.400   10.218    1.590 t
  N    GLY   41 --  CA   GLY   41:  103.297   99.732    3.565    0.194 t
  CA   GLY   41 --  C    GLY   41:  -22.173  -12.759    9.414    1.350 t
  N    LEU   42 --  CA   LEU   42: -113.214 -107.618    5.596    0.477 t
  CA   LEU   42 --  C    LEU   42:   12.034   18.284    6.250    0.595 t
  N    HIE   43 --  CA   HIE   43:  -53.312  -58.806    5.494    0.460 t
  CA   HIE   43 --  C    HIE   43:  -21.409  -25.366    3.957    0.238 t
  N    ASP   44 --  CA   ASP   44: -105.619 -102.929    2.691    0.110 t
  CA   ASP   44 --  C    ASP   44:    7.017    4.656    2.361    0.085 t
  N    TYR   45 --  CA   TYR   45:  -61.402  -56.812    4.589    0.321 t
  Pb   DUM    1 --  C9   LIG  113:    5.080    5.000    0.080    0.003 d    0: 0
  Pb   DUM    2 --  C9   LIG  113:   91.663   90.000    1.663    0.011 a
  Pb   DUM    2 --  Pb   DUM    1:   -1.336    0.000    1.336    0.007 t
  Pb   DUM    1 --  C3   LIG  113:   97.781   97.216    0.564    0.001 a
  Pb   DUM    1 --  C9   LIG  113:  -20.845  -21.174    0.329    0.000 t
  C9   LIG  113 --  C3   LIG  113:  146.773  149.954    3.182    0.039 t
  C9   LIG  113 --  C3   LIG  113:    6.773    6.751    0.023    0.000 d    0: 0
  C3   LIG  113 --  C11  LIG  113:    6.618    6.626    0.008    0.000 d    0: 0
  C11  LIG  113 --  C9   LIG  113:    5.758    5.814    0.055    0.001 d    0: 0
  C10  LIG  113 --  C9   LIG  113:   14.590   -0.708   15.297    0.000 t
  C5   LIG  113 --  C6   LIG  113: -178.216 -178.368    0.152    0.000 t
  C8   LIG  113 --  C9   LIG  113:  -13.017   -0.343   12.674    0.000 t
  C7   LIG  113 --  C8   LIG  113:    5.311    0.326    4.984    0.000 t
  C6   LIG  113 --  C7   LIG  113:    1.345    0.742    0.604    0.000 t
  C    LIG  113 --  N2   LIG  113: -165.183 -153.555   11.628    0.000 t
  C5   LIG  113 --  C10  LIG  113:  170.327  178.315    7.987    0.000 t
  C    LIG  113 --  C1   LIG  113:   -1.997   -1.423    0.575    0.000 t
  N    LIG  113 --  N1   LIG  113:   -7.706   -0.617    7.089    0.000 t
  C    LIG  113 --  C4   LIG  113: -166.146 -176.503   10.357    0.000 t
  C2   LIG  113 --  N    LIG  113: -182.702 -179.476    3.226    0.000 t
  C1   LIG  113 --  C2   LIG  113: -183.258 -179.628    3.630    0.000 t
  C4   LIG  113 --  N1   LIG  113:    3.752   -1.082    4.833    0.000 t
  C4   LIG  113 --  C5   LIG  113:   74.991   93.154   18.163    0.000 t
                                       Total distance penalty:      0.247
                                       Total angle    penalty:      0.564
                                       Total torsion  penalty:      8.828
 ------------------------------------------------------------------------------
--------------------------------------------------------------------------------
   5.  TIMINGS
--------------------------------------------------------------------------------

|  NonSetup CPU Time in Major Routines:
|
|     Routine           Sec        %
|     ------------------------------
|     Nonbond           5.04   10.23
|     Bond              0.00    0.00
|     Angle             0.00    0.00
|     Dihedral          0.00    0.00
|     Shake             0.14    0.28
|     RunMD            43.96   89.19
|     Other             0.15    0.30
|     ------------------------------
|     Total            49.29

|  PME Nonbond Pairlist CPU Time:
|
|     Routine              Sec        %
|     ---------------------------------
|     Set Up Cit           0.00    0.00
|     Build List           0.00    0.00
|     ---------------------------------
|     Total                0.00    0.00

|  PME Direct Force CPU Time:
|
|     Routine              Sec        %
|     ---------------------------------
|     NonBonded Calc       0.00    0.00
|     Exclude Masked       0.00    0.00
|     Other                0.11    0.23
|     ---------------------------------
|     Total                0.11    0.23

|  PME Reciprocal Force CPU Time:
|
|     Routine              Sec        %
|     ---------------------------------
|     1D bspline           0.00    0.00
|     Grid Charges         0.00    0.00
|     Scalar Sum           0.00    0.00
|     Gradient Sum         0.00    0.00
|     FFT                  0.00    0.00
|     ---------------------------------
|     Total                0.00    0.00

|  Final Performance Info:
|     -----------------------------------------------------
|     Average timings for last   24500 steps:
|         Elapsed(s) =      48.53 Per Step(ms) =       1.98
|             ns/day =     174.48   seconds/ns =     495.20
|
|     Average timings for all steps:
|         Elapsed(s) =      49.45 Per Step(ms) =       1.98
|             ns/day =     174.74   seconds/ns =     494.46
|     -----------------------------------------------------

|  Setup CPU time:            0.44 seconds
|  NonSetup CPU time:        49.29 seconds
|  Total CPU time:           49.73 seconds     0.01 hours

|  Setup wall time:           1    seconds
|  NonSetup wall time:       49    seconds
|  Total wall time:          50    seconds     0.01 hours
