
          -------------------------------------------------------
          Amber 14 SANDER                              2014
          -------------------------------------------------------

| PMEMD implementation of SANDER, Release 14

| Run on 04/27/2020 at 10:59:01

|   Executable path: pmemd.cuda
| Working directory: /home1/tbaba/centos/BAT.py-master/BAT/equil/pose0
|          Hostname: tx1

  [-O]verwriting output

File Assignments:
|   MDIN: therm1.in                                                             
|  MDOUT: therm1.out                                                            
| INPCRD: mini.rst7                                                             
|   PARM: full.hmr.prmtop                                                       
| RESTRT: therm1.rst7                                                           
|   REFC: full.inpcrd                                                           
|  MDVEL: mdvel                                                                 
|   MDEN: mden                                                                  
|  MDCRD: therm1.nc                                                             
| MDINFO: mdinfo                                                                
|  MDFRC: mdfrc                                                                 

 
 Here is the input file:
 
*******************************************************                        
*****************************       therm1.in                                  
*******************************************************                        
Thermalizing, NVT.                                                             
 &cntrl                                                                        
  imin = 0,                                                                    
  ntx = 1,                                                                     
  irest = 0,                                                                   
  ntpr = 500,                                                                  
  ntwr = 500,                                                                  
  ntwx = 0,                                                                    
  ioutfm = 1,                                                                  
  iwrap = 1,                                                                   
  ntf = 2,                                                                     
  ntc = 2,                                                                     
  cut = 9.0,                                                                   
  ntt = 3,                                                                     
  tempi = 10.0,                                                                
  temp0 = 10.0,                                                                
  gamma_ln = 1.0,                                                              
  ig = -1,                                                                     
  ntp = 0,                                                                     
  nstlim = 500,                                                                
  dt = 0.004,                                                                  
  ntr = 1,                                                                     
  restraint_wt = 50.0,                                                         
  restraintmask = ':1-3 | :113@C9 | :113@C3 | :113@C11',                       
  nmropt = 1,                                                                  
  pencut = -1,                                                                 
 /                                                                             
 &wt type = 'END', /                                                           
DISANG=disang.rest                                                             
LISTOUT=POUT                                                                   
                                                                               


Note: ig = -1. Setting random seed to   266784 based on wallclock time in 
      microseconds.
 
|--------------------- INFORMATION ----------------------
| GPU (CUDA) Version of PMEMD in use: NVIDIA GPU IN USE.
|                    Version 14.0.1
| 
|                      06/20/2014
| 
| Implementation by:
|                    Ross C. Walker     (SDSC)
|                    Scott Le Grand     (nVIDIA)
| 
| CAUTION: The CUDA code is currently experimental.
|          You use it at your own risk. Be sure to
|          check ALL results carefully.
| 
| Precision model in use:
|      [SPFP] - Mixed Single/Double/Fixed Point Precision.
|               (Default)
| 
|--------------------------------------------------------
 
|----------------- CITATION INFORMATION -----------------
|
|    When publishing work that utilized the CUDA version
|    of AMBER, please cite the following in addition to
|    the regular AMBER citations:
|
|  - Romelia Salomon-Ferrer; Andreas W. Goetz; Duncan
|    Poole; Scott Le Grand; Ross C. Walker "Routine
|    microsecond molecular dynamics simulations with
|    AMBER - Part II: Particle Mesh Ewald", J. Chem.
|    Theory Comput., 2013, 9 (9), pp3878-3888,
|    DOI: 10.1021/ct400314y.
|
|  - Andreas W. Goetz; Mark J. Williamson; Dong Xu;
|    Duncan Poole; Scott Le Grand; Ross C. Walker
|    "Routine microsecond molecular dynamics simulations
|    with AMBER - Part I: Generalized Born", J. Chem.
|    Theory Comput., 2012, 8 (5), pp1542-1555.
|
|  - Scott Le Grand; Andreas W. Goetz; Ross C. Walker
|    "SPFP: Speed without compromise - a mixed precision
|    model for GPU accelerated molecular dynamics
|    simulations.", Comp. Phys. Comm., 2013, 184
|    pp374-380, DOI: 10.1016/j.cpc.2012.09.022
|
|--------------------------------------------------------
 
|------------------- GPU DEVICE INFO --------------------
|
|            CUDA_VISIBLE_DEVICES: 2
|   CUDA Capable Devices Detected:      1
|           CUDA Device ID in use:      0
|                CUDA Device Name: GeForce GTX TITAN X
|     CUDA Device Global Mem Size:  12212 MB
| CUDA Device Num Multiprocessors:     24
|           CUDA Device Core Freq:   1.08 GHz
|
|--------------------------------------------------------
 
 
| Conditional Compilation Defines Used:
| FFTW_FFT
| BINTRAJ
| MKL
| CUDA
| EMIL
 
| Largest sphere to fit in unit cell has radius =    31.567

| New format PARM file being parsed.
| Version =    1.000 Date = 04/22/20 Time = 12:15:12

| Note: 1-4 EEL scale factors are being read from the topology file.

| Note: 1-4 VDW scale factors are being read from the topology file.
| Duplicated    0 dihedrals

| Duplicated    0 dihedrals

--------------------------------------------------------------------------------
   1.  RESOURCE   USE: 
--------------------------------------------------------------------------------

 getting new box info from bottom of inpcrd
 NATOM  =   40866 NTYPES =      18 NBONH =   39890 MBONA  =     933
 NTHETH =    2036 MTHETA =    1252 NPHIH =    3990 MPHIA  =    3859
 NHPARM =       0 NPARM  =       0 NNB   =   61967 NRES   =   13177
 NBONA  =     933 NTHETA =    1252 NPHIA =    3859 NUMBND =      87
 NUMANG =     186 NPTRA  =     207 NATYP =      51 NPHB   =       1
 IFBOX  =       1 NMXRS  =      29 IFCAP =       0 NEXTRA =       0
 NCOPY  =       0

| Coordinate Index Table dimensions:    13   12   23
| Direct force subcell size =     5.2711    5.2611    5.0246

     BOX TYPE: RECTILINEAR

--------------------------------------------------------------------------------
   2.  CONTROL  DATA  FOR  THE  RUN
--------------------------------------------------------------------------------

default_name                                                                    

General flags:
     imin    =       0, nmropt  =       1

Nature and format of input:
     ntx     =       1, irest   =       0, ntrx    =       1

Nature and format of output:
     ntxo    =       1, ntpr    =     500, ntrx    =       1, ntwr    =     500
     iwrap   =       1, ntwx    =       0, ntwv    =       0, ntwe    =       0
     ioutfm  =       1, ntwprt  =       0, idecomp =       0, rbornstat=      0

Potential function:
     ntf     =       2, ntb     =       1, igb     =       0, nsnb    =      25
     ipol    =       0, gbsa    =       0, iesp    =       0
     dielc   =   1.00000, cut     =   9.00000, intdiel =   1.00000

Frozen or restrained atoms:
     ibelly  =       0, ntr     =       1
     restraint_wt =  50.00000

Molecular dynamics:
     nstlim  =       500, nscm    =         0, nrespa  =         1
     t       =   0.00000, dt      =   0.00400, vlimit  =  -1.00000

Langevin dynamics temperature regulation:
     ig      =  266784
     temp0   =  10.00000, tempi   =  10.00000, gamma_ln=   1.00000

SHAKE:
     ntc     =       2, jfastw  =       0
     tol     =   0.00001

NMR refinement options:
     iscale  =       0, noeskp  =       1, ipnlty  =       1, mxsub   =       1
     scalm   = 100.00000, pencut  =  -1.00000, tausw   =   0.10000

| Intermolecular bonds treatment:
|     no_intermolecular_bonds =       1

| Energy averages sample interval:
|     ene_avg_sampling =     500

Ewald parameters:
     verbose =       0, ew_type =       0, nbflag  =       1, use_pme =       1
     vdwmeth =       1, eedmeth =       1, netfrc  =       1
     Box X =   68.524   Box Y =   63.133   Box Z =  115.567
     Alpha =   90.000   Beta  =   90.000   Gamma =   90.000
     NFFT1 =   72       NFFT2 =   64       NFFT3 =  120
     Cutoff=    9.000   Tol   =0.100E-04
     Ewald Coefficient =  0.30768
     Interpolation order =    4

    LOADING THE CONSTRAINED ATOMS AS GROUPS


   5.  REFERENCE ATOM COORDINATES

  default_name                                                                    
     Mask :1-3 | :113@C9 | :113@C3 | :113@C11; matches     6 atoms

--------------------------------------------------------------------------------
   3.  ATOMIC COORDINATES AND VELOCITIES
--------------------------------------------------------------------------------

default_name                                                                    
 begin time read from input coords =     0.000 ps



           Begin reading energy term weight changes/NMR restraints
 WEIGHT CHANGES:
                         ** No weight changes given **

 RESTRAINTS:
 Requested file redirections:
  DISANG    = disang.rest
  LISTOUT   = POUT
 Restraints will be read from file: disang.rest
Here are comments from the DISANG input file:
# Anchor atoms  :58@CA  :79@CA  :105@CA  :113@C9  :113@C3  :113@C11  stage = equ
 
                       Number of restraints read =    54

                  Done reading weight changes/NMR restraints


 
 Number of triangulated 3-point waters found:    13000

     Sum of charges from parm topology file =  -0.00000106
     Forcing neutrality...

| Dynamic Memory, Types Used:
| Reals             1322148
| Integers          1191820

| Nonbonded Pairs Initial Allocation:     9317448

| GPU memory information (estimate):
| KB of GPU memory in use:    239186
| KB of CPU memory in use:     49970

--------------------------------------------------------------------------------
   4.  RESULTS
--------------------------------------------------------------------------------

 ---------------------------------------------------
 APPROXIMATING switch and d/dx switch using CUBIC SPLINE INTERPOLATION
 using   5000.0 points per unit in tabled values
 TESTING RELATIVE ERROR over r ranging from 0.0 to cutoff
| CHECK switch(x): max rel err =   0.3316E-14   at   2.351880
| CHECK d/dx switch(x): max rel err =   0.8205E-11   at   2.761360
 ---------------------------------------------------
|---------------------------------------------------
| APPROXIMATING direct energy using CUBIC SPLINE INTERPOLATION
|  with   50.0 points per unit in tabled values
| Relative Error Limit not exceeded for r .gt.   2.39
| APPROXIMATING direct force using CUBIC SPLINE INTERPOLATION
|  with   50.0 points per unit in tabled values
| Relative Error Limit not exceeded for r .gt.   2.84
|---------------------------------------------------

 NSTEP =        0   TIME(PS) =       0.000  TEMP(K) =    14.69  PRESS =     0.0
 Etot   =   -171474.8825  EKtot   =      1207.5875  EPtot      =   -172682.4700
 BOND   =        66.3196  ANGLE   =       261.9589  DIHED      =      1203.1362
 1-4 NB =       368.3447  1-4 EEL =      5477.8435  VDWAALS    =     25520.4072
 EELEC  =   -205581.5059  EHBOND  =         0.0000  RESTRAINT  =         1.0258
 EAMBER (non-restraint)  =   -172683.4958
 ------------------------------------------------------------------------------

 NMR restraints: Bond =    0.030   Angle =     0.004   Torsion =     0.845
===============================================================================

 NSTEP =      500   TIME(PS) =       2.000  TEMP(K) =    27.06  PRESS =     0.0
 Etot   =   -158711.1763  EKtot   =      2223.4907  EPtot      =   -160934.6671
 BOND   =        68.7880  ANGLE   =       298.0981  DIHED      =      1219.7305
 1-4 NB =       385.1965  1-4 EEL =      5473.5426  VDWAALS    =     30474.8591
 EELEC  =   -198858.1279  EHBOND  =         0.0000  RESTRAINT  =         3.2461
 EAMBER (non-restraint)  =   -160937.9131
 ------------------------------------------------------------------------------

 NMR restraints: Bond =    0.620   Angle =     0.432   Torsion =     1.748
===============================================================================

      A V E R A G E S   O V E R       1 S T E P S


 NSTEP =      500   TIME(PS) =       2.000  TEMP(K) =    27.06  PRESS =     0.0
 Etot   =   -158711.1763  EKtot   =      2223.4907  EPtot      =   -160934.6671
 BOND   =        68.7880  ANGLE   =       298.0981  DIHED      =      1219.7305
 1-4 NB =       385.1965  1-4 EEL =      5473.5426  VDWAALS    =     30474.8591
 EELEC  =   -198858.1279  EHBOND  =         0.0000  RESTRAINT  =         3.2461
 EAMBER (non-restraint)  =   -160937.9131
 ------------------------------------------------------------------------------

 NMR restraints: Bond =    0.620   Angle =     0.432   Torsion =     1.748
===============================================================================

      R M S  F L U C T U A T I O N S


 NSTEP =      500   TIME(PS) =       2.000  TEMP(K) =     0.00  PRESS =     0.0
 Etot   =         0.0000  EKtot   =         0.0000  EPtot      =         0.0000
 BOND   =         0.0000  ANGLE   =         0.0000  DIHED      =         0.0000
 1-4 NB =         0.0000  1-4 EEL =         0.0000  VDWAALS    =         0.0000
 EELEC  =         0.0000  EHBOND  =         0.0000  RESTRAINT  =         0.0000
 ------------------------------------------------------------------------------


 NMR restraints on final step:

 ------------------------------------------------------------------------------


 Final Restraint Analysis for coords: therm1.rst7                             


 Restraints, deviations, and energy contributions:    pencut =   -1.00

 ------------------------------------------------------------------------------
     First atom        Last atom    curr. value target deviation  penalty
 ------------------------------------------------------------------------------
  Pb   DUM    2 --  CA   ILE   58:    8.245    8.172    0.073    0.054 d    0: 0
  Pb   DUM    1 --  CA   ILE   58:   87.687   90.000    2.313    0.407 a
  Pb   DUM    1 --  Pb   DUM    2:  180.395  180.000    0.395    0.012 t
  Pb   DUM    2 --  CA   LEU   79:   78.594   78.062    0.532    0.022 a
  Pb   DUM    2 --  CA   ILE   58:    6.513    5.032    1.482    0.167 t
  CA   ILE   58 --  CA   LEU   79:   85.928   83.908    2.020    0.311 t
  CA   ILE   58 --  CA   LEU   79:   10.809   10.640    0.169    0.142 d    0: 0
  CA   LEU   79 --  CA   PHE  105:   12.651   12.583    0.068    0.023 d    0: 0
  CA   PHE  105 --  CA   ILE   58:   13.611   13.332    0.279    0.389 d    0: 0
  CA   PRO   34 --  C    PRO   34:  144.933  144.217    0.716    0.008 t
  N    VAL   35 --  CA   VAL   35:  -58.218  -56.167    2.051    0.064 t
  CA   VAL   35 --  C    VAL   35:  129.392  129.525    0.134    0.000 t
  N    ASP   36 --  CA   ASP   36:  -77.400  -76.193    1.207    0.022 t
  CA   ASP   36 --  C    ASP   36:   87.131   89.364    2.232    0.076 t
  N    VAL   37 --  CA   VAL   37:  -68.676  -68.274    0.402    0.002 t
  CA   VAL   37 --  C    VAL   37:   -7.341   -7.220    0.120    0.000 t
  N    GLU   38 --  CA   GLU   38:  -95.251  -93.159    2.092    0.067 t
  CA   GLU   38 --  C    GLU   38:   -7.093   -7.845    0.752    0.009 t
  N    ALA   39 --  CA   ALA   39:  -74.630  -74.191    0.439    0.003 t
  CA   ALA   39 --  C    ALA   39:  143.248  147.578    4.330    0.286 t
  N    LEU   40 --  CA   LEU   40:  -58.341  -57.702    0.639    0.006 t
  CA   LEU   40 --  C    LEU   40:  127.091  128.400    1.310    0.026 t
  N    GLY   41 --  CA   GLY   41:   97.706   99.732    2.026    0.063 t
  CA   GLY   41 --  C    GLY   41:  -10.393  -12.759    2.366    0.085 t
  N    LEU   42 --  CA   LEU   42: -111.496 -107.618    3.878    0.229 t
  CA   LEU   42 --  C    LEU   42:   13.397   18.284    4.888    0.364 t
  N    HIE   43 --  CA   HIE   43:  -61.445  -58.806    2.639    0.106 t
  CA   HIE   43 --  C    HIE   43:  -24.041  -25.366    1.325    0.027 t
  N    ASP   44 --  CA   ASP   44: -104.089 -102.929    1.161    0.021 t
  CA   ASP   44 --  C    ASP   44:    4.410    4.656    0.246    0.001 t
  N    TYR   45 --  CA   TYR   45:  -56.715  -56.812    0.098    0.000 t
  Pb   DUM    1 --  C9   LIG  113:    4.972    5.000    0.028    0.000 d    0: 0
  Pb   DUM    2 --  C9   LIG  113:   90.450   90.000    0.450    0.001 a
  Pb   DUM    2 --  Pb   DUM    1:   -0.184    0.000    0.184    0.000 t
  Pb   DUM    1 --  C3   LIG  113:   97.109   97.216    0.107    0.000 a
  Pb   DUM    1 --  C9   LIG  113:  -21.398  -21.174    0.224    0.000 t
  C9   LIG  113 --  C3   LIG  113:  149.989  149.954    0.035    0.000 t
  C9   LIG  113 --  C3   LIG  113:    6.768    6.751    0.017    0.000 d    0: 0
  C3   LIG  113 --  C11  LIG  113:    6.623    6.626    0.003    0.000 d    0: 0
  C11  LIG  113 --  C9   LIG  113:    5.857    5.814    0.044    0.000 d    0: 0
  C10  LIG  113 --  C9   LIG  113:    0.020   -0.708    0.727    0.000 t
  C5   LIG  113 --  C6   LIG  113: -176.380 -178.368    1.988    0.000 t
  C8   LIG  113 --  C9   LIG  113:    0.300   -0.343    0.643    0.000 t
  C7   LIG  113 --  C8   LIG  113:   -0.118    0.326    0.444    0.000 t
  C6   LIG  113 --  C7   LIG  113:   -0.379    0.742    1.121    0.000 t
  C    LIG  113 --  N2   LIG  113: -176.362 -153.555   22.807    0.000 t
  C5   LIG  113 --  C10  LIG  113:  176.545  178.315    1.770    0.000 t
  C    LIG  113 --  C1   LIG  113:    0.681   -1.423    2.104    0.000 t
  N    LIG  113 --  N1   LIG  113:    2.645   -0.617    3.262    0.000 t
  C    LIG  113 --  C4   LIG  113: -181.599 -176.503    5.096    0.000 t
  C2   LIG  113 --  N    LIG  113: -186.447 -179.476    6.971    0.000 t
  C1   LIG  113 --  C2   LIG  113: -175.905 -179.628    3.724    0.000 t
  C4   LIG  113 --  N1   LIG  113:    2.537   -1.082    3.619    0.000 t
  C4   LIG  113 --  C5   LIG  113:  102.887   93.154    9.732    0.000 t
                                       Total distance penalty:      0.610
                                       Total angle    penalty:      0.430
                                       Total torsion  penalty:      1.954
 ------------------------------------------------------------------------------
--------------------------------------------------------------------------------
   5.  TIMINGS
--------------------------------------------------------------------------------

|  NonSetup CPU Time in Major Routines:
|
|     Routine           Sec        %
|     ------------------------------
|     Nonbond           0.10    9.60
|     Bond              0.00    0.00
|     Angle             0.00    0.00
|     Dihedral          0.00    0.00
|     Shake             0.00    0.29
|     RunMD             0.92   89.04
|     Other             0.01    1.07
|     ------------------------------
|     Total             1.03

|  PME Nonbond Pairlist CPU Time:
|
|     Routine              Sec        %
|     ---------------------------------
|     Set Up Cit           0.00    0.00
|     Build List           0.00    0.00
|     ---------------------------------
|     Total                0.00    0.00

|  PME Direct Force CPU Time:
|
|     Routine              Sec        %
|     ---------------------------------
|     NonBonded Calc       0.00    0.00
|     Exclude Masked       0.00    0.00
|     Other                0.00    0.10
|     ---------------------------------
|     Total                0.00    0.10

|  PME Reciprocal Force CPU Time:
|
|     Routine              Sec        %
|     ---------------------------------
|     1D bspline           0.00    0.00
|     Grid Charges         0.00    0.00
|     Scalar Sum           0.00    0.00
|     Gradient Sum         0.00    0.00
|     FFT                  0.00    0.00
|     ---------------------------------
|     Total                0.00    0.00

|  Final Performance Info:
|     -----------------------------------------------------
|     Average timings for last     500 steps:
|         Elapsed(s) =       1.11 Per Step(ms) =       2.22
|             ns/day =     155.66   seconds/ns =     555.05
|
|     Average timings for all steps:
|         Elapsed(s) =       1.11 Per Step(ms) =       2.22
|             ns/day =     155.66   seconds/ns =     555.05
|     -----------------------------------------------------

|  Setup CPU time:            0.44 seconds
|  NonSetup CPU time:         1.03 seconds
|  Total CPU time:            1.47 seconds     0.00 hours

|  Setup wall time:           1    seconds
|  NonSetup wall time:        1    seconds
|  Total wall time:           2    seconds     0.00 hours
