
          -------------------------------------------------------
          Amber 14 SANDER                              2014
          -------------------------------------------------------

| PMEMD implementation of SANDER, Release 14

| Run on 04/28/2020 at 09:58:37

|   Executable path: pmemd.cuda
| Working directory: /home1/tbaba/centos/BAT.py-master/BAT/prep/pose1
|          Hostname: tx1

  [-O]verwriting output

File Assignments:
|   MDIN: eqnpt.in                                                              
|  MDOUT: eqnpt04.out                                                           
| INPCRD: eqnpt03.rst7                                                          
|   PARM: full.hmr.prmtop                                                       
| RESTRT: eqnpt04.rst7                                                          
|   REFC: full.inpcrd                                                           
|  MDVEL: mdvel                                                                 
|   MDEN: mden                                                                  
|  MDCRD: traj004.nc                                                            
| MDINFO: mdinfo                                                                
|  MDFRC: mdfrc                                                                 

 
 Here is the input file:
 
*******************************************************                        
*****************************       eqnpt.in                                   
*******************************************************                        
Equilibrate, NPT.                                                              
 &cntrl                                                                        
  imin = 0,                                                                    
  ntx = 5,                                                                     
  irest = 1,                                                                   
  ntpr = 500,                                                                  
  ntwr = 500,                                                                  
  ntwx = 500,                                                                  
  ioutfm = 1,                                                                  
  iwrap = 1,                                                                   
  ntf = 2,                                                                     
  ntc = 2,                                                                     
  cut = 9.0,                                                                   
  ntt = 3,                                                                     
  temp0 = 298.15,                                                              
  gamma_ln = 1.0,                                                              
  ig = -1,                                                                     
  ntp = 1,                                                                     
  barostat = 2,                                                                
  nstlim = 3500,                                                               
  dt = 0.004,                                                                  
  ntr = 1,                                                                     
  restraint_wt = 50.0,                                                         
  restraintmask = ':1-3',                                                      
  nmropt = 1,                                                                  
  pencut = -1,                                                                 
 /                                                                             
 &wt type = 'END', /                                                           
DISANG=disang.rest                                                             
LISTOUT=POUT                                                                   
                                                                               


Note: ig = -1. Setting random seed to   130047 based on wallclock time in 
      microseconds.
 
|--------------------- INFORMATION ----------------------
| GPU (CUDA) Version of PMEMD in use: NVIDIA GPU IN USE.
|                    Version 14.0.1
| 
|                      06/20/2014
| 
| Implementation by:
|                    Ross C. Walker     (SDSC)
|                    Scott Le Grand     (nVIDIA)
| 
| CAUTION: The CUDA code is currently experimental.
|          You use it at your own risk. Be sure to
|          check ALL results carefully.
| 
| Precision model in use:
|      [SPFP] - Mixed Single/Double/Fixed Point Precision.
|               (Default)
| 
|--------------------------------------------------------
 
|----------------- CITATION INFORMATION -----------------
|
|    When publishing work that utilized the CUDA version
|    of AMBER, please cite the following in addition to
|    the regular AMBER citations:
|
|  - Romelia Salomon-Ferrer; Andreas W. Goetz; Duncan
|    Poole; Scott Le Grand; Ross C. Walker "Routine
|    microsecond molecular dynamics simulations with
|    AMBER - Part II: Particle Mesh Ewald", J. Chem.
|    Theory Comput., 2013, 9 (9), pp3878-3888,
|    DOI: 10.1021/ct400314y.
|
|  - Andreas W. Goetz; Mark J. Williamson; Dong Xu;
|    Duncan Poole; Scott Le Grand; Ross C. Walker
|    "Routine microsecond molecular dynamics simulations
|    with AMBER - Part I: Generalized Born", J. Chem.
|    Theory Comput., 2012, 8 (5), pp1542-1555.
|
|  - Scott Le Grand; Andreas W. Goetz; Ross C. Walker
|    "SPFP: Speed without compromise - a mixed precision
|    model for GPU accelerated molecular dynamics
|    simulations.", Comp. Phys. Comm., 2013, 184
|    pp374-380, DOI: 10.1016/j.cpc.2012.09.022
|
|--------------------------------------------------------
 
|------------------- GPU DEVICE INFO --------------------
|
|            CUDA_VISIBLE_DEVICES: 1
|   CUDA Capable Devices Detected:      1
|           CUDA Device ID in use:      0
|                CUDA Device Name: GeForce GTX TITAN X
|     CUDA Device Global Mem Size:  12212 MB
| CUDA Device Num Multiprocessors:     24
|           CUDA Device Core Freq:   1.08 GHz
|
|--------------------------------------------------------
 
 
| Conditional Compilation Defines Used:
| FFTW_FFT
| BINTRAJ
| MKL
| CUDA
| EMIL
 
| Largest sphere to fit in unit cell has radius =    29.417

| New format PARM file being parsed.
| Version =    1.000 Date = 04/28/20 Time = 08:26:00

| Note: 1-4 EEL scale factors are being read from the topology file.

| Note: 1-4 VDW scale factors are being read from the topology file.
| Duplicated    0 dihedrals

| Duplicated    0 dihedrals

--------------------------------------------------------------------------------
   1.  RESOURCE   USE: 
--------------------------------------------------------------------------------

 getting new box info from bottom of inpcrd
 NATOM  =   40866 NTYPES =      18 NBONH =   39890 MBONA  =     933
 NTHETH =    2036 MTHETA =    1252 NPHIH =    3990 MPHIA  =    3859
 NHPARM =       0 NPARM  =       0 NNB   =   61967 NRES   =   13177
 NBONA  =     933 NTHETA =    1252 NPHIA =    3859 NUMBND =      87
 NUMANG =     186 NPTRA  =     207 NATYP =      51 NPHB   =       1
 IFBOX  =       1 NMXRS  =      29 IFCAP =       0 NEXTRA =       0
 NCOPY  =       0

| Coordinate Index Table dimensions:    12   11   22
| Direct force subcell size =     5.2665    5.3485    5.1203

     BOX TYPE: RECTILINEAR

--------------------------------------------------------------------------------
   2.  CONTROL  DATA  FOR  THE  RUN
--------------------------------------------------------------------------------

default_name                                                                    

General flags:
     imin    =       0, nmropt  =       1

Nature and format of input:
     ntx     =       5, irest   =       1, ntrx    =       1

Nature and format of output:
     ntxo    =       1, ntpr    =     500, ntrx    =       1, ntwr    =     500
     iwrap   =       1, ntwx    =     500, ntwv    =       0, ntwe    =       0
     ioutfm  =       1, ntwprt  =       0, idecomp =       0, rbornstat=      0

Potential function:
     ntf     =       2, ntb     =       2, igb     =       0, nsnb    =      25
     ipol    =       0, gbsa    =       0, iesp    =       0
     dielc   =   1.00000, cut     =   9.00000, intdiel =   1.00000

Frozen or restrained atoms:
     ibelly  =       0, ntr     =       1
     restraint_wt =  50.00000

Molecular dynamics:
     nstlim  =      3500, nscm    =         0, nrespa  =         1
     t       =   0.00000, dt      =   0.00400, vlimit  =  -1.00000

Langevin dynamics temperature regulation:
     ig      =  130047
     temp0   = 298.15000, tempi   =   0.00000, gamma_ln=   1.00000

Pressure regulation:
     ntp     =       1
     pres0   =   1.00000, comp    =  44.60000, taup    =   1.00000
     Monte-Carlo Barostat:
     mcbarint  =     100

SHAKE:
     ntc     =       2, jfastw  =       0
     tol     =   0.00001

NMR refinement options:
     iscale  =       0, noeskp  =       1, ipnlty  =       1, mxsub   =       1
     scalm   = 100.00000, pencut  =  -1.00000, tausw   =   0.10000

| Intermolecular bonds treatment:
|     no_intermolecular_bonds =       1

| Energy averages sample interval:
|     ene_avg_sampling =     500

Ewald parameters:
     verbose =       0, ew_type =       0, nbflag  =       1, use_pme =       1
     vdwmeth =       1, eedmeth =       1, netfrc  =       1
     Box X =   63.198   Box Y =   58.834   Box Z =  112.647
     Alpha =   90.000   Beta  =   90.000   Gamma =   90.000
     NFFT1 =   64       NFFT2 =   64       NFFT3 =  120
     Cutoff=    9.000   Tol   =0.100E-04
     Ewald Coefficient =  0.30768
     Interpolation order =    4

    LOADING THE CONSTRAINED ATOMS AS GROUPS


   5.  REFERENCE ATOM COORDINATES

  default_name                                                                    
     Mask :1-3; matches     3 atoms

--------------------------------------------------------------------------------
   3.  ATOMIC COORDINATES AND VELOCITIES
--------------------------------------------------------------------------------

default_name                                                                    
 begin time read from input coords =   158.000 ps



           Begin reading energy term weight changes/NMR restraints
 WEIGHT CHANGES:
                         ** No weight changes given **

 RESTRAINTS:
 Requested file redirections:
  DISANG    = disang.rest
  LISTOUT   = POUT
 Restraints will be read from file: disang.rest
Here are comments from the DISANG input file:
# Anchor atoms  :58@CA  :79@CA  :105@CA  :113@C3  :113@C9  :113@C11  stage = pre
 
                       Number of restraints read =    54

                  Done reading weight changes/NMR restraints


 
 Number of triangulated 3-point waters found:    13000

     Sum of charges from parm topology file =  -0.00000106
     Forcing neutrality...

| Dynamic Memory, Types Used:
| Reals             1885961
| Integers          1191820

| Nonbonded Pairs Initial Allocation:     9317448

| GPU memory information (estimate):
| KB of GPU memory in use:    225257
| KB of CPU memory in use:     47129

--------------------------------------------------------------------------------
   4.  RESULTS
--------------------------------------------------------------------------------

 ---------------------------------------------------
 APPROXIMATING switch and d/dx switch using CUBIC SPLINE INTERPOLATION
 using   5000.0 points per unit in tabled values
 TESTING RELATIVE ERROR over r ranging from 0.0 to cutoff
| CHECK switch(x): max rel err =   0.3316E-14   at   2.351880
| CHECK d/dx switch(x): max rel err =   0.8205E-11   at   2.761360
 ---------------------------------------------------
|---------------------------------------------------
| APPROXIMATING direct energy using CUBIC SPLINE INTERPOLATION
|  with   50.0 points per unit in tabled values
| Relative Error Limit not exceeded for r .gt.   2.39
| APPROXIMATING direct force using CUBIC SPLINE INTERPOLATION
|  with   50.0 points per unit in tabled values
| Relative Error Limit not exceeded for r .gt.   2.84
|---------------------------------------------------
| Attempting MC barostat change: Failed
| Attempting MC barostat change: Failed
| Attempting MC barostat change: Failed
| Attempting MC barostat change: Failed
| Attempting MC barostat change: Failed

 NSTEP =      500   TIME(PS) =     160.000  TEMP(K) =   298.99  PRESS =     0.0
 Etot   =   -107181.0654  EKtot   =     24570.8125  EPtot      =   -131751.8779
 BOND   =       434.3559  ANGLE   =      1021.4605  DIHED      =      1374.1849
 1-4 NB =       419.6206  1-4 EEL =      5468.3519  VDWAALS    =     17641.5115
 EELEC  =   -158137.8874  EHBOND  =         0.0000  RESTRAINT  =        26.5241
 EAMBER (non-restraint)  =   -131778.4020
 EKCMT  =         0.0000  VIRIAL  =         0.0000  VOLUME     =    418837.2007
                                                    Density    =         0.9900
 ------------------------------------------------------------------------------

 NMR restraints: Bond =    2.283   Angle =     0.119   Torsion =    14.469
===============================================================================
| Attempting MC barostat change: Succeeded
| Attempting MC barostat change: Failed
| Attempting MC barostat change: Succeeded
| Attempting MC barostat change: Succeeded
| Attempting MC barostat change: Failed

 NSTEP =     1000   TIME(PS) =     162.000  TEMP(K) =   301.32  PRESS =     0.0
 Etot   =   -107386.7457  EKtot   =     24761.8965  EPtot      =   -132148.6422
 BOND   =       431.0914  ANGLE   =      1010.4986  DIHED      =      1388.4702
 1-4 NB =       415.1729  1-4 EEL =      5462.2305  VDWAALS    =     17459.6327
 EELEC  =   -158337.1573  EHBOND  =         0.0000  RESTRAINT  =        21.4189
 EAMBER (non-restraint)  =   -132170.0611
 EKCMT  =         0.0000  VIRIAL  =         0.0000  VOLUME     =    416508.0054
                                                    Density    =         0.9956
 ------------------------------------------------------------------------------

 NMR restraints: Bond =    3.467   Angle =     0.425   Torsion =    13.121
===============================================================================
| Attempting MC barostat change: Failed
| Attempting MC barostat change: Failed
| Attempting MC barostat change: Succeeded
| Attempting MC barostat change: Succeeded
| Attempting MC barostat change: Failed

 NSTEP =     1500   TIME(PS) =     164.000  TEMP(K) =   297.07  PRESS =     0.0
 Etot   =   -107526.6827  EKtot   =     24412.3691  EPtot      =   -131939.0519
 BOND   =       432.9602  ANGLE   =      1049.9354  DIHED      =      1381.0940
 1-4 NB =       427.0390  1-4 EEL =      5443.9670  VDWAALS    =     17591.2517
 EELEC  =   -158285.6986  EHBOND  =         0.0000  RESTRAINT  =        20.3995
 EAMBER (non-restraint)  =   -131959.4514
 EKCMT  =         0.0000  VIRIAL  =         0.0000  VOLUME     =    415990.9292
                                                    Density    =         0.9968
 ------------------------------------------------------------------------------

 NMR restraints: Bond =    3.721   Angle =     0.448   Torsion =    11.689
===============================================================================
| Attempting MC barostat change: Failed
| Attempting MC barostat change: Failed
| Attempting MC barostat change: Failed
| Attempting MC barostat change: Failed
| Attempting MC barostat change: Failed
| MC Barostat: Decreasing size of volume moves

 NSTEP =     2000   TIME(PS) =     166.000  TEMP(K) =   295.53  PRESS =     0.0
 Etot   =   -108004.8556  EKtot   =     24285.9121  EPtot      =   -132290.7677
 BOND   =       410.9824  ANGLE   =       993.1243  DIHED      =      1363.7609
 1-4 NB =       432.6508  1-4 EEL =      5407.3075  VDWAALS    =     17846.8222
 EELEC  =   -158756.2913  EHBOND  =         0.0000  RESTRAINT  =        10.8753
 EAMBER (non-restraint)  =   -132301.6431
 EKCMT  =         0.0000  VIRIAL  =         0.0000  VOLUME     =    415990.9292
                                                    Density    =         0.9968
 ------------------------------------------------------------------------------

 NMR restraints: Bond =    1.810   Angle =     0.179   Torsion =     7.790
===============================================================================
| Attempting MC barostat change: Failed
| Attempting MC barostat change: Failed
| Attempting MC barostat change: Failed
| Attempting MC barostat change: Succeeded
| Attempting MC barostat change: Failed

 NSTEP =     2500   TIME(PS) =     168.000  TEMP(K) =   296.66  PRESS =     0.0
 Etot   =   -107571.2178  EKtot   =     24379.3496  EPtot      =   -131950.5675
 BOND   =       398.7191  ANGLE   =       986.9206  DIHED      =      1366.2089
 1-4 NB =       423.8016  1-4 EEL =      5454.9091  VDWAALS    =     17411.2832
 EELEC  =   -158011.7261  EHBOND  =         0.0000  RESTRAINT  =        19.3162
 EAMBER (non-restraint)  =   -131969.8837
 EKCMT  =         0.0000  VIRIAL  =         0.0000  VOLUME     =    415384.4292
                                                    Density    =         0.9983
 ------------------------------------------------------------------------------

 NMR restraints: Bond =    0.559   Angle =     0.069   Torsion =    14.456
===============================================================================
| Attempting MC barostat change: Succeeded
| Attempting MC barostat change: Failed
| Attempting MC barostat change: Failed
| Attempting MC barostat change: Succeeded
| Attempting MC barostat change: Failed

 NSTEP =     3000   TIME(PS) =     170.000  TEMP(K) =   297.76  PRESS =     0.0
 Etot   =   -107823.9193  EKtot   =     24469.5137  EPtot      =   -132293.4330
 BOND   =       406.2096  ANGLE   =       961.6207  DIHED      =      1375.8266
 1-4 NB =       420.4784  1-4 EEL =      5445.1660  VDWAALS    =     17571.5305
 EELEC  =   -158488.9498  EHBOND  =         0.0000  RESTRAINT  =        14.6849
 EAMBER (non-restraint)  =   -132308.1179
 EKCMT  =         0.0000  VIRIAL  =         0.0000  VOLUME     =    414528.3539
                                                    Density    =         1.0003
 ------------------------------------------------------------------------------

 NMR restraints: Bond =    1.097   Angle =     0.082   Torsion =     9.561
===============================================================================
| Attempting MC barostat change: Succeeded
| Attempting MC barostat change: Succeeded
| Attempting MC barostat change: Failed
| Attempting MC barostat change: Succeeded
| Attempting MC barostat change: Failed

 NSTEP =     3500   TIME(PS) =     172.000  TEMP(K) =   299.58  PRESS =     0.0
 Etot   =   -107728.2735  EKtot   =     24618.9941  EPtot      =   -132347.2676
 BOND   =       434.8675  ANGLE   =       962.6015  DIHED      =      1372.9856
 1-4 NB =       435.7609  1-4 EEL =      5436.0092  VDWAALS    =     17624.6317
 EELEC  =   -158632.4388  EHBOND  =         0.0000  RESTRAINT  =        18.3147
 EAMBER (non-restraint)  =   -132365.5823
 EKCMT  =         0.0000  VIRIAL  =         0.0000  VOLUME     =    413241.7079
                                                    Density    =         1.0034
 ------------------------------------------------------------------------------

 NMR restraints: Bond =    2.060   Angle =     1.084   Torsion =    11.782
===============================================================================

      A V E R A G E S   O V E R       7 S T E P S


 NSTEP =     3500   TIME(PS) =     172.000  TEMP(K) =   298.13  PRESS =     0.0
 Etot   =   -107603.2515  EKtot   =     24499.8354  EPtot      =   -132103.0868
 BOND   =       421.3123  ANGLE   =       998.0231  DIHED      =      1374.6473
 1-4 NB =       424.9320  1-4 EEL =      5445.4202  VDWAALS    =     17592.3805
 EELEC  =   -158378.5928  EHBOND  =         0.0000  RESTRAINT  =        18.7905
 EAMBER (non-restraint)  =   -132121.8774
 EKCMT  =         0.0000  VIRIAL  =         0.0000  VOLUME     =    415783.0793
                                                    Density    =         0.9973
 ------------------------------------------------------------------------------

 NMR restraints: Bond =    2.060   Angle =     1.084   Torsion =    11.782
===============================================================================

      R M S  F L U C T U A T I O N S


 NSTEP =     3500   TIME(PS) =     172.000  TEMP(K) =     1.82  PRESS =     0.0
 Etot   =       255.6827  EKtot   =       149.6483  EPtot      =       209.3093
 BOND   =        14.2950  ANGLE   =        29.5851  DIHED      =         7.8077
 1-4 NB =         6.8227  1-4 EEL =        18.6770  VDWAALS    =       130.4108
 EELEC  =       245.5749  EHBOND  =         0.0000  RESTRAINT  =         4.6185
 EAMBER (non-restraint)  =       204.6908
 EKCMT  =         0.0000  VIRIAL  =         0.0000  VOLUME     =      1609.4100
                                                    Density    =         0.0039
 ------------------------------------------------------------------------------


 NMR restraints on final step:

 ------------------------------------------------------------------------------


 Final Restraint Analysis for coords: eqnpt04.rst7                            


 Restraints, deviations, and energy contributions:    pencut =   -1.00

 ------------------------------------------------------------------------------
     First atom        Last atom    curr. value target deviation  penalty
 ------------------------------------------------------------------------------
  Pb   DUM    2 --  CA   ILE   58:    7.410    7.780    0.370    1.373 d    0: 0
  Pb   DUM    1 --  CA   ILE   58:   92.153   90.000    2.153    0.353 a
  Pb   DUM    1 --  Pb   DUM    2:  179.892  180.000    0.108    0.001 t
  Pb   DUM    2 --  CA   LEU   79:   75.920   77.652    1.731    0.228 a
  Pb   DUM    2 --  CA   ILE   58:    2.658    4.231    1.574    0.189 t
  CA   ILE   58 --  CA   LEU   79:   84.001   83.643    0.358    0.010 t
  CA   ILE   58 --  CA   LEU   79:   10.632   10.640    0.008    0.000 d    0: 0
  CA   LEU   79 --  CA   PHE  105:   12.700   12.582    0.118    0.070 d    0: 0
  CA   PHE  105 --  CA   ILE   58:   13.426   13.332    0.095    0.045 d    0: 0
  CA   PRO   34 --  C    PRO   34:  137.620  144.272    6.652    0.674 t
  N    VAL   35 --  CA   VAL   35:  -56.178  -56.203    0.025    0.000 t
  CA   VAL   35 --  C    VAL   35:  137.898  129.560    8.338    1.059 t
  N    ASP   36 --  CA   ASP   36:  -78.258  -76.176    2.082    0.066 t
  CA   ASP   36 --  C    ASP   36:   97.635   89.334    8.301    1.050 t
  N    VAL   37 --  CA   VAL   37:  -72.047  -68.294    3.753    0.215 t
  CA   VAL   37 --  C    VAL   37:  -12.814   -7.195    5.619    0.481 t
  N    GLU   38 --  CA   GLU   38:  -85.584  -93.239    7.655    0.893 t
  CA   GLU   38 --  C    GLU   38:  -18.555   -7.767   10.788    1.773 t
  N    ALA   39 --  CA   ALA   39:  -72.732  -74.202    1.470    0.033 t
  CA   ALA   39 --  C    ALA   39:  146.833  147.568    0.735    0.008 t
  N    LEU   40 --  CA   LEU   40:  -57.366  -57.700    0.334    0.002 t
  CA   LEU   40 --  C    LEU   40:  124.095  128.414    4.319    0.284 t
  N    GLY   41 --  CA   GLY   41:  102.643   99.760    2.883    0.127 t
  CA   GLY   41 --  C    GLY   41:  -16.710  -12.800    3.910    0.233 t
  N    LEU   42 --  CA   LEU   42: -110.547 -107.647    2.901    0.128 t
  CA   LEU   42 --  C    LEU   42:   14.947   18.376    3.428    0.179 t
  N    HIE   43 --  CA   HIE   43:  -62.322  -58.835    3.486    0.185 t
  CA   HIE   43 --  C    HIE   43:  -21.956  -25.352    3.396    0.176 t
  N    ASP   44 --  CA   ASP   44: -100.567 -102.924    2.357    0.085 t
  CA   ASP   44 --  C    ASP   44:   -4.581    4.593    9.174    1.282 t
  N    TYR   45 --  CA   TYR   45:  -57.352  -56.776    0.576    0.005 t
  Pb   DUM    1 --  C3   LIG  113:    5.295    5.000    0.295    0.435 d    0: 0
  Pb   DUM    2 --  C3   LIG  113:   89.727   90.000    0.273    0.006 a
  Pb   DUM    2 --  Pb   DUM    1:    3.353    0.000    3.353    0.856 t
  Pb   DUM    1 --  C9   LIG  113:  137.313  134.825    2.488    0.471 a
  Pb   DUM    1 --  C3   LIG  113:  -39.488  -40.760    1.272    0.123 t
  C3   LIG  113 --  C9   LIG  113: -147.528 -147.329    0.199    0.003 t
  C3   LIG  113 --  C9   LIG  113:    6.505    6.392    0.113    0.064 d    0: 0
  C9   LIG  113 --  C11  LIG  113:    6.276    6.364    0.088    0.039 d    0: 0
  C11  LIG  113 --  C3   LIG  113:    6.629    6.535    0.094    0.044 d    0: 0
  C10  LIG  113 --  C9   LIG  113:   -2.352   -4.102    1.750    0.065 t
  C5   LIG  113 --  C6   LIG  113:  178.011  174.162    3.849    0.316 t
  C8   LIG  113 --  C9   LIG  113:   -7.556   -8.316    0.760    0.012 t
  C7   LIG  113 --  C8   LIG  113:    9.524    9.382    0.142    0.000 t
  C6   LIG  113 --  C7   LIG  113:   -1.136    1.647    2.783    0.165 t
  C    LIG  113 --  N2   LIG  113:  158.836  155.656    3.179    0.216 t
  C5   LIG  113 --  C10  LIG  113: -175.325 -172.471    2.853    0.174 t
  C    LIG  113 --  C1   LIG  113:    7.560   16.096    8.536    1.554 t
  N    LIG  113 --  N1   LIG  113:   -1.586   -2.975    1.389    0.041 t
  C    LIG  113 --  C4   LIG  113:  169.688  172.131    2.443    0.127 t
  C2   LIG  113 --  N    LIG  113:  178.106  173.910    4.196    0.375 t
  C1   LIG  113 --  C2   LIG  113:  170.785  173.252    2.467    0.130 t
  C4   LIG  113 --  N1   LIG  113:    2.696    5.550    2.854    0.174 t
  C4   LIG  113 --  C5   LIG  113:  137.343  135.268    2.075    0.092 t
                                       Total distance penalty:      2.069
                                       Total angle    penalty:      1.058
                                       Total torsion  penalty:     13.558
 ------------------------------------------------------------------------------
| MC Barostat:         35 volume changes attempted.
| MC Barostat:         11 changes successful ( 31.43%)
 ------------------------------------------------------------------------------

--------------------------------------------------------------------------------
   5.  TIMINGS
--------------------------------------------------------------------------------

|  NonSetup CPU Time in Major Routines:
|
|     Routine           Sec        %
|     ------------------------------
|     Nonbond           0.94   11.36
|     Bond              0.00    0.00
|     Angle             0.00    0.00
|     Dihedral          0.00    0.00
|     Shake             0.02    0.23
|     RunMD             7.25   87.54
|     Other             0.07    0.87
|     ------------------------------
|     Total             8.28

|  PME Nonbond Pairlist CPU Time:
|
|     Routine              Sec        %
|     ---------------------------------
|     Set Up Cit           0.00    0.00
|     Build List           0.00    0.00
|     ---------------------------------
|     Total                0.00    0.00

|  PME Direct Force CPU Time:
|
|     Routine              Sec        %
|     ---------------------------------
|     NonBonded Calc       0.00    0.00
|     Exclude Masked       0.00    0.00
|     Other                0.01    0.13
|     ---------------------------------
|     Total                0.01    0.13

|  PME Reciprocal Force CPU Time:
|
|     Routine              Sec        %
|     ---------------------------------
|     1D bspline           0.00    0.00
|     Grid Charges         0.00    0.00
|     Scalar Sum           0.00    0.00
|     Gradient Sum         0.00    0.00
|     FFT                  0.00    0.00
|     ---------------------------------
|     Total                0.00    0.00

|  Final Performance Info:
|     -----------------------------------------------------
|     Average timings for last    3000 steps:
|         Elapsed(s) =       7.55 Per Step(ms) =       2.52
|             ns/day =     137.28   seconds/ns =     629.37
|
|     Average timings for all steps:
|         Elapsed(s) =       8.80 Per Step(ms) =       2.51
|             ns/day =     137.43   seconds/ns =     628.70
|     -----------------------------------------------------

|  Setup CPU time:            0.42 seconds
|  NonSetup CPU time:         8.28 seconds
|  Total CPU time:            8.70 seconds     0.00 hours

|  Setup wall time:           1    seconds
|  NonSetup wall time:        8    seconds
|  Total wall time:           9    seconds     0.00 hours
