
          -------------------------------------------------------
          Amber 14 SANDER                              2014
          -------------------------------------------------------

| PMEMD implementation of SANDER, Release 14

| Run on 04/28/2020 at 09:58:00

|   Executable path: pmemd.cuda
| Working directory: /home1/tbaba/centos/BAT.py-master/BAT/prep/pose1
|          Hostname: tx1

  [-O]verwriting output

File Assignments:
|   MDIN: eqnpt.in                                                              
|  MDOUT: eqnpt.out                                                             
| INPCRD: therm2.rst7                                                           
|   PARM: full.hmr.prmtop                                                       
| RESTRT: eqnpt.rst7                                                            
|   REFC: full.inpcrd                                                           
|  MDVEL: mdvel                                                                 
|   MDEN: mden                                                                  
|  MDCRD: traj000.nc                                                            
| MDINFO: mdinfo                                                                
|  MDFRC: mdfrc                                                                 

 
 Here is the input file:
 
*******************************************************                        
*****************************       eqnpt.in                                   
*******************************************************                        
Equilibrate, NPT.                                                              
 &cntrl                                                                        
  imin = 0,                                                                    
  ntx = 5,                                                                     
  irest = 1,                                                                   
  ntpr = 500,                                                                  
  ntwr = 500,                                                                  
  ntwx = 500,                                                                  
  ioutfm = 1,                                                                  
  iwrap = 1,                                                                   
  ntf = 2,                                                                     
  ntc = 2,                                                                     
  cut = 9.0,                                                                   
  ntt = 3,                                                                     
  temp0 = 298.15,                                                              
  gamma_ln = 1.0,                                                              
  ig = -1,                                                                     
  ntp = 1,                                                                     
  barostat = 2,                                                                
  nstlim = 3500,                                                               
  dt = 0.004,                                                                  
  ntr = 1,                                                                     
  restraint_wt = 50.0,                                                         
  restraintmask = ':1-3',                                                      
  nmropt = 1,                                                                  
  pencut = -1,                                                                 
 /                                                                             
 &wt type = 'END', /                                                           
DISANG=disang.rest                                                             
LISTOUT=POUT                                                                   
                                                                               


Note: ig = -1. Setting random seed to    57735 based on wallclock time in 
      microseconds.
 
|--------------------- INFORMATION ----------------------
| GPU (CUDA) Version of PMEMD in use: NVIDIA GPU IN USE.
|                    Version 14.0.1
| 
|                      06/20/2014
| 
| Implementation by:
|                    Ross C. Walker     (SDSC)
|                    Scott Le Grand     (nVIDIA)
| 
| CAUTION: The CUDA code is currently experimental.
|          You use it at your own risk. Be sure to
|          check ALL results carefully.
| 
| Precision model in use:
|      [SPFP] - Mixed Single/Double/Fixed Point Precision.
|               (Default)
| 
|--------------------------------------------------------
 
|----------------- CITATION INFORMATION -----------------
|
|    When publishing work that utilized the CUDA version
|    of AMBER, please cite the following in addition to
|    the regular AMBER citations:
|
|  - Romelia Salomon-Ferrer; Andreas W. Goetz; Duncan
|    Poole; Scott Le Grand; Ross C. Walker "Routine
|    microsecond molecular dynamics simulations with
|    AMBER - Part II: Particle Mesh Ewald", J. Chem.
|    Theory Comput., 2013, 9 (9), pp3878-3888,
|    DOI: 10.1021/ct400314y.
|
|  - Andreas W. Goetz; Mark J. Williamson; Dong Xu;
|    Duncan Poole; Scott Le Grand; Ross C. Walker
|    "Routine microsecond molecular dynamics simulations
|    with AMBER - Part I: Generalized Born", J. Chem.
|    Theory Comput., 2012, 8 (5), pp1542-1555.
|
|  - Scott Le Grand; Andreas W. Goetz; Ross C. Walker
|    "SPFP: Speed without compromise - a mixed precision
|    model for GPU accelerated molecular dynamics
|    simulations.", Comp. Phys. Comm., 2013, 184
|    pp374-380, DOI: 10.1016/j.cpc.2012.09.022
|
|--------------------------------------------------------
 
|------------------- GPU DEVICE INFO --------------------
|
|            CUDA_VISIBLE_DEVICES: 1
|   CUDA Capable Devices Detected:      1
|           CUDA Device ID in use:      0
|                CUDA Device Name: GeForce GTX TITAN X
|     CUDA Device Global Mem Size:  12212 MB
| CUDA Device Num Multiprocessors:     24
|           CUDA Device Core Freq:   1.08 GHz
|
|--------------------------------------------------------
 
 
| Conditional Compilation Defines Used:
| FFTW_FFT
| BINTRAJ
| MKL
| CUDA
| EMIL
 
| Largest sphere to fit in unit cell has radius =    31.273

| New format PARM file being parsed.
| Version =    1.000 Date = 04/28/20 Time = 08:26:00

| Note: 1-4 EEL scale factors are being read from the topology file.

| Note: 1-4 VDW scale factors are being read from the topology file.
| Duplicated    0 dihedrals

| Duplicated    0 dihedrals

--------------------------------------------------------------------------------
   1.  RESOURCE   USE: 
--------------------------------------------------------------------------------

 getting new box info from bottom of inpcrd
 NATOM  =   40866 NTYPES =      18 NBONH =   39890 MBONA  =     933
 NTHETH =    2036 MTHETA =    1252 NPHIH =    3990 MPHIA  =    3859
 NHPARM =       0 NPARM  =       0 NNB   =   61967 NRES   =   13177
 NBONA  =     933 NTHETA =    1252 NPHIA =    3859 NUMBND =      87
 NUMANG =     186 NPTRA  =     207 NATYP =      51 NPHB   =       1
 IFBOX  =       1 NMXRS  =      29 IFCAP =       0 NEXTRA =       0
 NCOPY  =       0

| Coordinate Index Table dimensions:    13   12   23
| Direct force subcell size =     5.1681    5.2122    5.2067

     BOX TYPE: RECTILINEAR

--------------------------------------------------------------------------------
   2.  CONTROL  DATA  FOR  THE  RUN
--------------------------------------------------------------------------------

default_name                                                                    

General flags:
     imin    =       0, nmropt  =       1

Nature and format of input:
     ntx     =       5, irest   =       1, ntrx    =       1

Nature and format of output:
     ntxo    =       1, ntpr    =     500, ntrx    =       1, ntwr    =     500
     iwrap   =       1, ntwx    =     500, ntwv    =       0, ntwe    =       0
     ioutfm  =       1, ntwprt  =       0, idecomp =       0, rbornstat=      0

Potential function:
     ntf     =       2, ntb     =       2, igb     =       0, nsnb    =      25
     ipol    =       0, gbsa    =       0, iesp    =       0
     dielc   =   1.00000, cut     =   9.00000, intdiel =   1.00000

Frozen or restrained atoms:
     ibelly  =       0, ntr     =       1
     restraint_wt =  50.00000

Molecular dynamics:
     nstlim  =      3500, nscm    =         0, nrespa  =         1
     t       =   0.00000, dt      =   0.00400, vlimit  =  -1.00000

Langevin dynamics temperature regulation:
     ig      =   57735
     temp0   = 298.15000, tempi   =   0.00000, gamma_ln=   1.00000

Pressure regulation:
     ntp     =       1
     pres0   =   1.00000, comp    =  44.60000, taup    =   1.00000
     Monte-Carlo Barostat:
     mcbarint  =     100

SHAKE:
     ntc     =       2, jfastw  =       0
     tol     =   0.00001

NMR refinement options:
     iscale  =       0, noeskp  =       1, ipnlty  =       1, mxsub   =       1
     scalm   = 100.00000, pencut  =  -1.00000, tausw   =   0.10000

| Intermolecular bonds treatment:
|     no_intermolecular_bonds =       1

| Energy averages sample interval:
|     ene_avg_sampling =     500

Ewald parameters:
     verbose =       0, ew_type =       0, nbflag  =       1, use_pme =       1
     vdwmeth =       1, eedmeth =       1, netfrc  =       1
     Box X =   67.185   Box Y =   62.546   Box Z =  119.755
     Alpha =   90.000   Beta  =   90.000   Gamma =   90.000
     NFFT1 =   64       NFFT2 =   64       NFFT3 =  128
     Cutoff=    9.000   Tol   =0.100E-04
     Ewald Coefficient =  0.30768
     Interpolation order =    4

    LOADING THE CONSTRAINED ATOMS AS GROUPS


   5.  REFERENCE ATOM COORDINATES

  default_name                                                                    
     Mask :1-3; matches     3 atoms

--------------------------------------------------------------------------------
   3.  ATOMIC COORDINATES AND VELOCITIES
--------------------------------------------------------------------------------

default_name                                                                    
 begin time read from input coords =   102.000 ps



           Begin reading energy term weight changes/NMR restraints
 WEIGHT CHANGES:
                         ** No weight changes given **

 RESTRAINTS:
 Requested file redirections:
  DISANG    = disang.rest
  LISTOUT   = POUT
 Restraints will be read from file: disang.rest
Here are comments from the DISANG input file:
# Anchor atoms  :58@CA  :79@CA  :105@CA  :113@C3  :113@C9  :113@C11  stage = pre
 
                       Number of restraints read =    54

                  Done reading weight changes/NMR restraints


 
 Number of triangulated 3-point waters found:    13000

     Sum of charges from parm topology file =  -0.00000106
     Forcing neutrality...

| Dynamic Memory, Types Used:
| Reals             1885969
| Integers          1191820

| Nonbonded Pairs Initial Allocation:     9317448

| GPU memory information (estimate):
| KB of GPU memory in use:    238754
| KB of CPU memory in use:     49538

--------------------------------------------------------------------------------
   4.  RESULTS
--------------------------------------------------------------------------------

 ---------------------------------------------------
 APPROXIMATING switch and d/dx switch using CUBIC SPLINE INTERPOLATION
 using   5000.0 points per unit in tabled values
 TESTING RELATIVE ERROR over r ranging from 0.0 to cutoff
| CHECK switch(x): max rel err =   0.3316E-14   at   2.351880
| CHECK d/dx switch(x): max rel err =   0.8205E-11   at   2.761360
 ---------------------------------------------------
|---------------------------------------------------
| APPROXIMATING direct energy using CUBIC SPLINE INTERPOLATION
|  with   50.0 points per unit in tabled values
| Relative Error Limit not exceeded for r .gt.   2.39
| APPROXIMATING direct force using CUBIC SPLINE INTERPOLATION
|  with   50.0 points per unit in tabled values
| Relative Error Limit not exceeded for r .gt.   2.84
|---------------------------------------------------
| Attempting MC barostat change: Failed
| Attempting MC barostat change: Succeeded
| Attempting MC barostat change: Succeeded
| Attempting MC barostat change: Failed
| Attempting MC barostat change: Failed

 NSTEP =      500   TIME(PS) =     104.000  TEMP(K) =   297.26  PRESS =     0.0
 Etot   =   -105861.9922  EKtot   =     24428.1914  EPtot      =   -130290.1836
 BOND   =       415.7764  ANGLE   =       929.0009  DIHED      =      1366.3424
 1-4 NB =       418.6621  1-4 EEL =      5461.4075  VDWAALS    =     17417.6698
 EELEC  =   -156313.3096  EHBOND  =         0.0000  RESTRAINT  =        14.2670
 EAMBER (non-restraint)  =   -130304.4506
 EKCMT  =         0.0000  VIRIAL  =         0.0000  VOLUME     =    499129.0750
                                                    Density    =         0.8308
 ------------------------------------------------------------------------------

 NMR restraints: Bond =    1.676   Angle =     0.241   Torsion =    11.153
===============================================================================
| Attempting MC barostat change: Failed
| Attempting MC barostat change: Failed
| Attempting MC barostat change: Failed
| Attempting MC barostat change: Succeeded
| Attempting MC barostat change: Failed

 NSTEP =     1000   TIME(PS) =     106.000  TEMP(K) =   297.96  PRESS =     0.0
 Etot   =   -105206.5120  EKtot   =     24486.1172  EPtot      =   -129692.6292
 BOND   =       431.4351  ANGLE   =       934.9060  DIHED      =      1388.4917
 1-4 NB =       433.9227  1-4 EEL =      5438.1788  VDWAALS    =     17236.9837
 EELEC  =   -155571.6617  EHBOND  =         0.0000  RESTRAINT  =        15.1145
 EAMBER (non-restraint)  =   -129707.7437
 EKCMT  =         0.0000  VIRIAL  =         0.0000  VOLUME     =    497089.3922
                                                    Density    =         0.8342
 ------------------------------------------------------------------------------

 NMR restraints: Bond =    1.234   Angle =     1.010   Torsion =    11.396
===============================================================================
| Attempting MC barostat change: Failed
| Attempting MC barostat change: Failed
| Attempting MC barostat change: Failed
| Attempting MC barostat change: Succeeded
| Attempting MC barostat change: Succeeded

 NSTEP =     1500   TIME(PS) =     108.000  TEMP(K) =   298.24  PRESS =     0.0
 Etot   =   -105043.6165  EKtot   =     24508.8359  EPtot      =   -129552.4524
 BOND   =       430.0956  ANGLE   =      1016.1068  DIHED      =      1369.5676
 1-4 NB =       418.8543  1-4 EEL =      5456.4481  VDWAALS    =     17111.4501
 EELEC  =   -155368.7549  EHBOND  =         0.0000  RESTRAINT  =        13.7800
 EAMBER (non-restraint)  =   -129566.2324
 EKCMT  =         0.0000  VIRIAL  =         0.0000  VOLUME     =    496692.0054
                                                    Density    =         0.8348
 ------------------------------------------------------------------------------

 NMR restraints: Bond =    1.821   Angle =     0.944   Torsion =     8.742
===============================================================================
| Attempting MC barostat change: Failed
| Attempting MC barostat change: Succeeded
| Attempting MC barostat change: Failed
| Attempting MC barostat change: Failed
| Attempting MC barostat change: Failed

 NSTEP =     2000   TIME(PS) =     110.000  TEMP(K) =   298.47  PRESS =     0.0
 Etot   =   -105086.2269  EKtot   =     24527.6914  EPtot      =   -129613.9183
 BOND   =       406.6246  ANGLE   =       975.9832  DIHED      =      1374.7803
 1-4 NB =       423.2540  1-4 EEL =      5456.7502  VDWAALS    =     17274.0609
 EELEC  =   -155543.9802  EHBOND  =         0.0000  RESTRAINT  =        18.6086
 EAMBER (non-restraint)  =   -129632.5269
 EKCMT  =         0.0000  VIRIAL  =         0.0000  VOLUME     =    496222.5885
                                                    Density    =         0.8356
 ------------------------------------------------------------------------------

 NMR restraints: Bond =    0.835   Angle =     0.750   Torsion =    15.293
===============================================================================
| Attempting MC barostat change: Succeeded
| Attempting MC barostat change: Failed
| Attempting MC barostat change: Failed
| Attempting MC barostat change: Succeeded
| Attempting MC barostat change: Failed

 NSTEP =     2500   TIME(PS) =     112.000  TEMP(K) =   298.51  PRESS =     0.0
 Etot   =   -105177.3485  EKtot   =     24531.3594  EPtot      =   -129708.7078
 BOND   =       420.7367  ANGLE   =       962.8691  DIHED      =      1399.0616
 1-4 NB =       436.0285  1-4 EEL =      5433.0347  VDWAALS    =     17390.4573
 EELEC  =   -155764.2145  EHBOND  =         0.0000  RESTRAINT  =        13.3188
 EAMBER (non-restraint)  =   -129722.0266
 EKCMT  =         0.0000  VIRIAL  =         0.0000  VOLUME     =    492931.7921
                                                    Density    =         0.8412
 ------------------------------------------------------------------------------

 NMR restraints: Bond =    2.311   Angle =     0.689   Torsion =     8.129
===============================================================================
| Attempting MC barostat change: Succeeded
| Attempting MC barostat change: Failed
| Attempting MC barostat change: Succeeded
| Attempting MC barostat change: Failed
| Attempting MC barostat change: Succeeded

 NSTEP =     3000   TIME(PS) =     114.000  TEMP(K) =   299.91  PRESS =     0.0
 Etot   =   -105229.4220  EKtot   =     24646.4531  EPtot      =   -129875.8752
 BOND   =       434.5788  ANGLE   =      1008.1312  DIHED      =      1377.1957
 1-4 NB =       416.9544  1-4 EEL =      5438.2347  VDWAALS    =     18025.1506
 EELEC  =   -156592.7536  EHBOND  =         0.0000  RESTRAINT  =        16.6331
 EAMBER (non-restraint)  =   -129892.5082
 EKCMT  =         0.0000  VIRIAL  =         0.0000  VOLUME     =    487308.4179
                                                    Density    =         0.8509
 ------------------------------------------------------------------------------

 NMR restraints: Bond =    1.619   Angle =     0.506   Torsion =    12.473
===============================================================================
| Attempting MC barostat change: Failed
| Attempting MC barostat change: Succeeded
| Attempting MC barostat change: Failed
| Attempting MC barostat change: Succeeded
| Attempting MC barostat change: Failed

 NSTEP =     3500   TIME(PS) =     116.000  TEMP(K) =   299.96  PRESS =     0.0
 Etot   =   -105683.8718  EKtot   =     24649.9277  EPtot      =   -130333.7995
 BOND   =       436.4351  ANGLE   =       995.3990  DIHED      =      1386.0217
 1-4 NB =       410.9154  1-4 EEL =      5420.4012  VDWAALS    =     17287.1974
 EELEC  =   -156284.2624  EHBOND  =         0.0000  RESTRAINT  =        14.0930
 EAMBER (non-restraint)  =   -130347.8925
 EKCMT  =         0.0000  VIRIAL  =         0.0000  VOLUME     =    480776.3521
                                                    Density    =         0.8625
 ------------------------------------------------------------------------------

 NMR restraints: Bond =    2.175   Angle =     1.043   Torsion =     9.233
===============================================================================

      A V E R A G E S   O V E R       7 S T E P S


 NSTEP =     3500   TIME(PS) =     116.000  TEMP(K) =   298.62  PRESS =     0.0
 Etot   =   -105326.9985  EKtot   =     24539.7966  EPtot      =   -129866.7951
 BOND   =       425.0975  ANGLE   =       974.6280  DIHED      =      1380.2087
 1-4 NB =       422.6559  1-4 EEL =      5443.4936  VDWAALS    =     17391.8528
 EELEC  =   -155919.8481  EHBOND  =         0.0000  RESTRAINT  =        15.1164
 EAMBER (non-restraint)  =   -129881.9115
 EKCMT  =         0.0000  VIRIAL  =         0.0000  VOLUME     =    492878.5176
                                                    Density    =         0.8414
 ------------------------------------------------------------------------------

 NMR restraints: Bond =    2.175   Angle =     1.043   Torsion =     9.233
===============================================================================

      R M S  F L U C T U A T I O N S


 NSTEP =     3500   TIME(PS) =     116.000  TEMP(K) =     0.92  PRESS =     0.0
 Etot   =       292.3517  EKtot   =        75.6099  EPtot      =       296.5316
 BOND   =        10.2172  ANGLE   =        31.7899  DIHED      =        10.7030
 1-4 NB =         8.5095  1-4 EEL =        13.9541  VDWAALS    =       274.9474
 EELEC  =       436.0287  EHBOND  =         0.0000  RESTRAINT  =         1.7437
 EAMBER (non-restraint)  =       294.7879
 EKCMT  =         0.0000  VIRIAL  =         0.0000  VOLUME     =      6094.7013
                                                    Density    =         0.0105
 ------------------------------------------------------------------------------


 NMR restraints on final step:

 ------------------------------------------------------------------------------


 Final Restraint Analysis for coords: eqnpt.rst7                              


 Restraints, deviations, and energy contributions:    pencut =   -1.00

 ------------------------------------------------------------------------------
     First atom        Last atom    curr. value target deviation  penalty
 ------------------------------------------------------------------------------
  Pb   DUM    2 --  CA   ILE   58:    8.125    7.780    0.345    1.191 d    0: 0
  Pb   DUM    1 --  CA   ILE   58:   87.098   90.000    2.902    0.641 a
  Pb   DUM    1 --  Pb   DUM    2:  179.199  180.000    0.801    0.049 t
  Pb   DUM    2 --  CA   LEU   79:   77.259   77.652    0.392    0.012 a
  Pb   DUM    2 --  CA   ILE   58:    5.577    4.231    1.346    0.138 t
  CA   ILE   58 --  CA   LEU   79:   80.371   83.643    3.272    0.815 t
  CA   ILE   58 --  CA   LEU   79:   10.522   10.640    0.118    0.069 d    0: 0
  CA   LEU   79 --  CA   PHE  105:   12.682   12.582    0.100    0.050 d    0: 0
  CA   PHE  105 --  CA   ILE   58:   13.248   13.332    0.084    0.035 d    0: 0
  CA   PRO   34 --  C    PRO   34:  145.285  144.272    1.013    0.016 t
  N    VAL   35 --  CA   VAL   35:  -62.944  -56.203    6.741    0.692 t
  CA   VAL   35 --  C    VAL   35:  125.768  129.560    3.792    0.219 t
  N    ASP   36 --  CA   ASP   36:  -77.273  -76.176    1.097    0.018 t
  CA   ASP   36 --  C    ASP   36:   94.170   89.334    4.836    0.356 t
  N    VAL   37 --  CA   VAL   37:  -72.129  -68.294    3.835    0.224 t
  CA   VAL   37 --  C    VAL   37:   -7.674   -7.195    0.479    0.003 t
  N    GLU   38 --  CA   GLU   38:  -97.789  -93.239    4.550    0.315 t
  CA   GLU   38 --  C    GLU   38:   -4.164   -7.767    3.604    0.198 t
  N    ALA   39 --  CA   ALA   39:  -77.021  -74.202    2.819    0.121 t
  CA   ALA   39 --  C    ALA   39:  143.417  147.568    4.151    0.262 t
  N    LEU   40 --  CA   LEU   40:  -53.819  -57.700    3.881    0.229 t
  CA   LEU   40 --  C    LEU   40:  128.005  128.414    0.409    0.003 t
  N    GLY   41 --  CA   GLY   41:   99.872   99.760    0.112    0.000 t
  CA   GLY   41 --  C    GLY   41:  -16.645  -12.800    3.845    0.225 t
  N    LEU   42 --  CA   LEU   42: -103.200 -107.647    4.446    0.301 t
  CA   LEU   42 --  C    LEU   42:   16.761   18.376    1.615    0.040 t
  N    HIE   43 --  CA   HIE   43:  -60.423  -58.835    1.588    0.038 t
  CA   HIE   43 --  C    HIE   43:  -13.669  -25.352   11.683    2.079 t
  N    ASP   44 --  CA   ASP   44: -103.158 -102.924    0.234    0.001 t
  CA   ASP   44 --  C    ASP   44:   -0.071    4.593    4.664    0.331 t
  N    TYR   45 --  CA   TYR   45:  -55.511  -56.776    1.265    0.024 t
  Pb   DUM    1 --  C3   LIG  113:    4.994    5.000    0.006    0.000 d    0: 0
  Pb   DUM    2 --  C3   LIG  113:   92.035   90.000    2.035    0.315 a
  Pb   DUM    2 --  Pb   DUM    1:   -1.140    0.000    1.140    0.099 t
  Pb   DUM    1 --  C9   LIG  113:  135.284  134.825    0.459    0.016 a
  Pb   DUM    1 --  C3   LIG  113:  -41.024  -40.760    0.264    0.005 t
  C3   LIG  113 --  C9   LIG  113: -148.117 -147.329    0.788    0.047 t
  C3   LIG  113 --  C9   LIG  113:    6.652    6.392    0.260    0.337 d    0: 0
  C9   LIG  113 --  C11  LIG  113:    6.123    6.364    0.241    0.290 d    0: 0
  C11  LIG  113 --  C3   LIG  113:    6.563    6.535    0.028    0.004 d    0: 0
  C10  LIG  113 --  C9   LIG  113:   -3.280   -4.102    0.822    0.014 t
  C5   LIG  113 --  C6   LIG  113:  175.001  174.162    0.840    0.015 t
  C8   LIG  113 --  C9   LIG  113:   -3.376   -8.316    4.940    0.520 t
  C7   LIG  113 --  C8   LIG  113:    5.134    9.382    4.248    0.385 t
  C6   LIG  113 --  C7   LIG  113:   -0.228    1.647    1.874    0.075 t
  C    LIG  113 --  N2   LIG  113:  153.460  155.656    2.196    0.103 t
  C5   LIG  113 --  C10  LIG  113: -173.126 -172.471    0.654    0.009 t
  C    LIG  113 --  C1   LIG  113:   12.461   16.096    3.634    0.282 t
  N    LIG  113 --  N1   LIG  113:    4.564   -2.975    7.539    1.212 t
  C    LIG  113 --  C4   LIG  113:  168.747  172.131    3.384    0.244 t
  C2   LIG  113 --  N    LIG  113:  175.101  173.910    1.192    0.030 t
  C1   LIG  113 --  C2   LIG  113:  175.108  173.252    1.856    0.073 t
  C4   LIG  113 --  N1   LIG  113:    2.010    5.550    3.540    0.267 t
  C4   LIG  113 --  C5   LIG  113:  133.014  135.268    2.254    0.108 t
                                       Total distance penalty:      1.977
                                       Total angle    penalty:      0.984
                                       Total torsion  penalty:     10.190
 ------------------------------------------------------------------------------
| MC Barostat:         35 volume changes attempted.
| MC Barostat:         13 changes successful ( 37.14%)
 ------------------------------------------------------------------------------

--------------------------------------------------------------------------------
   5.  TIMINGS
--------------------------------------------------------------------------------

|  NonSetup CPU Time in Major Routines:
|
|     Routine           Sec        %
|     ------------------------------
|     Nonbond           0.82   10.36
|     Bond              0.00    0.00
|     Angle             0.00    0.00
|     Dihedral          0.00    0.00
|     Shake             0.03    0.39
|     RunMD             6.99   88.33
|     Other             0.07    0.92
|     ------------------------------
|     Total             7.92

|  PME Nonbond Pairlist CPU Time:
|
|     Routine              Sec        %
|     ---------------------------------
|     Set Up Cit           0.00    0.00
|     Build List           0.00    0.00
|     ---------------------------------
|     Total                0.00    0.00

|  PME Direct Force CPU Time:
|
|     Routine              Sec        %
|     ---------------------------------
|     NonBonded Calc       0.00    0.00
|     Exclude Masked       0.00    0.00
|     Other                0.01    0.15
|     ---------------------------------
|     Total                0.01    0.15

|  PME Reciprocal Force CPU Time:
|
|     Routine              Sec        %
|     ---------------------------------
|     1D bspline           0.00    0.00
|     Grid Charges         0.00    0.00
|     Scalar Sum           0.00    0.00
|     Gradient Sum         0.00    0.00
|     FFT                  0.00    0.00
|     ---------------------------------
|     Total                0.00    0.00

|  Final Performance Info:
|     -----------------------------------------------------
|     Average timings for last    3000 steps:
|         Elapsed(s) =       7.24 Per Step(ms) =       2.41
|             ns/day =     143.27   seconds/ns =     603.07
|
|     Average timings for all steps:
|         Elapsed(s) =       8.45 Per Step(ms) =       2.41
|             ns/day =     143.20   seconds/ns =     603.36
|     -----------------------------------------------------

|  Setup CPU time:            0.42 seconds
|  NonSetup CPU time:         7.92 seconds
|  Total CPU time:            8.33 seconds     0.00 hours

|  Setup wall time:           1    seconds
|  NonSetup wall time:        8    seconds
|  Total wall time:           9    seconds     0.00 hours
