
          -------------------------------------------------------
          Amber 14 SANDER                              2014
          -------------------------------------------------------

| PMEMD implementation of SANDER, Release 14

| Run on 04/28/2020 at 09:58:18

|   Executable path: pmemd.cuda
| Working directory: /home1/tbaba/centos/BAT.py-master/BAT/prep/pose1
|          Hostname: tx1

  [-O]verwriting output

File Assignments:
|   MDIN: eqnpt.in                                                              
|  MDOUT: eqnpt02.out                                                           
| INPCRD: eqnpt01.rst7                                                          
|   PARM: full.hmr.prmtop                                                       
| RESTRT: eqnpt02.rst7                                                          
|   REFC: full.inpcrd                                                           
|  MDVEL: mdvel                                                                 
|   MDEN: mden                                                                  
|  MDCRD: traj002.nc                                                            
| MDINFO: mdinfo                                                                
|  MDFRC: mdfrc                                                                 

 
 Here is the input file:
 
*******************************************************                        
*****************************       eqnpt.in                                   
*******************************************************                        
Equilibrate, NPT.                                                              
 &cntrl                                                                        
  imin = 0,                                                                    
  ntx = 5,                                                                     
  irest = 1,                                                                   
  ntpr = 500,                                                                  
  ntwr = 500,                                                                  
  ntwx = 500,                                                                  
  ioutfm = 1,                                                                  
  iwrap = 1,                                                                   
  ntf = 2,                                                                     
  ntc = 2,                                                                     
  cut = 9.0,                                                                   
  ntt = 3,                                                                     
  temp0 = 298.15,                                                              
  gamma_ln = 1.0,                                                              
  ig = -1,                                                                     
  ntp = 1,                                                                     
  barostat = 2,                                                                
  nstlim = 3500,                                                               
  dt = 0.004,                                                                  
  ntr = 1,                                                                     
  restraint_wt = 50.0,                                                         
  restraintmask = ':1-3',                                                      
  nmropt = 1,                                                                  
  pencut = -1,                                                                 
 /                                                                             
 &wt type = 'END', /                                                           
DISANG=disang.rest                                                             
LISTOUT=POUT                                                                   
                                                                               


Note: ig = -1. Setting random seed to   249399 based on wallclock time in 
      microseconds.
 
|--------------------- INFORMATION ----------------------
| GPU (CUDA) Version of PMEMD in use: NVIDIA GPU IN USE.
|                    Version 14.0.1
| 
|                      06/20/2014
| 
| Implementation by:
|                    Ross C. Walker     (SDSC)
|                    Scott Le Grand     (nVIDIA)
| 
| CAUTION: The CUDA code is currently experimental.
|          You use it at your own risk. Be sure to
|          check ALL results carefully.
| 
| Precision model in use:
|      [SPFP] - Mixed Single/Double/Fixed Point Precision.
|               (Default)
| 
|--------------------------------------------------------
 
|----------------- CITATION INFORMATION -----------------
|
|    When publishing work that utilized the CUDA version
|    of AMBER, please cite the following in addition to
|    the regular AMBER citations:
|
|  - Romelia Salomon-Ferrer; Andreas W. Goetz; Duncan
|    Poole; Scott Le Grand; Ross C. Walker "Routine
|    microsecond molecular dynamics simulations with
|    AMBER - Part II: Particle Mesh Ewald", J. Chem.
|    Theory Comput., 2013, 9 (9), pp3878-3888,
|    DOI: 10.1021/ct400314y.
|
|  - Andreas W. Goetz; Mark J. Williamson; Dong Xu;
|    Duncan Poole; Scott Le Grand; Ross C. Walker
|    "Routine microsecond molecular dynamics simulations
|    with AMBER - Part I: Generalized Born", J. Chem.
|    Theory Comput., 2012, 8 (5), pp1542-1555.
|
|  - Scott Le Grand; Andreas W. Goetz; Ross C. Walker
|    "SPFP: Speed without compromise - a mixed precision
|    model for GPU accelerated molecular dynamics
|    simulations.", Comp. Phys. Comm., 2013, 184
|    pp374-380, DOI: 10.1016/j.cpc.2012.09.022
|
|--------------------------------------------------------
 
|------------------- GPU DEVICE INFO --------------------
|
|            CUDA_VISIBLE_DEVICES: 1
|   CUDA Capable Devices Detected:      1
|           CUDA Device ID in use:      0
|                CUDA Device Name: GeForce GTX TITAN X
|     CUDA Device Global Mem Size:  12212 MB
| CUDA Device Num Multiprocessors:     24
|           CUDA Device Core Freq:   1.08 GHz
|
|--------------------------------------------------------
 
 
| Conditional Compilation Defines Used:
| FFTW_FFT
| BINTRAJ
| MKL
| CUDA
| EMIL
 
| Largest sphere to fit in unit cell has radius =    30.311

| New format PARM file being parsed.
| Version =    1.000 Date = 04/28/20 Time = 08:26:00

| Note: 1-4 EEL scale factors are being read from the topology file.

| Note: 1-4 VDW scale factors are being read from the topology file.
| Duplicated    0 dihedrals

| Duplicated    0 dihedrals

--------------------------------------------------------------------------------
   1.  RESOURCE   USE: 
--------------------------------------------------------------------------------

 getting new box info from bottom of inpcrd
 NATOM  =   40866 NTYPES =      18 NBONH =   39890 MBONA  =     933
 NTHETH =    2036 MTHETA =    1252 NPHIH =    3990 MPHIA  =    3859
 NHPARM =       0 NPARM  =       0 NNB   =   61967 NRES   =   13177
 NBONA  =     933 NTHETA =    1252 NPHIA =    3859 NUMBND =      87
 NUMANG =     186 NPTRA  =     207 NATYP =      51 NPHB   =       1
 IFBOX  =       1 NMXRS  =      29 IFCAP =       0 NEXTRA =       0
 NCOPY  =       0

| Coordinate Index Table dimensions:    13   12   23
| Direct force subcell size =     5.0091    5.0518    5.0465

     BOX TYPE: RECTILINEAR

--------------------------------------------------------------------------------
   2.  CONTROL  DATA  FOR  THE  RUN
--------------------------------------------------------------------------------

default_name                                                                    

General flags:
     imin    =       0, nmropt  =       1

Nature and format of input:
     ntx     =       5, irest   =       1, ntrx    =       1

Nature and format of output:
     ntxo    =       1, ntpr    =     500, ntrx    =       1, ntwr    =     500
     iwrap   =       1, ntwx    =     500, ntwv    =       0, ntwe    =       0
     ioutfm  =       1, ntwprt  =       0, idecomp =       0, rbornstat=      0

Potential function:
     ntf     =       2, ntb     =       2, igb     =       0, nsnb    =      25
     ipol    =       0, gbsa    =       0, iesp    =       0
     dielc   =   1.00000, cut     =   9.00000, intdiel =   1.00000

Frozen or restrained atoms:
     ibelly  =       0, ntr     =       1
     restraint_wt =  50.00000

Molecular dynamics:
     nstlim  =      3500, nscm    =         0, nrespa  =         1
     t       =   0.00000, dt      =   0.00400, vlimit  =  -1.00000

Langevin dynamics temperature regulation:
     ig      =  249399
     temp0   = 298.15000, tempi   =   0.00000, gamma_ln=   1.00000

Pressure regulation:
     ntp     =       1
     pres0   =   1.00000, comp    =  44.60000, taup    =   1.00000
     Monte-Carlo Barostat:
     mcbarint  =     100

SHAKE:
     ntc     =       2, jfastw  =       0
     tol     =   0.00001

NMR refinement options:
     iscale  =       0, noeskp  =       1, ipnlty  =       1, mxsub   =       1
     scalm   = 100.00000, pencut  =  -1.00000, tausw   =   0.10000

| Intermolecular bonds treatment:
|     no_intermolecular_bonds =       1

| Energy averages sample interval:
|     ene_avg_sampling =     500

Ewald parameters:
     verbose =       0, ew_type =       0, nbflag  =       1, use_pme =       1
     vdwmeth =       1, eedmeth =       1, netfrc  =       1
     Box X =   65.118   Box Y =   60.622   Box Z =  116.070
     Alpha =   90.000   Beta  =   90.000   Gamma =   90.000
     NFFT1 =   64       NFFT2 =   64       NFFT3 =  128
     Cutoff=    9.000   Tol   =0.100E-04
     Ewald Coefficient =  0.30768
     Interpolation order =    4

    LOADING THE CONSTRAINED ATOMS AS GROUPS


   5.  REFERENCE ATOM COORDINATES

  default_name                                                                    
     Mask :1-3; matches     3 atoms

--------------------------------------------------------------------------------
   3.  ATOMIC COORDINATES AND VELOCITIES
--------------------------------------------------------------------------------

default_name                                                                    
 begin time read from input coords =   130.000 ps



           Begin reading energy term weight changes/NMR restraints
 WEIGHT CHANGES:
                         ** No weight changes given **

 RESTRAINTS:
 Requested file redirections:
  DISANG    = disang.rest
  LISTOUT   = POUT
 Restraints will be read from file: disang.rest
Here are comments from the DISANG input file:
# Anchor atoms  :58@CA  :79@CA  :105@CA  :113@C3  :113@C9  :113@C11  stage = pre
 
                       Number of restraints read =    54

                  Done reading weight changes/NMR restraints


 
 Number of triangulated 3-point waters found:    13000

     Sum of charges from parm topology file =  -0.00000106
     Forcing neutrality...

| Dynamic Memory, Types Used:
| Reals             1885969
| Integers          1191820

| Nonbonded Pairs Initial Allocation:     9317448

| GPU memory information (estimate):
| KB of GPU memory in use:    237368
| KB of CPU memory in use:     48152

--------------------------------------------------------------------------------
   4.  RESULTS
--------------------------------------------------------------------------------

 ---------------------------------------------------
 APPROXIMATING switch and d/dx switch using CUBIC SPLINE INTERPOLATION
 using   5000.0 points per unit in tabled values
 TESTING RELATIVE ERROR over r ranging from 0.0 to cutoff
| CHECK switch(x): max rel err =   0.3316E-14   at   2.351880
| CHECK d/dx switch(x): max rel err =   0.8205E-11   at   2.761360
 ---------------------------------------------------
|---------------------------------------------------
| APPROXIMATING direct energy using CUBIC SPLINE INTERPOLATION
|  with   50.0 points per unit in tabled values
| Relative Error Limit not exceeded for r .gt.   2.39
| APPROXIMATING direct force using CUBIC SPLINE INTERPOLATION
|  with   50.0 points per unit in tabled values
| Relative Error Limit not exceeded for r .gt.   2.84
|---------------------------------------------------
| Attempting MC barostat change: Succeeded
| Attempting MC barostat change: Failed
| Attempting MC barostat change: Failed
| Attempting MC barostat change: Failed
| Attempting MC barostat change: Succeeded

 NSTEP =      500   TIME(PS) =     132.000  TEMP(K) =   299.41  PRESS =     0.0
 Etot   =   -105718.1195  EKtot   =     24605.3418  EPtot      =   -130323.4613
 BOND   =       398.2050  ANGLE   =      1019.3730  DIHED      =      1378.1553
 1-4 NB =       411.1565  1-4 EEL =      5449.6161  VDWAALS    =     17210.9051
 EELEC  =   -156225.7810  EHBOND  =         0.0000  RESTRAINT  =        34.9089
 EAMBER (non-restraint)  =   -130358.3702
 EKCMT  =         0.0000  VIRIAL  =         0.0000  VOLUME     =    455600.7534
                                                    Density    =         0.9101
 ------------------------------------------------------------------------------

 NMR restraints: Bond =    6.344   Angle =     0.816   Torsion =    13.060
===============================================================================
| Attempting MC barostat change: Failed
| Attempting MC barostat change: Succeeded
| Attempting MC barostat change: Failed
| Attempting MC barostat change: Failed
| Attempting MC barostat change: Failed

 NSTEP =     1000   TIME(PS) =     134.000  TEMP(K) =   297.46  PRESS =     0.0
 Etot   =   -106081.2036  EKtot   =     24444.6816  EPtot      =   -130525.8853
 BOND   =       437.2871  ANGLE   =      1027.0792  DIHED      =      1385.7649
 1-4 NB =       413.1226  1-4 EEL =      5471.8745  VDWAALS    =     17119.8161
 EELEC  =   -156406.6448  EHBOND  =         0.0000  RESTRAINT  =        25.8151
 EAMBER (non-restraint)  =   -130551.7004
 EKCMT  =         0.0000  VIRIAL  =         0.0000  VOLUME     =    455178.5315
                                                    Density    =         0.9110
 ------------------------------------------------------------------------------

 NMR restraints: Bond =    4.989   Angle =     2.625   Torsion =    13.983
===============================================================================
| Attempting MC barostat change: Succeeded
| Attempting MC barostat change: Succeeded
| Attempting MC barostat change: Failed
| Attempting MC barostat change: Succeeded
| Attempting MC barostat change: Failed

 NSTEP =     1500   TIME(PS) =     136.000  TEMP(K) =   299.55  PRESS =     0.0
 Etot   =   -106010.2426  EKtot   =     24616.6836  EPtot      =   -130626.9262
 BOND   =       428.6857  ANGLE   =       994.5914  DIHED      =      1400.4310
 1-4 NB =       428.3595  1-4 EEL =      5435.9838  VDWAALS    =     17439.3858
 EELEC  =   -156768.7250  EHBOND  =         0.0000  RESTRAINT  =        14.3616
 EAMBER (non-restraint)  =   -130641.2878
 EKCMT  =         0.0000  VIRIAL  =         0.0000  VOLUME     =    449259.8970
                                                    Density    =         0.9230
 ------------------------------------------------------------------------------

 NMR restraints: Bond =    1.002   Angle =     0.568   Torsion =     9.802
===============================================================================
| Attempting MC barostat change: Failed
| Attempting MC barostat change: Failed
| Attempting MC barostat change: Failed
| Attempting MC barostat change: Succeeded
| Attempting MC barostat change: Succeeded

 NSTEP =     2000   TIME(PS) =     138.000  TEMP(K) =   296.36  PRESS =     0.0
 Etot   =   -106277.1525  EKtot   =     24354.3320  EPtot      =   -130631.4845
 BOND   =       415.2227  ANGLE   =       989.5614  DIHED      =      1369.5842
 1-4 NB =       431.7138  1-4 EEL =      5486.6155  VDWAALS    =     17755.7142
 EELEC  =   -157095.2792  EHBOND  =         0.0000  RESTRAINT  =        15.3829
 EAMBER (non-restraint)  =   -130646.8674
 EKCMT  =         0.0000  VIRIAL  =         0.0000  VOLUME     =    445828.8721
                                                    Density    =         0.9301
 ------------------------------------------------------------------------------

 NMR restraints: Bond =    1.383   Angle =     0.328   Torsion =    12.586
===============================================================================
| Attempting MC barostat change: Failed
| Attempting MC barostat change: Failed
| Attempting MC barostat change: Failed
| Attempting MC barostat change: Succeeded
| Attempting MC barostat change: Failed

 NSTEP =     2500   TIME(PS) =     140.000  TEMP(K) =   297.65  PRESS =     0.0
 Etot   =   -106064.0172  EKtot   =     24460.5840  EPtot      =   -130524.6012
 BOND   =       394.6444  ANGLE   =      1024.4202  DIHED      =      1355.9354
 1-4 NB =       435.3175  1-4 EEL =      5442.8543  VDWAALS    =     17208.2337
 EELEC  =   -156405.1546  EHBOND  =         0.0000  RESTRAINT  =        19.1479
 EAMBER (non-restraint)  =   -130543.7491
 EKCMT  =         0.0000  VIRIAL  =         0.0000  VOLUME     =    444950.3095
                                                    Density    =         0.9319
 ------------------------------------------------------------------------------

 NMR restraints: Bond =    3.002   Angle =     0.355   Torsion =    13.986
===============================================================================
| Attempting MC barostat change: Succeeded
| Attempting MC barostat change: Failed
| Attempting MC barostat change: Succeeded
| Attempting MC barostat change: Succeeded
| Attempting MC barostat change: Succeeded

 NSTEP =     3000   TIME(PS) =     142.000  TEMP(K) =   298.25  PRESS =     0.0
 Etot   =   -106455.1812  EKtot   =     24509.7012  EPtot      =   -130964.8824
 BOND   =       411.9819  ANGLE   =       992.7221  DIHED      =      1385.3253
 1-4 NB =       424.8057  1-4 EEL =      5444.6401  VDWAALS    =     18085.0456
 EELEC  =   -157729.3421  EHBOND  =         0.0000  RESTRAINT  =        19.9389
 EAMBER (non-restraint)  =   -130984.8214
 EKCMT  =         0.0000  VIRIAL  =         0.0000  VOLUME     =    438431.2406
                                                    Density    =         0.9458
 ------------------------------------------------------------------------------

 NMR restraints: Bond =    2.443   Angle =     0.453   Torsion =    11.636
===============================================================================
| Attempting MC barostat change: Failed
| Attempting MC barostat change: Failed
| Attempting MC barostat change: Failed
| Attempting MC barostat change: Succeeded
| Attempting MC barostat change: Failed

 NSTEP =     3500   TIME(PS) =     144.000  TEMP(K) =   295.48  PRESS =     0.0
 Etot   =   -106575.6136  EKtot   =     24282.3555  EPtot      =   -130857.9691
 BOND   =       444.3160  ANGLE   =      1008.6625  DIHED      =      1370.2605
 1-4 NB =       410.4046  1-4 EEL =      5453.0076  VDWAALS    =     17091.6197
 EELEC  =   -156655.1980  EHBOND  =         0.0000  RESTRAINT  =        18.9579
 EAMBER (non-restraint)  =   -130876.9271
 EKCMT  =         0.0000  VIRIAL  =         0.0000  VOLUME     =    435207.2134
                                                    Density    =         0.9528
 ------------------------------------------------------------------------------

 NMR restraints: Bond =    0.563   Angle =     1.288   Torsion =    11.235
===============================================================================

      A V E R A G E S   O V E R       7 S T E P S


 NSTEP =     3500   TIME(PS) =     144.000  TEMP(K) =   297.74  PRESS =     0.0
 Etot   =   -106168.7900  EKtot   =     24467.6685  EPtot      =   -130636.4586
 BOND   =       418.6204  ANGLE   =      1008.0585  DIHED      =      1377.9224
 1-4 NB =       422.1257  1-4 EEL =      5454.9417  VDWAALS    =     17415.8172
 EELEC  =   -156755.1607  EHBOND  =         0.0000  RESTRAINT  =        21.2162
 EAMBER (non-restraint)  =   -130657.6747
 EKCMT  =         0.0000  VIRIAL  =         0.0000  VOLUME     =    446350.9739
                                                    Density    =         0.9292
 ------------------------------------------------------------------------------

 NMR restraints: Bond =    0.563   Angle =     1.288   Torsion =    11.235
===============================================================================

      R M S  F L U C T U A T I O N S


 NSTEP =     3500   TIME(PS) =     144.000  TEMP(K) =     1.39  PRESS =     0.0
 Etot   =       268.9019  EKtot   =       113.8237  EPtot      =       199.9109
 BOND   =        17.5551  ANGLE   =        14.7192  DIHED      =        13.2808
 1-4 NB =         9.6419  1-4 EEL =        16.6205  VDWAALS    =       346.7714
 EELEC  =       477.9565  EHBOND  =         0.0000  RESTRAINT  =         6.5538
 EAMBER (non-restraint)  =       193.3571
 EKCMT  =         0.0000  VIRIAL  =         0.0000  VOLUME     =      7182.1809
                                                    Density    =         0.0150
 ------------------------------------------------------------------------------


 NMR restraints on final step:

 ------------------------------------------------------------------------------


 Final Restraint Analysis for coords: eqnpt02.rst7                            


 Restraints, deviations, and energy contributions:    pencut =   -1.00

 ------------------------------------------------------------------------------
     First atom        Last atom    curr. value target deviation  penalty
 ------------------------------------------------------------------------------
  Pb   DUM    2 --  CA   ILE   58:    7.757    7.780    0.023    0.005 d    0: 0
  Pb   DUM    1 --  CA   ILE   58:   87.668   90.000    2.332    0.414 a
  Pb   DUM    1 --  Pb   DUM    2:  181.672  180.000    1.672    0.213 t
  Pb   DUM    2 --  CA   LEU   79:   76.181   77.652    1.471    0.165 a
  Pb   DUM    2 --  CA   ILE   58:    4.242    4.231    0.011    0.000 t
  CA   ILE   58 --  CA   LEU   79:   82.282   83.643    1.361    0.141 t
  CA   ILE   58 --  CA   LEU   79:   10.714   10.640    0.075    0.028 d    0: 0
  CA   LEU   79 --  CA   PHE  105:   12.773   12.582    0.191    0.182 d    0: 0
  CA   PHE  105 --  CA   ILE   58:   13.338   13.332    0.006    0.000 d    0: 0
  CA   PRO   34 --  C    PRO   34:  146.382  144.272    2.111    0.068 t
  N    VAL   35 --  CA   VAL   35:  -58.397  -56.203    2.194    0.073 t
  CA   VAL   35 --  C    VAL   35:  127.256  129.560    2.304    0.081 t
  N    ASP   36 --  CA   ASP   36:  -76.834  -76.176    0.658    0.007 t
  CA   ASP   36 --  C    ASP   36:   93.371   89.334    4.037    0.248 t
  N    VAL   37 --  CA   VAL   37:  -71.312  -68.294    3.017    0.139 t
  CA   VAL   37 --  C    VAL   37:   -4.538   -7.195    2.657    0.107 t
  N    GLU   38 --  CA   GLU   38:  -88.493  -93.239    4.746    0.343 t
  CA   GLU   38 --  C    GLU   38:   -8.787   -7.767    1.019    0.016 t
  N    ALA   39 --  CA   ALA   39:  -74.998  -74.202    0.796    0.010 t
  CA   ALA   39 --  C    ALA   39:  155.875  147.568    8.307    1.051 t
  N    LEU   40 --  CA   LEU   40:  -66.353  -57.700    8.653    1.140 t
  CA   LEU   40 --  C    LEU   40:  124.200  128.414    4.214    0.270 t
  N    GLY   41 --  CA   GLY   41:   95.492   99.760    4.269    0.278 t
  CA   GLY   41 --  C    GLY   41:  -14.540  -12.800    1.740    0.046 t
  N    LEU   42 --  CA   LEU   42: -110.676 -107.647    3.029    0.140 t
  CA   LEU   42 --  C    LEU   42:   12.396   18.376    5.980    0.545 t
  N    HIE   43 --  CA   HIE   43:  -49.997  -58.835    8.838    1.190 t
  CA   HIE   43 --  C    HIE   43:  -29.100  -25.352    3.747    0.214 t
  N    ASP   44 --  CA   ASP   44: -100.122 -102.924    2.802    0.120 t
  CA   ASP   44 --  C    ASP   44:    2.353    4.593    2.240    0.076 t
  N    TYR   45 --  CA   TYR   45:  -59.711  -56.776    2.934    0.131 t
  Pb   DUM    1 --  C3   LIG  113:    4.874    5.000    0.126    0.079 d    0: 0
  Pb   DUM    2 --  C3   LIG  113:   91.238   90.000    1.238    0.117 a
  Pb   DUM    2 --  Pb   DUM    1:    2.716    0.000    2.716    0.562 t
  Pb   DUM    1 --  C9   LIG  113:  132.600  134.825    2.225    0.377 a
  Pb   DUM    1 --  C3   LIG  113:  -40.909  -40.760    0.148    0.002 t
  C3   LIG  113 --  C9   LIG  113: -147.409 -147.329    0.080    0.000 t
  C3   LIG  113 --  C9   LIG  113:    6.592    6.392    0.200    0.200 d    0: 0
  C9   LIG  113 --  C11  LIG  113:    6.259    6.364    0.105    0.055 d    0: 0
  C11  LIG  113 --  C3   LIG  113:    6.517    6.535    0.018    0.002 d    0: 0
  C10  LIG  113 --  C9   LIG  113:   -4.073   -4.102    0.029    0.000 t
  C5   LIG  113 --  C6   LIG  113:  172.271  174.162    1.891    0.076 t
  C8   LIG  113 --  C9   LIG  113:   -2.996   -8.316    5.320    0.604 t
  C7   LIG  113 --  C8   LIG  113:    2.503    9.382    6.879    1.009 t
  C6   LIG  113 --  C7   LIG  113:    4.656    1.647    3.009    0.193 t
  C    LIG  113 --  N2   LIG  113:  147.891  155.656    7.766    1.286 t
  C5   LIG  113 --  C10  LIG  113: -172.086 -172.471    0.385    0.003 t
  C    LIG  113 --  C1   LIG  113:    7.874   16.096    8.222    1.441 t
  N    LIG  113 --  N1   LIG  113:   -1.481   -2.975    1.494    0.048 t
  C    LIG  113 --  C4   LIG  113:  170.619  172.131    1.511    0.049 t
  C2   LIG  113 --  N    LIG  113:  171.160  173.910    2.750    0.161 t
  C1   LIG  113 --  C2   LIG  113:  174.638  173.252    1.386    0.041 t
  C4   LIG  113 --  N1   LIG  113:   -0.624    5.550    6.174    0.813 t
  C4   LIG  113 --  C5   LIG  113:  131.131  135.268    4.137    0.365 t
                                       Total distance penalty:      0.550
                                       Total angle    penalty:      1.073
                                       Total torsion  penalty:     13.299
 ------------------------------------------------------------------------------
| MC Barostat:         35 volume changes attempted.
| MC Barostat:         14 changes successful ( 40.00%)
 ------------------------------------------------------------------------------

--------------------------------------------------------------------------------
   5.  TIMINGS
--------------------------------------------------------------------------------

|  NonSetup CPU Time in Major Routines:
|
|     Routine           Sec        %
|     ------------------------------
|     Nonbond           0.87   10.86
|     Bond              0.00    0.00
|     Angle             0.00    0.00
|     Dihedral          0.00    0.00
|     Shake             0.03    0.35
|     RunMD             7.07   87.89
|     Other             0.07    0.89
|     ------------------------------
|     Total             8.04

|  PME Nonbond Pairlist CPU Time:
|
|     Routine              Sec        %
|     ---------------------------------
|     Set Up Cit           0.00    0.00
|     Build List           0.00    0.00
|     ---------------------------------
|     Total                0.00    0.00

|  PME Direct Force CPU Time:
|
|     Routine              Sec        %
|     ---------------------------------
|     NonBonded Calc       0.00    0.00
|     Exclude Masked       0.00    0.00
|     Other                0.01    0.07
|     ---------------------------------
|     Total                0.01    0.07

|  PME Reciprocal Force CPU Time:
|
|     Routine              Sec        %
|     ---------------------------------
|     1D bspline           0.00    0.00
|     Grid Charges         0.00    0.00
|     Scalar Sum           0.00    0.00
|     Gradient Sum         0.00    0.00
|     FFT                  0.00    0.00
|     ---------------------------------
|     Total                0.00    0.00

|  Final Performance Info:
|     -----------------------------------------------------
|     Average timings for last    3000 steps:
|         Elapsed(s) =       7.32 Per Step(ms) =       2.44
|             ns/day =     141.61   seconds/ns =     610.12
|
|     Average timings for all steps:
|         Elapsed(s) =       8.56 Per Step(ms) =       2.44
|             ns/day =     141.37   seconds/ns =     611.17
|     -----------------------------------------------------

|  Setup CPU time:            0.42 seconds
|  NonSetup CPU time:         8.04 seconds
|  Total CPU time:            8.46 seconds     0.00 hours

|  Setup wall time:           1    seconds
|  NonSetup wall time:        8    seconds
|  Total wall time:           9    seconds     0.00 hours
