
          -------------------------------------------------------
          Amber 14 SANDER                              2014
          -------------------------------------------------------

| PMEMD implementation of SANDER, Release 14

| Run on 04/28/2020 at 09:58:27

|   Executable path: pmemd.cuda
| Working directory: /home1/tbaba/centos/BAT.py-master/BAT/prep/pose1
|          Hostname: tx1

  [-O]verwriting output

File Assignments:
|   MDIN: eqnpt.in                                                              
|  MDOUT: eqnpt03.out                                                           
| INPCRD: eqnpt02.rst7                                                          
|   PARM: full.hmr.prmtop                                                       
| RESTRT: eqnpt03.rst7                                                          
|   REFC: full.inpcrd                                                           
|  MDVEL: mdvel                                                                 
|   MDEN: mden                                                                  
|  MDCRD: traj003.nc                                                            
| MDINFO: mdinfo                                                                
|  MDFRC: mdfrc                                                                 

 
 Here is the input file:
 
*******************************************************                        
*****************************       eqnpt.in                                   
*******************************************************                        
Equilibrate, NPT.                                                              
 &cntrl                                                                        
  imin = 0,                                                                    
  ntx = 5,                                                                     
  irest = 1,                                                                   
  ntpr = 500,                                                                  
  ntwr = 500,                                                                  
  ntwx = 500,                                                                  
  ioutfm = 1,                                                                  
  iwrap = 1,                                                                   
  ntf = 2,                                                                     
  ntc = 2,                                                                     
  cut = 9.0,                                                                   
  ntt = 3,                                                                     
  temp0 = 298.15,                                                              
  gamma_ln = 1.0,                                                              
  ig = -1,                                                                     
  ntp = 1,                                                                     
  barostat = 2,                                                                
  nstlim = 3500,                                                               
  dt = 0.004,                                                                  
  ntr = 1,                                                                     
  restraint_wt = 50.0,                                                         
  restraintmask = ':1-3',                                                      
  nmropt = 1,                                                                  
  pencut = -1,                                                                 
 /                                                                             
 &wt type = 'END', /                                                           
DISANG=disang.rest                                                             
LISTOUT=POUT                                                                   
                                                                               


Note: ig = -1. Setting random seed to   502668 based on wallclock time in 
      microseconds.
 
|--------------------- INFORMATION ----------------------
| GPU (CUDA) Version of PMEMD in use: NVIDIA GPU IN USE.
|                    Version 14.0.1
| 
|                      06/20/2014
| 
| Implementation by:
|                    Ross C. Walker     (SDSC)
|                    Scott Le Grand     (nVIDIA)
| 
| CAUTION: The CUDA code is currently experimental.
|          You use it at your own risk. Be sure to
|          check ALL results carefully.
| 
| Precision model in use:
|      [SPFP] - Mixed Single/Double/Fixed Point Precision.
|               (Default)
| 
|--------------------------------------------------------
 
|----------------- CITATION INFORMATION -----------------
|
|    When publishing work that utilized the CUDA version
|    of AMBER, please cite the following in addition to
|    the regular AMBER citations:
|
|  - Romelia Salomon-Ferrer; Andreas W. Goetz; Duncan
|    Poole; Scott Le Grand; Ross C. Walker "Routine
|    microsecond molecular dynamics simulations with
|    AMBER - Part II: Particle Mesh Ewald", J. Chem.
|    Theory Comput., 2013, 9 (9), pp3878-3888,
|    DOI: 10.1021/ct400314y.
|
|  - Andreas W. Goetz; Mark J. Williamson; Dong Xu;
|    Duncan Poole; Scott Le Grand; Ross C. Walker
|    "Routine microsecond molecular dynamics simulations
|    with AMBER - Part I: Generalized Born", J. Chem.
|    Theory Comput., 2012, 8 (5), pp1542-1555.
|
|  - Scott Le Grand; Andreas W. Goetz; Ross C. Walker
|    "SPFP: Speed without compromise - a mixed precision
|    model for GPU accelerated molecular dynamics
|    simulations.", Comp. Phys. Comm., 2013, 184
|    pp374-380, DOI: 10.1016/j.cpc.2012.09.022
|
|--------------------------------------------------------
 
|------------------- GPU DEVICE INFO --------------------
|
|            CUDA_VISIBLE_DEVICES: 1
|   CUDA Capable Devices Detected:      1
|           CUDA Device ID in use:      0
|                CUDA Device Name: GeForce GTX TITAN X
|     CUDA Device Global Mem Size:  12212 MB
| CUDA Device Num Multiprocessors:     24
|           CUDA Device Core Freq:   1.08 GHz
|
|--------------------------------------------------------
 
 
| Conditional Compilation Defines Used:
| FFTW_FFT
| BINTRAJ
| MKL
| CUDA
| EMIL
 
| Largest sphere to fit in unit cell has radius =    29.795

| New format PARM file being parsed.
| Version =    1.000 Date = 04/28/20 Time = 08:26:00

| Note: 1-4 EEL scale factors are being read from the topology file.

| Note: 1-4 VDW scale factors are being read from the topology file.
| Duplicated    0 dihedrals

| Duplicated    0 dihedrals

--------------------------------------------------------------------------------
   1.  RESOURCE   USE: 
--------------------------------------------------------------------------------

 getting new box info from bottom of inpcrd
 NATOM  =   40866 NTYPES =      18 NBONH =   39890 MBONA  =     933
 NTHETH =    2036 MTHETA =    1252 NPHIH =    3990 MPHIA  =    3859
 NHPARM =       0 NPARM  =       0 NNB   =   61967 NRES   =   13177
 NBONA  =     933 NTHETA =    1252 NPHIA =    3859 NUMBND =      87
 NUMANG =     186 NPTRA  =     207 NATYP =      51 NPHB   =       1
 IFBOX  =       1 NMXRS  =      29 IFCAP =       0 NEXTRA =       0
 NCOPY  =       0

| Coordinate Index Table dimensions:    12   11   22
| Direct force subcell size =     5.3342    5.4173    5.1862

     BOX TYPE: RECTILINEAR

--------------------------------------------------------------------------------
   2.  CONTROL  DATA  FOR  THE  RUN
--------------------------------------------------------------------------------

default_name                                                                    

General flags:
     imin    =       0, nmropt  =       1

Nature and format of input:
     ntx     =       5, irest   =       1, ntrx    =       1

Nature and format of output:
     ntxo    =       1, ntpr    =     500, ntrx    =       1, ntwr    =     500
     iwrap   =       1, ntwx    =     500, ntwv    =       0, ntwe    =       0
     ioutfm  =       1, ntwprt  =       0, idecomp =       0, rbornstat=      0

Potential function:
     ntf     =       2, ntb     =       2, igb     =       0, nsnb    =      25
     ipol    =       0, gbsa    =       0, iesp    =       0
     dielc   =   1.00000, cut     =   9.00000, intdiel =   1.00000

Frozen or restrained atoms:
     ibelly  =       0, ntr     =       1
     restraint_wt =  50.00000

Molecular dynamics:
     nstlim  =      3500, nscm    =         0, nrespa  =         1
     t       =   0.00000, dt      =   0.00400, vlimit  =  -1.00000

Langevin dynamics temperature regulation:
     ig      =  502668
     temp0   = 298.15000, tempi   =   0.00000, gamma_ln=   1.00000

Pressure regulation:
     ntp     =       1
     pres0   =   1.00000, comp    =  44.60000, taup    =   1.00000
     Monte-Carlo Barostat:
     mcbarint  =     100

SHAKE:
     ntc     =       2, jfastw  =       0
     tol     =   0.00001

NMR refinement options:
     iscale  =       0, noeskp  =       1, ipnlty  =       1, mxsub   =       1
     scalm   = 100.00000, pencut  =  -1.00000, tausw   =   0.10000

| Intermolecular bonds treatment:
|     no_intermolecular_bonds =       1

| Energy averages sample interval:
|     ene_avg_sampling =     500

Ewald parameters:
     verbose =       0, ew_type =       0, nbflag  =       1, use_pme =       1
     vdwmeth =       1, eedmeth =       1, netfrc  =       1
     Box X =   64.010   Box Y =   59.590   Box Z =  114.096
     Alpha =   90.000   Beta  =   90.000   Gamma =   90.000
     NFFT1 =   64       NFFT2 =   64       NFFT3 =  120
     Cutoff=    9.000   Tol   =0.100E-04
     Ewald Coefficient =  0.30768
     Interpolation order =    4

    LOADING THE CONSTRAINED ATOMS AS GROUPS


   5.  REFERENCE ATOM COORDINATES

  default_name                                                                    
     Mask :1-3; matches     3 atoms

--------------------------------------------------------------------------------
   3.  ATOMIC COORDINATES AND VELOCITIES
--------------------------------------------------------------------------------

default_name                                                                    
 begin time read from input coords =   144.000 ps



           Begin reading energy term weight changes/NMR restraints
 WEIGHT CHANGES:
                         ** No weight changes given **

 RESTRAINTS:
 Requested file redirections:
  DISANG    = disang.rest
  LISTOUT   = POUT
 Restraints will be read from file: disang.rest
Here are comments from the DISANG input file:
# Anchor atoms  :58@CA  :79@CA  :105@CA  :113@C3  :113@C9  :113@C11  stage = pre
 
                       Number of restraints read =    54

                  Done reading weight changes/NMR restraints


 
 Number of triangulated 3-point waters found:    13000

     Sum of charges from parm topology file =  -0.00000106
     Forcing neutrality...

| Dynamic Memory, Types Used:
| Reals             1885961
| Integers          1191820

| Nonbonded Pairs Initial Allocation:     9317448

| GPU memory information (estimate):
| KB of GPU memory in use:    225257
| KB of CPU memory in use:     47129

--------------------------------------------------------------------------------
   4.  RESULTS
--------------------------------------------------------------------------------

 ---------------------------------------------------
 APPROXIMATING switch and d/dx switch using CUBIC SPLINE INTERPOLATION
 using   5000.0 points per unit in tabled values
 TESTING RELATIVE ERROR over r ranging from 0.0 to cutoff
| CHECK switch(x): max rel err =   0.3316E-14   at   2.351880
| CHECK d/dx switch(x): max rel err =   0.8205E-11   at   2.761360
 ---------------------------------------------------
|---------------------------------------------------
| APPROXIMATING direct energy using CUBIC SPLINE INTERPOLATION
|  with   50.0 points per unit in tabled values
| Relative Error Limit not exceeded for r .gt.   2.39
| APPROXIMATING direct force using CUBIC SPLINE INTERPOLATION
|  with   50.0 points per unit in tabled values
| Relative Error Limit not exceeded for r .gt.   2.84
|---------------------------------------------------
| Attempting MC barostat change: Failed
| Attempting MC barostat change: Succeeded
| Attempting MC barostat change: Succeeded
| Attempting MC barostat change: Failed
| Attempting MC barostat change: Succeeded

 NSTEP =      500   TIME(PS) =     146.000  TEMP(K) =   299.90  PRESS =     0.0
 Etot   =   -106381.4935  EKtot   =     24645.0566  EPtot      =   -131026.5501
 BOND   =       447.3731  ANGLE   =       977.0371  DIHED      =      1374.9562
 1-4 NB =       433.1678  1-4 EEL =      5458.0989  VDWAALS    =     17936.8428
 EELEC  =   -157694.3912  EHBOND  =         0.0000  RESTRAINT  =        40.3652
 EAMBER (non-restraint)  =   -131066.9153
 EKCMT  =         0.0000  VIRIAL  =         0.0000  VOLUME     =    430383.2153
                                                    Density    =         0.9635
 ------------------------------------------------------------------------------

 NMR restraints: Bond =    0.865   Angle =     2.988   Torsion =    16.599
===============================================================================
| Attempting MC barostat change: Failed
| Attempting MC barostat change: Failed
| Attempting MC barostat change: Failed
| Attempting MC barostat change: Failed
| Attempting MC barostat change: Failed

 NSTEP =     1000   TIME(PS) =     148.000  TEMP(K) =   298.33  PRESS =     0.0
 Etot   =   -106501.1861  EKtot   =     24515.8555  EPtot      =   -131017.0416
 BOND   =       417.4486  ANGLE   =      1018.5342  DIHED      =      1365.5400
 1-4 NB =       410.2578  1-4 EEL =      5410.2018  VDWAALS    =     17097.2423
 EELEC  =   -156759.8137  EHBOND  =         0.0000  RESTRAINT  =        23.5475
 EAMBER (non-restraint)  =   -131040.5890
 EKCMT  =         0.0000  VIRIAL  =         0.0000  VOLUME     =    430383.2153
                                                    Density    =         0.9635
 ------------------------------------------------------------------------------

 NMR restraints: Bond =    1.163   Angle =     4.799   Torsion =    12.192
===============================================================================
| Attempting MC barostat change: Failed
| Attempting MC barostat change: Succeeded
| Attempting MC barostat change: Failed
| Attempting MC barostat change: Failed
| Attempting MC barostat change: Failed

 NSTEP =     1500   TIME(PS) =     150.000  TEMP(K) =   298.58  PRESS =     0.0
 Etot   =   -106501.0603  EKtot   =     24536.6348  EPtot      =   -131037.6951
 BOND   =       413.5052  ANGLE   =      1006.2154  DIHED      =      1381.4809
 1-4 NB =       428.7438  1-4 EEL =      5448.0936  VDWAALS    =     17327.7083
 EELEC  =   -157065.1089  EHBOND  =         0.0000  RESTRAINT  =        21.6666
 EAMBER (non-restraint)  =   -131059.3617
 EKCMT  =         0.0000  VIRIAL  =         0.0000  VOLUME     =    428735.0661
                                                    Density    =         0.9672
 ------------------------------------------------------------------------------

 NMR restraints: Bond =    0.996   Angle =     2.220   Torsion =    15.228
===============================================================================
| Attempting MC barostat change: Failed
| Attempting MC barostat change: Succeeded
| Attempting MC barostat change: Failed
| Attempting MC barostat change: Failed
| Attempting MC barostat change: Failed
| MC Barostat: Decreasing size of volume moves

 NSTEP =     2000   TIME(PS) =     152.000  TEMP(K) =   297.11  PRESS =     0.0
 Etot   =   -106749.9399  EKtot   =     24415.6562  EPtot      =   -131165.5962
 BOND   =       442.7026  ANGLE   =       996.7431  DIHED      =      1370.9695
 1-4 NB =       416.8719  1-4 EEL =      5422.7175  VDWAALS    =     17331.9643
 EELEC  =   -157164.6924  EHBOND  =         0.0000  RESTRAINT  =        17.1273
 EAMBER (non-restraint)  =   -131182.7235
 EKCMT  =         0.0000  VIRIAL  =         0.0000  VOLUME     =    426714.1632
                                                    Density    =         0.9717
 ------------------------------------------------------------------------------

 NMR restraints: Bond =    1.340   Angle =     0.598   Torsion =    13.181
===============================================================================
| Attempting MC barostat change: Succeeded
| Attempting MC barostat change: Succeeded
| Attempting MC barostat change: Failed
| Attempting MC barostat change: Failed
| Attempting MC barostat change: Succeeded

 NSTEP =     2500   TIME(PS) =     154.000  TEMP(K) =   298.48  PRESS =     0.0
 Etot   =   -106988.8080  EKtot   =     24528.5020  EPtot      =   -131517.3099
 BOND   =       420.3021  ANGLE   =      1012.8857  DIHED      =      1377.0886
 1-4 NB =       416.6114  1-4 EEL =      5461.7664  VDWAALS    =     17243.7212
 EELEC  =   -157471.5713  EHBOND  =         0.0000  RESTRAINT  =        21.8860
 EAMBER (non-restraint)  =   -131539.1959
 EKCMT  =         0.0000  VIRIAL  =         0.0000  VOLUME     =    423820.0178
                                                    Density    =         0.9784
 ------------------------------------------------------------------------------

 NMR restraints: Bond =    1.259   Angle =     0.333   Torsion =    16.743
===============================================================================
| Attempting MC barostat change: Succeeded
| Attempting MC barostat change: Failed
| Attempting MC barostat change: Failed
| Attempting MC barostat change: Succeeded
| Attempting MC barostat change: Failed

 NSTEP =     3000   TIME(PS) =     156.000  TEMP(K) =   297.89  PRESS =     0.0
 Etot   =   -107287.6307  EKtot   =     24480.0000  EPtot      =   -131767.6307
 BOND   =       436.6714  ANGLE   =       991.2086  DIHED      =      1375.4384
 1-4 NB =       404.5364  1-4 EEL =      5414.3244  VDWAALS    =     17287.9225
 EELEC  =   -157689.8130  EHBOND  =         0.0000  RESTRAINT  =        12.0805
 EAMBER (non-restraint)  =   -131779.7113
 EKCMT  =         0.0000  VIRIAL  =         0.0000  VOLUME     =    420668.2013
                                                    Density    =         0.9857
 ------------------------------------------------------------------------------

 NMR restraints: Bond =    1.911   Angle =     0.797   Torsion =     6.812
===============================================================================
| Attempting MC barostat change: Failed
| Attempting MC barostat change: Succeeded
| Attempting MC barostat change: Failed
| Attempting MC barostat change: Failed
| Attempting MC barostat change: Failed

 NSTEP =     3500   TIME(PS) =     158.000  TEMP(K) =   302.14  PRESS =     0.0
 Etot   =   -106925.0357  EKtot   =     24829.2539  EPtot      =   -131754.2897
 BOND   =       444.5171  ANGLE   =       949.2353  DIHED      =      1384.3947
 1-4 NB =       423.1775  1-4 EEL =      5414.1568  VDWAALS    =     17348.4155
 EELEC  =   -157732.3456  EHBOND  =         0.0000  RESTRAINT  =        14.1591
 EAMBER (non-restraint)  =   -131768.4488
 EKCMT  =         0.0000  VIRIAL  =         0.0000  VOLUME     =    418837.2009
                                                    Density    =         0.9900
 ------------------------------------------------------------------------------

 NMR restraints: Bond =    0.889   Angle =     0.284   Torsion =    11.596
===============================================================================

      A V E R A G E S   O V E R       7 S T E P S


 NSTEP =     3500   TIME(PS) =     158.000  TEMP(K) =   298.92  PRESS =     0.0
 Etot   =   -106762.1649  EKtot   =     24564.4227  EPtot      =   -131326.5876
 BOND   =       431.7886  ANGLE   =       993.1228  DIHED      =      1375.6955
 1-4 NB =       419.0524  1-4 EEL =      5432.7656  VDWAALS    =     17367.6881
 EELEC  =   -157368.2480  EHBOND  =         0.0000  RESTRAINT  =        21.5475
 EAMBER (non-restraint)  =   -131348.1351
 EKCMT  =         0.0000  VIRIAL  =         0.0000  VOLUME     =    425648.7257
                                                    Density    =         0.9743
 ------------------------------------------------------------------------------

 NMR restraints: Bond =    0.889   Angle =     0.284   Torsion =    11.596
===============================================================================

      R M S  F L U C T U A T I O N S


 NSTEP =     3500   TIME(PS) =     158.000  TEMP(K) =     1.53  PRESS =     0.0
 Etot   =       301.2721  EKtot   =       125.5373  EPtot      =       318.2635
 BOND   =        13.2001  ANGLE   =        22.0693  DIHED      =         5.8208
 1-4 NB =         9.3270  1-4 EEL =        20.7510  VDWAALS    =       245.5473
 EELEC  =       349.8034  EHBOND  =         0.0000  RESTRAINT  =         8.6354
 EAMBER (non-restraint)  =       309.6281
 EKCMT  =         0.0000  VIRIAL  =         0.0000  VOLUME     =      4310.0895
                                                    Density    =         0.0099
 ------------------------------------------------------------------------------


 NMR restraints on final step:

 ------------------------------------------------------------------------------


 Final Restraint Analysis for coords: eqnpt03.rst7                            


 Restraints, deviations, and energy contributions:    pencut =   -1.00

 ------------------------------------------------------------------------------
     First atom        Last atom    curr. value target deviation  penalty
 ------------------------------------------------------------------------------
  Pb   DUM    2 --  CA   ILE   58:    7.978    7.780    0.198    0.391 d    0: 0
  Pb   DUM    1 --  CA   ILE   58:   89.641   90.000    0.359    0.010 a
  Pb   DUM    1 --  Pb   DUM    2:  180.811  180.000    0.811    0.050 t
  Pb   DUM    2 --  CA   LEU   79:   76.307   77.652    1.345    0.138 a
  Pb   DUM    2 --  CA   ILE   58:    4.987    4.231    0.756    0.043 t
  CA   ILE   58 --  CA   LEU   79:   82.889   83.643    0.753    0.043 t
  CA   ILE   58 --  CA   LEU   79:   10.723   10.640    0.083    0.035 d    0: 0
  CA   LEU   79 --  CA   PHE  105:   12.535   12.582    0.047    0.011 d    0: 0
  CA   PHE  105 --  CA   ILE   58:   13.354   13.332    0.022    0.002 d    0: 0
  CA   PRO   34 --  C    PRO   34:  141.034  144.272    3.238    0.160 t
  N    VAL   35 --  CA   VAL   35:  -63.857  -56.203    7.655    0.892 t
  CA   VAL   35 --  C    VAL   35:  127.701  129.560    1.860    0.053 t
  N    ASP   36 --  CA   ASP   36:  -76.437  -76.176    0.261    0.001 t
  CA   ASP   36 --  C    ASP   36:   87.817   89.334    1.517    0.035 t
  N    VAL   37 --  CA   VAL   37:  -68.585  -68.294    0.290    0.001 t
  CA   VAL   37 --  C    VAL   37:  -11.456   -7.195    4.261    0.277 t
  N    GLU   38 --  CA   GLU   38:  -93.976  -93.239    0.737    0.008 t
  CA   GLU   38 --  C    GLU   38:   -9.966   -7.767    2.199    0.074 t
  N    ALA   39 --  CA   ALA   39:  -77.052  -74.202    2.850    0.124 t
  CA   ALA   39 --  C    ALA   39:  144.339  147.568    3.229    0.159 t
  N    LEU   40 --  CA   LEU   40:  -59.335  -57.700    1.635    0.041 t
  CA   LEU   40 --  C    LEU   40:  134.369  128.414    5.956    0.540 t
  N    GLY   41 --  CA   GLY   41:   91.188   99.760    8.573    1.119 t
  CA   GLY   41 --  C    GLY   41:  -12.807  -12.800    0.007    0.000 t
  N    LEU   42 --  CA   LEU   42: -103.212 -107.647    4.435    0.300 t
  CA   LEU   42 --  C    LEU   42:   17.024   18.376    1.351    0.028 t
  N    HIE   43 --  CA   HIE   43:  -65.833  -58.835    6.998    0.746 t
  CA   HIE   43 --  C    HIE   43:  -19.187  -25.352    6.165    0.579 t
  N    ASP   44 --  CA   ASP   44: -100.342 -102.924    2.582    0.102 t
  CA   ASP   44 --  C    ASP   44:   -0.457    4.593    5.050    0.388 t
  N    TYR   45 --  CA   TYR   45:  -59.551  -56.776    2.775    0.117 t
  Pb   DUM    1 --  C3   LIG  113:    4.825    5.000    0.175    0.154 d    0: 0
  Pb   DUM    2 --  C3   LIG  113:   90.037   90.000    0.037    0.000 a
  Pb   DUM    2 --  Pb   DUM    1:   -2.167    0.000    2.167    0.358 t
  Pb   DUM    1 --  C9   LIG  113:  136.002  134.825    1.177    0.106 a
  Pb   DUM    1 --  C3   LIG  113:  -40.009  -40.760    0.751    0.043 t
  C3   LIG  113 --  C9   LIG  113: -146.661 -147.329    0.668    0.034 t
  C3   LIG  113 --  C9   LIG  113:    6.594    6.392    0.202    0.203 d    0: 0
  C9   LIG  113 --  C11  LIG  113:    6.185    6.364    0.179    0.161 d    0: 0
  C11  LIG  113 --  C3   LIG  113:    6.640    6.535    0.105    0.055 d    0: 0
  C10  LIG  113 --  C9   LIG  113:   -5.916   -4.102    1.813    0.070 t
  C5   LIG  113 --  C6   LIG  113:  172.800  174.162    1.361    0.040 t
  C8   LIG  113 --  C9   LIG  113:   -4.019   -8.316    4.298    0.394 t
  C7   LIG  113 --  C8   LIG  113:    3.845    9.382    5.537    0.654 t
  C6   LIG  113 --  C7   LIG  113:    6.194    1.647    4.547    0.441 t
  C    LIG  113 --  N2   LIG  113:  153.210  155.656    2.447    0.128 t
  C5   LIG  113 --  C10  LIG  113: -173.075 -172.471    0.604    0.008 t
  C    LIG  113 --  C1   LIG  113:   11.237   16.096    4.859    0.503 t
  N    LIG  113 --  N1   LIG  113:    3.689   -2.975    6.664    0.947 t
  C    LIG  113 --  C4   LIG  113:  176.212  172.131    4.081    0.355 t
  C2   LIG  113 --  N    LIG  113:  177.676  173.910    3.767    0.303 t
  C1   LIG  113 --  C2   LIG  113:  178.388  173.252    5.137    0.563 t
  C4   LIG  113 --  N1   LIG  113:    6.945    5.550    1.396    0.042 t
  C4   LIG  113 --  C5   LIG  113:  130.027  135.268    5.241    0.586 t
                                       Total distance penalty:      1.013
                                       Total angle    penalty:      0.253
                                       Total torsion  penalty:     11.346
 ------------------------------------------------------------------------------
| MC Barostat:         35 volume changes attempted.
| MC Barostat:         11 changes successful ( 31.43%)
 ------------------------------------------------------------------------------

--------------------------------------------------------------------------------
   5.  TIMINGS
--------------------------------------------------------------------------------

|  NonSetup CPU Time in Major Routines:
|
|     Routine           Sec        %
|     ------------------------------
|     Nonbond           0.97   11.71
|     Bond              0.00    0.00
|     Angle             0.00    0.00
|     Dihedral          0.00    0.00
|     Shake             0.02    0.22
|     RunMD             7.20   87.08
|     Other             0.08    0.99
|     ------------------------------
|     Total             8.26

|  PME Nonbond Pairlist CPU Time:
|
|     Routine              Sec        %
|     ---------------------------------
|     Set Up Cit           0.00    0.00
|     Build List           0.00    0.00
|     ---------------------------------
|     Total                0.00    0.00

|  PME Direct Force CPU Time:
|
|     Routine              Sec        %
|     ---------------------------------
|     NonBonded Calc       0.00    0.00
|     Exclude Masked       0.00    0.00
|     Other                0.01    0.15
|     ---------------------------------
|     Total                0.01    0.15

|  PME Reciprocal Force CPU Time:
|
|     Routine              Sec        %
|     ---------------------------------
|     1D bspline           0.00    0.00
|     Grid Charges         0.00    0.00
|     Scalar Sum           0.00    0.00
|     Gradient Sum         0.00    0.00
|     FFT                  0.00    0.00
|     ---------------------------------
|     Total                0.00    0.00

|  Final Performance Info:
|     -----------------------------------------------------
|     Average timings for last    3000 steps:
|         Elapsed(s) =       7.70 Per Step(ms) =       2.57
|             ns/day =     134.73   seconds/ns =     641.29
|
|     Average timings for all steps:
|         Elapsed(s) =       8.95 Per Step(ms) =       2.56
|             ns/day =     135.10   seconds/ns =     639.52
|     -----------------------------------------------------

|  Setup CPU time:            0.41 seconds
|  NonSetup CPU time:         8.26 seconds
|  Total CPU time:            8.67 seconds     0.00 hours

|  Setup wall time:           1    seconds
|  NonSetup wall time:        9    seconds
|  Total wall time:          10    seconds     0.00 hours
