
          -------------------------------------------------------
          Amber 14 SANDER                              2014
          -------------------------------------------------------

| PMEMD implementation of SANDER, Release 14

| Run on 04/28/2020 at 09:58:09

|   Executable path: pmemd.cuda
| Working directory: /home1/tbaba/centos/BAT.py-master/BAT/prep/pose1
|          Hostname: tx1

  [-O]verwriting output

File Assignments:
|   MDIN: eqnpt.in                                                              
|  MDOUT: eqnpt01.out                                                           
| INPCRD: eqnpt.rst7                                                            
|   PARM: full.hmr.prmtop                                                       
| RESTRT: eqnpt01.rst7                                                          
|   REFC: full.inpcrd                                                           
|  MDVEL: mdvel                                                                 
|   MDEN: mden                                                                  
|  MDCRD: traj001.nc                                                            
| MDINFO: mdinfo                                                                
|  MDFRC: mdfrc                                                                 

 
 Here is the input file:
 
*******************************************************                        
*****************************       eqnpt.in                                   
*******************************************************                        
Equilibrate, NPT.                                                              
 &cntrl                                                                        
  imin = 0,                                                                    
  ntx = 5,                                                                     
  irest = 1,                                                                   
  ntpr = 500,                                                                  
  ntwr = 500,                                                                  
  ntwx = 500,                                                                  
  ioutfm = 1,                                                                  
  iwrap = 1,                                                                   
  ntf = 2,                                                                     
  ntc = 2,                                                                     
  cut = 9.0,                                                                   
  ntt = 3,                                                                     
  temp0 = 298.15,                                                              
  gamma_ln = 1.0,                                                              
  ig = -1,                                                                     
  ntp = 1,                                                                     
  barostat = 2,                                                                
  nstlim = 3500,                                                               
  dt = 0.004,                                                                  
  ntr = 1,                                                                     
  restraint_wt = 50.0,                                                         
  restraintmask = ':1-3',                                                      
  nmropt = 1,                                                                  
  pencut = -1,                                                                 
 /                                                                             
 &wt type = 'END', /                                                           
DISANG=disang.rest                                                             
LISTOUT=POUT                                                                   
                                                                               


Note: ig = -1. Setting random seed to   172290 based on wallclock time in 
      microseconds.
 
|--------------------- INFORMATION ----------------------
| GPU (CUDA) Version of PMEMD in use: NVIDIA GPU IN USE.
|                    Version 14.0.1
| 
|                      06/20/2014
| 
| Implementation by:
|                    Ross C. Walker     (SDSC)
|                    Scott Le Grand     (nVIDIA)
| 
| CAUTION: The CUDA code is currently experimental.
|          You use it at your own risk. Be sure to
|          check ALL results carefully.
| 
| Precision model in use:
|      [SPFP] - Mixed Single/Double/Fixed Point Precision.
|               (Default)
| 
|--------------------------------------------------------
 
|----------------- CITATION INFORMATION -----------------
|
|    When publishing work that utilized the CUDA version
|    of AMBER, please cite the following in addition to
|    the regular AMBER citations:
|
|  - Romelia Salomon-Ferrer; Andreas W. Goetz; Duncan
|    Poole; Scott Le Grand; Ross C. Walker "Routine
|    microsecond molecular dynamics simulations with
|    AMBER - Part II: Particle Mesh Ewald", J. Chem.
|    Theory Comput., 2013, 9 (9), pp3878-3888,
|    DOI: 10.1021/ct400314y.
|
|  - Andreas W. Goetz; Mark J. Williamson; Dong Xu;
|    Duncan Poole; Scott Le Grand; Ross C. Walker
|    "Routine microsecond molecular dynamics simulations
|    with AMBER - Part I: Generalized Born", J. Chem.
|    Theory Comput., 2012, 8 (5), pp1542-1555.
|
|  - Scott Le Grand; Andreas W. Goetz; Ross C. Walker
|    "SPFP: Speed without compromise - a mixed precision
|    model for GPU accelerated molecular dynamics
|    simulations.", Comp. Phys. Comm., 2013, 184
|    pp374-380, DOI: 10.1016/j.cpc.2012.09.022
|
|--------------------------------------------------------
 
|------------------- GPU DEVICE INFO --------------------
|
|            CUDA_VISIBLE_DEVICES: 1
|   CUDA Capable Devices Detected:      1
|           CUDA Device ID in use:      0
|                CUDA Device Name: GeForce GTX TITAN X
|     CUDA Device Global Mem Size:  12212 MB
| CUDA Device Num Multiprocessors:     24
|           CUDA Device Core Freq:   1.08 GHz
|
|--------------------------------------------------------
 
 
| Conditional Compilation Defines Used:
| FFTW_FFT
| BINTRAJ
| MKL
| CUDA
| EMIL
 
| Largest sphere to fit in unit cell has radius =    30.801

| New format PARM file being parsed.
| Version =    1.000 Date = 04/28/20 Time = 08:26:00

| Note: 1-4 EEL scale factors are being read from the topology file.

| Note: 1-4 VDW scale factors are being read from the topology file.
| Duplicated    0 dihedrals

| Duplicated    0 dihedrals

--------------------------------------------------------------------------------
   1.  RESOURCE   USE: 
--------------------------------------------------------------------------------

 getting new box info from bottom of inpcrd
 NATOM  =   40866 NTYPES =      18 NBONH =   39890 MBONA  =     933
 NTHETH =    2036 MTHETA =    1252 NPHIH =    3990 MPHIA  =    3859
 NHPARM =       0 NPARM  =       0 NNB   =   61967 NRES   =   13177
 NBONA  =     933 NTHETA =    1252 NPHIA =    3859 NUMBND =      87
 NUMANG =     186 NPTRA  =     207 NATYP =      51 NPHB   =       1
 IFBOX  =       1 NMXRS  =      29 IFCAP =       0 NEXTRA =       0
 NCOPY  =       0

| Coordinate Index Table dimensions:    13   12   23
| Direct force subcell size =     5.0901    5.1335    5.1281

     BOX TYPE: RECTILINEAR

--------------------------------------------------------------------------------
   2.  CONTROL  DATA  FOR  THE  RUN
--------------------------------------------------------------------------------

default_name                                                                    

General flags:
     imin    =       0, nmropt  =       1

Nature and format of input:
     ntx     =       5, irest   =       1, ntrx    =       1

Nature and format of output:
     ntxo    =       1, ntpr    =     500, ntrx    =       1, ntwr    =     500
     iwrap   =       1, ntwx    =     500, ntwv    =       0, ntwe    =       0
     ioutfm  =       1, ntwprt  =       0, idecomp =       0, rbornstat=      0

Potential function:
     ntf     =       2, ntb     =       2, igb     =       0, nsnb    =      25
     ipol    =       0, gbsa    =       0, iesp    =       0
     dielc   =   1.00000, cut     =   9.00000, intdiel =   1.00000

Frozen or restrained atoms:
     ibelly  =       0, ntr     =       1
     restraint_wt =  50.00000

Molecular dynamics:
     nstlim  =      3500, nscm    =         0, nrespa  =         1
     t       =   0.00000, dt      =   0.00400, vlimit  =  -1.00000

Langevin dynamics temperature regulation:
     ig      =  172290
     temp0   = 298.15000, tempi   =   0.00000, gamma_ln=   1.00000

Pressure regulation:
     ntp     =       1
     pres0   =   1.00000, comp    =  44.60000, taup    =   1.00000
     Monte-Carlo Barostat:
     mcbarint  =     100

SHAKE:
     ntc     =       2, jfastw  =       0
     tol     =   0.00001

NMR refinement options:
     iscale  =       0, noeskp  =       1, ipnlty  =       1, mxsub   =       1
     scalm   = 100.00000, pencut  =  -1.00000, tausw   =   0.10000

| Intermolecular bonds treatment:
|     no_intermolecular_bonds =       1

| Energy averages sample interval:
|     ene_avg_sampling =     500

Ewald parameters:
     verbose =       0, ew_type =       0, nbflag  =       1, use_pme =       1
     vdwmeth =       1, eedmeth =       1, netfrc  =       1
     Box X =   66.171   Box Y =   61.602   Box Z =  117.946
     Alpha =   90.000   Beta  =   90.000   Gamma =   90.000
     NFFT1 =   64       NFFT2 =   64       NFFT3 =  128
     Cutoff=    9.000   Tol   =0.100E-04
     Ewald Coefficient =  0.30768
     Interpolation order =    4

    LOADING THE CONSTRAINED ATOMS AS GROUPS


   5.  REFERENCE ATOM COORDINATES

  default_name                                                                    
     Mask :1-3; matches     3 atoms

--------------------------------------------------------------------------------
   3.  ATOMIC COORDINATES AND VELOCITIES
--------------------------------------------------------------------------------

default_name                                                                    
 begin time read from input coords =   116.000 ps



           Begin reading energy term weight changes/NMR restraints
 WEIGHT CHANGES:
                         ** No weight changes given **

 RESTRAINTS:
 Requested file redirections:
  DISANG    = disang.rest
  LISTOUT   = POUT
 Restraints will be read from file: disang.rest
Here are comments from the DISANG input file:
# Anchor atoms  :58@CA  :79@CA  :105@CA  :113@C3  :113@C9  :113@C11  stage = pre
 
                       Number of restraints read =    54

                  Done reading weight changes/NMR restraints


 
 Number of triangulated 3-point waters found:    13000

     Sum of charges from parm topology file =  -0.00000106
     Forcing neutrality...

| Dynamic Memory, Types Used:
| Reals             1885969
| Integers          1191820

| Nonbonded Pairs Initial Allocation:     9317448

| GPU memory information (estimate):
| KB of GPU memory in use:    237368
| KB of CPU memory in use:     48152

--------------------------------------------------------------------------------
   4.  RESULTS
--------------------------------------------------------------------------------

 ---------------------------------------------------
 APPROXIMATING switch and d/dx switch using CUBIC SPLINE INTERPOLATION
 using   5000.0 points per unit in tabled values
 TESTING RELATIVE ERROR over r ranging from 0.0 to cutoff
| CHECK switch(x): max rel err =   0.3316E-14   at   2.351880
| CHECK d/dx switch(x): max rel err =   0.8205E-11   at   2.761360
 ---------------------------------------------------
|---------------------------------------------------
| APPROXIMATING direct energy using CUBIC SPLINE INTERPOLATION
|  with   50.0 points per unit in tabled values
| Relative Error Limit not exceeded for r .gt.   2.39
| APPROXIMATING direct force using CUBIC SPLINE INTERPOLATION
|  with   50.0 points per unit in tabled values
| Relative Error Limit not exceeded for r .gt.   2.84
|---------------------------------------------------
| Attempting MC barostat change: Failed
| Attempting MC barostat change: Failed
| Attempting MC barostat change: Failed
| Attempting MC barostat change: Failed
| Attempting MC barostat change: Succeeded

 NSTEP =      500   TIME(PS) =     118.000  TEMP(K) =   299.54  PRESS =     0.0
 Etot   =   -105375.1231  EKtot   =     24615.9082  EPtot      =   -129991.0313
 BOND   =       388.4062  ANGLE   =      1012.2285  DIHED      =      1384.9768
 1-4 NB =       427.3688  1-4 EEL =      5444.0805  VDWAALS    =     18667.3475
 EELEC  =   -157348.5377  EHBOND  =         0.0000  RESTRAINT  =        33.0981
 EAMBER (non-restraint)  =   -130024.1294
 EKCMT  =         0.0000  VIRIAL  =         0.0000  VOLUME     =    477194.9110
                                                    Density    =         0.8690
 ------------------------------------------------------------------------------

 NMR restraints: Bond =    4.037   Angle =     0.664   Torsion =    15.523
===============================================================================
| Attempting MC barostat change: Failed
| Attempting MC barostat change: Failed
| Attempting MC barostat change: Failed
| Attempting MC barostat change: Failed
| Attempting MC barostat change: Succeeded
| MC Barostat: Decreasing size of volume moves

 NSTEP =     1000   TIME(PS) =     120.000  TEMP(K) =   295.86  PRESS =     0.0
 Etot   =   -105618.4396  EKtot   =     24313.5527  EPtot      =   -129931.9923
 BOND   =       411.3055  ANGLE   =      1023.1087  DIHED      =      1391.1630
 1-4 NB =       411.7133  1-4 EEL =      5423.7805  VDWAALS    =     17311.6784
 EELEC  =   -155929.2775  EHBOND  =         0.0000  RESTRAINT  =        24.5357
 EAMBER (non-restraint)  =   -129956.5280
 EKCMT  =         0.0000  VIRIAL  =         0.0000  VOLUME     =    476875.1038
                                                    Density    =         0.8695
 ------------------------------------------------------------------------------

 NMR restraints: Bond =    4.821   Angle =     2.138   Torsion =    13.515
===============================================================================
| Attempting MC barostat change: Failed
| Attempting MC barostat change: Succeeded
| Attempting MC barostat change: Failed
| Attempting MC barostat change: Succeeded
| Attempting MC barostat change: Succeeded

 NSTEP =     1500   TIME(PS) =     122.000  TEMP(K) =   298.41  PRESS =     0.0
 Etot   =   -105754.7519  EKtot   =     24522.5684  EPtot      =   -130277.3202
 BOND   =       445.2092  ANGLE   =       971.8401  DIHED      =      1372.7954
 1-4 NB =       425.8373  1-4 EEL =      5437.4143  VDWAALS    =     18048.9490
 EELEC  =   -156996.5301  EHBOND  =         0.0000  RESTRAINT  =        17.1645
 EAMBER (non-restraint)  =   -130294.4847
 EKCMT  =         0.0000  VIRIAL  =         0.0000  VOLUME     =    473896.5028
                                                    Density    =         0.8750
 ------------------------------------------------------------------------------

 NMR restraints: Bond =    2.224   Angle =     0.258   Torsion =    12.018
===============================================================================
| Attempting MC barostat change: Succeeded
| Attempting MC barostat change: Succeeded
| Attempting MC barostat change: Succeeded
| Attempting MC barostat change: Failed
| Attempting MC barostat change: Succeeded

 NSTEP =     2000   TIME(PS) =     124.000  TEMP(K) =   299.09  PRESS =     0.0
 Etot   =   -105636.5124  EKtot   =     24578.3770  EPtot      =   -130214.8893
 BOND   =       434.3653  ANGLE   =       983.2672  DIHED      =      1394.9024
 1-4 NB =       427.1298  1-4 EEL =      5433.8111  VDWAALS    =     17337.6944
 EELEC  =   -156249.1890  EHBOND  =         0.0000  RESTRAINT  =        23.1293
 EAMBER (non-restraint)  =   -130238.0187
 EKCMT  =         0.0000  VIRIAL  =         0.0000  VOLUME     =    470245.7220
                                                    Density    =         0.8818
 ------------------------------------------------------------------------------

 NMR restraints: Bond =    1.398   Angle =     0.918   Torsion =    17.393
===============================================================================
| Attempting MC barostat change: Succeeded
| Attempting MC barostat change: Succeeded
| Attempting MC barostat change: Succeeded
| Attempting MC barostat change: Succeeded
| Attempting MC barostat change: Failed

 NSTEP =     2500   TIME(PS) =     126.000  TEMP(K) =   300.56  PRESS =     0.0
 Etot   =   -105716.7105  EKtot   =     24699.9023  EPtot      =   -130416.6129
 BOND   =       384.0346  ANGLE   =       969.0103  DIHED      =      1380.0734
 1-4 NB =       422.4773  1-4 EEL =      5459.7532  VDWAALS    =     17119.7124
 EELEC  =   -156169.1000  EHBOND  =         0.0000  RESTRAINT  =        17.4258
 EAMBER (non-restraint)  =   -130434.0386
 EKCMT  =         0.0000  VIRIAL  =         0.0000  VOLUME     =    464368.6339
                                                    Density    =         0.8930
 ------------------------------------------------------------------------------

 NMR restraints: Bond =    2.400   Angle =     0.685   Torsion =    11.108
===============================================================================
| Attempting MC barostat change: Failed
| Attempting MC barostat change: Failed
| Attempting MC barostat change: Failed
| Attempting MC barostat change: Failed
| Attempting MC barostat change: Failed

 NSTEP =     3000   TIME(PS) =     128.000  TEMP(K) =   300.49  PRESS =     0.0
 Etot   =   -105762.3433  EKtot   =     24694.0000  EPtot      =   -130456.3433
 BOND   =       394.8874  ANGLE   =       998.6930  DIHED      =      1383.1525
 1-4 NB =       423.9938  1-4 EEL =      5469.8608  VDWAALS    =     16979.4027
 EELEC  =   -156124.7503  EHBOND  =         0.0000  RESTRAINT  =        18.4168
 EAMBER (non-restraint)  =   -130474.7601
 EKCMT  =         0.0000  VIRIAL  =         0.0000  VOLUME     =    464368.6339
                                                    Density    =         0.8930
 ------------------------------------------------------------------------------

 NMR restraints: Bond =    0.320   Angle =     0.716   Torsion =    13.818
===============================================================================
| Attempting MC barostat change: Succeeded
| Attempting MC barostat change: Succeeded
| Attempting MC barostat change: Succeeded
| Attempting MC barostat change: Failed
| Attempting MC barostat change: Succeeded

 NSTEP =     3500   TIME(PS) =     130.000  TEMP(K) =   296.18  PRESS =     0.0
 Etot   =   -105963.0768  EKtot   =     24339.2969  EPtot      =   -130302.3736
 BOND   =       413.5135  ANGLE   =       999.9278  DIHED      =      1385.1822
 1-4 NB =       419.3994  1-4 EEL =      5440.0443  VDWAALS    =     17683.0921
 EELEC  =   -156664.2343  EHBOND  =         0.0000  RESTRAINT  =        20.7013
 EAMBER (non-restraint)  =   -130323.0750
 EKCMT  =         0.0000  VIRIAL  =         0.0000  VOLUME     =    458195.0609
                                                    Density    =         0.9050
 ------------------------------------------------------------------------------

 NMR restraints: Bond =    4.180   Angle =     1.596   Torsion =    13.548
===============================================================================

      A V E R A G E S   O V E R       7 S T E P S


 NSTEP =     3500   TIME(PS) =     130.000  TEMP(K) =   298.59  PRESS =     0.0
 Etot   =   -105689.5654  EKtot   =     24537.6579  EPtot      =   -130227.2233
 BOND   =       410.2460  ANGLE   =       994.0108  DIHED      =      1384.6065
 1-4 NB =       422.5600  1-4 EEL =      5444.1064  VDWAALS    =     17592.5538
 EELEC  =   -156497.3741  EHBOND  =         0.0000  RESTRAINT  =        22.0674
 EAMBER (non-restraint)  =   -130249.2906
 EKCMT  =         0.0000  VIRIAL  =         0.0000  VOLUME     =    469306.3669
                                                    Density    =         0.8837
 ------------------------------------------------------------------------------

 NMR restraints: Bond =    4.180   Angle =     1.596   Torsion =    13.548
===============================================================================

      R M S  F L U C T U A T I O N S


 NSTEP =     3500   TIME(PS) =     130.000  TEMP(K) =     1.77  PRESS =     0.0
 Etot   =       165.5462  EKtot   =       145.5753  EPtot      =       185.0181
 BOND   =        21.4338  ANGLE   =        18.7750  DIHED      =         6.6722
 1-4 NB =         5.1333  1-4 EEL =        14.5824  VDWAALS    =       549.6821
 EELEC  =       482.9109  EHBOND  =         0.0000  RESTRAINT  =         5.2054
 EAMBER (non-restraint)  =       179.8127
 EKCMT  =         0.0000  VIRIAL  =         0.0000  VOLUME     =      6694.2425
                                                    Density    =         0.0127
 ------------------------------------------------------------------------------


 NMR restraints on final step:

 ------------------------------------------------------------------------------


 Final Restraint Analysis for coords: eqnpt01.rst7                            


 Restraints, deviations, and energy contributions:    pencut =   -1.00

 ------------------------------------------------------------------------------
     First atom        Last atom    curr. value target deviation  penalty
 ------------------------------------------------------------------------------
  Pb   DUM    2 --  CA   ILE   58:    8.372    7.780    0.592    3.502 d    0: 0
  Pb   DUM    1 --  CA   ILE   58:   91.159   90.000    1.159    0.102 a
  Pb   DUM    1 --  Pb   DUM    2:  184.277  180.000    4.277    1.393 t
  Pb   DUM    2 --  CA   LEU   79:   74.550   77.652    3.102    0.733 a
  Pb   DUM    2 --  CA   ILE   58:    3.004    4.231    1.228    0.115 t
  CA   ILE   58 --  CA   LEU   79:   85.726   83.643    2.083    0.330 t
  CA   ILE   58 --  CA   LEU   79:   10.767   10.640    0.127    0.080 d    0: 0
  CA   LEU   79 --  CA   PHE  105:   12.529   12.582    0.053    0.014 d    0: 0
  CA   PHE  105 --  CA   ILE   58:   13.163   13.332    0.169    0.143 d    0: 0
  CA   PRO   34 --  C    PRO   34:  145.466  144.272    1.194    0.022 t
  N    VAL   35 --  CA   VAL   35:  -62.280  -56.203    6.077    0.563 t
  CA   VAL   35 --  C    VAL   35:  126.882  129.560    2.678    0.109 t
  N    ASP   36 --  CA   ASP   36:  -74.146  -76.176    2.030    0.063 t
  CA   ASP   36 --  C    ASP   36:   90.477   89.334    1.143    0.020 t
  N    VAL   37 --  CA   VAL   37:  -65.092  -68.294    3.202    0.156 t
  CA   VAL   37 --  C    VAL   37:   -4.560   -7.195    2.635    0.106 t
  N    GLU   38 --  CA   GLU   38:  -97.149  -93.239    3.910    0.233 t
  CA   GLU   38 --  C    GLU   38:  -12.502   -7.767    4.735    0.341 t
  N    ALA   39 --  CA   ALA   39:  -71.455  -74.202    2.747    0.115 t
  CA   ALA   39 --  C    ALA   39:  150.280  147.568    2.712    0.112 t
  N    LEU   40 --  CA   LEU   40:  -66.042  -57.700    8.343    1.060 t
  CA   LEU   40 --  C    LEU   40:  125.837  128.414    2.577    0.101 t
  N    GLY   41 --  CA   GLY   41:  102.706   99.760    2.945    0.132 t
  CA   GLY   41 --  C    GLY   41:  -14.267  -12.800    1.467    0.033 t
  N    LEU   42 --  CA   LEU   42: -107.459 -107.647    0.188    0.001 t
  CA   LEU   42 --  C    LEU   42:   22.521   18.376    4.145    0.262 t
  N    HIE   43 --  CA   HIE   43:  -72.989  -58.835   14.154    3.051 t
  CA   HIE   43 --  C    HIE   43:  -26.792  -25.352    1.440    0.032 t
  N    ASP   44 --  CA   ASP   44:  -98.046 -102.924    4.878    0.362 t
  CA   ASP   44 --  C    ASP   44:    1.182    4.593    3.412    0.177 t
  N    TYR   45 --  CA   TYR   45:  -60.414  -56.776    3.637    0.201 t
  Pb   DUM    1 --  C3   LIG  113:    4.662    5.000    0.338    0.572 d    0: 0
  Pb   DUM    2 --  C3   LIG  113:   92.353   90.000    2.353    0.422 a
  Pb   DUM    2 --  Pb   DUM    1:    2.792    0.000    2.792    0.593 t
  Pb   DUM    1 --  C9   LIG  113:  133.045  134.825    1.779    0.241 a
  Pb   DUM    1 --  C3   LIG  113:  -41.905  -40.760    1.145    0.100 t
  C3   LIG  113 --  C9   LIG  113: -148.534 -147.329    1.205    0.111 t
  C3   LIG  113 --  C9   LIG  113:    6.499    6.392    0.107    0.057 d    0: 0
  C9   LIG  113 --  C11  LIG  113:    6.271    6.364    0.093    0.043 d    0: 0
  C11  LIG  113 --  C3   LIG  113:    6.624    6.535    0.089    0.040 d    0: 0
  C10  LIG  113 --  C9   LIG  113:   -4.143   -4.102    0.040    0.000 t
  C5   LIG  113 --  C6   LIG  113:  178.166  174.162    4.004    0.342 t
  C8   LIG  113 --  C9   LIG  113:   -9.587   -8.316    1.271    0.034 t
  C7   LIG  113 --  C8   LIG  113:   10.132    9.382    0.750    0.012 t
  C6   LIG  113 --  C7   LIG  113:    2.513    1.647    0.867    0.016 t
  C    LIG  113 --  N2   LIG  113:  152.265  155.656    3.392    0.245 t
  C5   LIG  113 --  C10  LIG  113: -177.566 -172.471    5.094    0.553 t
  C    LIG  113 --  C1   LIG  113:   10.035   16.096    6.060    0.783 t
  N    LIG  113 --  N1   LIG  113:    2.804   -2.975    5.778    0.712 t
  C    LIG  113 --  C4   LIG  113:  172.441  172.131    0.311    0.002 t
  C2   LIG  113 --  N    LIG  113:  177.926  173.910    4.016    0.344 t
  C1   LIG  113 --  C2   LIG  113:  174.879  173.252    1.628    0.056 t
  C4   LIG  113 --  N1   LIG  113:    4.126    5.550    1.424    0.043 t
  C4   LIG  113 --  C5   LIG  113:  134.076  135.268    1.192    0.030 t
                                       Total distance penalty:      4.451
                                       Total angle    penalty:      1.498
                                       Total torsion  penalty:     13.068
 ------------------------------------------------------------------------------
| MC Barostat:         35 volume changes attempted.
| MC Barostat:         17 changes successful ( 48.57%)
 ------------------------------------------------------------------------------

--------------------------------------------------------------------------------
   5.  TIMINGS
--------------------------------------------------------------------------------

|  NonSetup CPU Time in Major Routines:
|
|     Routine           Sec        %
|     ------------------------------
|     Nonbond           0.87   11.08
|     Bond              0.00    0.00
|     Angle             0.00    0.00
|     Dihedral          0.00    0.00
|     Shake             0.02    0.29
|     RunMD             6.92   87.67
|     Other             0.07    0.95
|     ------------------------------
|     Total             7.89

|  PME Nonbond Pairlist CPU Time:
|
|     Routine              Sec        %
|     ---------------------------------
|     Set Up Cit           0.00    0.00
|     Build List           0.00    0.00
|     ---------------------------------
|     Total                0.00    0.00

|  PME Direct Force CPU Time:
|
|     Routine              Sec        %
|     ---------------------------------
|     NonBonded Calc       0.00    0.00
|     Exclude Masked       0.00    0.00
|     Other                0.01    0.16
|     ---------------------------------
|     Total                0.01    0.16

|  PME Reciprocal Force CPU Time:
|
|     Routine              Sec        %
|     ---------------------------------
|     1D bspline           0.00    0.00
|     Grid Charges         0.00    0.00
|     Scalar Sum           0.00    0.00
|     Gradient Sum         0.00    0.00
|     FFT                  0.00    0.00
|     ---------------------------------
|     Total                0.00    0.00

|  Final Performance Info:
|     -----------------------------------------------------
|     Average timings for last    3000 steps:
|         Elapsed(s) =       7.21 Per Step(ms) =       2.40
|             ns/day =     143.89   seconds/ns =     600.44
|
|     Average timings for all steps:
|         Elapsed(s) =       8.41 Per Step(ms) =       2.40
|             ns/day =     143.87   seconds/ns =     600.52
|     -----------------------------------------------------

|  Setup CPU time:            0.42 seconds
|  NonSetup CPU time:         7.89 seconds
|  Total CPU time:            8.31 seconds     0.00 hours

|  Setup wall time:           1    seconds
|  NonSetup wall time:        8    seconds
|  Total wall time:           9    seconds     0.00 hours
