
          -------------------------------------------------------
          Amber 14 SANDER                              2014
          -------------------------------------------------------

| PMEMD implementation of SANDER, Release 14

| Run on 04/28/2020 at 09:57:12

|   Executable path: pmemd.cuda
| Working directory: /home1/tbaba/centos/BAT.py-master/BAT/prep/pose1
|          Hostname: tx1

  [-O]verwriting output

File Assignments:
|   MDIN: therm1.in                                                             
|  MDOUT: therm1.out                                                            
| INPCRD: mini.rst7                                                             
|   PARM: full.hmr.prmtop                                                       
| RESTRT: therm1.rst7                                                           
|   REFC: full.inpcrd                                                           
|  MDVEL: mdvel                                                                 
|   MDEN: mden                                                                  
|  MDCRD: therm1.nc                                                             
| MDINFO: mdinfo                                                                
|  MDFRC: mdfrc                                                                 

 
 Here is the input file:
 
*******************************************************                        
*****************************       therm1.in                                  
*******************************************************                        
Thermalizing, NVT.                                                             
 &cntrl                                                                        
  imin = 0,                                                                    
  ntx = 1,                                                                     
  irest = 0,                                                                   
  ntpr = 500,                                                                  
  ntwr = 500,                                                                  
  ntwx = 0,                                                                    
  ioutfm = 1,                                                                  
  iwrap = 1,                                                                   
  ntf = 2,                                                                     
  ntc = 2,                                                                     
  cut = 9.0,                                                                   
  ntt = 3,                                                                     
  tempi = 10.0,                                                                
  temp0 = 10.0,                                                                
  gamma_ln = 1.0,                                                              
  ig = -1,                                                                     
  ntp = 0,                                                                     
  nstlim = 500,                                                                
  dt = 0.004,                                                                  
  ntr = 1,                                                                     
  restraint_wt = 50.0,                                                         
  restraintmask = ':1-3 | :113@C3 | :113@C9 | :113@C11',                       
  nmropt = 1,                                                                  
  pencut = -1,                                                                 
 /                                                                             
 &wt type = 'END', /                                                           
DISANG=disang.rest                                                             
LISTOUT=POUT                                                                   
                                                                               


Note: ig = -1. Setting random seed to    74427 based on wallclock time in 
      microseconds.
 
|--------------------- INFORMATION ----------------------
| GPU (CUDA) Version of PMEMD in use: NVIDIA GPU IN USE.
|                    Version 14.0.1
| 
|                      06/20/2014
| 
| Implementation by:
|                    Ross C. Walker     (SDSC)
|                    Scott Le Grand     (nVIDIA)
| 
| CAUTION: The CUDA code is currently experimental.
|          You use it at your own risk. Be sure to
|          check ALL results carefully.
| 
| Precision model in use:
|      [SPFP] - Mixed Single/Double/Fixed Point Precision.
|               (Default)
| 
|--------------------------------------------------------
 
|----------------- CITATION INFORMATION -----------------
|
|    When publishing work that utilized the CUDA version
|    of AMBER, please cite the following in addition to
|    the regular AMBER citations:
|
|  - Romelia Salomon-Ferrer; Andreas W. Goetz; Duncan
|    Poole; Scott Le Grand; Ross C. Walker "Routine
|    microsecond molecular dynamics simulations with
|    AMBER - Part II: Particle Mesh Ewald", J. Chem.
|    Theory Comput., 2013, 9 (9), pp3878-3888,
|    DOI: 10.1021/ct400314y.
|
|  - Andreas W. Goetz; Mark J. Williamson; Dong Xu;
|    Duncan Poole; Scott Le Grand; Ross C. Walker
|    "Routine microsecond molecular dynamics simulations
|    with AMBER - Part I: Generalized Born", J. Chem.
|    Theory Comput., 2012, 8 (5), pp1542-1555.
|
|  - Scott Le Grand; Andreas W. Goetz; Ross C. Walker
|    "SPFP: Speed without compromise - a mixed precision
|    model for GPU accelerated molecular dynamics
|    simulations.", Comp. Phys. Comm., 2013, 184
|    pp374-380, DOI: 10.1016/j.cpc.2012.09.022
|
|--------------------------------------------------------
 
|------------------- GPU DEVICE INFO --------------------
|
|            CUDA_VISIBLE_DEVICES: 1
|   CUDA Capable Devices Detected:      1
|           CUDA Device ID in use:      0
|                CUDA Device Name: GeForce GTX TITAN X
|     CUDA Device Global Mem Size:  12212 MB
| CUDA Device Num Multiprocessors:     24
|           CUDA Device Core Freq:   1.08 GHz
|
|--------------------------------------------------------
 
 
| Conditional Compilation Defines Used:
| FFTW_FFT
| BINTRAJ
| MKL
| CUDA
| EMIL
 
| Largest sphere to fit in unit cell has radius =    31.273

| New format PARM file being parsed.
| Version =    1.000 Date = 04/28/20 Time = 08:26:00

| Note: 1-4 EEL scale factors are being read from the topology file.

| Note: 1-4 VDW scale factors are being read from the topology file.
| Duplicated    0 dihedrals

| Duplicated    0 dihedrals

--------------------------------------------------------------------------------
   1.  RESOURCE   USE: 
--------------------------------------------------------------------------------

 getting new box info from bottom of inpcrd
 NATOM  =   40866 NTYPES =      18 NBONH =   39890 MBONA  =     933
 NTHETH =    2036 MTHETA =    1252 NPHIH =    3990 MPHIA  =    3859
 NHPARM =       0 NPARM  =       0 NNB   =   61967 NRES   =   13177
 NBONA  =     933 NTHETA =    1252 NPHIA =    3859 NUMBND =      87
 NUMANG =     186 NPTRA  =     207 NATYP =      51 NPHB   =       1
 IFBOX  =       1 NMXRS  =      29 IFCAP =       0 NEXTRA =       0
 NCOPY  =       0

| Coordinate Index Table dimensions:    13   12   23
| Direct force subcell size =     5.1681    5.2122    5.2067

     BOX TYPE: RECTILINEAR

--------------------------------------------------------------------------------
   2.  CONTROL  DATA  FOR  THE  RUN
--------------------------------------------------------------------------------

default_name                                                                    

General flags:
     imin    =       0, nmropt  =       1

Nature and format of input:
     ntx     =       1, irest   =       0, ntrx    =       1

Nature and format of output:
     ntxo    =       1, ntpr    =     500, ntrx    =       1, ntwr    =     500
     iwrap   =       1, ntwx    =       0, ntwv    =       0, ntwe    =       0
     ioutfm  =       1, ntwprt  =       0, idecomp =       0, rbornstat=      0

Potential function:
     ntf     =       2, ntb     =       1, igb     =       0, nsnb    =      25
     ipol    =       0, gbsa    =       0, iesp    =       0
     dielc   =   1.00000, cut     =   9.00000, intdiel =   1.00000

Frozen or restrained atoms:
     ibelly  =       0, ntr     =       1
     restraint_wt =  50.00000

Molecular dynamics:
     nstlim  =       500, nscm    =         0, nrespa  =         1
     t       =   0.00000, dt      =   0.00400, vlimit  =  -1.00000

Langevin dynamics temperature regulation:
     ig      =   74427
     temp0   =  10.00000, tempi   =  10.00000, gamma_ln=   1.00000

SHAKE:
     ntc     =       2, jfastw  =       0
     tol     =   0.00001

NMR refinement options:
     iscale  =       0, noeskp  =       1, ipnlty  =       1, mxsub   =       1
     scalm   = 100.00000, pencut  =  -1.00000, tausw   =   0.10000

| Intermolecular bonds treatment:
|     no_intermolecular_bonds =       1

| Energy averages sample interval:
|     ene_avg_sampling =     500

Ewald parameters:
     verbose =       0, ew_type =       0, nbflag  =       1, use_pme =       1
     vdwmeth =       1, eedmeth =       1, netfrc  =       1
     Box X =   67.185   Box Y =   62.546   Box Z =  119.755
     Alpha =   90.000   Beta  =   90.000   Gamma =   90.000
     NFFT1 =   64       NFFT2 =   64       NFFT3 =  128
     Cutoff=    9.000   Tol   =0.100E-04
     Ewald Coefficient =  0.30768
     Interpolation order =    4

    LOADING THE CONSTRAINED ATOMS AS GROUPS


   5.  REFERENCE ATOM COORDINATES

  default_name                                                                    
     Mask :1-3 | :113@C3 | :113@C9 | :113@C11; matches     6 atoms

--------------------------------------------------------------------------------
   3.  ATOMIC COORDINATES AND VELOCITIES
--------------------------------------------------------------------------------

default_name                                                                    
 begin time read from input coords =     0.000 ps



           Begin reading energy term weight changes/NMR restraints
 WEIGHT CHANGES:
                         ** No weight changes given **

 RESTRAINTS:
 Requested file redirections:
  DISANG    = disang.rest
  LISTOUT   = POUT
 Restraints will be read from file: disang.rest
Here are comments from the DISANG input file:
# Anchor atoms  :58@CA  :79@CA  :105@CA  :113@C3  :113@C9  :113@C11  stage = pre
 
                       Number of restraints read =    54

                  Done reading weight changes/NMR restraints


 
 Number of triangulated 3-point waters found:    13000

     Sum of charges from parm topology file =  -0.00000106
     Forcing neutrality...

| Dynamic Memory, Types Used:
| Reals             1322140
| Integers          1191820

| Nonbonded Pairs Initial Allocation:     9317448

| GPU memory information (estimate):
| KB of GPU memory in use:    238755
| KB of CPU memory in use:     49539

--------------------------------------------------------------------------------
   4.  RESULTS
--------------------------------------------------------------------------------

 ---------------------------------------------------
 APPROXIMATING switch and d/dx switch using CUBIC SPLINE INTERPOLATION
 using   5000.0 points per unit in tabled values
 TESTING RELATIVE ERROR over r ranging from 0.0 to cutoff
| CHECK switch(x): max rel err =   0.3316E-14   at   2.351880
| CHECK d/dx switch(x): max rel err =   0.8205E-11   at   2.761360
 ---------------------------------------------------
|---------------------------------------------------
| APPROXIMATING direct energy using CUBIC SPLINE INTERPOLATION
|  with   50.0 points per unit in tabled values
| Relative Error Limit not exceeded for r .gt.   2.39
| APPROXIMATING direct force using CUBIC SPLINE INTERPOLATION
|  with   50.0 points per unit in tabled values
| Relative Error Limit not exceeded for r .gt.   2.84
|---------------------------------------------------

 NSTEP =        0   TIME(PS) =       0.000  TEMP(K) =    14.84  PRESS =     0.0
 Etot   =   -171617.4092  EKtot   =      1219.2122  EPtot      =   -172836.6213
 BOND   =        68.4664  ANGLE   =       277.9989  DIHED      =      1205.8733
 1-4 NB =       358.1864  1-4 EEL =      5437.2314  VDWAALS    =     25520.3569
 EELEC  =   -205707.7113  EHBOND  =         0.0000  RESTRAINT  =         2.9766
 EAMBER (non-restraint)  =   -172839.5980
 ------------------------------------------------------------------------------

 NMR restraints: Bond =    0.115   Angle =     0.006   Torsion =     2.579
===============================================================================

 NSTEP =      500   TIME(PS) =       2.000  TEMP(K) =    26.76  PRESS =     0.0
 Etot   =   -158829.1533  EKtot   =      2199.0706  EPtot      =   -161028.2239
 BOND   =        68.7939  ANGLE   =       298.5140  DIHED      =      1221.4845
 1-4 NB =       380.5995  1-4 EEL =      5457.5599  VDWAALS    =     30669.3115
 EELEC  =   -199129.7425  EHBOND  =         0.0000  RESTRAINT  =         5.2553
 EAMBER (non-restraint)  =   -161033.4791
 ------------------------------------------------------------------------------

 NMR restraints: Bond =    0.493   Angle =     0.090   Torsion =     4.060
===============================================================================

      A V E R A G E S   O V E R       1 S T E P S


 NSTEP =      500   TIME(PS) =       2.000  TEMP(K) =    26.76  PRESS =     0.0
 Etot   =   -158829.1533  EKtot   =      2199.0706  EPtot      =   -161028.2239
 BOND   =        68.7939  ANGLE   =       298.5140  DIHED      =      1221.4845
 1-4 NB =       380.5995  1-4 EEL =      5457.5599  VDWAALS    =     30669.3115
 EELEC  =   -199129.7425  EHBOND  =         0.0000  RESTRAINT  =         5.2553
 EAMBER (non-restraint)  =   -161033.4791
 ------------------------------------------------------------------------------

 NMR restraints: Bond =    0.493   Angle =     0.090   Torsion =     4.060
===============================================================================

      R M S  F L U C T U A T I O N S


 NSTEP =      500   TIME(PS) =       2.000  TEMP(K) =     0.00  PRESS =     0.0
 Etot   =         0.0000  EKtot   =         0.0000  EPtot      =         0.0000
 BOND   =         0.0000  ANGLE   =         0.0000  DIHED      =         0.0000
 1-4 NB =         0.0000  1-4 EEL =         0.0000  VDWAALS    =         0.0000
 EELEC  =         0.0000  EHBOND  =         0.0000  RESTRAINT  =         0.0000
 ------------------------------------------------------------------------------


 NMR restraints on final step:

 ------------------------------------------------------------------------------


 Final Restraint Analysis for coords: therm1.rst7                             


 Restraints, deviations, and energy contributions:    pencut =   -1.00

 ------------------------------------------------------------------------------
     First atom        Last atom    curr. value target deviation  penalty
 ------------------------------------------------------------------------------
  Pb   DUM    2 --  CA   ILE   58:    7.602    7.780    0.178    0.317 d    0: 0
  Pb   DUM    1 --  CA   ILE   58:   90.152   90.000    0.152    0.002 a
  Pb   DUM    1 --  Pb   DUM    2:  180.496  180.000    0.496    0.019 t
  Pb   DUM    2 --  CA   LEU   79:   78.141   77.652    0.490    0.018 a
  Pb   DUM    2 --  CA   ILE   58:    4.748    4.231    0.516    0.020 t
  CA   ILE   58 --  CA   LEU   79:   86.741   83.643    3.098    0.731 t
  CA   ILE   58 --  CA   LEU   79:   10.612   10.640    0.028    0.004 d    0: 0
  CA   LEU   79 --  CA   PHE  105:   12.419   12.582    0.163    0.133 d    0: 0
  CA   PHE  105 --  CA   ILE   58:   13.324   13.332    0.008    0.000 d    0: 0
  CA   PRO   34 --  C    PRO   34:  143.852  144.272    0.420    0.003 t
  N    VAL   35 --  CA   VAL   35:  -58.857  -56.203    2.654    0.107 t
  CA   VAL   35 --  C    VAL   35:  132.815  129.560    3.255    0.161 t
  N    ASP   36 --  CA   ASP   36:  -74.743  -76.176    1.433    0.031 t
  CA   ASP   36 --  C    ASP   36:   89.629   89.334    0.295    0.001 t
  N    VAL   37 --  CA   VAL   37:  -69.123  -68.294    0.829    0.010 t
  CA   VAL   37 --  C    VAL   37:   -3.285   -7.195    3.910    0.233 t
  N    GLU   38 --  CA   GLU   38:  -91.782  -93.239    1.457    0.032 t
  CA   GLU   38 --  C    GLU   38:   -7.675   -7.767    0.092    0.000 t
  N    ALA   39 --  CA   ALA   39:  -72.588  -74.202    1.614    0.040 t
  CA   ALA   39 --  C    ALA   39:  146.494  147.568    1.074    0.018 t
  N    LEU   40 --  CA   LEU   40:  -58.892  -57.700    1.192    0.022 t
  CA   LEU   40 --  C    LEU   40:  125.748  128.414    2.666    0.108 t
  N    GLY   41 --  CA   GLY   41:   95.412   99.760    4.348    0.288 t
  CA   GLY   41 --  C    GLY   41:  -10.876  -12.800    1.924    0.056 t
  N    LEU   42 --  CA   LEU   42: -106.468 -107.647    1.179    0.021 t
  CA   LEU   42 --  C    LEU   42:   14.392   18.376    3.984    0.242 t
  N    HIE   43 --  CA   HIE   43:  -60.103  -58.835    1.268    0.024 t
  CA   HIE   43 --  C    HIE   43:  -24.825  -25.352    0.527    0.004 t
  N    ASP   44 --  CA   ASP   44: -100.488 -102.924    2.436    0.090 t
  CA   ASP   44 --  C    ASP   44:    0.493    4.593    4.100    0.256 t
  N    TYR   45 --  CA   TYR   45:  -60.618  -56.776    3.841    0.225 t
  Pb   DUM    1 --  C3   LIG  113:    4.964    5.000    0.036    0.006 d    0: 0
  Pb   DUM    2 --  C3   LIG  113:   89.541   90.000    0.459    0.016 a
  Pb   DUM    2 --  Pb   DUM    1:    0.486    0.000    0.486    0.018 t
  Pb   DUM    1 --  C9   LIG  113:  135.605  134.825    0.780    0.046 a
  Pb   DUM    1 --  C3   LIG  113:  -40.593  -40.760    0.168    0.002 t
  C3   LIG  113 --  C9   LIG  113: -147.522 -147.329    0.193    0.003 t
  C3   LIG  113 --  C9   LIG  113:    6.447    6.392    0.055    0.015 d    0: 0
  C9   LIG  113 --  C11  LIG  113:    6.374    6.364    0.010    0.000 d    0: 0
  C11  LIG  113 --  C3   LIG  113:    6.550    6.535    0.015    0.001 d    0: 0
  C10  LIG  113 --  C9   LIG  113:   -3.490   -4.102    0.612    0.008 t
  C5   LIG  113 --  C6   LIG  113:  174.815  174.162    0.653    0.009 t
  C8   LIG  113 --  C9   LIG  113:   -5.732   -8.316    2.584    0.142 t
  C7   LIG  113 --  C8   LIG  113:    7.755    9.382    1.627    0.056 t
  C6   LIG  113 --  C7   LIG  113:   -0.568    1.647    2.215    0.105 t
  C    LIG  113 --  N2   LIG  113:  153.977  155.656    1.680    0.060 t
  C5   LIG  113 --  C10  LIG  113: -172.576 -172.471    0.105    0.000 t
  C    LIG  113 --  C1   LIG  113:   11.814   16.096    4.282    0.391 t
  N    LIG  113 --  N1   LIG  113:   -1.899   -2.975    1.076    0.025 t
  C    LIG  113 --  C4   LIG  113:  175.733  172.131    3.602    0.277 t
  C2   LIG  113 --  N    LIG  113:  174.846  173.910    0.936    0.019 t
  C1   LIG  113 --  C2   LIG  113:  170.756  173.252    2.495    0.133 t
  C4   LIG  113 --  N1   LIG  113:    5.062    5.550    0.488    0.005 t
  C4   LIG  113 --  C5   LIG  113:  135.860  135.268    0.592    0.007 t
                                       Total distance penalty:      0.477
                                       Total angle    penalty:      0.082
                                       Total torsion  penalty:      4.004
 ------------------------------------------------------------------------------
--------------------------------------------------------------------------------
   5.  TIMINGS
--------------------------------------------------------------------------------

|  NonSetup CPU Time in Major Routines:
|
|     Routine           Sec        %
|     ------------------------------
|     Nonbond           0.07    7.07
|     Bond              0.00    0.00
|     Angle             0.00    0.00
|     Dihedral          0.00    0.00
|     Shake             0.00    0.31
|     RunMD             0.88   91.27
|     Other             0.01    1.35
|     ------------------------------
|     Total             0.96

|  PME Nonbond Pairlist CPU Time:
|
|     Routine              Sec        %
|     ---------------------------------
|     Set Up Cit           0.00    0.00
|     Build List           0.00    0.00
|     ---------------------------------
|     Total                0.00    0.00

|  PME Direct Force CPU Time:
|
|     Routine              Sec        %
|     ---------------------------------
|     NonBonded Calc       0.00    0.00
|     Exclude Masked       0.00    0.00
|     Other                0.00    0.42
|     ---------------------------------
|     Total                0.00    0.42

|  PME Reciprocal Force CPU Time:
|
|     Routine              Sec        %
|     ---------------------------------
|     1D bspline           0.00    0.00
|     Grid Charges         0.00    0.00
|     Scalar Sum           0.00    0.00
|     Gradient Sum         0.00    0.00
|     FFT                  0.00    0.00
|     ---------------------------------
|     Total                0.00    0.00

|  Final Performance Info:
|     -----------------------------------------------------
|     Average timings for last     500 steps:
|         Elapsed(s) =       1.05 Per Step(ms) =       2.10
|             ns/day =     164.40   seconds/ns =     525.55
|
|     Average timings for all steps:
|         Elapsed(s) =       1.05 Per Step(ms) =       2.10
|             ns/day =     164.40   seconds/ns =     525.55
|     -----------------------------------------------------

|  Setup CPU time:            0.40 seconds
|  NonSetup CPU time:         0.96 seconds
|  Total CPU time:            1.36 seconds     0.00 hours

|  Setup wall time:           1    seconds
|  NonSetup wall time:        1    seconds
|  Total wall time:           2    seconds     0.00 hours
