
          -------------------------------------------------------
          Amber 14 SANDER                              2014
          -------------------------------------------------------

| PMEMD implementation of SANDER, Release 14

| Run on 04/28/2020 at 09:24:06

|   Executable path: pmemd.cuda
| Working directory: /home1/tbaba/centos/BAT.py-master/BAT/prep/pose0
|          Hostname: tx1

  [-O]verwriting output

File Assignments:
|   MDIN: eqnpt.in                                                              
|  MDOUT: eqnpt.out                                                             
| INPCRD: therm2.rst7                                                           
|   PARM: full.hmr.prmtop                                                       
| RESTRT: eqnpt.rst7                                                            
|   REFC: full.inpcrd                                                           
|  MDVEL: mdvel                                                                 
|   MDEN: mden                                                                  
|  MDCRD: traj000.nc                                                            
| MDINFO: mdinfo                                                                
|  MDFRC: mdfrc                                                                 

 
 Here is the input file:
 
*******************************************************                        
*****************************       eqnpt.in                                   
*******************************************************                        
Equilibrate, NPT.                                                              
 &cntrl                                                                        
  imin = 0,                                                                    
  ntx = 5,                                                                     
  irest = 1,                                                                   
  ntpr = 500,                                                                  
  ntwr = 500,                                                                  
  ntwx = 500,                                                                  
  ioutfm = 1,                                                                  
  iwrap = 1,                                                                   
  ntf = 2,                                                                     
  ntc = 2,                                                                     
  cut = 9.0,                                                                   
  ntt = 3,                                                                     
  temp0 = 298.15,                                                              
  gamma_ln = 1.0,                                                              
  ig = -1,                                                                     
  ntp = 1,                                                                     
  barostat = 2,                                                                
  nstlim = 3500,                                                               
  dt = 0.004,                                                                  
  ntr = 1,                                                                     
  restraint_wt = 50.0,                                                         
  restraintmask = ':1-3',                                                      
  nmropt = 1,                                                                  
  pencut = -1,                                                                 
 /                                                                             
 &wt type = 'END', /                                                           
DISANG=disang.rest                                                             
LISTOUT=POUT                                                                   
                                                                               


Note: ig = -1. Setting random seed to   171881 based on wallclock time in 
      microseconds.
 
|--------------------- INFORMATION ----------------------
| GPU (CUDA) Version of PMEMD in use: NVIDIA GPU IN USE.
|                    Version 14.0.1
| 
|                      06/20/2014
| 
| Implementation by:
|                    Ross C. Walker     (SDSC)
|                    Scott Le Grand     (nVIDIA)
| 
| CAUTION: The CUDA code is currently experimental.
|          You use it at your own risk. Be sure to
|          check ALL results carefully.
| 
| Precision model in use:
|      [SPFP] - Mixed Single/Double/Fixed Point Precision.
|               (Default)
| 
|--------------------------------------------------------
 
|----------------- CITATION INFORMATION -----------------
|
|    When publishing work that utilized the CUDA version
|    of AMBER, please cite the following in addition to
|    the regular AMBER citations:
|
|  - Romelia Salomon-Ferrer; Andreas W. Goetz; Duncan
|    Poole; Scott Le Grand; Ross C. Walker "Routine
|    microsecond molecular dynamics simulations with
|    AMBER - Part II: Particle Mesh Ewald", J. Chem.
|    Theory Comput., 2013, 9 (9), pp3878-3888,
|    DOI: 10.1021/ct400314y.
|
|  - Andreas W. Goetz; Mark J. Williamson; Dong Xu;
|    Duncan Poole; Scott Le Grand; Ross C. Walker
|    "Routine microsecond molecular dynamics simulations
|    with AMBER - Part I: Generalized Born", J. Chem.
|    Theory Comput., 2012, 8 (5), pp1542-1555.
|
|  - Scott Le Grand; Andreas W. Goetz; Ross C. Walker
|    "SPFP: Speed without compromise - a mixed precision
|    model for GPU accelerated molecular dynamics
|    simulations.", Comp. Phys. Comm., 2013, 184
|    pp374-380, DOI: 10.1016/j.cpc.2012.09.022
|
|--------------------------------------------------------
 
|------------------- GPU DEVICE INFO --------------------
|
|            CUDA_VISIBLE_DEVICES: not set
|   CUDA Capable Devices Detected:      4
|           CUDA Device ID in use:      0
|                CUDA Device Name: GeForce GTX TITAN X
|     CUDA Device Global Mem Size:  12212 MB
| CUDA Device Num Multiprocessors:     24
|           CUDA Device Core Freq:   1.08 GHz
|
|--------------------------------------------------------
 
 
| Conditional Compilation Defines Used:
| FFTW_FFT
| BINTRAJ
| MKL
| CUDA
| EMIL
 
| Largest sphere to fit in unit cell has radius =    32.369

| New format PARM file being parsed.
| Version =    1.000 Date = 04/28/20 Time = 08:25:46

| Note: 1-4 EEL scale factors are being read from the topology file.

| Note: 1-4 VDW scale factors are being read from the topology file.
| Duplicated    0 dihedrals

| Duplicated    0 dihedrals

--------------------------------------------------------------------------------
   1.  RESOURCE   USE: 
--------------------------------------------------------------------------------

 getting new box info from bottom of inpcrd
 NATOM  =   40866 NTYPES =      18 NBONH =   39890 MBONA  =     933
 NTHETH =    2036 MTHETA =    1252 NPHIH =    3990 MPHIA  =    3859
 NHPARM =       0 NPARM  =       0 NNB   =   61967 NRES   =   13177
 NBONA  =     933 NTHETA =    1252 NPHIA =    3859 NUMBND =      87
 NUMANG =     186 NPTRA  =     207 NATYP =      51 NPHB   =       1
 IFBOX  =       1 NMXRS  =      29 IFCAP =       0 NEXTRA =       0
 NCOPY  =       0

| Coordinate Index Table dimensions:    13   12   23
| Direct force subcell size =     5.0906    5.3948    5.1282

     BOX TYPE: RECTILINEAR

--------------------------------------------------------------------------------
   2.  CONTROL  DATA  FOR  THE  RUN
--------------------------------------------------------------------------------

default_name                                                                    

General flags:
     imin    =       0, nmropt  =       1

Nature and format of input:
     ntx     =       5, irest   =       1, ntrx    =       1

Nature and format of output:
     ntxo    =       1, ntpr    =     500, ntrx    =       1, ntwr    =     500
     iwrap   =       1, ntwx    =     500, ntwv    =       0, ntwe    =       0
     ioutfm  =       1, ntwprt  =       0, idecomp =       0, rbornstat=      0

Potential function:
     ntf     =       2, ntb     =       2, igb     =       0, nsnb    =      25
     ipol    =       0, gbsa    =       0, iesp    =       0
     dielc   =   1.00000, cut     =   9.00000, intdiel =   1.00000

Frozen or restrained atoms:
     ibelly  =       0, ntr     =       1
     restraint_wt =  50.00000

Molecular dynamics:
     nstlim  =      3500, nscm    =         0, nrespa  =         1
     t       =   0.00000, dt      =   0.00400, vlimit  =  -1.00000

Langevin dynamics temperature regulation:
     ig      =  171881
     temp0   = 298.15000, tempi   =   0.00000, gamma_ln=   1.00000

Pressure regulation:
     ntp     =       1
     pres0   =   1.00000, comp    =  44.60000, taup    =   1.00000
     Monte-Carlo Barostat:
     mcbarint  =     100

SHAKE:
     ntc     =       2, jfastw  =       0
     tol     =   0.00001

NMR refinement options:
     iscale  =       0, noeskp  =       1, ipnlty  =       1, mxsub   =       1
     scalm   = 100.00000, pencut  =  -1.00000, tausw   =   0.10000

| Intermolecular bonds treatment:
|     no_intermolecular_bonds =       1

| Energy averages sample interval:
|     ene_avg_sampling =     500

Ewald parameters:
     verbose =       0, ew_type =       0, nbflag  =       1, use_pme =       1
     vdwmeth =       1, eedmeth =       1, netfrc  =       1
     Box X =   66.177   Box Y =   64.737   Box Z =  117.949
     Alpha =   90.000   Beta  =   90.000   Gamma =   90.000
     NFFT1 =   64       NFFT2 =   64       NFFT3 =  128
     Cutoff=    9.000   Tol   =0.100E-04
     Ewald Coefficient =  0.30768
     Interpolation order =    4

    LOADING THE CONSTRAINED ATOMS AS GROUPS


   5.  REFERENCE ATOM COORDINATES

  default_name                                                                    
     Mask :1-3; matches     3 atoms

--------------------------------------------------------------------------------
   3.  ATOMIC COORDINATES AND VELOCITIES
--------------------------------------------------------------------------------

default_name                                                                    
 begin time read from input coords =   102.000 ps



           Begin reading energy term weight changes/NMR restraints
 WEIGHT CHANGES:
                         ** No weight changes given **

 RESTRAINTS:
 Requested file redirections:
  DISANG    = disang.rest
  LISTOUT   = POUT
 Restraints will be read from file: disang.rest
Here are comments from the DISANG input file:
# Anchor atoms  :58@CA  :79@CA  :105@CA  :113@N1  :113@C11  :113@C8  stage = pre
 
                       Number of restraints read =    54

                  Done reading weight changes/NMR restraints


 
 Number of triangulated 3-point waters found:    13000

     Sum of charges from parm topology file =  -0.00000106
     Forcing neutrality...

| Dynamic Memory, Types Used:
| Reals             1885969
| Integers          1191820

| Nonbonded Pairs Initial Allocation:     9317448

| GPU memory information (estimate):
| KB of GPU memory in use:    238754
| KB of CPU memory in use:     49538

--------------------------------------------------------------------------------
   4.  RESULTS
--------------------------------------------------------------------------------

 ---------------------------------------------------
 APPROXIMATING switch and d/dx switch using CUBIC SPLINE INTERPOLATION
 using   5000.0 points per unit in tabled values
 TESTING RELATIVE ERROR over r ranging from 0.0 to cutoff
| CHECK switch(x): max rel err =   0.3316E-14   at   2.351880
| CHECK d/dx switch(x): max rel err =   0.8205E-11   at   2.761360
 ---------------------------------------------------
|---------------------------------------------------
| APPROXIMATING direct energy using CUBIC SPLINE INTERPOLATION
|  with   50.0 points per unit in tabled values
| Relative Error Limit not exceeded for r .gt.   2.39
| APPROXIMATING direct force using CUBIC SPLINE INTERPOLATION
|  with   50.0 points per unit in tabled values
| Relative Error Limit not exceeded for r .gt.   2.84
|---------------------------------------------------
| Attempting MC barostat change: Failed
| Attempting MC barostat change: Succeeded
| Attempting MC barostat change: Failed
| Attempting MC barostat change: Failed
| Attempting MC barostat change: Succeeded

 NSTEP =      500   TIME(PS) =     104.000  TEMP(K) =   294.64  PRESS =     0.0
 Etot   =   -105843.4192  EKtot   =     24213.1973  EPtot      =   -130056.6164
 BOND   =       415.6778  ANGLE   =       952.3440  DIHED      =      1373.1057
 1-4 NB =       414.3283  1-4 EEL =      5452.3449  VDWAALS    =     18115.8679
 EELEC  =   -156796.1580  EHBOND  =         0.0000  RESTRAINT  =        15.8729
 EAMBER (non-restraint)  =   -130072.4894
 EKCMT  =         0.0000  VIRIAL  =         0.0000  VOLUME     =    502980.9167
                                                    Density    =         0.8244
 ------------------------------------------------------------------------------

 NMR restraints: Bond =    0.697   Angle =     1.487   Torsion =    12.073
===============================================================================
| Attempting MC barostat change: Failed
| Attempting MC barostat change: Succeeded
| Attempting MC barostat change: Failed
| Attempting MC barostat change: Succeeded
| Attempting MC barostat change: Failed

 NSTEP =     1000   TIME(PS) =     106.000  TEMP(K) =   294.86  PRESS =     0.0
 Etot   =   -105700.1314  EKtot   =     24230.8613  EPtot      =   -129930.9928
 BOND   =       407.5790  ANGLE   =      1020.5858  DIHED      =      1377.4082
 1-4 NB =       418.9121  1-4 EEL =      5434.9972  VDWAALS    =     17381.5452
 EELEC  =   -155991.3841  EHBOND  =         0.0000  RESTRAINT  =        19.3637
 EAMBER (non-restraint)  =   -129950.3565
 EKCMT  =         0.0000  VIRIAL  =         0.0000  VOLUME     =    498536.1941
                                                    Density    =         0.8318
 ------------------------------------------------------------------------------

 NMR restraints: Bond =    0.634   Angle =     1.602   Torsion =    12.537
===============================================================================
| Attempting MC barostat change: Failed
| Attempting MC barostat change: Failed
| Attempting MC barostat change: Failed
| Attempting MC barostat change: Failed
| Attempting MC barostat change: Succeeded

 NSTEP =     1500   TIME(PS) =     108.000  TEMP(K) =   298.41  PRESS =     0.0
 Etot   =   -105101.8266  EKtot   =     24523.1426  EPtot      =   -129624.9691
 BOND   =       409.7500  ANGLE   =      1031.5810  DIHED      =      1365.7511
 1-4 NB =       413.1775  1-4 EEL =      5447.3921  VDWAALS    =     17361.0421
 EELEC  =   -155669.5517  EHBOND  =         0.0000  RESTRAINT  =        15.8887
 EAMBER (non-restraint)  =   -129640.8578
 EKCMT  =         0.0000  VIRIAL  =         0.0000  VOLUME     =    497761.0104
                                                    Density    =         0.8330
 ------------------------------------------------------------------------------

 NMR restraints: Bond =    0.167   Angle =     0.101   Torsion =    14.073
===============================================================================
| Attempting MC barostat change: Failed
| Attempting MC barostat change: Succeeded
| Attempting MC barostat change: Failed
| Attempting MC barostat change: Succeeded
| Attempting MC barostat change: Succeeded

 NSTEP =     2000   TIME(PS) =     110.000  TEMP(K) =   299.34  PRESS =     0.0
 Etot   =   -105334.8926  EKtot   =     24599.1504  EPtot      =   -129934.0430
 BOND   =       409.8736  ANGLE   =       948.8071  DIHED      =      1355.3222
 1-4 NB =       415.9398  1-4 EEL =      5453.6092  VDWAALS    =     18114.4988
 EELEC  =   -156650.3253  EHBOND  =         0.0000  RESTRAINT  =        18.2316
 EAMBER (non-restraint)  =   -129952.2746
 EKCMT  =         0.0000  VIRIAL  =         0.0000  VOLUME     =    487936.9862
                                                    Density    =         0.8498
 ------------------------------------------------------------------------------

 NMR restraints: Bond =    2.809   Angle =     2.162   Torsion =    10.447
===============================================================================
| Attempting MC barostat change: Failed
| Attempting MC barostat change: Succeeded
| Attempting MC barostat change: Succeeded
| Attempting MC barostat change: Succeeded
| Attempting MC barostat change: Failed

 NSTEP =     2500   TIME(PS) =     112.000  TEMP(K) =   297.20  PRESS =     0.0
 Etot   =   -105825.7093  EKtot   =     24423.0703  EPtot      =   -130248.7797
 BOND   =       442.9963  ANGLE   =      1025.7843  DIHED      =      1354.8588
 1-4 NB =       422.6786  1-4 EEL =      5409.3676  VDWAALS    =     17308.4013
 EELEC  =   -156232.0628  EHBOND  =         0.0000  RESTRAINT  =        19.1964
 EAMBER (non-restraint)  =   -130267.9760
 EKCMT  =         0.0000  VIRIAL  =         0.0000  VOLUME     =    482227.9302
                                                    Density    =         0.8599
 ------------------------------------------------------------------------------

 NMR restraints: Bond =    2.841   Angle =     0.807   Torsion =    11.150
===============================================================================
| Attempting MC barostat change: Succeeded
| Attempting MC barostat change: Succeeded
| Attempting MC barostat change: Succeeded
| Attempting MC barostat change: Failed
| Attempting MC barostat change: Failed

 NSTEP =     3000   TIME(PS) =     114.000  TEMP(K) =   296.84  PRESS =     0.0
 Etot   =   -105829.2534  EKtot   =     24394.0586  EPtot      =   -130223.3120
 BOND   =       417.0460  ANGLE   =       972.2525  DIHED      =      1346.9126
 1-4 NB =       416.0340  1-4 EEL =      5465.2214  VDWAALS    =     17254.0490
 EELEC  =   -156114.7876  EHBOND  =         0.0000  RESTRAINT  =        19.9600
 EAMBER (non-restraint)  =   -130243.2720
 EKCMT  =         0.0000  VIRIAL  =         0.0000  VOLUME     =    478691.4790
                                                    Density    =         0.8662
 ------------------------------------------------------------------------------

 NMR restraints: Bond =    1.656   Angle =     0.688   Torsion =    14.769
===============================================================================
| Attempting MC barostat change: Failed
| Attempting MC barostat change: Failed
| Attempting MC barostat change: Succeeded
| Attempting MC barostat change: Failed
| Attempting MC barostat change: Failed

 NSTEP =     3500   TIME(PS) =     116.000  TEMP(K) =   296.26  PRESS =     0.0
 Etot   =   -105982.4905  EKtot   =     24346.0645  EPtot      =   -130328.5550
 BOND   =       425.5949  ANGLE   =      1024.2025  DIHED      =      1339.9481
 1-4 NB =       401.9790  1-4 EEL =      5417.4513  VDWAALS    =     17398.1075
 EELEC  =   -156349.3468  EHBOND  =         0.0000  RESTRAINT  =        13.5085
 EAMBER (non-restraint)  =   -130342.0635
 EKCMT  =         0.0000  VIRIAL  =         0.0000  VOLUME     =    478659.7272
                                                    Density    =         0.8663
 ------------------------------------------------------------------------------

 NMR restraints: Bond =    0.869   Angle =     0.583   Torsion =    10.028
===============================================================================

      A V E R A G E S   O V E R       7 S T E P S


 NSTEP =     3500   TIME(PS) =     116.000  TEMP(K) =   296.79  PRESS =     0.0
 Etot   =   -105659.6747  EKtot   =     24389.9350  EPtot      =   -130049.6097
 BOND   =       418.3597  ANGLE   =       996.5082  DIHED      =      1359.0438
 1-4 NB =       414.7213  1-4 EEL =      5440.0548  VDWAALS    =     17561.9303
 EELEC  =   -156257.6595  EHBOND  =         0.0000  RESTRAINT  =        17.4317
 EAMBER (non-restraint)  =   -130067.0414
 EKCMT  =         0.0000  VIRIAL  =         0.0000  VOLUME     =    489542.0348
                                                    Density    =         0.8473
 ------------------------------------------------------------------------------

 NMR restraints: Bond =    0.869   Angle =     0.583   Torsion =    10.028
===============================================================================

      R M S  F L U C T U A T I O N S


 NSTEP =     3500   TIME(PS) =     116.000  TEMP(K) =     1.60  PRESS =     0.0
 Etot   =       295.8308  EKtot   =       131.5271  EPtot      =       225.3397
 BOND   =        11.5300  ANGLE   =        34.3264  DIHED      =        12.6669
 1-4 NB =         5.9641  1-4 EEL =        18.8989  VDWAALS    =       352.7402
 EELEC  =       356.6540  EHBOND  =         0.0000  RESTRAINT  =         2.2065
 EAMBER (non-restraint)  =       223.1332
 EKCMT  =         0.0000  VIRIAL  =         0.0000  VOLUME     =      9420.9606
                                                    Density    =         0.0163
 ------------------------------------------------------------------------------


 NMR restraints on final step:

 ------------------------------------------------------------------------------


 Final Restraint Analysis for coords: eqnpt.rst7                              


 Restraints, deviations, and energy contributions:    pencut =   -1.00

 ------------------------------------------------------------------------------
     First atom        Last atom    curr. value target deviation  penalty
 ------------------------------------------------------------------------------
  Pb   DUM    2 --  CA   ILE   58:   11.887   11.895    0.008    0.001 d    0: 0
  Pb   DUM    1 --  CA   ILE   58:   92.286   90.000    2.286    0.398 a
  Pb   DUM    1 --  Pb   DUM    2:  178.548  180.000    1.452    0.161 t
  Pb   DUM    2 --  CA   LEU   79:   73.705   74.423    0.718    0.039 a
  Pb   DUM    2 --  CA   ILE   58:   21.814   21.287    0.527    0.021 t
  CA   ILE   58 --  CA   LEU   79:   84.857   86.680    1.822    0.253 t
  CA   ILE   58 --  CA   LEU   79:   10.677   10.640    0.037    0.007 d    0: 0
  CA   LEU   79 --  CA   PHE  105:   12.636   12.583    0.053    0.014 d    0: 0
  CA   PHE  105 --  CA   ILE   58:   13.722   13.332    0.390    0.761 d    0: 0
  CA   PRO   34 --  C    PRO   34:  141.780  144.217    2.437    0.090 t
  N    VAL   35 --  CA   VAL   35:  -54.527  -56.167    1.640    0.041 t
  CA   VAL   35 --  C    VAL   35:  132.818  129.525    3.293    0.165 t
  N    ASP   36 --  CA   ASP   36:  -78.018  -76.193    1.825    0.051 t
  CA   ASP   36 --  C    ASP   36:   95.877   89.364    6.514    0.646 t
  N    VAL   37 --  CA   VAL   37:  -74.405  -68.274    6.131    0.573 t
  CA   VAL   37 --  C    VAL   37:  -11.911   -7.220    4.691    0.335 t
  N    GLU   38 --  CA   GLU   38:  -89.912  -93.159    3.247    0.161 t
  CA   GLU   38 --  C    GLU   38:   -2.349   -7.845    5.496    0.460 t
  N    ALA   39 --  CA   ALA   39:  -66.409  -74.191    7.783    0.923 t
  CA   ALA   39 --  C    ALA   39:  150.607  147.578    3.029    0.140 t
  N    LEU   40 --  CA   LEU   40:  -62.525  -57.702    4.823    0.354 t
  CA   LEU   40 --  C    LEU   40:  122.789  128.400    5.611    0.480 t
  N    GLY   41 --  CA   GLY   41:   94.617   99.732    5.115    0.399 t
  CA   GLY   41 --  C    GLY   41:  -17.136  -12.759    4.377    0.292 t
  N    LEU   42 --  CA   LEU   42: -103.666 -107.618    3.952    0.238 t
  CA   LEU   42 --  C    LEU   42:   21.349   18.284    3.065    0.143 t
  N    HIE   43 --  CA   HIE   43:  -65.028  -58.806    6.222    0.590 t
  CA   HIE   43 --  C    HIE   43:  -21.837  -25.366    3.529    0.190 t
  N    ASP   44 --  CA   ASP   44: -102.746 -102.929    0.183    0.001 t
  CA   ASP   44 --  C    ASP   44:    8.321    4.656    3.665    0.205 t
  N    TYR   45 --  CA   TYR   45:  -58.429  -56.812    1.617    0.040 t
  Pb   DUM    1 --  N1   LIG  113:    5.045    5.000    0.045    0.010 d    0: 0
  Pb   DUM    2 --  N1   LIG  113:   88.737   90.000    1.263    0.121 a
  Pb   DUM    2 --  Pb   DUM    1:    0.757    0.000    0.757    0.044 t
  Pb   DUM    1 --  C11  LIG  113:  135.629  135.630    0.001    0.000 a
  Pb   DUM    1 --  N1   LIG  113: -117.751 -119.844    2.093    0.334 t
  N1   LIG  113 --  C11  LIG  113: -154.496 -153.510    0.986    0.074 t
  N1   LIG  113 --  C11  LIG  113:    5.022    4.931    0.091    0.042 d    0: 0
  C11  LIG  113 --  C8   LIG  113:    5.894    5.856    0.038    0.007 d    0: 0
  C8   LIG  113 --  N1   LIG  113:    5.237    5.122    0.115    0.066 d    0: 0
  C10  LIG  113 --  C9   LIG  113:   15.960   12.916    3.044    0.198 t
  C5   LIG  113 --  C6   LIG  113: -180.810 -178.683    2.127    0.096 t
  C8   LIG  113 --  C9   LIG  113:   -8.730   -4.440    4.290    0.392 t
  C7   LIG  113 --  C8   LIG  113:   -1.944   -5.351    3.407    0.247 t
  C6   LIG  113 --  C7   LIG  113:    6.366    6.629    0.263    0.001 t
  C    LIG  113 --  N2   LIG  113:  167.443  166.205    1.238    0.033 t
  C5   LIG  113 --  C10  LIG  113:  169.723  169.030    0.692    0.010 t
  C    LIG  113 --  C1   LIG  113:   -4.202   -4.304    0.101    0.000 t
  N    LIG  113 --  N1   LIG  113:   10.706    6.217    4.488    0.430 t
  C    LIG  113 --  C4   LIG  113: -170.368 -164.950    5.418    0.626 t
  C2   LIG  113 --  N    LIG  113:  180.583  168.879   11.704    2.921 t
  C1   LIG  113 --  C2   LIG  113:  174.228  176.682    2.454    0.128 t
  C4   LIG  113 --  N1   LIG  113:   -8.562   -9.239    0.677    0.010 t
  C4   LIG  113 --  C5   LIG  113:   83.642   88.452    4.810    0.493 t
                                       Total distance penalty:      0.907
                                       Total angle    penalty:      0.559
                                       Total torsion  penalty:     12.986
 ------------------------------------------------------------------------------
| MC Barostat:         35 volume changes attempted.
| MC Barostat:         15 changes successful ( 42.86%)
 ------------------------------------------------------------------------------

--------------------------------------------------------------------------------
   5.  TIMINGS
--------------------------------------------------------------------------------

|  NonSetup CPU Time in Major Routines:
|
|     Routine           Sec        %
|     ------------------------------
|     Nonbond           0.86   10.92
|     Bond              0.00    0.00
|     Angle             0.00    0.00
|     Dihedral          0.00    0.00
|     Shake             0.02    0.32
|     RunMD             6.89   87.89
|     Other             0.07    0.87
|     ------------------------------
|     Total             7.83

|  PME Nonbond Pairlist CPU Time:
|
|     Routine              Sec        %
|     ---------------------------------
|     Set Up Cit           0.00    0.00
|     Build List           0.00    0.00
|     ---------------------------------
|     Total                0.00    0.00

|  PME Direct Force CPU Time:
|
|     Routine              Sec        %
|     ---------------------------------
|     NonBonded Calc       0.00    0.00
|     Exclude Masked       0.00    0.00
|     Other                0.01    0.14
|     ---------------------------------
|     Total                0.01    0.14

|  PME Reciprocal Force CPU Time:
|
|     Routine              Sec        %
|     ---------------------------------
|     1D bspline           0.00    0.00
|     Grid Charges         0.00    0.00
|     Scalar Sum           0.00    0.00
|     Gradient Sum         0.00    0.00
|     FFT                  0.00    0.00
|     ---------------------------------
|     Total                0.00    0.00

|  Final Performance Info:
|     -----------------------------------------------------
|     Average timings for last    3000 steps:
|         Elapsed(s) =       7.13 Per Step(ms) =       2.38
|             ns/day =     145.45   seconds/ns =     594.00
|
|     Average timings for all steps:
|         Elapsed(s) =       8.35 Per Step(ms) =       2.38
|             ns/day =     144.92   seconds/ns =     596.18
|     -----------------------------------------------------

|  Setup CPU time:            1.80 seconds
|  NonSetup CPU time:         7.83 seconds
|  Total CPU time:            9.64 seconds     0.00 hours

|  Setup wall time:           2    seconds
|  NonSetup wall time:        9    seconds
|  Total wall time:          11    seconds     0.00 hours
