
          -------------------------------------------------------
          Amber 14 SANDER                              2014
          -------------------------------------------------------

| PMEMD implementation of SANDER, Release 14

| Run on 04/28/2020 at 09:24:38

|   Executable path: pmemd.cuda
| Working directory: /home1/tbaba/centos/BAT.py-master/BAT/prep/pose0
|          Hostname: tx1

  [-O]verwriting output

File Assignments:
|   MDIN: eqnpt.in                                                              
|  MDOUT: eqnpt03.out                                                           
| INPCRD: eqnpt02.rst7                                                          
|   PARM: full.hmr.prmtop                                                       
| RESTRT: eqnpt03.rst7                                                          
|   REFC: full.inpcrd                                                           
|  MDVEL: mdvel                                                                 
|   MDEN: mden                                                                  
|  MDCRD: traj003.nc                                                            
| MDINFO: mdinfo                                                                
|  MDFRC: mdfrc                                                                 

 
 Here is the input file:
 
*******************************************************                        
*****************************       eqnpt.in                                   
*******************************************************                        
Equilibrate, NPT.                                                              
 &cntrl                                                                        
  imin = 0,                                                                    
  ntx = 5,                                                                     
  irest = 1,                                                                   
  ntpr = 500,                                                                  
  ntwr = 500,                                                                  
  ntwx = 500,                                                                  
  ioutfm = 1,                                                                  
  iwrap = 1,                                                                   
  ntf = 2,                                                                     
  ntc = 2,                                                                     
  cut = 9.0,                                                                   
  ntt = 3,                                                                     
  temp0 = 298.15,                                                              
  gamma_ln = 1.0,                                                              
  ig = -1,                                                                     
  ntp = 1,                                                                     
  barostat = 2,                                                                
  nstlim = 3500,                                                               
  dt = 0.004,                                                                  
  ntr = 1,                                                                     
  restraint_wt = 50.0,                                                         
  restraintmask = ':1-3',                                                      
  nmropt = 1,                                                                  
  pencut = -1,                                                                 
 /                                                                             
 &wt type = 'END', /                                                           
DISANG=disang.rest                                                             
LISTOUT=POUT                                                                   
                                                                               


Note: ig = -1. Setting random seed to   824143 based on wallclock time in 
      microseconds.
 
|--------------------- INFORMATION ----------------------
| GPU (CUDA) Version of PMEMD in use: NVIDIA GPU IN USE.
|                    Version 14.0.1
| 
|                      06/20/2014
| 
| Implementation by:
|                    Ross C. Walker     (SDSC)
|                    Scott Le Grand     (nVIDIA)
| 
| CAUTION: The CUDA code is currently experimental.
|          You use it at your own risk. Be sure to
|          check ALL results carefully.
| 
| Precision model in use:
|      [SPFP] - Mixed Single/Double/Fixed Point Precision.
|               (Default)
| 
|--------------------------------------------------------
 
|----------------- CITATION INFORMATION -----------------
|
|    When publishing work that utilized the CUDA version
|    of AMBER, please cite the following in addition to
|    the regular AMBER citations:
|
|  - Romelia Salomon-Ferrer; Andreas W. Goetz; Duncan
|    Poole; Scott Le Grand; Ross C. Walker "Routine
|    microsecond molecular dynamics simulations with
|    AMBER - Part II: Particle Mesh Ewald", J. Chem.
|    Theory Comput., 2013, 9 (9), pp3878-3888,
|    DOI: 10.1021/ct400314y.
|
|  - Andreas W. Goetz; Mark J. Williamson; Dong Xu;
|    Duncan Poole; Scott Le Grand; Ross C. Walker
|    "Routine microsecond molecular dynamics simulations
|    with AMBER - Part I: Generalized Born", J. Chem.
|    Theory Comput., 2012, 8 (5), pp1542-1555.
|
|  - Scott Le Grand; Andreas W. Goetz; Ross C. Walker
|    "SPFP: Speed without compromise - a mixed precision
|    model for GPU accelerated molecular dynamics
|    simulations.", Comp. Phys. Comm., 2013, 184
|    pp374-380, DOI: 10.1016/j.cpc.2012.09.022
|
|--------------------------------------------------------
 
|------------------- GPU DEVICE INFO --------------------
|
|            CUDA_VISIBLE_DEVICES: not set
|   CUDA Capable Devices Detected:      4
|           CUDA Device ID in use:      0
|                CUDA Device Name: GeForce GTX TITAN X
|     CUDA Device Global Mem Size:  12212 MB
| CUDA Device Num Multiprocessors:     24
|           CUDA Device Core Freq:   1.08 GHz
|
|--------------------------------------------------------
 
 
| Conditional Compilation Defines Used:
| FFTW_FFT
| BINTRAJ
| MKL
| CUDA
| EMIL
 
| Largest sphere to fit in unit cell has radius =    30.558

| New format PARM file being parsed.
| Version =    1.000 Date = 04/28/20 Time = 08:25:46

| Note: 1-4 EEL scale factors are being read from the topology file.

| Note: 1-4 VDW scale factors are being read from the topology file.
| Duplicated    0 dihedrals

| Duplicated    0 dihedrals

--------------------------------------------------------------------------------
   1.  RESOURCE   USE: 
--------------------------------------------------------------------------------

 getting new box info from bottom of inpcrd
 NATOM  =   40866 NTYPES =      18 NBONH =   39890 MBONA  =     933
 NTHETH =    2036 MTHETA =    1252 NPHIH =    3990 MPHIA  =    3859
 NHPARM =       0 NPARM  =       0 NNB   =   61967 NRES   =   13177
 NBONA  =     933 NTHETA =    1252 NPHIA =    3859 NUMBND =      87
 NUMANG =     186 NPTRA  =     207 NATYP =      51 NPHB   =       1
 IFBOX  =       1 NMXRS  =      29 IFCAP =       0 NEXTRA =       0
 NCOPY  =       0

| Coordinate Index Table dimensions:    12   12   22
| Direct force subcell size =     5.2063    5.0930    5.0614

     BOX TYPE: RECTILINEAR

--------------------------------------------------------------------------------
   2.  CONTROL  DATA  FOR  THE  RUN
--------------------------------------------------------------------------------

default_name                                                                    

General flags:
     imin    =       0, nmropt  =       1

Nature and format of input:
     ntx     =       5, irest   =       1, ntrx    =       1

Nature and format of output:
     ntxo    =       1, ntpr    =     500, ntrx    =       1, ntwr    =     500
     iwrap   =       1, ntwx    =     500, ntwv    =       0, ntwe    =       0
     ioutfm  =       1, ntwprt  =       0, idecomp =       0, rbornstat=      0

Potential function:
     ntf     =       2, ntb     =       2, igb     =       0, nsnb    =      25
     ipol    =       0, gbsa    =       0, iesp    =       0
     dielc   =   1.00000, cut     =   9.00000, intdiel =   1.00000

Frozen or restrained atoms:
     ibelly  =       0, ntr     =       1
     restraint_wt =  50.00000

Molecular dynamics:
     nstlim  =      3500, nscm    =         0, nrespa  =         1
     t       =   0.00000, dt      =   0.00400, vlimit  =  -1.00000

Langevin dynamics temperature regulation:
     ig      =  824143
     temp0   = 298.15000, tempi   =   0.00000, gamma_ln=   1.00000

Pressure regulation:
     ntp     =       1
     pres0   =   1.00000, comp    =  44.60000, taup    =   1.00000
     Monte-Carlo Barostat:
     mcbarint  =     100

SHAKE:
     ntc     =       2, jfastw  =       0
     tol     =   0.00001

NMR refinement options:
     iscale  =       0, noeskp  =       1, ipnlty  =       1, mxsub   =       1
     scalm   = 100.00000, pencut  =  -1.00000, tausw   =   0.10000

| Intermolecular bonds treatment:
|     no_intermolecular_bonds =       1

| Energy averages sample interval:
|     ene_avg_sampling =     500

Ewald parameters:
     verbose =       0, ew_type =       0, nbflag  =       1, use_pme =       1
     vdwmeth =       1, eedmeth =       1, netfrc  =       1
     Box X =   62.476   Box Y =   61.116   Box Z =  111.352
     Alpha =   90.000   Beta  =   90.000   Gamma =   90.000
     NFFT1 =   64       NFFT2 =   64       NFFT3 =  120
     Cutoff=    9.000   Tol   =0.100E-04
     Ewald Coefficient =  0.30768
     Interpolation order =    4

    LOADING THE CONSTRAINED ATOMS AS GROUPS


   5.  REFERENCE ATOM COORDINATES

  default_name                                                                    
     Mask :1-3; matches     3 atoms

--------------------------------------------------------------------------------
   3.  ATOMIC COORDINATES AND VELOCITIES
--------------------------------------------------------------------------------

default_name                                                                    
 begin time read from input coords =   144.000 ps



           Begin reading energy term weight changes/NMR restraints
 WEIGHT CHANGES:
                         ** No weight changes given **

 RESTRAINTS:
 Requested file redirections:
  DISANG    = disang.rest
  LISTOUT   = POUT
 Restraints will be read from file: disang.rest
Here are comments from the DISANG input file:
# Anchor atoms  :58@CA  :79@CA  :105@CA  :113@N1  :113@C11  :113@C8  stage = pre
 
                       Number of restraints read =    54

                  Done reading weight changes/NMR restraints


 
 Number of triangulated 3-point waters found:    13000

     Sum of charges from parm topology file =  -0.00000106
     Forcing neutrality...

| Dynamic Memory, Types Used:
| Reals             1885961
| Integers          1191820

| Nonbonded Pairs Initial Allocation:     9317448

| GPU memory information (estimate):
| KB of GPU memory in use:    236840
| KB of CPU memory in use:     47624

--------------------------------------------------------------------------------
   4.  RESULTS
--------------------------------------------------------------------------------

 ---------------------------------------------------
 APPROXIMATING switch and d/dx switch using CUBIC SPLINE INTERPOLATION
 using   5000.0 points per unit in tabled values
 TESTING RELATIVE ERROR over r ranging from 0.0 to cutoff
| CHECK switch(x): max rel err =   0.3316E-14   at   2.351880
| CHECK d/dx switch(x): max rel err =   0.8205E-11   at   2.761360
 ---------------------------------------------------
|---------------------------------------------------
| APPROXIMATING direct energy using CUBIC SPLINE INTERPOLATION
|  with   50.0 points per unit in tabled values
| Relative Error Limit not exceeded for r .gt.   2.39
| APPROXIMATING direct force using CUBIC SPLINE INTERPOLATION
|  with   50.0 points per unit in tabled values
| Relative Error Limit not exceeded for r .gt.   2.84
|---------------------------------------------------
| Attempting MC barostat change: Succeeded
| Attempting MC barostat change: Failed
| Attempting MC barostat change: Failed
| Attempting MC barostat change: Failed
| Attempting MC barostat change: Succeeded

 NSTEP =      500   TIME(PS) =     146.000  TEMP(K) =   299.42  PRESS =     0.0
 Etot   =   -106956.7993  EKtot   =     24605.8574  EPtot      =   -131562.6567
 BOND   =       417.9384  ANGLE   =       990.6830  DIHED      =      1377.5077
 1-4 NB =       426.4930  1-4 EEL =      5428.2514  VDWAALS    =     18028.4850
 EELEC  =   -158270.9711  EHBOND  =         0.0000  RESTRAINT  =        38.9559
 EAMBER (non-restraint)  =   -131601.6127
 EKCMT  =         0.0000  VIRIAL  =         0.0000  VOLUME     =    423582.3521
                                                    Density    =         0.9789
 ------------------------------------------------------------------------------

 NMR restraints: Bond =    3.765   Angle =     4.618   Torsion =    12.404
===============================================================================
| Attempting MC barostat change: Failed
| Attempting MC barostat change: Failed
| Attempting MC barostat change: Failed
| Attempting MC barostat change: Failed
| Attempting MC barostat change: Failed
| MC Barostat: Decreasing size of volume moves

 NSTEP =     1000   TIME(PS) =     148.000  TEMP(K) =   298.74  PRESS =     0.0
 Etot   =   -106972.5558  EKtot   =     24549.6406  EPtot      =   -131522.1964
 BOND   =       419.3465  ANGLE   =       964.8454  DIHED      =      1368.7105
 1-4 NB =       431.0667  1-4 EEL =      5445.0254  VDWAALS    =     16900.6217
 EELEC  =   -157078.8427  EHBOND  =         0.0000  RESTRAINT  =        27.0301
 EAMBER (non-restraint)  =   -131549.2265
 EKCMT  =         0.0000  VIRIAL  =         0.0000  VOLUME     =    423582.3521
                                                    Density    =         0.9789
 ------------------------------------------------------------------------------

 NMR restraints: Bond =    4.894   Angle =     2.341   Torsion =    15.952
===============================================================================
| Attempting MC barostat change: Failed
| Attempting MC barostat change: Failed
| Attempting MC barostat change: Failed
| Attempting MC barostat change: Failed
| Attempting MC barostat change: Succeeded

 NSTEP =     1500   TIME(PS) =     150.000  TEMP(K) =   296.41  PRESS =     0.0
 Etot   =   -107307.4634  EKtot   =     24358.2031  EPtot      =   -131665.6665
 BOND   =       417.5164  ANGLE   =      1010.7727  DIHED      =      1388.1294
 1-4 NB =       403.1334  1-4 EEL =      5443.8574  VDWAALS    =     18290.9943
 EELEC  =   -158633.0021  EHBOND  =         0.0000  RESTRAINT  =        12.9321
 EAMBER (non-restraint)  =   -131678.5986
 EKCMT  =         0.0000  VIRIAL  =         0.0000  VOLUME     =    420824.9069
                                                    Density    =         0.9853
 ------------------------------------------------------------------------------

 NMR restraints: Bond =    1.012   Angle =     2.587   Torsion =     6.595
===============================================================================
| Attempting MC barostat change: Failed
| Attempting MC barostat change: Failed
| Attempting MC barostat change: Failed
| Attempting MC barostat change: Succeeded
| Attempting MC barostat change: Failed
| MC Barostat: Decreasing size of volume moves

 NSTEP =     2000   TIME(PS) =     152.000  TEMP(K) =   297.59  PRESS =     0.0
 Etot   =   -107436.8992  EKtot   =     24455.8379  EPtot      =   -131892.7371
 BOND   =       406.6949  ANGLE   =      1039.5190  DIHED      =      1356.0635
 1-4 NB =       422.1555  1-4 EEL =      5447.2526  VDWAALS    =     17390.4144
 EELEC  =   -157980.8703  EHBOND  =         0.0000  RESTRAINT  =        26.0334
 EAMBER (non-restraint)  =   -131918.7705
 EKCMT  =         0.0000  VIRIAL  =         0.0000  VOLUME     =    419807.9880
                                                    Density    =         0.9877
 ------------------------------------------------------------------------------

 NMR restraints: Bond =    3.276   Angle =     2.178   Torsion =    15.038
===============================================================================
| Attempting MC barostat change: Failed
| Attempting MC barostat change: Succeeded
| Attempting MC barostat change: Failed
| Attempting MC barostat change: Failed
| Attempting MC barostat change: Failed

 NSTEP =     2500   TIME(PS) =     154.000  TEMP(K) =   301.67  PRESS =     0.0
 Etot   =   -106887.2954  EKtot   =     24790.8105  EPtot      =   -131678.1060
 BOND   =       454.5294  ANGLE   =      1052.5970  DIHED      =      1376.4954
 1-4 NB =       426.0396  1-4 EEL =      5420.3832  VDWAALS    =     17335.8888
 EELEC  =   -157762.7292  EHBOND  =         0.0000  RESTRAINT  =        18.6898
 EAMBER (non-restraint)  =   -131696.7958
 EKCMT  =         0.0000  VIRIAL  =         0.0000  VOLUME     =    419007.1764
                                                    Density    =         0.9896
 ------------------------------------------------------------------------------

 NMR restraints: Bond =    1.867   Angle =     1.566   Torsion =    13.329
===============================================================================
| Attempting MC barostat change: Failed
| Attempting MC barostat change: Failed
| Attempting MC barostat change: Succeeded
| Attempting MC barostat change: Failed
| Attempting MC barostat change: Succeeded

 NSTEP =     3000   TIME(PS) =     156.000  TEMP(K) =   296.64  PRESS =     0.0
 Etot   =   -107436.1704  EKtot   =     24377.5840  EPtot      =   -131813.7544
 BOND   =       401.2205  ANGLE   =      1012.8830  DIHED      =      1346.9747
 1-4 NB =       418.8685  1-4 EEL =      5441.0564  VDWAALS    =     17616.4715
 EELEC  =   -158071.8166  EHBOND  =         0.0000  RESTRAINT  =        20.5876
 EAMBER (non-restraint)  =   -131834.3420
 EKCMT  =         0.0000  VIRIAL  =         0.0000  VOLUME     =    416579.0775
                                                    Density    =         0.9954
 ------------------------------------------------------------------------------

 NMR restraints: Bond =    1.259   Angle =     4.275   Torsion =    12.449
===============================================================================
| Attempting MC barostat change: Failed
| Attempting MC barostat change: Failed
| Attempting MC barostat change: Failed
| Attempting MC barostat change: Failed
| Attempting MC barostat change: Succeeded

 NSTEP =     3500   TIME(PS) =     158.000  TEMP(K) =   298.31  PRESS =     0.0
 Etot   =   -107561.1630  EKtot   =     24514.2109  EPtot      =   -132075.3739
 BOND   =       437.0063  ANGLE   =       995.8165  DIHED      =      1365.4043
 1-4 NB =       415.2625  1-4 EEL =      5431.8668  VDWAALS    =     18069.6333
 EELEC  =   -158809.9404  EHBOND  =         0.0000  RESTRAINT  =        19.5768
 EAMBER (non-restraint)  =   -132094.9508
 EKCMT  =         0.0000  VIRIAL  =         0.0000  VOLUME     =    416111.0566
                                                    Density    =         0.9965
 ------------------------------------------------------------------------------

 NMR restraints: Bond =    1.297   Angle =     2.324   Torsion =    13.475
===============================================================================

      A V E R A G E S   O V E R       7 S T E P S


 NSTEP =     3500   TIME(PS) =     158.000  TEMP(K) =   298.40  PRESS =     0.0
 Etot   =   -107222.6209  EKtot   =     24521.7349  EPtot      =   -131744.3559
 BOND   =       422.0360  ANGLE   =      1009.5881  DIHED      =      1368.4693
 1-4 NB =       420.4313  1-4 EEL =      5436.8133  VDWAALS    =     17661.7870
 EELEC  =   -158086.8818  EHBOND  =         0.0000  RESTRAINT  =        23.4008
 EAMBER (non-restraint)  =   -131767.7567
 EKCMT  =         0.0000  VIRIAL  =         0.0000  VOLUME     =    419927.8442
                                                    Density    =         0.9875
 ------------------------------------------------------------------------------

 NMR restraints: Bond =    1.297   Angle =     2.324   Torsion =    13.475
===============================================================================

      R M S  F L U C T U A T I O N S


 NSTEP =     3500   TIME(PS) =     158.000  TEMP(K) =     1.67  PRESS =     0.0
 Etot   =       256.0593  EKtot   =       137.4140  EPtot      =       181.0117
 BOND   =        16.8735  ANGLE   =        27.5340  DIHED      =        12.8619
 1-4 NB =         8.5578  1-4 EEL =         9.3485  VDWAALS    =       456.3812
 EELEC  =       532.8674  EHBOND  =         0.0000  RESTRAINT  =         7.7126
 EAMBER (non-restraint)  =       173.2991
 EKCMT  =         0.0000  VIRIAL  =         0.0000  VOLUME     =      2781.5638
                                                    Density    =         0.0065
 ------------------------------------------------------------------------------


 NMR restraints on final step:

 ------------------------------------------------------------------------------


 Final Restraint Analysis for coords: eqnpt03.rst7                            


 Restraints, deviations, and energy contributions:    pencut =   -1.00

 ------------------------------------------------------------------------------
     First atom        Last atom    curr. value target deviation  penalty
 ------------------------------------------------------------------------------
  Pb   DUM    2 --  CA   ILE   58:   12.006   11.895    0.111    0.122 d    0: 0
  Pb   DUM    1 --  CA   ILE   58:   92.503   90.000    2.503    0.477 a
  Pb   DUM    1 --  Pb   DUM    2:  179.503  180.000    0.497    0.019 t
  Pb   DUM    2 --  CA   LEU   79:   77.264   74.423    2.841    0.614 a
  Pb   DUM    2 --  CA   ILE   58:   17.464   21.287    3.823    1.113 t
  CA   ILE   58 --  CA   LEU   79:   84.934   86.680    1.745    0.232 t
  CA   ILE   58 --  CA   LEU   79:   10.484   10.640    0.156    0.122 d    0: 0
  CA   LEU   79 --  CA   PHE  105:   12.425   12.583    0.157    0.124 d    0: 0
  CA   PHE  105 --  CA   ILE   58:   13.455   13.332    0.123    0.075 d    0: 0
  CA   PRO   34 --  C    PRO   34:  147.978  144.217    3.761    0.215 t
  N    VAL   35 --  CA   VAL   35:  -55.379  -56.167    0.788    0.009 t
  CA   VAL   35 --  C    VAL   35:  124.718  129.525    4.808    0.352 t
  N    ASP   36 --  CA   ASP   36:  -80.946  -76.193    4.753    0.344 t
  CA   ASP   36 --  C    ASP   36:   84.798   89.364    4.565    0.317 t
  N    VAL   37 --  CA   VAL   37:  -68.189  -68.274    0.085    0.000 t
  CA   VAL   37 --  C    VAL   37:   -5.327   -7.220    1.893    0.055 t
  N    GLU   38 --  CA   GLU   38:  -88.477  -93.159    4.682    0.334 t
  CA   GLU   38 --  C    GLU   38:  -10.345   -7.845    2.500    0.095 t
  N    ALA   39 --  CA   ALA   39:  -81.559  -74.191    7.368    0.827 t
  CA   ALA   39 --  C    ALA   39:  151.719  147.578    4.141    0.261 t
  N    LEU   40 --  CA   LEU   40:  -58.061  -57.702    0.358    0.002 t
  CA   LEU   40 --  C    LEU   40:  126.362  128.400    2.039    0.063 t
  N    GLY   41 --  CA   GLY   41:   97.484   99.732    2.248    0.077 t
  CA   GLY   41 --  C    GLY   41:  -18.596  -12.759    5.837    0.519 t
  N    LEU   42 --  CA   LEU   42: -100.549 -107.618    7.069    0.761 t
  CA   LEU   42 --  C    LEU   42:   15.123   18.284    3.161    0.152 t
  N    HIE   43 --  CA   HIE   43:  -55.911  -58.806    2.895    0.128 t
  CA   HIE   43 --  C    HIE   43:  -25.268  -25.366    0.098    0.000 t
  N    ASP   44 --  CA   ASP   44: -100.239 -102.929    2.690    0.110 t
  CA   ASP   44 --  C    ASP   44:    2.291    4.656    2.365    0.085 t
  N    TYR   45 --  CA   TYR   45:  -57.486  -56.812    0.674    0.007 t
  Pb   DUM    1 --  N1   LIG  113:    5.017    5.000    0.017    0.001 d    0: 0
  Pb   DUM    2 --  N1   LIG  113:   87.817   90.000    2.183    0.363 a
  Pb   DUM    2 --  Pb   DUM    1:   -3.630    0.000    3.630    1.004 t
  Pb   DUM    1 --  C11  LIG  113:  138.392  135.630    2.762    0.581 a
  Pb   DUM    1 --  N1   LIG  113: -117.790 -119.844    2.054    0.321 t
  N1   LIG  113 --  C11  LIG  113: -151.607 -153.510    1.903    0.276 t
  N1   LIG  113 --  C11  LIG  113:    4.947    4.931    0.016    0.001 d    0: 0
  C11  LIG  113 --  C8   LIG  113:    6.286    5.856    0.430    0.923 d    0: 0
  C8   LIG  113 --  N1   LIG  113:    5.161    5.122    0.038    0.007 d    0: 0
  C10  LIG  113 --  C9   LIG  113:   11.753   12.916    1.163    0.029 t
  C5   LIG  113 --  C6   LIG  113: -178.714 -178.683    0.032    0.000 t
  C8   LIG  113 --  C9   LIG  113:   -5.340   -4.440    0.900    0.017 t
  C7   LIG  113 --  C8   LIG  113:   -5.984   -5.351    0.633    0.009 t
  C6   LIG  113 --  C7   LIG  113:   10.455    6.629    3.826    0.312 t
  C    LIG  113 --  N2   LIG  113:  165.172  166.205    1.034    0.023 t
  C5   LIG  113 --  C10  LIG  113:  168.048  169.030    0.982    0.021 t
  C    LIG  113 --  C1   LIG  113:   -5.699   -4.304    1.395    0.042 t
  N    LIG  113 --  N1   LIG  113:    7.723    6.217    1.506    0.048 t
  C    LIG  113 --  C4   LIG  113: -164.348 -164.950    0.601    0.008 t
  C2   LIG  113 --  N    LIG  113:  175.397  168.879    6.519    0.906 t
  C1   LIG  113 --  C2   LIG  113:  183.009  176.682    6.326    0.853 t
  C4   LIG  113 --  N1   LIG  113:   -5.516   -9.239    3.723    0.296 t
  C4   LIG  113 --  C5   LIG  113:   92.026   88.452    3.574    0.272 t
                                       Total distance penalty:      1.376
                                       Total angle    penalty:      2.036
                                       Total torsion  penalty:     10.515
 ------------------------------------------------------------------------------
| MC Barostat:         35 volume changes attempted.
| MC Barostat:          8 changes successful ( 22.86%)
 ------------------------------------------------------------------------------

--------------------------------------------------------------------------------
   5.  TIMINGS
--------------------------------------------------------------------------------

|  NonSetup CPU Time in Major Routines:
|
|     Routine           Sec        %
|     ------------------------------
|     Nonbond           1.10   13.22
|     Bond              0.00    0.00
|     Angle             0.00    0.00
|     Dihedral          0.00    0.00
|     Shake             0.02    0.25
|     RunMD             7.11   85.63
|     Other             0.07    0.90
|     ------------------------------
|     Total             8.30

|  PME Nonbond Pairlist CPU Time:
|
|     Routine              Sec        %
|     ---------------------------------
|     Set Up Cit           0.00    0.00
|     Build List           0.00    0.00
|     ---------------------------------
|     Total                0.00    0.00

|  PME Direct Force CPU Time:
|
|     Routine              Sec        %
|     ---------------------------------
|     NonBonded Calc       0.00    0.00
|     Exclude Masked       0.00    0.00
|     Other                0.01    0.18
|     ---------------------------------
|     Total                0.01    0.18

|  PME Reciprocal Force CPU Time:
|
|     Routine              Sec        %
|     ---------------------------------
|     1D bspline           0.00    0.00
|     Grid Charges         0.00    0.00
|     Scalar Sum           0.00    0.00
|     Gradient Sum         0.00    0.00
|     FFT                  0.00    0.00
|     ---------------------------------
|     Total                0.00    0.00

|  Final Performance Info:
|     -----------------------------------------------------
|     Average timings for last    3000 steps:
|         Elapsed(s) =       7.50 Per Step(ms) =       2.50
|             ns/day =     138.25   seconds/ns =     624.96
|
|     Average timings for all steps:
|         Elapsed(s) =       8.78 Per Step(ms) =       2.51
|             ns/day =     137.83   seconds/ns =     626.85
|     -----------------------------------------------------

|  Setup CPU time:            1.91 seconds
|  NonSetup CPU time:         8.30 seconds
|  Total CPU time:           10.21 seconds     0.00 hours

|  Setup wall time:           2    seconds
|  NonSetup wall time:        9    seconds
|  Total wall time:          11    seconds     0.00 hours
