
          -------------------------------------------------------
          Amber 14 SANDER                              2014
          -------------------------------------------------------

| PMEMD implementation of SANDER, Release 14

| Run on 04/28/2020 at 09:24:27

|   Executable path: pmemd.cuda
| Working directory: /home1/tbaba/centos/BAT.py-master/BAT/prep/pose0
|          Hostname: tx1

  [-O]verwriting output

File Assignments:
|   MDIN: eqnpt.in                                                              
|  MDOUT: eqnpt02.out                                                           
| INPCRD: eqnpt01.rst7                                                          
|   PARM: full.hmr.prmtop                                                       
| RESTRT: eqnpt02.rst7                                                          
|   REFC: full.inpcrd                                                           
|  MDVEL: mdvel                                                                 
|   MDEN: mden                                                                  
|  MDCRD: traj002.nc                                                            
| MDINFO: mdinfo                                                                
|  MDFRC: mdfrc                                                                 

 
 Here is the input file:
 
*******************************************************                        
*****************************       eqnpt.in                                   
*******************************************************                        
Equilibrate, NPT.                                                              
 &cntrl                                                                        
  imin = 0,                                                                    
  ntx = 5,                                                                     
  irest = 1,                                                                   
  ntpr = 500,                                                                  
  ntwr = 500,                                                                  
  ntwx = 500,                                                                  
  ioutfm = 1,                                                                  
  iwrap = 1,                                                                   
  ntf = 2,                                                                     
  ntc = 2,                                                                     
  cut = 9.0,                                                                   
  ntt = 3,                                                                     
  temp0 = 298.15,                                                              
  gamma_ln = 1.0,                                                              
  ig = -1,                                                                     
  ntp = 1,                                                                     
  barostat = 2,                                                                
  nstlim = 3500,                                                               
  dt = 0.004,                                                                  
  ntr = 1,                                                                     
  restraint_wt = 50.0,                                                         
  restraintmask = ':1-3',                                                      
  nmropt = 1,                                                                  
  pencut = -1,                                                                 
 /                                                                             
 &wt type = 'END', /                                                           
DISANG=disang.rest                                                             
LISTOUT=POUT                                                                   
                                                                               


Note: ig = -1. Setting random seed to   869427 based on wallclock time in 
      microseconds.
 
|--------------------- INFORMATION ----------------------
| GPU (CUDA) Version of PMEMD in use: NVIDIA GPU IN USE.
|                    Version 14.0.1
| 
|                      06/20/2014
| 
| Implementation by:
|                    Ross C. Walker     (SDSC)
|                    Scott Le Grand     (nVIDIA)
| 
| CAUTION: The CUDA code is currently experimental.
|          You use it at your own risk. Be sure to
|          check ALL results carefully.
| 
| Precision model in use:
|      [SPFP] - Mixed Single/Double/Fixed Point Precision.
|               (Default)
| 
|--------------------------------------------------------
 
|----------------- CITATION INFORMATION -----------------
|
|    When publishing work that utilized the CUDA version
|    of AMBER, please cite the following in addition to
|    the regular AMBER citations:
|
|  - Romelia Salomon-Ferrer; Andreas W. Goetz; Duncan
|    Poole; Scott Le Grand; Ross C. Walker "Routine
|    microsecond molecular dynamics simulations with
|    AMBER - Part II: Particle Mesh Ewald", J. Chem.
|    Theory Comput., 2013, 9 (9), pp3878-3888,
|    DOI: 10.1021/ct400314y.
|
|  - Andreas W. Goetz; Mark J. Williamson; Dong Xu;
|    Duncan Poole; Scott Le Grand; Ross C. Walker
|    "Routine microsecond molecular dynamics simulations
|    with AMBER - Part I: Generalized Born", J. Chem.
|    Theory Comput., 2012, 8 (5), pp1542-1555.
|
|  - Scott Le Grand; Andreas W. Goetz; Ross C. Walker
|    "SPFP: Speed without compromise - a mixed precision
|    model for GPU accelerated molecular dynamics
|    simulations.", Comp. Phys. Comm., 2013, 184
|    pp374-380, DOI: 10.1016/j.cpc.2012.09.022
|
|--------------------------------------------------------
 
|------------------- GPU DEVICE INFO --------------------
|
|            CUDA_VISIBLE_DEVICES: not set
|   CUDA Capable Devices Detected:      4
|           CUDA Device ID in use:      0
|                CUDA Device Name: GeForce GTX TITAN X
|     CUDA Device Global Mem Size:  12212 MB
| CUDA Device Num Multiprocessors:     24
|           CUDA Device Core Freq:   1.08 GHz
|
|--------------------------------------------------------
 
 
| Conditional Compilation Defines Used:
| FFTW_FFT
| BINTRAJ
| MKL
| CUDA
| EMIL
 
| Largest sphere to fit in unit cell has radius =    31.100

| New format PARM file being parsed.
| Version =    1.000 Date = 04/28/20 Time = 08:25:46

| Note: 1-4 EEL scale factors are being read from the topology file.

| Note: 1-4 VDW scale factors are being read from the topology file.
| Duplicated    0 dihedrals

| Duplicated    0 dihedrals

--------------------------------------------------------------------------------
   1.  RESOURCE   USE: 
--------------------------------------------------------------------------------

 getting new box info from bottom of inpcrd
 NATOM  =   40866 NTYPES =      18 NBONH =   39890 MBONA  =     933
 NTHETH =    2036 MTHETA =    1252 NPHIH =    3990 MPHIA  =    3859
 NHPARM =       0 NPARM  =       0 NNB   =   61967 NRES   =   13177
 NBONA  =     933 NTHETA =    1252 NPHIA =    3859 NUMBND =      87
 NUMANG =     186 NPTRA  =     207 NATYP =      51 NPHB   =       1
 IFBOX  =       1 NMXRS  =      29 IFCAP =       0 NEXTRA =       0
 NCOPY  =       0

| Coordinate Index Table dimensions:    12   12   22
| Direct force subcell size =     5.2986    5.1833    5.1512

     BOX TYPE: RECTILINEAR

--------------------------------------------------------------------------------
   2.  CONTROL  DATA  FOR  THE  RUN
--------------------------------------------------------------------------------

default_name                                                                    

General flags:
     imin    =       0, nmropt  =       1

Nature and format of input:
     ntx     =       5, irest   =       1, ntrx    =       1

Nature and format of output:
     ntxo    =       1, ntpr    =     500, ntrx    =       1, ntwr    =     500
     iwrap   =       1, ntwx    =     500, ntwv    =       0, ntwe    =       0
     ioutfm  =       1, ntwprt  =       0, idecomp =       0, rbornstat=      0

Potential function:
     ntf     =       2, ntb     =       2, igb     =       0, nsnb    =      25
     ipol    =       0, gbsa    =       0, iesp    =       0
     dielc   =   1.00000, cut     =   9.00000, intdiel =   1.00000

Frozen or restrained atoms:
     ibelly  =       0, ntr     =       1
     restraint_wt =  50.00000

Molecular dynamics:
     nstlim  =      3500, nscm    =         0, nrespa  =         1
     t       =   0.00000, dt      =   0.00400, vlimit  =  -1.00000

Langevin dynamics temperature regulation:
     ig      =  869427
     temp0   = 298.15000, tempi   =   0.00000, gamma_ln=   1.00000

Pressure regulation:
     ntp     =       1
     pres0   =   1.00000, comp    =  44.60000, taup    =   1.00000
     Monte-Carlo Barostat:
     mcbarint  =     100

SHAKE:
     ntc     =       2, jfastw  =       0
     tol     =   0.00001

NMR refinement options:
     iscale  =       0, noeskp  =       1, ipnlty  =       1, mxsub   =       1
     scalm   = 100.00000, pencut  =  -1.00000, tausw   =   0.10000

| Intermolecular bonds treatment:
|     no_intermolecular_bonds =       1

| Energy averages sample interval:
|     ene_avg_sampling =     500

Ewald parameters:
     verbose =       0, ew_type =       0, nbflag  =       1, use_pme =       1
     vdwmeth =       1, eedmeth =       1, netfrc  =       1
     Box X =   63.583   Box Y =   62.200   Box Z =  113.325
     Alpha =   90.000   Beta  =   90.000   Gamma =   90.000
     NFFT1 =   64       NFFT2 =   64       NFFT3 =  120
     Cutoff=    9.000   Tol   =0.100E-04
     Ewald Coefficient =  0.30768
     Interpolation order =    4

    LOADING THE CONSTRAINED ATOMS AS GROUPS


   5.  REFERENCE ATOM COORDINATES

  default_name                                                                    
     Mask :1-3; matches     3 atoms

--------------------------------------------------------------------------------
   3.  ATOMIC COORDINATES AND VELOCITIES
--------------------------------------------------------------------------------

default_name                                                                    
 begin time read from input coords =   130.000 ps



           Begin reading energy term weight changes/NMR restraints
 WEIGHT CHANGES:
                         ** No weight changes given **

 RESTRAINTS:
 Requested file redirections:
  DISANG    = disang.rest
  LISTOUT   = POUT
 Restraints will be read from file: disang.rest
Here are comments from the DISANG input file:
# Anchor atoms  :58@CA  :79@CA  :105@CA  :113@N1  :113@C11  :113@C8  stage = pre
 
                       Number of restraints read =    54

                  Done reading weight changes/NMR restraints


 
 Number of triangulated 3-point waters found:    13000

     Sum of charges from parm topology file =  -0.00000106
     Forcing neutrality...

| Dynamic Memory, Types Used:
| Reals             1885961
| Integers          1191820

| Nonbonded Pairs Initial Allocation:     9317448

| GPU memory information (estimate):
| KB of GPU memory in use:    236840
| KB of CPU memory in use:     47624

--------------------------------------------------------------------------------
   4.  RESULTS
--------------------------------------------------------------------------------

 ---------------------------------------------------
 APPROXIMATING switch and d/dx switch using CUBIC SPLINE INTERPOLATION
 using   5000.0 points per unit in tabled values
 TESTING RELATIVE ERROR over r ranging from 0.0 to cutoff
| CHECK switch(x): max rel err =   0.3316E-14   at   2.351880
| CHECK d/dx switch(x): max rel err =   0.8205E-11   at   2.761360
 ---------------------------------------------------
|---------------------------------------------------
| APPROXIMATING direct energy using CUBIC SPLINE INTERPOLATION
|  with   50.0 points per unit in tabled values
| Relative Error Limit not exceeded for r .gt.   2.39
| APPROXIMATING direct force using CUBIC SPLINE INTERPOLATION
|  with   50.0 points per unit in tabled values
| Relative Error Limit not exceeded for r .gt.   2.84
|---------------------------------------------------
| Attempting MC barostat change: Succeeded
| Attempting MC barostat change: Failed
| Attempting MC barostat change: Failed
| Attempting MC barostat change: Failed
| Attempting MC barostat change: Failed

 NSTEP =      500   TIME(PS) =     132.000  TEMP(K) =   300.01  PRESS =     0.0
 Etot   =   -105909.8473  EKtot   =     24654.3066  EPtot      =   -130564.1540
 BOND   =       435.6587  ANGLE   =       994.4437  DIHED      =      1356.9553
 1-4 NB =       405.4192  1-4 EEL =      5411.3663  VDWAALS    =     17212.8788
 EELEC  =   -156430.9560  EHBOND  =         0.0000  RESTRAINT  =        50.0802
 EAMBER (non-restraint)  =   -130614.2342
 EKCMT  =         0.0000  VIRIAL  =         0.0000  VOLUME     =    444733.1969
                                                    Density    =         0.9324
 ------------------------------------------------------------------------------

 NMR restraints: Bond =    6.344   Angle =     4.215   Torsion =    15.044
===============================================================================
| Attempting MC barostat change: Failed
| Attempting MC barostat change: Failed
| Attempting MC barostat change: Failed
| Attempting MC barostat change: Failed
| Attempting MC barostat change: Failed
| MC Barostat: Decreasing size of volume moves

 NSTEP =     1000   TIME(PS) =     134.000  TEMP(K) =   300.84  PRESS =     0.0
 Etot   =   -105689.4054  EKtot   =     24722.2520  EPtot      =   -130411.6573
 BOND   =       419.6919  ANGLE   =      1038.6334  DIHED      =      1360.0630
 1-4 NB =       429.6501  1-4 EEL =      5421.5000  VDWAALS    =     17070.0761
 EELEC  =   -156189.9227  EHBOND  =         0.0000  RESTRAINT  =        38.6510
 EAMBER (non-restraint)  =   -130450.3083
 EKCMT  =         0.0000  VIRIAL  =         0.0000  VOLUME     =    444733.1969
                                                    Density    =         0.9324
 ------------------------------------------------------------------------------

 NMR restraints: Bond =    9.415   Angle =     5.934   Torsion =    13.760
===============================================================================
| Attempting MC barostat change: Failed
| Attempting MC barostat change: Failed
| Attempting MC barostat change: Failed
| Attempting MC barostat change: Failed
| Attempting MC barostat change: Succeeded

 NSTEP =     1500   TIME(PS) =     136.000  TEMP(K) =   296.58  PRESS =     0.0
 Etot   =   -105983.1887  EKtot   =     24372.3008  EPtot      =   -130355.4895
 BOND   =       400.1408  ANGLE   =      1036.4393  DIHED      =      1371.5088
 1-4 NB =       423.3073  1-4 EEL =      5449.6711  VDWAALS    =     17223.5950
 EELEC  =   -156281.4324  EHBOND  =         0.0000  RESTRAINT  =        21.2806
 EAMBER (non-restraint)  =   -130376.7701
 EKCMT  =         0.0000  VIRIAL  =         0.0000  VOLUME     =    443832.2389
                                                    Density    =         0.9343
 ------------------------------------------------------------------------------

 NMR restraints: Bond =    2.306   Angle =     3.636   Torsion =    11.851
===============================================================================
| Attempting MC barostat change: Succeeded
| Attempting MC barostat change: Succeeded
| Attempting MC barostat change: Succeeded
| Attempting MC barostat change: Failed
| Attempting MC barostat change: Failed

 NSTEP =     2000   TIME(PS) =     138.000  TEMP(K) =   300.46  PRESS =     0.0
 Etot   =   -106347.1365  EKtot   =     24691.5820  EPtot      =   -131038.7186
 BOND   =       411.6124  ANGLE   =      1011.1390  DIHED      =      1369.0773
 1-4 NB =       411.2744  1-4 EEL =      5463.3343  VDWAALS    =     17206.6590
 EELEC  =   -156928.1421  EHBOND  =         0.0000  RESTRAINT  =        16.3272
 EAMBER (non-restraint)  =   -131055.0457
 EKCMT  =         0.0000  VIRIAL  =         0.0000  VOLUME     =    439931.8821
                                                    Density    =         0.9426
 ------------------------------------------------------------------------------

 NMR restraints: Bond =    0.710   Angle =     4.470   Torsion =     6.815
===============================================================================
| Attempting MC barostat change: Failed
| Attempting MC barostat change: Succeeded
| Attempting MC barostat change: Succeeded
| Attempting MC barostat change: Failed
| Attempting MC barostat change: Succeeded

 NSTEP =     2500   TIME(PS) =     140.000  TEMP(K) =   298.50  PRESS =     0.0
 Etot   =   -106363.2100  EKtot   =     24529.9668  EPtot      =   -130893.1768
 BOND   =       434.0651  ANGLE   =       984.8686  DIHED      =      1357.0271
 1-4 NB =       412.9358  1-4 EEL =      5407.3906  VDWAALS    =     17662.4963
 EELEC  =   -157171.4222  EHBOND  =         0.0000  RESTRAINT  =        19.4619
 EAMBER (non-restraint)  =   -130912.6386
 EKCMT  =         0.0000  VIRIAL  =         0.0000  VOLUME     =    433176.5089
                                                    Density    =         0.9573
 ------------------------------------------------------------------------------

 NMR restraints: Bond =    1.869   Angle =     1.975   Torsion =    14.318
===============================================================================
| Attempting MC barostat change: Succeeded
| Attempting MC barostat change: Failed
| Attempting MC barostat change: Failed
| Attempting MC barostat change: Failed
| Attempting MC barostat change: Failed

 NSTEP =     3000   TIME(PS) =     142.000  TEMP(K) =   299.77  PRESS =     0.0
 Etot   =   -106321.3960  EKtot   =     24634.8574  EPtot      =   -130956.2534
 BOND   =       394.3640  ANGLE   =       984.4202  DIHED      =      1372.8940
 1-4 NB =       410.3983  1-4 EEL =      5463.2238  VDWAALS    =     17028.3207
 EELEC  =   -156626.3488  EHBOND  =         0.0000  RESTRAINT  =        16.4744
 EAMBER (non-restraint)  =   -130972.7278
 EKCMT  =         0.0000  VIRIAL  =         0.0000  VOLUME     =    430344.3563
                                                    Density    =         0.9636
 ------------------------------------------------------------------------------

 NMR restraints: Bond =    1.017   Angle =     1.461   Torsion =    12.023
===============================================================================
| Attempting MC barostat change: Succeeded
| Attempting MC barostat change: Succeeded
| Attempting MC barostat change: Failed
| Attempting MC barostat change: Succeeded
| Attempting MC barostat change: Succeeded

 NSTEP =     3500   TIME(PS) =     144.000  TEMP(K) =   298.35  PRESS =     0.0
 Etot   =   -107060.8100  EKtot   =     24517.6699  EPtot      =   -131578.4799
 BOND   =       440.5998  ANGLE   =      1004.6807  DIHED      =      1367.7581
 1-4 NB =       420.9303  1-4 EEL =      5427.8343  VDWAALS    =     17391.7875
 EELEC  =   -157649.1009  EHBOND  =         0.0000  RESTRAINT  =        17.0304
 EAMBER (non-restraint)  =   -131595.5103
 EKCMT  =         0.0000  VIRIAL  =         0.0000  VOLUME     =    425172.6789
                                                    Density    =         0.9753
 ------------------------------------------------------------------------------

 NMR restraints: Bond =    1.439   Angle =     1.274   Torsion =    11.423
===============================================================================

      A V E R A G E S   O V E R       7 S T E P S


 NSTEP =     3500   TIME(PS) =     144.000  TEMP(K) =   299.22  PRESS =     0.0
 Etot   =   -106239.2848  EKtot   =     24588.9908  EPtot      =   -130828.2756
 BOND   =       419.4475  ANGLE   =      1007.8036  DIHED      =      1365.0405
 1-4 NB =       416.2736  1-4 EEL =      5434.9029  VDWAALS    =     17256.5448
 EELEC  =   -156753.9036  EHBOND  =         0.0000  RESTRAINT  =        25.6151
 EAMBER (non-restraint)  =   -130853.8907
 EKCMT  =         0.0000  VIRIAL  =         0.0000  VOLUME     =    437417.7227
                                                    Density    =         0.9482
 ------------------------------------------------------------------------------

 NMR restraints: Bond =    1.439   Angle =     1.274   Torsion =    11.423
===============================================================================

      R M S  F L U C T U A T I O N S


 NSTEP =     3500   TIME(PS) =     144.000  TEMP(K) =     1.38  PRESS =     0.0
 Etot   =       411.4637  EKtot   =       113.5017  EPtot      =       395.4276
 BOND   =        16.8492  ANGLE   =        20.8486  DIHED      =         6.3421
 1-4 NB =         7.9152  1-4 EEL =        21.9383  VDWAALS    =       198.3594
 EELEC  =       488.1346  EHBOND  =         0.0000  RESTRAINT  =        12.3557
 EAMBER (non-restraint)  =       383.0719
 EKCMT  =         0.0000  VIRIAL  =         0.0000  VOLUME     =      7294.4288
                                                    Density    =         0.0159
 ------------------------------------------------------------------------------


 NMR restraints on final step:

 ------------------------------------------------------------------------------


 Final Restraint Analysis for coords: eqnpt02.rst7                            


 Restraints, deviations, and energy contributions:    pencut =   -1.00

 ------------------------------------------------------------------------------
     First atom        Last atom    curr. value target deviation  penalty
 ------------------------------------------------------------------------------
  Pb   DUM    2 --  CA   ILE   58:   11.894   11.895    0.001    0.000 d    0: 0
  Pb   DUM    1 --  CA   ILE   58:   93.240   90.000    3.240    0.799 a
  Pb   DUM    1 --  Pb   DUM    2:  180.622  180.000    0.622    0.029 t
  Pb   DUM    2 --  CA   LEU   79:   75.825   74.423    1.402    0.150 a
  Pb   DUM    2 --  CA   ILE   58:   17.795   21.287    3.492    0.929 t
  CA   ILE   58 --  CA   LEU   79:   84.075   86.680    2.605    0.517 t
  CA   ILE   58 --  CA   LEU   79:   10.491   10.640    0.149    0.112 d    0: 0
  CA   LEU   79 --  CA   PHE  105:   12.624   12.583    0.041    0.008 d    0: 0
  CA   PHE  105 --  CA   ILE   58:   13.744   13.332    0.411    0.846 d    0: 0
  CA   PRO   34 --  C    PRO   34:  144.016  144.217    0.201    0.001 t
  N    VAL   35 --  CA   VAL   35:  -57.353  -56.167    1.186    0.021 t
  CA   VAL   35 --  C    VAL   35:  127.065  129.525    2.461    0.092 t
  N    ASP   36 --  CA   ASP   36:  -79.423  -76.193    3.230    0.159 t
  CA   ASP   36 --  C    ASP   36:   85.656   89.364    3.707    0.209 t
  N    VAL   37 --  CA   VAL   37:  -67.513  -68.274    0.761    0.009 t
  CA   VAL   37 --  C    VAL   37:   -6.929   -7.220    0.291    0.001 t
  N    GLU   38 --  CA   GLU   38:  -94.542  -93.159    1.383    0.029 t
  CA   GLU   38 --  C    GLU   38:   -0.836   -7.845    7.010    0.748 t
  N    ALA   39 --  CA   ALA   39:  -66.024  -74.191    8.168    1.016 t
  CA   ALA   39 --  C    ALA   39:  149.316  147.578    1.738    0.046 t
  N    LEU   40 --  CA   LEU   40:  -65.910  -57.702    8.208    1.026 t
  CA   LEU   40 --  C    LEU   40:  126.072  128.400    2.328    0.083 t
  N    GLY   41 --  CA   GLY   41:   96.422   99.732    3.310    0.167 t
  CA   GLY   41 --  C    GLY   41:  -13.112  -12.759    0.353    0.002 t
  N    LEU   42 --  CA   LEU   42: -101.487 -107.618    6.132    0.573 t
  CA   LEU   42 --  C    LEU   42:   16.233   18.284    2.051    0.064 t
  N    HIE   43 --  CA   HIE   43:  -59.461  -58.806    0.655    0.007 t
  CA   HIE   43 --  C    HIE   43:  -35.617  -25.366   10.251    1.600 t
  N    ASP   44 --  CA   ASP   44:  -98.870 -102.929    4.058    0.251 t
  CA   ASP   44 --  C    ASP   44:    9.475    4.656    4.819    0.354 t
  N    TYR   45 --  CA   TYR   45:  -54.354  -56.812    2.459    0.092 t
  Pb   DUM    1 --  N1   LIG  113:    4.922    5.000    0.078    0.030 d    0: 0
  Pb   DUM    2 --  N1   LIG  113:   87.804   90.000    2.196    0.367 a
  Pb   DUM    2 --  Pb   DUM    1:    2.401    0.000    2.401    0.439 t
  Pb   DUM    1 --  C11  LIG  113:  135.967  135.630    0.337    0.009 a
  Pb   DUM    1 --  N1   LIG  113: -119.661 -119.844    0.183    0.003 t
  N1   LIG  113 --  C11  LIG  113: -150.747 -153.510    2.762    0.581 t
  N1   LIG  113 --  C11  LIG  113:    4.930    4.931    0.001    0.000 d    0: 0
  C11  LIG  113 --  C8   LIG  113:    6.190    5.856    0.334    0.558 d    0: 0
  C8   LIG  113 --  N1   LIG  113:    5.070    5.122    0.052    0.014 d    0: 0
  C10  LIG  113 --  C9   LIG  113:    4.187   12.916    8.729    1.625 t
  C5   LIG  113 --  C6   LIG  113: -176.663 -178.683    2.019    0.087 t
  C8   LIG  113 --  C9   LIG  113:   -4.672   -4.440    0.232    0.001 t
  C7   LIG  113 --  C8   LIG  113:    0.840   -5.351    6.191    0.817 t
  C6   LIG  113 --  C7   LIG  113:    3.617    6.629    3.012    0.193 t
  C    LIG  113 --  N2   LIG  113:  165.079  166.205    1.126    0.027 t
  C5   LIG  113 --  C10  LIG  113:  172.987  169.030    3.956    0.334 t
  C    LIG  113 --  C1   LIG  113:  -11.244   -4.304    6.940    1.027 t
  N    LIG  113 --  N1   LIG  113:    5.863    6.217    0.354    0.003 t
  C    LIG  113 --  C4   LIG  113: -166.049 -164.950    1.099    0.026 t
  C2   LIG  113 --  N    LIG  113:  166.669  168.879    2.209    0.104 t
  C1   LIG  113 --  C2   LIG  113:  172.174  176.682    4.508    0.433 t
  C4   LIG  113 --  N1   LIG  113:   -9.607   -9.239    0.368    0.003 t
  C4   LIG  113 --  C5   LIG  113:   92.997   88.452    4.545    0.440 t
                                       Total distance penalty:      1.568
                                       Total angle    penalty:      1.325
                                       Total torsion  penalty:     14.168
 ------------------------------------------------------------------------------
| MC Barostat:         35 volume changes attempted.
| MC Barostat:         13 changes successful ( 37.14%)
 ------------------------------------------------------------------------------

--------------------------------------------------------------------------------
   5.  TIMINGS
--------------------------------------------------------------------------------

|  NonSetup CPU Time in Major Routines:
|
|     Routine           Sec        %
|     ------------------------------
|     Nonbond           1.04   12.64
|     Bond              0.00    0.00
|     Angle             0.00    0.00
|     Dihedral          0.00    0.00
|     Shake             0.02    0.27
|     RunMD             7.06   86.12
|     Other             0.08    0.98
|     ------------------------------
|     Total             8.20

|  PME Nonbond Pairlist CPU Time:
|
|     Routine              Sec        %
|     ---------------------------------
|     Set Up Cit           0.00    0.00
|     Build List           0.00    0.00
|     ---------------------------------
|     Total                0.00    0.00

|  PME Direct Force CPU Time:
|
|     Routine              Sec        %
|     ---------------------------------
|     NonBonded Calc       0.00    0.00
|     Exclude Masked       0.00    0.00
|     Other                0.02    0.20
|     ---------------------------------
|     Total                0.02    0.20

|  PME Reciprocal Force CPU Time:
|
|     Routine              Sec        %
|     ---------------------------------
|     1D bspline           0.00    0.00
|     Grid Charges         0.00    0.00
|     Scalar Sum           0.00    0.00
|     Gradient Sum         0.00    0.00
|     FFT                  0.00    0.00
|     ---------------------------------
|     Total                0.00    0.00

|  Final Performance Info:
|     -----------------------------------------------------
|     Average timings for last    3000 steps:
|         Elapsed(s) =       7.39 Per Step(ms) =       2.46
|             ns/day =     140.37   seconds/ns =     615.54
|
|     Average timings for all steps:
|         Elapsed(s) =       8.66 Per Step(ms) =       2.47
|             ns/day =     139.65   seconds/ns =     618.69
|     -----------------------------------------------------

|  Setup CPU time:            1.65 seconds
|  NonSetup CPU time:         8.20 seconds
|  Total CPU time:            9.85 seconds     0.00 hours

|  Setup wall time:           2    seconds
|  NonSetup wall time:        8    seconds
|  Total wall time:          10    seconds     0.00 hours
