
          -------------------------------------------------------
          Amber 14 SANDER                              2014
          -------------------------------------------------------

| PMEMD implementation of SANDER, Release 14

| Run on 04/28/2020 at 09:24:50

|   Executable path: pmemd.cuda
| Working directory: /home1/tbaba/centos/BAT.py-master/BAT/prep/pose0
|          Hostname: tx1

  [-O]verwriting output

File Assignments:
|   MDIN: eqnpt.in                                                              
|  MDOUT: eqnpt04.out                                                           
| INPCRD: eqnpt03.rst7                                                          
|   PARM: full.hmr.prmtop                                                       
| RESTRT: eqnpt04.rst7                                                          
|   REFC: full.inpcrd                                                           
|  MDVEL: mdvel                                                                 
|   MDEN: mden                                                                  
|  MDCRD: traj004.nc                                                            
| MDINFO: mdinfo                                                                
|  MDFRC: mdfrc                                                                 

 
 Here is the input file:
 
*******************************************************                        
*****************************       eqnpt.in                                   
*******************************************************                        
Equilibrate, NPT.                                                              
 &cntrl                                                                        
  imin = 0,                                                                    
  ntx = 5,                                                                     
  irest = 1,                                                                   
  ntpr = 500,                                                                  
  ntwr = 500,                                                                  
  ntwx = 500,                                                                  
  ioutfm = 1,                                                                  
  iwrap = 1,                                                                   
  ntf = 2,                                                                     
  ntc = 2,                                                                     
  cut = 9.0,                                                                   
  ntt = 3,                                                                     
  temp0 = 298.15,                                                              
  gamma_ln = 1.0,                                                              
  ig = -1,                                                                     
  ntp = 1,                                                                     
  barostat = 2,                                                                
  nstlim = 3500,                                                               
  dt = 0.004,                                                                  
  ntr = 1,                                                                     
  restraint_wt = 50.0,                                                         
  restraintmask = ':1-3',                                                      
  nmropt = 1,                                                                  
  pencut = -1,                                                                 
 /                                                                             
 &wt type = 'END', /                                                           
DISANG=disang.rest                                                             
LISTOUT=POUT                                                                   
                                                                               


Note: ig = -1. Setting random seed to   155603 based on wallclock time in 
      microseconds.
 
|--------------------- INFORMATION ----------------------
| GPU (CUDA) Version of PMEMD in use: NVIDIA GPU IN USE.
|                    Version 14.0.1
| 
|                      06/20/2014
| 
| Implementation by:
|                    Ross C. Walker     (SDSC)
|                    Scott Le Grand     (nVIDIA)
| 
| CAUTION: The CUDA code is currently experimental.
|          You use it at your own risk. Be sure to
|          check ALL results carefully.
| 
| Precision model in use:
|      [SPFP] - Mixed Single/Double/Fixed Point Precision.
|               (Default)
| 
|--------------------------------------------------------
 
|----------------- CITATION INFORMATION -----------------
|
|    When publishing work that utilized the CUDA version
|    of AMBER, please cite the following in addition to
|    the regular AMBER citations:
|
|  - Romelia Salomon-Ferrer; Andreas W. Goetz; Duncan
|    Poole; Scott Le Grand; Ross C. Walker "Routine
|    microsecond molecular dynamics simulations with
|    AMBER - Part II: Particle Mesh Ewald", J. Chem.
|    Theory Comput., 2013, 9 (9), pp3878-3888,
|    DOI: 10.1021/ct400314y.
|
|  - Andreas W. Goetz; Mark J. Williamson; Dong Xu;
|    Duncan Poole; Scott Le Grand; Ross C. Walker
|    "Routine microsecond molecular dynamics simulations
|    with AMBER - Part I: Generalized Born", J. Chem.
|    Theory Comput., 2012, 8 (5), pp1542-1555.
|
|  - Scott Le Grand; Andreas W. Goetz; Ross C. Walker
|    "SPFP: Speed without compromise - a mixed precision
|    model for GPU accelerated molecular dynamics
|    simulations.", Comp. Phys. Comm., 2013, 184
|    pp374-380, DOI: 10.1016/j.cpc.2012.09.022
|
|--------------------------------------------------------
 
|------------------- GPU DEVICE INFO --------------------
|
|            CUDA_VISIBLE_DEVICES: not set
|   CUDA Capable Devices Detected:      4
|           CUDA Device ID in use:      0
|                CUDA Device Name: GeForce GTX TITAN X
|     CUDA Device Global Mem Size:  12212 MB
| CUDA Device Num Multiprocessors:     24
|           CUDA Device Core Freq:   1.08 GHz
|
|--------------------------------------------------------
 
 
| Conditional Compilation Defines Used:
| FFTW_FFT
| BINTRAJ
| MKL
| CUDA
| EMIL
 
| Largest sphere to fit in unit cell has radius =    30.340

| New format PARM file being parsed.
| Version =    1.000 Date = 04/28/20 Time = 08:25:46

| Note: 1-4 EEL scale factors are being read from the topology file.

| Note: 1-4 VDW scale factors are being read from the topology file.
| Duplicated    0 dihedrals

| Duplicated    0 dihedrals

--------------------------------------------------------------------------------
   1.  RESOURCE   USE: 
--------------------------------------------------------------------------------

 getting new box info from bottom of inpcrd
 NATOM  =   40866 NTYPES =      18 NBONH =   39890 MBONA  =     933
 NTHETH =    2036 MTHETA =    1252 NPHIH =    3990 MPHIA  =    3859
 NHPARM =       0 NPARM  =       0 NNB   =   61967 NRES   =   13177
 NBONA  =     933 NTHETA =    1252 NPHIA =    3859 NUMBND =      87
 NUMANG =     186 NPTRA  =     207 NATYP =      51 NPHB   =       1
 IFBOX  =       1 NMXRS  =      29 IFCAP =       0 NEXTRA =       0
 NCOPY  =       0

| Coordinate Index Table dimensions:    12   12   22
| Direct force subcell size =     5.1691    5.0566    5.0252

     BOX TYPE: RECTILINEAR

--------------------------------------------------------------------------------
   2.  CONTROL  DATA  FOR  THE  RUN
--------------------------------------------------------------------------------

default_name                                                                    

General flags:
     imin    =       0, nmropt  =       1

Nature and format of input:
     ntx     =       5, irest   =       1, ntrx    =       1

Nature and format of output:
     ntxo    =       1, ntpr    =     500, ntrx    =       1, ntwr    =     500
     iwrap   =       1, ntwx    =     500, ntwv    =       0, ntwe    =       0
     ioutfm  =       1, ntwprt  =       0, idecomp =       0, rbornstat=      0

Potential function:
     ntf     =       2, ntb     =       2, igb     =       0, nsnb    =      25
     ipol    =       0, gbsa    =       0, iesp    =       0
     dielc   =   1.00000, cut     =   9.00000, intdiel =   1.00000

Frozen or restrained atoms:
     ibelly  =       0, ntr     =       1
     restraint_wt =  50.00000

Molecular dynamics:
     nstlim  =      3500, nscm    =         0, nrespa  =         1
     t       =   0.00000, dt      =   0.00400, vlimit  =  -1.00000

Langevin dynamics temperature regulation:
     ig      =  155603
     temp0   = 298.15000, tempi   =   0.00000, gamma_ln=   1.00000

Pressure regulation:
     ntp     =       1
     pres0   =   1.00000, comp    =  44.60000, taup    =   1.00000
     Monte-Carlo Barostat:
     mcbarint  =     100

SHAKE:
     ntc     =       2, jfastw  =       0
     tol     =   0.00001

NMR refinement options:
     iscale  =       0, noeskp  =       1, ipnlty  =       1, mxsub   =       1
     scalm   = 100.00000, pencut  =  -1.00000, tausw   =   0.10000

| Intermolecular bonds treatment:
|     no_intermolecular_bonds =       1

| Energy averages sample interval:
|     ene_avg_sampling =     500

Ewald parameters:
     verbose =       0, ew_type =       0, nbflag  =       1, use_pme =       1
     vdwmeth =       1, eedmeth =       1, netfrc  =       1
     Box X =   62.029   Box Y =   60.679   Box Z =  110.555
     Alpha =   90.000   Beta  =   90.000   Gamma =   90.000
     NFFT1 =   64       NFFT2 =   64       NFFT3 =  120
     Cutoff=    9.000   Tol   =0.100E-04
     Ewald Coefficient =  0.30768
     Interpolation order =    4

    LOADING THE CONSTRAINED ATOMS AS GROUPS


   5.  REFERENCE ATOM COORDINATES

  default_name                                                                    
     Mask :1-3; matches     3 atoms

--------------------------------------------------------------------------------
   3.  ATOMIC COORDINATES AND VELOCITIES
--------------------------------------------------------------------------------

default_name                                                                    
 begin time read from input coords =   158.000 ps



           Begin reading energy term weight changes/NMR restraints
 WEIGHT CHANGES:
                         ** No weight changes given **

 RESTRAINTS:
 Requested file redirections:
  DISANG    = disang.rest
  LISTOUT   = POUT
 Restraints will be read from file: disang.rest
Here are comments from the DISANG input file:
# Anchor atoms  :58@CA  :79@CA  :105@CA  :113@N1  :113@C11  :113@C8  stage = pre
 
                       Number of restraints read =    54

                  Done reading weight changes/NMR restraints


 
 Number of triangulated 3-point waters found:    13000

     Sum of charges from parm topology file =  -0.00000106
     Forcing neutrality...

| Dynamic Memory, Types Used:
| Reals             1885961
| Integers          1191820

| Nonbonded Pairs Initial Allocation:     9317448

| GPU memory information (estimate):
| KB of GPU memory in use:    236840
| KB of CPU memory in use:     47624

--------------------------------------------------------------------------------
   4.  RESULTS
--------------------------------------------------------------------------------

 ---------------------------------------------------
 APPROXIMATING switch and d/dx switch using CUBIC SPLINE INTERPOLATION
 using   5000.0 points per unit in tabled values
 TESTING RELATIVE ERROR over r ranging from 0.0 to cutoff
| CHECK switch(x): max rel err =   0.3316E-14   at   2.351880
| CHECK d/dx switch(x): max rel err =   0.8205E-11   at   2.761360
 ---------------------------------------------------
|---------------------------------------------------
| APPROXIMATING direct energy using CUBIC SPLINE INTERPOLATION
|  with   50.0 points per unit in tabled values
| Relative Error Limit not exceeded for r .gt.   2.39
| APPROXIMATING direct force using CUBIC SPLINE INTERPOLATION
|  with   50.0 points per unit in tabled values
| Relative Error Limit not exceeded for r .gt.   2.84
|---------------------------------------------------
| Attempting MC barostat change: Failed
| Attempting MC barostat change: Failed
| Attempting MC barostat change: Failed
| Attempting MC barostat change: Failed
| Attempting MC barostat change: Succeeded

 NSTEP =      500   TIME(PS) =     160.000  TEMP(K) =   298.71  PRESS =     0.0
 Etot   =   -107768.4029  EKtot   =     24547.5117  EPtot      =   -132315.9146
 BOND   =       399.7654  ANGLE   =       986.7733  DIHED      =      1362.8175
 1-4 NB =       419.1855  1-4 EEL =      5455.0110  VDWAALS    =     18168.1721
 EELEC  =   -159131.6709  EHBOND  =         0.0000  RESTRAINT  =        24.0315
 EAMBER (non-restraint)  =   -132339.9461
 EKCMT  =         0.0000  VIRIAL  =         0.0000  VOLUME     =    414732.3340
                                                    Density    =         0.9998
 ------------------------------------------------------------------------------

 NMR restraints: Bond =    2.703   Angle =     1.803   Torsion =    11.623
===============================================================================
| Attempting MC barostat change: Failed
| Attempting MC barostat change: Failed
| Attempting MC barostat change: Failed
| Attempting MC barostat change: Failed
| Attempting MC barostat change: Succeeded
| MC Barostat: Decreasing size of volume moves

 NSTEP =     1000   TIME(PS) =     162.000  TEMP(K) =   296.21  PRESS =     0.0
 Etot   =   -107637.8875  EKtot   =     24342.3164  EPtot      =   -131980.2039
 BOND   =       409.7806  ANGLE   =       981.8393  DIHED      =      1378.6239
 1-4 NB =       420.0754  1-4 EEL =      5442.1598  VDWAALS    =     17440.1350
 EELEC  =   -158075.0608  EHBOND  =         0.0000  RESTRAINT  =        22.2429
 EAMBER (non-restraint)  =   -132002.4468
 EKCMT  =         0.0000  VIRIAL  =         0.0000  VOLUME     =    414798.9543
                                                    Density    =         0.9997
 ------------------------------------------------------------------------------

 NMR restraints: Bond =    2.002   Angle =     0.934   Torsion =    16.299
===============================================================================
| Attempting MC barostat change: Failed
| Attempting MC barostat change: Failed
| Attempting MC barostat change: Failed
| Attempting MC barostat change: Failed
| Attempting MC barostat change: Failed

 NSTEP =     1500   TIME(PS) =     164.000  TEMP(K) =   298.31  PRESS =     0.0
 Etot   =   -107416.7107  EKtot   =     24514.5195  EPtot      =   -131931.2303
 BOND   =       410.7089  ANGLE   =      1022.9852  DIHED      =      1378.9180
 1-4 NB =       415.8019  1-4 EEL =      5457.8142  VDWAALS    =     17582.6822
 EELEC  =   -158213.2581  EHBOND  =         0.0000  RESTRAINT  =        13.1175
 EAMBER (non-restraint)  =   -131944.3478
 EKCMT  =         0.0000  VIRIAL  =         0.0000  VOLUME     =    414798.9543
                                                    Density    =         0.9997
 ------------------------------------------------------------------------------

 NMR restraints: Bond =    2.105   Angle =     1.890   Torsion =     8.396
===============================================================================
| Attempting MC barostat change: Failed
| Attempting MC barostat change: Succeeded
| Attempting MC barostat change: Failed
| Attempting MC barostat change: Failed
| Attempting MC barostat change: Succeeded
| MC Barostat: Decreasing size of volume moves

 NSTEP =     2000   TIME(PS) =     166.000  TEMP(K) =   298.28  PRESS =     0.0
 Etot   =   -107854.0151  EKtot   =     24512.1309  EPtot      =   -132366.1460
 BOND   =       424.2869  ANGLE   =       981.5956  DIHED      =      1361.0510
 1-4 NB =       415.1739  1-4 EEL =      5451.8512  VDWAALS    =     17643.6273
 EELEC  =   -158661.1680  EHBOND  =         0.0000  RESTRAINT  =        17.4362
 EAMBER (non-restraint)  =   -132383.5821
 EKCMT  =         0.0000  VIRIAL  =         0.0000  VOLUME     =    413666.7040
                                                    Density    =         1.0024
 ------------------------------------------------------------------------------

 NMR restraints: Bond =    2.091   Angle =     1.312   Torsion =    10.309
===============================================================================
| Attempting MC barostat change: Succeeded
| Attempting MC barostat change: Failed
| Attempting MC barostat change: Failed
| Attempting MC barostat change: Succeeded
| Attempting MC barostat change: Failed

 NSTEP =     2500   TIME(PS) =     168.000  TEMP(K) =   296.99  PRESS =     0.0
 Etot   =   -107892.9632  EKtot   =     24406.0996  EPtot      =   -132299.0629
 BOND   =       445.3801  ANGLE   =      1035.2231  DIHED      =      1352.6982
 1-4 NB =       427.9097  1-4 EEL =      5468.8949  VDWAALS    =     17970.6174
 EELEC  =   -159023.7358  EHBOND  =         0.0000  RESTRAINT  =        23.9497
 EAMBER (non-restraint)  =   -132323.0126
 EKCMT  =         0.0000  VIRIAL  =         0.0000  VOLUME     =    411961.3879
                                                    Density    =         1.0065
 ------------------------------------------------------------------------------

 NMR restraints: Bond =    3.166   Angle =     0.905   Torsion =    16.256
===============================================================================
| Attempting MC barostat change: Succeeded
| Attempting MC barostat change: Failed
| Attempting MC barostat change: Failed
| Attempting MC barostat change: Succeeded
| Attempting MC barostat change: Failed

 NSTEP =     3000   TIME(PS) =     170.000  TEMP(K) =   297.31  PRESS =     0.0
 Etot   =   -107972.1513  EKtot   =     24432.2539  EPtot      =   -132404.4052
 BOND   =       450.1375  ANGLE   =       983.0624  DIHED      =      1369.7028
 1-4 NB =       416.0285  1-4 EEL =      5427.0262  VDWAALS    =     17451.0934
 EELEC  =   -158519.4353  EHBOND  =         0.0000  RESTRAINT  =        17.9793
 EAMBER (non-restraint)  =   -132422.3845
 EKCMT  =         0.0000  VIRIAL  =         0.0000  VOLUME     =    412599.1199
                                                    Density    =         1.0050
 ------------------------------------------------------------------------------

 NMR restraints: Bond =    1.984   Angle =     1.154   Torsion =    11.440
===============================================================================
| Attempting MC barostat change: Failed
| Attempting MC barostat change: Failed
| Attempting MC barostat change: Failed
| Attempting MC barostat change: Failed
| Attempting MC barostat change: Failed

 NSTEP =     3500   TIME(PS) =     172.000  TEMP(K) =   298.83  PRESS =     0.0
 Etot   =   -107794.3222  EKtot   =     24557.3887  EPtot      =   -132351.7108
 BOND   =       395.1989  ANGLE   =      1023.2191  DIHED      =      1355.2189
 1-4 NB =       438.1739  1-4 EEL =      5442.0169  VDWAALS    =     17445.1333
 EELEC  =   -158469.1441  EHBOND  =         0.0000  RESTRAINT  =        18.4722
 EAMBER (non-restraint)  =   -132370.1831
 EKCMT  =         0.0000  VIRIAL  =         0.0000  VOLUME     =    412599.1199
                                                    Density    =         1.0050
 ------------------------------------------------------------------------------

 NMR restraints: Bond =    1.578   Angle =     2.453   Torsion =    11.482
===============================================================================

      A V E R A G E S   O V E R       7 S T E P S


 NSTEP =     3500   TIME(PS) =     172.000  TEMP(K) =   297.81  PRESS =     0.0
 Etot   =   -107762.3504  EKtot   =     24473.1744  EPtot      =   -132235.5248
 BOND   =       419.3226  ANGLE   =      1002.0997  DIHED      =      1365.5757
 1-4 NB =       421.7641  1-4 EEL =      5449.2535  VDWAALS    =     17671.6372
 EELEC  =   -158584.7819  EHBOND  =         0.0000  RESTRAINT  =        19.6042
 EAMBER (non-restraint)  =   -132255.1290
 EKCMT  =         0.0000  VIRIAL  =         0.0000  VOLUME     =    413593.7964
                                                    Density    =         1.0026
 ------------------------------------------------------------------------------

 NMR restraints: Bond =    1.578   Angle =     2.453   Torsion =    11.482
===============================================================================

      R M S  F L U C T U A T I O N S


 NSTEP =     3500   TIME(PS) =     172.000  TEMP(K) =     0.91  PRESS =     0.0
 Etot   =       171.3372  EKtot   =        74.7782  EPtot      =       180.2241
 BOND   =        19.9388  ANGLE   =        22.0636  DIHED      =         9.7576
 1-4 NB =         7.8233  1-4 EEL =        12.5112  VDWAALS    =       266.7718
 EELEC  =       361.1669  EHBOND  =         0.0000  RESTRAINT  =         3.7061
 EAMBER (non-restraint)  =       176.5180
 EKCMT  =         0.0000  VIRIAL  =         0.0000  VOLUME     =      1124.3992
                                                    Density    =         0.0027
 ------------------------------------------------------------------------------


 NMR restraints on final step:

 ------------------------------------------------------------------------------


 Final Restraint Analysis for coords: eqnpt04.rst7                            


 Restraints, deviations, and energy contributions:    pencut =   -1.00

 ------------------------------------------------------------------------------
     First atom        Last atom    curr. value target deviation  penalty
 ------------------------------------------------------------------------------
  Pb   DUM    2 --  CA   ILE   58:   11.887   11.895    0.008    0.001 d    0: 0
  Pb   DUM    1 --  CA   ILE   58:   88.504   90.000    1.496    0.170 a
  Pb   DUM    1 --  Pb   DUM    2:  177.828  180.000    2.172    0.359 t
  Pb   DUM    2 --  CA   LEU   79:   78.715   74.423    4.292    1.403 a
  Pb   DUM    2 --  CA   ILE   58:   20.187   21.287    1.100    0.092 t
  CA   ILE   58 --  CA   LEU   79:   85.037   86.680    1.642    0.205 t
  CA   ILE   58 --  CA   LEU   79:   10.497   10.640    0.143    0.103 d    0: 0
  CA   LEU   79 --  CA   PHE  105:   12.406   12.583    0.177    0.157 d    0: 0
  CA   PHE  105 --  CA   ILE   58:   13.487   13.332    0.154    0.119 d    0: 0
  CA   PRO   34 --  C    PRO   34:  144.830  144.217    0.613    0.006 t
  N    VAL   35 --  CA   VAL   35:  -61.098  -56.167    4.931    0.370 t
  CA   VAL   35 --  C    VAL   35:  124.195  129.525    5.330    0.433 t
  N    ASP   36 --  CA   ASP   36:  -77.141  -76.193    0.948    0.014 t
  CA   ASP   36 --  C    ASP   36:   86.538   89.364    2.825    0.122 t
  N    VAL   37 --  CA   VAL   37:  -68.571  -68.274    0.297    0.001 t
  CA   VAL   37 --  C    VAL   37:   -7.496   -7.220    0.276    0.001 t
  N    GLU   38 --  CA   GLU   38:  -85.953  -93.159    7.206    0.791 t
  CA   GLU   38 --  C    GLU   38:   -4.772   -7.845    3.073    0.144 t
  N    ALA   39 --  CA   ALA   39:  -72.323  -74.191    1.868    0.053 t
  CA   ALA   39 --  C    ALA   39:  147.251  147.578    0.327    0.002 t
  N    LEU   40 --  CA   LEU   40:  -65.827  -57.702    8.125    1.005 t
  CA   LEU   40 --  C    LEU   40:  126.152  128.400    2.248    0.077 t
  N    GLY   41 --  CA   GLY   41:  102.480   99.732    2.748    0.115 t
  CA   GLY   41 --  C    GLY   41:   -9.699  -12.759    3.060    0.143 t
  N    LEU   42 --  CA   LEU   42: -101.647 -107.618    5.972    0.543 t
  CA   LEU   42 --  C    LEU   42:   17.329   18.284    0.956    0.014 t
  N    HIE   43 --  CA   HIE   43:  -51.905  -58.806    6.901    0.725 t
  CA   HIE   43 --  C    HIE   43:  -24.563  -25.366    0.803    0.010 t
  N    ASP   44 --  CA   ASP   44:  -98.836 -102.929    4.092    0.255 t
  CA   ASP   44 --  C    ASP   44:    5.567    4.656    0.912    0.013 t
  N    TYR   45 --  CA   TYR   45:  -63.804  -56.812    6.991    0.744 t
  Pb   DUM    1 --  N1   LIG  113:    4.587    5.000    0.413    0.855 d    0: 0
  Pb   DUM    2 --  N1   LIG  113:   87.522   90.000    2.478    0.468 a
  Pb   DUM    2 --  Pb   DUM    1:    0.002    0.000    0.002    0.000 t
  Pb   DUM    1 --  C11  LIG  113:  137.595  135.630    1.965    0.294 a
  Pb   DUM    1 --  N1   LIG  113: -118.785 -119.844    1.059    0.085 t
  N1   LIG  113 --  C11  LIG  113: -153.149 -153.510    0.361    0.010 t
  N1   LIG  113 --  C11  LIG  113:    4.932    4.931    0.001    0.000 d    0: 0
  C11  LIG  113 --  C8   LIG  113:    5.953    5.856    0.097    0.047 d    0: 0
  C8   LIG  113 --  N1   LIG  113:    5.167    5.122    0.045    0.010 d    0: 0
  C10  LIG  113 --  C9   LIG  113:   14.036   12.916    1.120    0.027 t
  C5   LIG  113 --  C6   LIG  113: -183.167 -178.683    4.484    0.429 t
  C8   LIG  113 --  C9   LIG  113:   -9.268   -4.440    4.827    0.497 t
  C7   LIG  113 --  C8   LIG  113:    0.106   -5.351    5.457    0.635 t
  C6   LIG  113 --  C7   LIG  113:    3.981    6.629    2.648    0.149 t
  C    LIG  113 --  N2   LIG  113:  169.683  166.205    3.477    0.258 t
  C5   LIG  113 --  C10  LIG  113:  174.218  169.030    5.188    0.574 t
  C    LIG  113 --  C1   LIG  113:    0.068   -4.304    4.371    0.407 t
  N    LIG  113 --  N1   LIG  113:    3.735    6.217    2.482    0.131 t
  C    LIG  113 --  C4   LIG  113: -169.670 -164.950    4.720    0.475 t
  C2   LIG  113 --  N    LIG  113:  169.207  168.879    0.329    0.002 t
  C1   LIG  113 --  C2   LIG  113:  176.960  176.682    0.278    0.002 t
  C4   LIG  113 --  N1   LIG  113:   -8.223   -9.239    1.016    0.022 t
  C4   LIG  113 --  C5   LIG  113:   80.722   88.452    7.730    1.274 t
                                       Total distance penalty:      1.291
                                       Total angle    penalty:      2.334
                                       Total torsion  penalty:     11.215
 ------------------------------------------------------------------------------
| MC Barostat:         35 volume changes attempted.
| MC Barostat:          8 changes successful ( 22.86%)
 ------------------------------------------------------------------------------

--------------------------------------------------------------------------------
   5.  TIMINGS
--------------------------------------------------------------------------------

|  NonSetup CPU Time in Major Routines:
|
|     Routine           Sec        %
|     ------------------------------
|     Nonbond           1.09   12.80
|     Bond              0.00    0.00
|     Angle             0.00    0.00
|     Dihedral          0.00    0.00
|     Shake             0.03    0.32
|     RunMD             7.31   85.92
|     Other             0.08    0.96
|     ------------------------------
|     Total             8.51

|  PME Nonbond Pairlist CPU Time:
|
|     Routine              Sec        %
|     ---------------------------------
|     Set Up Cit           0.00    0.00
|     Build List           0.00    0.00
|     ---------------------------------
|     Total                0.00    0.00

|  PME Direct Force CPU Time:
|
|     Routine              Sec        %
|     ---------------------------------
|     NonBonded Calc       0.00    0.00
|     Exclude Masked       0.00    0.00
|     Other                0.01    0.14
|     ---------------------------------
|     Total                0.01    0.14

|  PME Reciprocal Force CPU Time:
|
|     Routine              Sec        %
|     ---------------------------------
|     1D bspline           0.00    0.00
|     Grid Charges         0.00    0.00
|     Scalar Sum           0.00    0.00
|     Gradient Sum         0.00    0.00
|     FFT                  0.00    0.00
|     ---------------------------------
|     Total                0.00    0.00

|  Final Performance Info:
|     -----------------------------------------------------
|     Average timings for last    3000 steps:
|         Elapsed(s) =       7.70 Per Step(ms) =       2.57
|             ns/day =     134.68   seconds/ns =     641.51
|
|     Average timings for all steps:
|         Elapsed(s) =       9.00 Per Step(ms) =       2.57
|             ns/day =     134.41   seconds/ns =     642.82
|     -----------------------------------------------------

|  Setup CPU time:            1.81 seconds
|  NonSetup CPU time:         8.51 seconds
|  Total CPU time:           10.32 seconds     0.00 hours

|  Setup wall time:           2    seconds
|  NonSetup wall time:        9    seconds
|  Total wall time:          11    seconds     0.00 hours
