
          -------------------------------------------------------
          Amber 14 SANDER                              2014
          -------------------------------------------------------

| PMEMD implementation of SANDER, Release 14

| Run on 04/28/2020 at 09:23:17

|   Executable path: pmemd.cuda
| Working directory: /home1/tbaba/centos/BAT.py-master/BAT/prep/pose0
|          Hostname: tx1

  [-O]verwriting output

File Assignments:
|   MDIN: therm2.in                                                             
|  MDOUT: therm2.out                                                            
| INPCRD: therm1.rst7                                                           
|   PARM: full.hmr.prmtop                                                       
| RESTRT: therm2.rst7                                                           
|   REFC: full.inpcrd                                                           
|  MDVEL: mdvel                                                                 
|   MDEN: mden                                                                  
|  MDCRD: therm2.nc                                                             
| MDINFO: mdinfo                                                                
|  MDFRC: mdfrc                                                                 

 
 Here is the input file:
 
*******************************************************                        
*****************************       therm2.in                                  
*******************************************************                        
Thermalizing, NVT.                                                             
 &cntrl                                                                        
  imin = 0,                                                                    
  ntx = 5,                                                                     
  irest = 1,                                                                   
  ntpr = 500,                                                                  
  ntwr = 25000,                                                                
  ntwx = 0,                                                                    
  ioutfm = 1,                                                                  
  iwrap = 1,                                                                   
  ntf = 2,                                                                     
  ntc = 2,                                                                     
  cut = 9.0,                                                                   
  ntt = 3,                                                                     
  gamma_ln = 1.0,                                                              
  ig = -1,                                                                     
  ntp = 0,                                                                     
  nstlim = 25000,                                                              
  dt = 0.004,                                                                  
  ntr = 1,                                                                     
  restraint_wt = 50.0,                                                         
  restraintmask = ':1-3 | :113@N1 | :113@C11 | :113@C8',                       
  nmropt = 1,                                                                  
  pencut = -1,                                                                 
 /                                                                             
 &wt type='TEMP0', istep1=0,    istep2=25000,  value1=10.0, value2= 298.15, /  
 &wt type = 'END', /                                                           
DISANG=disang.rest                                                             
LISTOUT=POUT                                                                   
                                                                               


Note: ig = -1. Setting random seed to   620387 based on wallclock time in 
      microseconds.
 
|--------------------- INFORMATION ----------------------
| GPU (CUDA) Version of PMEMD in use: NVIDIA GPU IN USE.
|                    Version 14.0.1
| 
|                      06/20/2014
| 
| Implementation by:
|                    Ross C. Walker     (SDSC)
|                    Scott Le Grand     (nVIDIA)
| 
| CAUTION: The CUDA code is currently experimental.
|          You use it at your own risk. Be sure to
|          check ALL results carefully.
| 
| Precision model in use:
|      [SPFP] - Mixed Single/Double/Fixed Point Precision.
|               (Default)
| 
|--------------------------------------------------------
 
|----------------- CITATION INFORMATION -----------------
|
|    When publishing work that utilized the CUDA version
|    of AMBER, please cite the following in addition to
|    the regular AMBER citations:
|
|  - Romelia Salomon-Ferrer; Andreas W. Goetz; Duncan
|    Poole; Scott Le Grand; Ross C. Walker "Routine
|    microsecond molecular dynamics simulations with
|    AMBER - Part II: Particle Mesh Ewald", J. Chem.
|    Theory Comput., 2013, 9 (9), pp3878-3888,
|    DOI: 10.1021/ct400314y.
|
|  - Andreas W. Goetz; Mark J. Williamson; Dong Xu;
|    Duncan Poole; Scott Le Grand; Ross C. Walker
|    "Routine microsecond molecular dynamics simulations
|    with AMBER - Part I: Generalized Born", J. Chem.
|    Theory Comput., 2012, 8 (5), pp1542-1555.
|
|  - Scott Le Grand; Andreas W. Goetz; Ross C. Walker
|    "SPFP: Speed without compromise - a mixed precision
|    model for GPU accelerated molecular dynamics
|    simulations.", Comp. Phys. Comm., 2013, 184
|    pp374-380, DOI: 10.1016/j.cpc.2012.09.022
|
|--------------------------------------------------------
 
|------------------- GPU DEVICE INFO --------------------
|
|            CUDA_VISIBLE_DEVICES: not set
|   CUDA Capable Devices Detected:      4
|           CUDA Device ID in use:      0
|                CUDA Device Name: GeForce GTX TITAN X
|     CUDA Device Global Mem Size:  12212 MB
| CUDA Device Num Multiprocessors:     24
|           CUDA Device Core Freq:   1.08 GHz
|
|--------------------------------------------------------
 
 
| Conditional Compilation Defines Used:
| FFTW_FFT
| BINTRAJ
| MKL
| CUDA
| EMIL
 
| Largest sphere to fit in unit cell has radius =    32.369

| New format PARM file being parsed.
| Version =    1.000 Date = 04/28/20 Time = 08:25:46

| Note: 1-4 EEL scale factors are being read from the topology file.

| Note: 1-4 VDW scale factors are being read from the topology file.
| Duplicated    0 dihedrals

| Duplicated    0 dihedrals

--------------------------------------------------------------------------------
   1.  RESOURCE   USE: 
--------------------------------------------------------------------------------

 getting new box info from bottom of inpcrd
 NATOM  =   40866 NTYPES =      18 NBONH =   39890 MBONA  =     933
 NTHETH =    2036 MTHETA =    1252 NPHIH =    3990 MPHIA  =    3859
 NHPARM =       0 NPARM  =       0 NNB   =   61967 NRES   =   13177
 NBONA  =     933 NTHETA =    1252 NPHIA =    3859 NUMBND =      87
 NUMANG =     186 NPTRA  =     207 NATYP =      51 NPHB   =       1
 IFBOX  =       1 NMXRS  =      29 IFCAP =       0 NEXTRA =       0
 NCOPY  =       0

| Coordinate Index Table dimensions:    13   12   23
| Direct force subcell size =     5.0906    5.3948    5.1282

     BOX TYPE: RECTILINEAR

--------------------------------------------------------------------------------
   2.  CONTROL  DATA  FOR  THE  RUN
--------------------------------------------------------------------------------

default_name                                                                    

General flags:
     imin    =       0, nmropt  =       1

Nature and format of input:
     ntx     =       5, irest   =       1, ntrx    =       1

Nature and format of output:
     ntxo    =       1, ntpr    =     500, ntrx    =       1, ntwr    =   25000
     iwrap   =       1, ntwx    =       0, ntwv    =       0, ntwe    =       0
     ioutfm  =       1, ntwprt  =       0, idecomp =       0, rbornstat=      0

Potential function:
     ntf     =       2, ntb     =       1, igb     =       0, nsnb    =      25
     ipol    =       0, gbsa    =       0, iesp    =       0
     dielc   =   1.00000, cut     =   9.00000, intdiel =   1.00000

Frozen or restrained atoms:
     ibelly  =       0, ntr     =       1
     restraint_wt =  50.00000

Molecular dynamics:
     nstlim  =     25000, nscm    =         0, nrespa  =         1
     t       =   0.00000, dt      =   0.00400, vlimit  =  -1.00000

Langevin dynamics temperature regulation:
     ig      =  620387
     temp0   = 300.00000, tempi   =   0.00000, gamma_ln=   1.00000

SHAKE:
     ntc     =       2, jfastw  =       0
     tol     =   0.00001

NMR refinement options:
     iscale  =       0, noeskp  =       1, ipnlty  =       1, mxsub   =       1
     scalm   = 100.00000, pencut  =  -1.00000, tausw   =   0.10000

| Intermolecular bonds treatment:
|     no_intermolecular_bonds =       1

| Energy averages sample interval:
|     ene_avg_sampling =     500

Ewald parameters:
     verbose =       0, ew_type =       0, nbflag  =       1, use_pme =       1
     vdwmeth =       1, eedmeth =       1, netfrc  =       1
     Box X =   66.177   Box Y =   64.737   Box Z =  117.949
     Alpha =   90.000   Beta  =   90.000   Gamma =   90.000
     NFFT1 =   64       NFFT2 =   64       NFFT3 =  128
     Cutoff=    9.000   Tol   =0.100E-04
     Ewald Coefficient =  0.30768
     Interpolation order =    4

    LOADING THE CONSTRAINED ATOMS AS GROUPS


   5.  REFERENCE ATOM COORDINATES

  default_name                                                                    
     Mask :1-3 | :113@N1 | :113@C11 | :113@C8; matches     6 atoms

--------------------------------------------------------------------------------
   3.  ATOMIC COORDINATES AND VELOCITIES
--------------------------------------------------------------------------------

default_name                                                                    
 begin time read from input coords =     2.000 ps



           Begin reading energy term weight changes/NMR restraints
 WEIGHT CHANGES:
 TEMP0         0  25000   10.000000  298.150000      0      0

 RESTRAINTS:
 Requested file redirections:
  DISANG    = disang.rest
  LISTOUT   = POUT
 Restraints will be read from file: disang.rest
Here are comments from the DISANG input file:
# Anchor atoms  :58@CA  :79@CA  :105@CA  :113@N1  :113@C11  :113@C8  stage = pre
 
                       Number of restraints read =    54

                  Done reading weight changes/NMR restraints


 
 Number of triangulated 3-point waters found:    13000

     Sum of charges from parm topology file =  -0.00000106
     Forcing neutrality...

| Dynamic Memory, Types Used:
| Reals             1322142
| Integers          1191825

| Nonbonded Pairs Initial Allocation:     9317448

| GPU memory information (estimate):
| KB of GPU memory in use:    238755
| KB of CPU memory in use:     49539

--------------------------------------------------------------------------------
   4.  RESULTS
--------------------------------------------------------------------------------

 ---------------------------------------------------
 APPROXIMATING switch and d/dx switch using CUBIC SPLINE INTERPOLATION
 using   5000.0 points per unit in tabled values
 TESTING RELATIVE ERROR over r ranging from 0.0 to cutoff
| CHECK switch(x): max rel err =   0.3316E-14   at   2.351880
| CHECK d/dx switch(x): max rel err =   0.8205E-11   at   2.761360
 ---------------------------------------------------
|---------------------------------------------------
| APPROXIMATING direct energy using CUBIC SPLINE INTERPOLATION
|  with   50.0 points per unit in tabled values
| Relative Error Limit not exceeded for r .gt.   2.39
| APPROXIMATING direct force using CUBIC SPLINE INTERPOLATION
|  with   50.0 points per unit in tabled values
| Relative Error Limit not exceeded for r .gt.   2.84
|---------------------------------------------------

 NSTEP =      500   TIME(PS) =       4.000  TEMP(K) =    17.33  PRESS =     0.0
 Etot   =   -161236.4273  EKtot   =      1424.0090  EPtot      =   -162660.4363
 BOND   =        72.1190  ANGLE   =       313.1810  DIHED      =      1194.1884
 1-4 NB =       377.8033  1-4 EEL =      5456.8479  VDWAALS    =     30960.2479
 EELEC  =   -201038.7310  EHBOND  =         0.0000  RESTRAINT  =         3.9072
 EAMBER (non-restraint)  =   -162664.3435
 ------------------------------------------------------------------------------

 NMR restraints: Bond =    0.154   Angle =     0.093   Torsion =     3.311
===============================================================================

 NSTEP =     1000   TIME(PS) =       6.000  TEMP(K) =    19.57  PRESS =     0.0
 Etot   =   -161064.0099  EKtot   =      1608.5303  EPtot      =   -162672.5402
 BOND   =        78.8595  ANGLE   =       327.6235  DIHED      =      1201.7400
 1-4 NB =       378.3463  1-4 EEL =      5452.8560  VDWAALS    =     31052.4657
 EELEC  =   -201169.2848  EHBOND  =         0.0000  RESTRAINT  =         4.8536
 EAMBER (non-restraint)  =   -162677.3938
 ------------------------------------------------------------------------------

 NMR restraints: Bond =    0.636   Angle =     0.058   Torsion =     3.152
===============================================================================

 NSTEP =     1500   TIME(PS) =       8.000  TEMP(K) =    24.83  PRESS =     0.0
 Etot   =   -160319.0222  EKtot   =      2040.5825  EPtot      =   -162359.6047
 BOND   =        83.5442  ANGLE   =       343.7500  DIHED      =      1212.0751
 1-4 NB =       378.2468  1-4 EEL =      5448.9858  VDWAALS    =     31000.2514
 EELEC  =   -200831.4429  EHBOND  =         0.0000  RESTRAINT  =         4.9848
 EAMBER (non-restraint)  =   -162364.5895
 ------------------------------------------------------------------------------

 NMR restraints: Bond =    0.553   Angle =     0.068   Torsion =     3.784
===============================================================================

 NSTEP =     2000   TIME(PS) =      10.000  TEMP(K) =    30.73  PRESS =     0.0
 Etot   =   -159424.1844  EKtot   =      2525.1672  EPtot      =   -161949.3516
 BOND   =        97.0997  ANGLE   =       359.6120  DIHED      =      1211.6307
 1-4 NB =       379.2502  1-4 EEL =      5455.6060  VDWAALS    =     30745.9320
 EELEC  =   -200203.6579  EHBOND  =         0.0000  RESTRAINT  =         5.1756
 EAMBER (non-restraint)  =   -161954.5272
 ------------------------------------------------------------------------------

 NMR restraints: Bond =    0.690   Angle =     0.099   Torsion =     3.770
===============================================================================

 NSTEP =     2500   TIME(PS) =      12.000  TEMP(K) =    36.12  PRESS =     0.0
 Etot   =   -158604.1416  EKtot   =      2968.6704  EPtot      =   -161572.8120
 BOND   =       106.2905  ANGLE   =       368.9119  DIHED      =      1211.3946
 1-4 NB =       379.4409  1-4 EEL =      5452.8463  VDWAALS    =     30549.3676
 EELEC  =   -199646.6332  EHBOND  =         0.0000  RESTRAINT  =         5.5694
 EAMBER (non-restraint)  =   -161578.3814
 ------------------------------------------------------------------------------

 NMR restraints: Bond =    0.156   Angle =     0.138   Torsion =     4.319
===============================================================================

 NSTEP =     3000   TIME(PS) =      14.000  TEMP(K) =    42.21  PRESS =     0.0
 Etot   =   -157688.6901  EKtot   =      3468.8945  EPtot      =   -161157.5846
 BOND   =       106.1995  ANGLE   =       372.6968  DIHED      =      1213.7759
 1-4 NB =       384.0047  1-4 EEL =      5453.5048  VDWAALS    =     30401.3188
 EELEC  =   -199094.9116  EHBOND  =         0.0000  RESTRAINT  =         5.8264
 EAMBER (non-restraint)  =   -161163.4110
 ------------------------------------------------------------------------------

 NMR restraints: Bond =    0.188   Angle =     0.218   Torsion =     4.535
===============================================================================

 NSTEP =     3500   TIME(PS) =      16.000  TEMP(K) =    47.87  PRESS =     0.0
 Etot   =   -156868.1567  EKtot   =      3933.7690  EPtot      =   -160801.9257
 BOND   =       116.3922  ANGLE   =       390.4090  DIHED      =      1219.2885
 1-4 NB =       378.8829  1-4 EEL =      5462.8043  VDWAALS    =     30240.1239
 EELEC  =   -198615.0824  EHBOND  =         0.0000  RESTRAINT  =         5.2559
 EAMBER (non-restraint)  =   -160807.1816
 ------------------------------------------------------------------------------

 NMR restraints: Bond =    0.557   Angle =     0.120   Torsion =     3.891
===============================================================================

 NSTEP =     4000   TIME(PS) =      18.000  TEMP(K) =    53.66  PRESS =     0.0
 Etot   =   -155983.4720  EKtot   =      4409.4609  EPtot      =   -160392.9329
 BOND   =       123.6535  ANGLE   =       423.0916  DIHED      =      1220.7705
 1-4 NB =       377.0949  1-4 EEL =      5446.4809  VDWAALS    =     30087.2471
 EELEC  =   -198077.3610  EHBOND  =         0.0000  RESTRAINT  =         6.0895
 EAMBER (non-restraint)  =   -160399.0224
 ------------------------------------------------------------------------------

 NMR restraints: Bond =    0.778   Angle =     0.134   Torsion =     3.701
===============================================================================

 NSTEP =     4500   TIME(PS) =      20.000  TEMP(K) =    59.53  PRESS =     0.0
 Etot   =   -155127.5475  EKtot   =      4892.1509  EPtot      =   -160019.6984
 BOND   =       133.4699  ANGLE   =       424.2422  DIHED      =      1226.8343
 1-4 NB =       386.2766  1-4 EEL =      5448.5787  VDWAALS    =     29783.6972
 EELEC  =   -197428.6520  EHBOND  =         0.0000  RESTRAINT  =         5.8548
 EAMBER (non-restraint)  =   -160025.5532
 ------------------------------------------------------------------------------

 NMR restraints: Bond =    0.293   Angle =     0.272   Torsion =     4.419
===============================================================================

 NSTEP =     5000   TIME(PS) =      22.000  TEMP(K) =    65.32  PRESS =     0.0
 Etot   =   -154264.9256  EKtot   =      5368.1890  EPtot      =   -159633.1146
 BOND   =       135.5950  ANGLE   =       453.9597  DIHED      =      1233.4826
 1-4 NB =       387.7689  1-4 EEL =      5452.9181  VDWAALS    =     29585.6134
 EELEC  =   -196888.4634  EHBOND  =         0.0000  RESTRAINT  =         6.0111
 EAMBER (non-restraint)  =   -159639.1257
 ------------------------------------------------------------------------------

 NMR restraints: Bond =    0.117   Angle =     0.145   Torsion =     4.152
===============================================================================

 NSTEP =     5500   TIME(PS) =      24.000  TEMP(K) =    70.82  PRESS =     0.0
 Etot   =   -153401.9114  EKtot   =      5820.1650  EPtot      =   -159222.0765
 BOND   =       140.7076  ANGLE   =       475.9679  DIHED      =      1236.9319
 1-4 NB =       386.8930  1-4 EEL =      5453.6621  VDWAALS    =     29215.4925
 EELEC  =   -196137.3057  EHBOND  =         0.0000  RESTRAINT  =         5.5744
 EAMBER (non-restraint)  =   -159227.6508
 ------------------------------------------------------------------------------

 NMR restraints: Bond =    0.144   Angle =     0.115   Torsion =     4.497
===============================================================================

 NSTEP =     6000   TIME(PS) =      26.000  TEMP(K) =    77.12  PRESS =     0.0
 Etot   =   -152493.6064  EKtot   =      6337.8784  EPtot      =   -158831.4848
 BOND   =       145.2402  ANGLE   =       482.3761  DIHED      =      1244.8635
 1-4 NB =       382.0717  1-4 EEL =      5448.6188  VDWAALS    =     29146.3833
 EELEC  =   -195687.0706  EHBOND  =         0.0000  RESTRAINT  =         6.0321
 EAMBER (non-restraint)  =   -158837.5169
 ------------------------------------------------------------------------------

 NMR restraints: Bond =    0.805   Angle =     0.018   Torsion =     4.689
===============================================================================

 NSTEP =     6500   TIME(PS) =      28.000  TEMP(K) =    82.99  PRESS =     0.0
 Etot   =   -151689.2187  EKtot   =      6819.7461  EPtot      =   -158508.9647
 BOND   =       162.4363  ANGLE   =       501.5991  DIHED      =      1239.0369
 1-4 NB =       386.5667  1-4 EEL =      5447.6819  VDWAALS    =     28874.3410
 EELEC  =   -195126.1637  EHBOND  =         0.0000  RESTRAINT  =         5.5371
 EAMBER (non-restraint)  =   -158514.5018
 ------------------------------------------------------------------------------

 NMR restraints: Bond =    0.473   Angle =     0.029   Torsion =     4.250
===============================================================================

 NSTEP =     7000   TIME(PS) =      30.000  TEMP(K) =    88.74  PRESS =     0.0
 Etot   =   -150793.5530  EKtot   =      7292.2930  EPtot      =   -158085.8460
 BOND   =       177.4249  ANGLE   =       492.1487  DIHED      =      1241.3708
 1-4 NB =       389.1004  1-4 EEL =      5446.0917  VDWAALS    =     28981.2442
 EELEC  =   -194822.3235  EHBOND  =         0.0000  RESTRAINT  =         9.0970
 EAMBER (non-restraint)  =   -158094.9430
 ------------------------------------------------------------------------------

 NMR restraints: Bond =    0.599   Angle =     0.112   Torsion =     6.804
===============================================================================

 NSTEP =     7500   TIME(PS) =      32.000  TEMP(K) =    93.55  PRESS =     0.0
 Etot   =   -150052.7804  EKtot   =      7687.7065  EPtot      =   -157740.4869
 BOND   =       166.4072  ANGLE   =       521.8340  DIHED      =      1243.0863
 1-4 NB =       387.6578  1-4 EEL =      5463.0443  VDWAALS    =     28644.3340
 EELEC  =   -194174.1292  EHBOND  =         0.0000  RESTRAINT  =         7.2788
 EAMBER (non-restraint)  =   -157747.7657
 ------------------------------------------------------------------------------

 NMR restraints: Bond =    1.094   Angle =     0.135   Torsion =     4.645
===============================================================================

 NSTEP =     8000   TIME(PS) =      34.000  TEMP(K) =    98.86  PRESS =     0.0
 Etot   =   -149264.3530  EKtot   =      8123.7974  EPtot      =   -157388.1504
 BOND   =       177.3551  ANGLE   =       507.0534  DIHED      =      1246.8641
 1-4 NB =       394.8484  1-4 EEL =      5459.9688  VDWAALS    =     28508.0537
 EELEC  =   -193690.4863  EHBOND  =         0.0000  RESTRAINT  =         8.1924
 EAMBER (non-restraint)  =   -157396.3428
 ------------------------------------------------------------------------------

 NMR restraints: Bond =    1.578   Angle =     0.395   Torsion =     4.984
===============================================================================

 NSTEP =     8500   TIME(PS) =      36.000  TEMP(K) =   104.74  PRESS =     0.0
 Etot   =   -148399.2312  EKtot   =      8607.0244  EPtot      =   -157006.2557
 BOND   =       197.2288  ANGLE   =       527.6256  DIHED      =      1249.8794
 1-4 NB =       395.0907  1-4 EEL =      5449.4781  VDWAALS    =     28336.5160
 EELEC  =   -193172.7498  EHBOND  =         0.0000  RESTRAINT  =        10.6756
 EAMBER (non-restraint)  =   -157016.9313
 ------------------------------------------------------------------------------

 NMR restraints: Bond =    1.854   Angle =     0.052   Torsion =     7.705
===============================================================================

 NSTEP =     9000   TIME(PS) =      38.000  TEMP(K) =   110.93  PRESS =     0.0
 Etot   =   -147531.6042  EKtot   =      9115.8184  EPtot      =   -156647.4226
 BOND   =       187.2055  ANGLE   =       568.2254  DIHED      =      1240.3988
 1-4 NB =       391.2774  1-4 EEL =      5443.5904  VDWAALS    =     28220.7030
 EELEC  =   -192710.1016  EHBOND  =         0.0000  RESTRAINT  =        11.2785
 EAMBER (non-restraint)  =   -156658.7011
 ------------------------------------------------------------------------------

 NMR restraints: Bond =    1.095   Angle =     0.140   Torsion =     8.027
===============================================================================

 NSTEP =     9500   TIME(PS) =      40.000  TEMP(K) =   115.89  PRESS =     0.0
 Etot   =   -146603.3297  EKtot   =      9523.8154  EPtot      =   -156127.1452
 BOND   =       201.6761  ANGLE   =       558.1557  DIHED      =      1249.2756
 1-4 NB =       390.9384  1-4 EEL =      5453.2463  VDWAALS    =     27856.6697
 EELEC  =   -191846.7254  EHBOND  =         0.0000  RESTRAINT  =         9.6185
 EAMBER (non-restraint)  =   -156136.7637
 ------------------------------------------------------------------------------

 NMR restraints: Bond =    0.252   Angle =     0.096   Torsion =     6.092
===============================================================================

 NSTEP =    10000   TIME(PS) =      42.000  TEMP(K) =   122.36  PRESS =     0.0
 Etot   =   -145585.8920  EKtot   =     10055.4951  EPtot      =   -155641.3871
 BOND   =       183.7565  ANGLE   =       593.9677  DIHED      =      1266.2727
 1-4 NB =       394.1538  1-4 EEL =      5457.9419  VDWAALS    =     27459.2273
 EELEC  =   -191004.8161  EHBOND  =         0.0000  RESTRAINT  =         8.1091
 EAMBER (non-restraint)  =   -155649.4962
 ------------------------------------------------------------------------------

 NMR restraints: Bond =    0.471   Angle =     0.061   Torsion =     6.295
===============================================================================

 NSTEP =    10500   TIME(PS) =      44.000  TEMP(K) =   129.16  PRESS =     0.0
 Etot   =   -144591.9471  EKtot   =     10614.2471  EPtot      =   -155206.1942
 BOND   =       223.8483  ANGLE   =       571.4062  DIHED      =      1258.1086
 1-4 NB =       386.4627  1-4 EEL =      5455.1447  VDWAALS    =     27260.0575
 EELEC  =   -190373.3672  EHBOND  =         0.0000  RESTRAINT  =        12.1449
 EAMBER (non-restraint)  =   -155218.3391
 ------------------------------------------------------------------------------

 NMR restraints: Bond =    0.671   Angle =     0.185   Torsion =     7.436
===============================================================================

 NSTEP =    11000   TIME(PS) =      46.000  TEMP(K) =   134.20  PRESS =     0.0
 Etot   =   -143603.0246  EKtot   =     11028.0254  EPtot      =   -154631.0500
 BOND   =       224.2200  ANGLE   =       596.9286  DIHED      =      1258.1062
 1-4 NB =       390.8265  1-4 EEL =      5452.5021  VDWAALS    =     27327.5894
 EELEC  =   -189889.9208  EHBOND  =         0.0000  RESTRAINT  =         8.6981
 EAMBER (non-restraint)  =   -154639.7480
 ------------------------------------------------------------------------------

 NMR restraints: Bond =    0.688   Angle =     0.096   Torsion =     6.915
===============================================================================

 NSTEP =    11500   TIME(PS) =      48.000  TEMP(K) =   139.31  PRESS =     0.0
 Etot   =   -142765.1953  EKtot   =     11448.6250  EPtot      =   -154213.8203
 BOND   =       251.3687  ANGLE   =       630.1031  DIHED      =      1269.2068
 1-4 NB =       378.0463  1-4 EEL =      5432.1007  VDWAALS    =     27175.6947
 EELEC  =   -189360.4555  EHBOND  =         0.0000  RESTRAINT  =        10.1149
 EAMBER (non-restraint)  =   -154223.9352
 ------------------------------------------------------------------------------

 NMR restraints: Bond =    0.213   Angle =     0.246   Torsion =     6.479
===============================================================================

 NSTEP =    12000   TIME(PS) =      50.000  TEMP(K) =   145.76  PRESS =     0.0
 Etot   =   -141858.0675  EKtot   =     11978.5156  EPtot      =   -153836.5832
 BOND   =       225.9153  ANGLE   =       616.7264  DIHED      =      1278.9409
 1-4 NB =       402.5184  1-4 EEL =      5457.2468  VDWAALS    =     26854.1292
 EELEC  =   -188682.4499  EHBOND  =         0.0000  RESTRAINT  =        10.3899
 EAMBER (non-restraint)  =   -153846.9730
 ------------------------------------------------------------------------------

 NMR restraints: Bond =    0.520   Angle =     0.171   Torsion =     7.159
===============================================================================

 NSTEP =    12500   TIME(PS) =      52.000  TEMP(K) =   150.61  PRESS =     0.0
 Etot   =   -140974.6601  EKtot   =     12376.9082  EPtot      =   -153351.5683
 BOND   =       225.6745  ANGLE   =       655.6609  DIHED      =      1281.6972
 1-4 NB =       395.2280  1-4 EEL =      5452.6718  VDWAALS    =     26775.9373
 EELEC  =   -188146.6750  EHBOND  =         0.0000  RESTRAINT  =         8.2371
 EAMBER (non-restraint)  =   -153359.8054
 ------------------------------------------------------------------------------

 NMR restraints: Bond =    0.625   Angle =     0.157   Torsion =     6.810
===============================================================================

 NSTEP =    13000   TIME(PS) =      54.000  TEMP(K) =   155.90  PRESS =     0.0
 Etot   =   -139960.9566  EKtot   =     12811.3916  EPtot      =   -152772.3482
 BOND   =       252.2958  ANGLE   =       659.1760  DIHED      =      1279.2724
 1-4 NB =       397.4950  1-4 EEL =      5450.3274  VDWAALS    =     26283.9145
 EELEC  =   -187103.3794  EHBOND  =         0.0000  RESTRAINT  =         8.5499
 EAMBER (non-restraint)  =   -152780.8981
 ------------------------------------------------------------------------------

 NMR restraints: Bond =    1.038   Angle =     0.440   Torsion =     5.622
===============================================================================

 NSTEP =    13500   TIME(PS) =      56.000  TEMP(K) =   162.16  PRESS =     0.0
 Etot   =   -138705.0976  EKtot   =     13326.0557  EPtot      =   -152031.1533
 BOND   =       255.4911  ANGLE   =       665.7415  DIHED      =      1275.1929
 1-4 NB =       396.4233  1-4 EEL =      5446.9332  VDWAALS    =     26168.4476
 EELEC  =   -186253.0674  EHBOND  =         0.0000  RESTRAINT  =        13.6846
 EAMBER (non-restraint)  =   -152044.8378
 ------------------------------------------------------------------------------

 NMR restraints: Bond =    0.996   Angle =     0.330   Torsion =     9.657
===============================================================================

 NSTEP =    14000   TIME(PS) =      58.000  TEMP(K) =   168.44  PRESS =     0.0
 Etot   =   -137657.6585  EKtot   =     13842.1064  EPtot      =   -151499.7649
 BOND   =       288.8597  ANGLE   =       684.4192  DIHED      =      1283.6528
 1-4 NB =       384.4046  1-4 EEL =      5425.2741  VDWAALS    =     25910.6532
 EELEC  =   -185488.4448  EHBOND  =         0.0000  RESTRAINT  =        11.4162
 EAMBER (non-restraint)  =   -151511.1811
 ------------------------------------------------------------------------------

 NMR restraints: Bond =    0.789   Angle =     0.676   Torsion =     7.758
===============================================================================

 NSTEP =    14500   TIME(PS) =      60.000  TEMP(K) =   173.34  PRESS =     0.0
 Etot   =   -136703.2587  EKtot   =     14245.0771  EPtot      =   -150948.3359
 BOND   =       290.7985  ANGLE   =       705.0677  DIHED      =      1291.4302
 1-4 NB =       394.6974  1-4 EEL =      5430.4490  VDWAALS    =     25224.3030
 EELEC  =   -184294.8645  EHBOND  =         0.0000  RESTRAINT  =         9.7829
 EAMBER (non-restraint)  =   -150958.1188
 ------------------------------------------------------------------------------

 NMR restraints: Bond =    1.897   Angle =     0.361   Torsion =     5.636
===============================================================================

 NSTEP =    15000   TIME(PS) =      62.000  TEMP(K) =   179.67  PRESS =     0.0
 Etot   =   -135584.8250  EKtot   =     14764.9580  EPtot      =   -150349.7830
 BOND   =       277.7002  ANGLE   =       709.2153  DIHED      =      1284.6761
 1-4 NB =       399.3350  1-4 EEL =      5465.8607  VDWAALS    =     25203.7184
 EELEC  =   -183701.3054  EHBOND  =         0.0000  RESTRAINT  =        11.0167
 EAMBER (non-restraint)  =   -150360.7996
 ------------------------------------------------------------------------------

 NMR restraints: Bond =    0.775   Angle =     0.317   Torsion =     8.185
===============================================================================

 NSTEP =    15500   TIME(PS) =      64.000  TEMP(K) =   185.72  PRESS =     0.0
 Etot   =   -134369.7181  EKtot   =     15261.8682  EPtot      =   -149631.5863
 BOND   =       273.2263  ANGLE   =       727.6593  DIHED      =      1287.5805
 1-4 NB =       401.8420  1-4 EEL =      5432.6660  VDWAALS    =     25073.1291
 EELEC  =   -182839.7378  EHBOND  =         0.0000  RESTRAINT  =        12.0483
 EAMBER (non-restraint)  =   -149643.6346
 ------------------------------------------------------------------------------

 NMR restraints: Bond =    0.538   Angle =     0.207   Torsion =     8.985
===============================================================================

 NSTEP =    16000   TIME(PS) =      66.000  TEMP(K) =   189.94  PRESS =     0.0
 Etot   =   -133285.1678  EKtot   =     15609.1182  EPtot      =   -148894.2859
 BOND   =       286.0927  ANGLE   =       720.7686  DIHED      =      1304.3265
 1-4 NB =       411.5243  1-4 EEL =      5491.4588  VDWAALS    =     24680.6612
 EELEC  =   -181802.2451  EHBOND  =         0.0000  RESTRAINT  =        13.1270
 EAMBER (non-restraint)  =   -148907.4130
 ------------------------------------------------------------------------------

 NMR restraints: Bond =    0.501   Angle =     0.156   Torsion =    10.510
===============================================================================

 NSTEP =    16500   TIME(PS) =      68.000  TEMP(K) =   196.02  PRESS =     0.0
 Etot   =   -132119.2611  EKtot   =     16108.5146  EPtot      =   -148227.7758
 BOND   =       278.9123  ANGLE   =       733.4843  DIHED      =      1288.4493
 1-4 NB =       404.0238  1-4 EEL =      5460.0929  VDWAALS    =     24342.5997
 EELEC  =   -180750.5868  EHBOND  =         0.0000  RESTRAINT  =        15.2487
 EAMBER (non-restraint)  =   -148243.0245
 ------------------------------------------------------------------------------

 NMR restraints: Bond =    0.371   Angle =     0.126   Torsion =    10.272
===============================================================================

 NSTEP =    17000   TIME(PS) =      70.000  TEMP(K) =   200.70  PRESS =     0.0
 Etot   =   -130935.2419  EKtot   =     16493.0234  EPtot      =   -147428.2653
 BOND   =       315.2235  ANGLE   =       775.5540  DIHED      =      1315.4667
 1-4 NB =       402.0714  1-4 EEL =      5450.9845  VDWAALS    =     23976.7993
 EELEC  =   -179682.4002  EHBOND  =         0.0000  RESTRAINT  =        18.0355
 EAMBER (non-restraint)  =   -147446.3008
 ------------------------------------------------------------------------------

 NMR restraints: Bond =    0.292   Angle =     0.593   Torsion =    15.446
===============================================================================

 NSTEP =    17500   TIME(PS) =      72.000  TEMP(K) =   208.76  PRESS =     0.0
 Etot   =   -129081.6429  EKtot   =     17155.8555  EPtot      =   -146237.4983
 BOND   =       316.7101  ANGLE   =       815.3730  DIHED      =      1314.6975
 1-4 NB =       408.1059  1-4 EEL =      5438.4130  VDWAALS    =     23887.3484
 EELEC  =   -178428.7543  EHBOND  =         0.0000  RESTRAINT  =        10.6080
 EAMBER (non-restraint)  =   -146248.1064
 ------------------------------------------------------------------------------

 NMR restraints: Bond =    0.313   Angle =     0.293   Torsion =     6.076
===============================================================================

 NSTEP =    18000   TIME(PS) =      74.000  TEMP(K) =   214.03  PRESS =     0.0
 Etot   =   -127792.1462  EKtot   =     17588.8984  EPtot      =   -145381.0446
 BOND   =       330.1333  ANGLE   =       816.9505  DIHED      =      1303.9685
 1-4 NB =       410.3807  1-4 EEL =      5427.1908  VDWAALS    =     23314.0025
 EELEC  =   -176994.2326  EHBOND  =         0.0000  RESTRAINT  =        10.5618
 EAMBER (non-restraint)  =   -145391.6064
 ------------------------------------------------------------------------------

 NMR restraints: Bond =    0.208   Angle =     0.535   Torsion =     7.334
===============================================================================

 NSTEP =    18500   TIME(PS) =      76.000  TEMP(K) =   217.51  PRESS =     0.0
 Etot   =   -126460.1554  EKtot   =     17874.9355  EPtot      =   -144335.0909
 BOND   =       345.9305  ANGLE   =       788.2585  DIHED      =      1313.9862
 1-4 NB =       419.6885  1-4 EEL =      5452.8856  VDWAALS    =     22907.4874
 EELEC  =   -175580.3608  EHBOND  =         0.0000  RESTRAINT  =        17.0332
 EAMBER (non-restraint)  =   -144352.1241
 ------------------------------------------------------------------------------

 NMR restraints: Bond =    0.879   Angle =     0.655   Torsion =    10.058
===============================================================================

 NSTEP =    19000   TIME(PS) =      78.000  TEMP(K) =   225.10  PRESS =     0.0
 Etot   =   -124735.2096  EKtot   =     18498.5352  EPtot      =   -143233.7447
 BOND   =       342.0567  ANGLE   =       818.7398  DIHED      =      1332.5917
 1-4 NB =       420.1264  1-4 EEL =      5468.2637  VDWAALS    =     22107.2208
 EELEC  =   -173740.2998  EHBOND  =         0.0000  RESTRAINT  =        17.5560
 EAMBER (non-restraint)  =   -143251.3008
 ------------------------------------------------------------------------------

 NMR restraints: Bond =    0.610   Angle =     0.339   Torsion =    14.360
===============================================================================

 NSTEP =    19500   TIME(PS) =      80.000  TEMP(K) =   231.55  PRESS =     0.0
 Etot   =   -123256.1952  EKtot   =     19028.0508  EPtot      =   -142284.2459
 BOND   =       343.0551  ANGLE   =       848.8002  DIHED      =      1332.0508
 1-4 NB =       418.5605  1-4 EEL =      5443.0252  VDWAALS    =     21879.1352
 EELEC  =   -172560.3651  EHBOND  =         0.0000  RESTRAINT  =        11.4922
 EAMBER (non-restraint)  =   -142295.7381
 ------------------------------------------------------------------------------

 NMR restraints: Bond =    0.333   Angle =     1.223   Torsion =     6.622
===============================================================================

 NSTEP =    20000   TIME(PS) =      82.000  TEMP(K) =   236.69  PRESS =     0.0
 Etot   =   -121801.1614  EKtot   =     19450.5391  EPtot      =   -141251.7005
 BOND   =       349.2795  ANGLE   =       846.1629  DIHED      =      1338.5650
 1-4 NB =       406.9508  1-4 EEL =      5434.6731  VDWAALS    =     21299.7309
 EELEC  =   -170940.7632  EHBOND  =         0.0000  RESTRAINT  =        13.7006
 EAMBER (non-restraint)  =   -141265.4010
 ------------------------------------------------------------------------------

 NMR restraints: Bond =    0.122   Angle =     0.710   Torsion =    10.622
===============================================================================

 NSTEP =    20500   TIME(PS) =      84.000  TEMP(K) =   241.02  PRESS =     0.0
 Etot   =   -120176.0409  EKtot   =     19806.2168  EPtot      =   -139982.2577
 BOND   =       373.5829  ANGLE   =       852.9133  DIHED      =      1340.1241
 1-4 NB =       419.4002  1-4 EEL =      5460.4833  VDWAALS    =     20851.3911
 EELEC  =   -169290.6139  EHBOND  =         0.0000  RESTRAINT  =        10.4613
 EAMBER (non-restraint)  =   -139992.7190
 ------------------------------------------------------------------------------

 NMR restraints: Bond =    0.719   Angle =     0.870   Torsion =     7.696
===============================================================================

 NSTEP =    21000   TIME(PS) =      86.000  TEMP(K) =   246.81  PRESS =     0.0
 Etot   =   -118636.8662  EKtot   =     20282.3887  EPtot      =   -138919.2549
 BOND   =       344.4734  ANGLE   =       871.5456  DIHED      =      1352.4799
 1-4 NB =       421.9222  1-4 EEL =      5472.6877  VDWAALS    =     20488.8368
 EELEC  =   -167886.1764  EHBOND  =         0.0000  RESTRAINT  =        14.9759
 EAMBER (non-restraint)  =   -138934.2308
 ------------------------------------------------------------------------------

 NMR restraints: Bond =    0.908   Angle =     1.026   Torsion =     7.791
===============================================================================

 NSTEP =    21500   TIME(PS) =      88.000  TEMP(K) =   252.29  PRESS =     0.0
 Etot   =   -117317.8841  EKtot   =     20732.7148  EPtot      =   -138050.5990
 BOND   =       363.0820  ANGLE   =       945.5659  DIHED      =      1346.1368
 1-4 NB =       407.8061  1-4 EEL =      5428.7827  VDWAALS    =     20163.4170
 EELEC  =   -166719.2543  EHBOND  =         0.0000  RESTRAINT  =        13.8648
 EAMBER (non-restraint)  =   -138064.4637
 ------------------------------------------------------------------------------

 NMR restraints: Bond =    0.963   Angle =     0.623   Torsion =    10.232
===============================================================================

 NSTEP =    22000   TIME(PS) =      90.000  TEMP(K) =   258.70  PRESS =     0.0
 Etot   =   -115918.9488  EKtot   =     21259.5605  EPtot      =   -137178.5093
 BOND   =       381.8219  ANGLE   =       912.1874  DIHED      =      1367.3540
 1-4 NB =       429.9341  1-4 EEL =      5472.8029  VDWAALS    =     19700.3413
 EELEC  =   -165456.3210  EHBOND  =         0.0000  RESTRAINT  =        13.3702
 EAMBER (non-restraint)  =   -137191.8795
 ------------------------------------------------------------------------------

 NMR restraints: Bond =    1.051   Angle =     0.256   Torsion =    10.419
===============================================================================

 NSTEP =    22500   TIME(PS) =      92.000  TEMP(K) =   264.50  PRESS =     0.0
 Etot   =   -113812.8090  EKtot   =     21736.0898  EPtot      =   -135548.8989
 BOND   =       376.9304  ANGLE   =       948.1922  DIHED      =      1327.6237
 1-4 NB =       406.7752  1-4 EEL =      5451.2905  VDWAALS    =     19280.5529
 EELEC  =   -163351.3109  EHBOND  =         0.0000  RESTRAINT  =        11.0472
 EAMBER (non-restraint)  =   -135559.9461
 ------------------------------------------------------------------------------

 NMR restraints: Bond =    1.352   Angle =     0.680   Torsion =     6.482
===============================================================================

 NSTEP =    23000   TIME(PS) =      94.000  TEMP(K) =   268.75  PRESS =     0.0
 Etot   =   -112490.1868  EKtot   =     22085.0918  EPtot      =   -134575.2786
 BOND   =       386.2236  ANGLE   =       940.2454  DIHED      =      1370.1446
 1-4 NB =       413.4423  1-4 EEL =      5457.8127  VDWAALS    =     18710.6528
 EELEC  =   -161871.9939  EHBOND  =         0.0000  RESTRAINT  =        18.1938
 EAMBER (non-restraint)  =   -134593.4724
 ------------------------------------------------------------------------------

 NMR restraints: Bond =    0.673   Angle =     0.299   Torsion =    12.560
===============================================================================

 NSTEP =    23500   TIME(PS) =      96.000  TEMP(K) =   275.92  PRESS =     0.0
 Etot   =   -110804.8461  EKtot   =     22675.0430  EPtot      =   -133479.8891
 BOND   =       377.7726  ANGLE   =       954.1417  DIHED      =      1365.7339
 1-4 NB =       419.3293  1-4 EEL =      5468.3504  VDWAALS    =     18708.3650
 EELEC  =   -160787.9921  EHBOND  =         0.0000  RESTRAINT  =        14.4101
 EAMBER (non-restraint)  =   -133494.2991
 ------------------------------------------------------------------------------

 NMR restraints: Bond =    1.110   Angle =     0.285   Torsion =    10.489
===============================================================================

 NSTEP =    24000   TIME(PS) =      98.000  TEMP(K) =   283.52  PRESS =     0.0
 Etot   =   -109131.4690  EKtot   =     23299.1113  EPtot      =   -132430.5803
 BOND   =       384.3165  ANGLE   =       954.9540  DIHED      =      1352.7500
 1-4 NB =       418.4329  1-4 EEL =      5440.3601  VDWAALS    =     18209.4109
 EELEC  =   -159205.0236  EHBOND  =         0.0000  RESTRAINT  =        14.2188
 EAMBER (non-restraint)  =   -132444.7991
 ------------------------------------------------------------------------------

 NMR restraints: Bond =    0.808   Angle =     0.203   Torsion =    10.011
===============================================================================

 NSTEP =    24500   TIME(PS) =     100.000  TEMP(K) =   288.16  PRESS =     0.0
 Etot   =   -107651.2839  EKtot   =     23680.1660  EPtot      =   -131331.4500
 BOND   =       418.5422  ANGLE   =      1014.2473  DIHED      =      1349.2763
 1-4 NB =       415.8023  1-4 EEL =      5435.5280  VDWAALS    =     17783.4366
 EELEC  =   -157763.4265  EHBOND  =         0.0000  RESTRAINT  =        15.1438
 EAMBER (non-restraint)  =   -131346.5937
 ------------------------------------------------------------------------------

 NMR restraints: Bond =    1.114   Angle =     0.527   Torsion =     9.705
===============================================================================

 NSTEP =    25000   TIME(PS) =     102.000  TEMP(K) =   295.14  PRESS =     0.0
 Etot   =   -106304.6198  EKtot   =     24254.5117  EPtot      =   -130559.1315
 BOND   =       398.4932  ANGLE   =       992.7003  DIHED      =      1384.9344
 1-4 NB =       422.9407  1-4 EEL =      5454.2728  VDWAALS    =     17810.4850
 EELEC  =   -157035.5437  EHBOND  =         0.0000  RESTRAINT  =        12.5857
 EAMBER (non-restraint)  =   -130571.7172
 ------------------------------------------------------------------------------

 NMR restraints: Bond =    1.447   Angle =     0.403   Torsion =     8.296
===============================================================================

      A V E R A G E S   O V E R      50 S T E P S


 NSTEP =    25000   TIME(PS) =     102.000  TEMP(K) =   153.65  PRESS =     0.0
 Etot   =   -137897.6320  EKtot   =     12626.7861  EPtot      =   -150524.4182
 BOND   =       245.8938  ANGLE   =       655.5864  DIHED      =      1281.0337
 1-4 NB =       398.2042  1-4 EEL =      5451.3058  VDWAALS    =     25580.1736
 EELEC  =   -184146.9485  EHBOND  =         0.0000  RESTRAINT  =        10.3328
 EAMBER (non-restraint)  =   -150534.7510
 ------------------------------------------------------------------------------

 NMR restraints: Bond =    1.447   Angle =     0.403   Torsion =     8.296
===============================================================================

      R M S  F L U C T U A T I O N S


 NSTEP =    25000   TIME(PS) =     102.000  TEMP(K) =    82.20  PRESS =     0.0
 Etot   =     16153.7495  EKtot   =      6755.0901  EPtot      =      9497.3375
 BOND   =       100.8868  ANGLE   =       201.0888  DIHED      =        51.2121
 1-4 NB =        14.8283  1-4 EEL =        12.6605  VDWAALS    =      4067.1741
 EELEC  =     13198.8822  EHBOND  =         0.0000  RESTRAINT  =         3.8327
 EAMBER (non-restraint)  =      9493.5048
 ------------------------------------------------------------------------------


 NMR restraints on final step:

 ------------------------------------------------------------------------------


 Final Restraint Analysis for coords: therm2.rst7                             


 Restraints, deviations, and energy contributions:    pencut =   -1.00

 ------------------------------------------------------------------------------
     First atom        Last atom    curr. value target deviation  penalty
 ------------------------------------------------------------------------------
  Pb   DUM    2 --  CA   ILE   58:   12.107   11.895    0.212    0.449 d    0: 0
  Pb   DUM    1 --  CA   ILE   58:   91.280   90.000    1.280    0.125 a
  Pb   DUM    1 --  Pb   DUM    2:  178.421  180.000    1.579    0.190 t
  Pb   DUM    2 --  CA   LEU   79:   73.368   74.423    1.055    0.085 a
  Pb   DUM    2 --  CA   ILE   58:   21.941   21.287    0.654    0.033 t
  CA   ILE   58 --  CA   LEU   79:   84.312   86.680    2.368    0.427 t
  CA   ILE   58 --  CA   LEU   79:   10.788   10.640    0.148    0.110 d    0: 0
  CA   LEU   79 --  CA   PHE  105:   12.336   12.583    0.247    0.304 d    0: 0
  CA   PHE  105 --  CA   ILE   58:   13.624   13.332    0.291    0.424 d    0: 0
  CA   PRO   34 --  C    PRO   34:  144.690  144.217    0.472    0.003 t
  N    VAL   35 --  CA   VAL   35:  -57.461  -56.167    1.294    0.026 t
  CA   VAL   35 --  C    VAL   35:  134.680  129.525    5.155    0.405 t
  N    ASP   36 --  CA   ASP   36:  -77.263  -76.193    1.070    0.017 t
  CA   ASP   36 --  C    ASP   36:   82.991   89.364    6.373    0.619 t
  N    VAL   37 --  CA   VAL   37:  -65.090  -68.274    3.184    0.154 t
  CA   VAL   37 --  C    VAL   37:   -6.479   -7.220    0.741    0.008 t
  N    GLU   38 --  CA   GLU   38:  -93.881  -93.159    0.722    0.008 t
  CA   GLU   38 --  C    GLU   38:   -4.372   -7.845    3.473    0.184 t
  N    ALA   39 --  CA   ALA   39:  -66.646  -74.191    7.545    0.867 t
  CA   ALA   39 --  C    ALA   39:  150.056  147.578    2.478    0.094 t
  N    LEU   40 --  CA   LEU   40:  -63.206  -57.702    5.504    0.461 t
  CA   LEU   40 --  C    LEU   40:  120.732  128.400    7.668    0.896 t
  N    GLY   41 --  CA   GLY   41:   97.307   99.732    2.425    0.090 t
  CA   GLY   41 --  C    GLY   41:  -11.538  -12.759    1.221    0.023 t
  N    LEU   42 --  CA   LEU   42: -107.343 -107.618    0.275    0.001 t
  CA   LEU   42 --  C    LEU   42:   13.294   18.284    4.990    0.379 t
  N    HIE   43 --  CA   HIE   43:  -55.531  -58.806    3.275    0.163 t
  CA   HIE   43 --  C    HIE   43:  -23.202  -25.366    2.164    0.071 t
  N    ASP   44 --  CA   ASP   44: -101.672 -102.929    1.257    0.024 t
  CA   ASP   44 --  C    ASP   44:    4.455    4.656    0.201    0.001 t
  N    TYR   45 --  CA   TYR   45:  -57.919  -56.812    1.107    0.019 t
  Pb   DUM    1 --  N1   LIG  113:    5.004    5.000    0.004    0.000 d    0: 0
  Pb   DUM    2 --  N1   LIG  113:   90.945   90.000    0.945    0.068 a
  Pb   DUM    2 --  Pb   DUM    1:    0.549    0.000    0.549    0.023 t
  Pb   DUM    1 --  C11  LIG  113:  134.885  135.630    0.745    0.042 a
  Pb   DUM    1 --  N1   LIG  113: -118.207 -119.844    1.636    0.204 t
  N1   LIG  113 --  C11  LIG  113: -152.983 -153.510    0.527    0.021 t
  N1   LIG  113 --  C11  LIG  113:    5.031    4.931    0.099    0.049 d    0: 0
  C11  LIG  113 --  C8   LIG  113:    5.983    5.856    0.127    0.080 d    0: 0
  C8   LIG  113 --  N1   LIG  113:    5.090    5.122    0.032    0.005 d    0: 0
  C10  LIG  113 --  C9   LIG  113:   10.604   12.916    2.312    0.114 t
  C5   LIG  113 --  C6   LIG  113: -181.114 -178.683    2.432    0.126 t
  C8   LIG  113 --  C9   LIG  113:   -0.614   -4.440    3.827    0.312 t
  C7   LIG  113 --  C8   LIG  113:   -9.113   -5.351    3.762    0.302 t
  C6   LIG  113 --  C7   LIG  113:    8.857    6.629    2.228    0.106 t
  C    LIG  113 --  N2   LIG  113:  166.229  166.205    0.024    0.000 t
  C5   LIG  113 --  C10  LIG  113:  171.259  169.030    2.229    0.106 t
  C    LIG  113 --  C1   LIG  113:   -2.019   -4.304    2.284    0.111 t
  N    LIG  113 --  N1   LIG  113:    3.840    6.217    2.377    0.121 t
  C    LIG  113 --  C4   LIG  113: -164.051 -164.950    0.899    0.017 t
  C2   LIG  113 --  N    LIG  113:  168.951  168.879    0.072    0.000 t
  C1   LIG  113 --  C2   LIG  113:  174.942  176.682    1.740    0.065 t
  C4   LIG  113 --  N1   LIG  113:   -7.920   -9.239    1.319    0.037 t
  C4   LIG  113 --  C5   LIG  113:   91.233   88.452    2.781    0.165 t
                                       Total distance penalty:      1.423
                                       Total angle    penalty:      0.320
                                       Total torsion  penalty:      6.991
 ------------------------------------------------------------------------------
--------------------------------------------------------------------------------
   5.  TIMINGS
--------------------------------------------------------------------------------

|  NonSetup CPU Time in Major Routines:
|
|     Routine           Sec        %
|     ------------------------------
|     Nonbond           4.27    9.32
|     Bond              0.00    0.00
|     Angle             0.00    0.00
|     Dihedral          0.00    0.00
|     Shake             0.18    0.39
|     RunMD            41.26   90.01
|     Other             0.13    0.28
|     ------------------------------
|     Total            45.84

|  PME Nonbond Pairlist CPU Time:
|
|     Routine              Sec        %
|     ---------------------------------
|     Set Up Cit           0.00    0.00
|     Build List           0.00    0.00
|     ---------------------------------
|     Total                0.00    0.00

|  PME Direct Force CPU Time:
|
|     Routine              Sec        %
|     ---------------------------------
|     NonBonded Calc       0.00    0.00
|     Exclude Masked       0.00    0.00
|     Other                0.09    0.20
|     ---------------------------------
|     Total                0.09    0.20

|  PME Reciprocal Force CPU Time:
|
|     Routine              Sec        %
|     ---------------------------------
|     1D bspline           0.00    0.00
|     Grid Charges         0.00    0.00
|     Scalar Sum           0.00    0.00
|     Gradient Sum         0.00    0.00
|     FFT                  0.00    0.00
|     ---------------------------------
|     Total                0.00    0.00

|  Final Performance Info:
|     -----------------------------------------------------
|     Average timings for last   24500 steps:
|         Elapsed(s) =      45.08 Per Step(ms) =       1.84
|             ns/day =     187.84   seconds/ns =     459.98
|
|     Average timings for all steps:
|         Elapsed(s) =      45.97 Per Step(ms) =       1.84
|             ns/day =     187.96   seconds/ns =     459.68
|     -----------------------------------------------------

|  Setup CPU time:            2.01 seconds
|  NonSetup CPU time:        45.84 seconds
|  Total CPU time:           47.85 seconds     0.01 hours

|  Setup wall time:           2    seconds
|  NonSetup wall time:       46    seconds
|  Total wall time:          48    seconds     0.01 hours
