
          -------------------------------------------------------
          Amber 14 SANDER                              2014
          -------------------------------------------------------

| PMEMD implementation of SANDER, Release 14

| Run on 04/28/2020 at 09:23:14

|   Executable path: pmemd.cuda
| Working directory: /home1/tbaba/centos/BAT.py-master/BAT/prep/pose0
|          Hostname: tx1

  [-O]verwriting output

File Assignments:
|   MDIN: therm1.in                                                             
|  MDOUT: therm1.out                                                            
| INPCRD: mini.rst7                                                             
|   PARM: full.hmr.prmtop                                                       
| RESTRT: therm1.rst7                                                           
|   REFC: full.inpcrd                                                           
|  MDVEL: mdvel                                                                 
|   MDEN: mden                                                                  
|  MDCRD: therm1.nc                                                             
| MDINFO: mdinfo                                                                
|  MDFRC: mdfrc                                                                 

 
 Here is the input file:
 
*******************************************************                        
*****************************       therm1.in                                  
*******************************************************                        
Thermalizing, NVT.                                                             
 &cntrl                                                                        
  imin = 0,                                                                    
  ntx = 1,                                                                     
  irest = 0,                                                                   
  ntpr = 500,                                                                  
  ntwr = 500,                                                                  
  ntwx = 0,                                                                    
  ioutfm = 1,                                                                  
  iwrap = 1,                                                                   
  ntf = 2,                                                                     
  ntc = 2,                                                                     
  cut = 9.0,                                                                   
  ntt = 3,                                                                     
  tempi = 10.0,                                                                
  temp0 = 10.0,                                                                
  gamma_ln = 1.0,                                                              
  ig = -1,                                                                     
  ntp = 0,                                                                     
  nstlim = 500,                                                                
  dt = 0.004,                                                                  
  ntr = 1,                                                                     
  restraint_wt = 50.0,                                                         
  restraintmask = ':1-3 | :113@N1 | :113@C11 | :113@C8',                       
  nmropt = 1,                                                                  
  pencut = -1,                                                                 
 /                                                                             
 &wt type = 'END', /                                                           
DISANG=disang.rest                                                             
LISTOUT=POUT                                                                   
                                                                               


Note: ig = -1. Setting random seed to   267113 based on wallclock time in 
      microseconds.
 
|--------------------- INFORMATION ----------------------
| GPU (CUDA) Version of PMEMD in use: NVIDIA GPU IN USE.
|                    Version 14.0.1
| 
|                      06/20/2014
| 
| Implementation by:
|                    Ross C. Walker     (SDSC)
|                    Scott Le Grand     (nVIDIA)
| 
| CAUTION: The CUDA code is currently experimental.
|          You use it at your own risk. Be sure to
|          check ALL results carefully.
| 
| Precision model in use:
|      [SPFP] - Mixed Single/Double/Fixed Point Precision.
|               (Default)
| 
|--------------------------------------------------------
 
|----------------- CITATION INFORMATION -----------------
|
|    When publishing work that utilized the CUDA version
|    of AMBER, please cite the following in addition to
|    the regular AMBER citations:
|
|  - Romelia Salomon-Ferrer; Andreas W. Goetz; Duncan
|    Poole; Scott Le Grand; Ross C. Walker "Routine
|    microsecond molecular dynamics simulations with
|    AMBER - Part II: Particle Mesh Ewald", J. Chem.
|    Theory Comput., 2013, 9 (9), pp3878-3888,
|    DOI: 10.1021/ct400314y.
|
|  - Andreas W. Goetz; Mark J. Williamson; Dong Xu;
|    Duncan Poole; Scott Le Grand; Ross C. Walker
|    "Routine microsecond molecular dynamics simulations
|    with AMBER - Part I: Generalized Born", J. Chem.
|    Theory Comput., 2012, 8 (5), pp1542-1555.
|
|  - Scott Le Grand; Andreas W. Goetz; Ross C. Walker
|    "SPFP: Speed without compromise - a mixed precision
|    model for GPU accelerated molecular dynamics
|    simulations.", Comp. Phys. Comm., 2013, 184
|    pp374-380, DOI: 10.1016/j.cpc.2012.09.022
|
|--------------------------------------------------------
 
|------------------- GPU DEVICE INFO --------------------
|
|            CUDA_VISIBLE_DEVICES: not set
|   CUDA Capable Devices Detected:      4
|           CUDA Device ID in use:      0
|                CUDA Device Name: GeForce GTX TITAN X
|     CUDA Device Global Mem Size:  12212 MB
| CUDA Device Num Multiprocessors:     24
|           CUDA Device Core Freq:   1.08 GHz
|
|--------------------------------------------------------
 
 
| Conditional Compilation Defines Used:
| FFTW_FFT
| BINTRAJ
| MKL
| CUDA
| EMIL
 
| Largest sphere to fit in unit cell has radius =    32.369

| New format PARM file being parsed.
| Version =    1.000 Date = 04/28/20 Time = 08:25:46

| Note: 1-4 EEL scale factors are being read from the topology file.

| Note: 1-4 VDW scale factors are being read from the topology file.
| Duplicated    0 dihedrals

| Duplicated    0 dihedrals

--------------------------------------------------------------------------------
   1.  RESOURCE   USE: 
--------------------------------------------------------------------------------

 getting new box info from bottom of inpcrd
 NATOM  =   40866 NTYPES =      18 NBONH =   39890 MBONA  =     933
 NTHETH =    2036 MTHETA =    1252 NPHIH =    3990 MPHIA  =    3859
 NHPARM =       0 NPARM  =       0 NNB   =   61967 NRES   =   13177
 NBONA  =     933 NTHETA =    1252 NPHIA =    3859 NUMBND =      87
 NUMANG =     186 NPTRA  =     207 NATYP =      51 NPHB   =       1
 IFBOX  =       1 NMXRS  =      29 IFCAP =       0 NEXTRA =       0
 NCOPY  =       0

| Coordinate Index Table dimensions:    13   12   23
| Direct force subcell size =     5.0906    5.3948    5.1282

     BOX TYPE: RECTILINEAR

--------------------------------------------------------------------------------
   2.  CONTROL  DATA  FOR  THE  RUN
--------------------------------------------------------------------------------

default_name                                                                    

General flags:
     imin    =       0, nmropt  =       1

Nature and format of input:
     ntx     =       1, irest   =       0, ntrx    =       1

Nature and format of output:
     ntxo    =       1, ntpr    =     500, ntrx    =       1, ntwr    =     500
     iwrap   =       1, ntwx    =       0, ntwv    =       0, ntwe    =       0
     ioutfm  =       1, ntwprt  =       0, idecomp =       0, rbornstat=      0

Potential function:
     ntf     =       2, ntb     =       1, igb     =       0, nsnb    =      25
     ipol    =       0, gbsa    =       0, iesp    =       0
     dielc   =   1.00000, cut     =   9.00000, intdiel =   1.00000

Frozen or restrained atoms:
     ibelly  =       0, ntr     =       1
     restraint_wt =  50.00000

Molecular dynamics:
     nstlim  =       500, nscm    =         0, nrespa  =         1
     t       =   0.00000, dt      =   0.00400, vlimit  =  -1.00000

Langevin dynamics temperature regulation:
     ig      =  267113
     temp0   =  10.00000, tempi   =  10.00000, gamma_ln=   1.00000

SHAKE:
     ntc     =       2, jfastw  =       0
     tol     =   0.00001

NMR refinement options:
     iscale  =       0, noeskp  =       1, ipnlty  =       1, mxsub   =       1
     scalm   = 100.00000, pencut  =  -1.00000, tausw   =   0.10000

| Intermolecular bonds treatment:
|     no_intermolecular_bonds =       1

| Energy averages sample interval:
|     ene_avg_sampling =     500

Ewald parameters:
     verbose =       0, ew_type =       0, nbflag  =       1, use_pme =       1
     vdwmeth =       1, eedmeth =       1, netfrc  =       1
     Box X =   66.177   Box Y =   64.737   Box Z =  117.949
     Alpha =   90.000   Beta  =   90.000   Gamma =   90.000
     NFFT1 =   64       NFFT2 =   64       NFFT3 =  128
     Cutoff=    9.000   Tol   =0.100E-04
     Ewald Coefficient =  0.30768
     Interpolation order =    4

    LOADING THE CONSTRAINED ATOMS AS GROUPS


   5.  REFERENCE ATOM COORDINATES

  default_name                                                                    
     Mask :1-3 | :113@N1 | :113@C11 | :113@C8; matches     6 atoms

--------------------------------------------------------------------------------
   3.  ATOMIC COORDINATES AND VELOCITIES
--------------------------------------------------------------------------------

default_name                                                                    
 begin time read from input coords =     0.000 ps



           Begin reading energy term weight changes/NMR restraints
 WEIGHT CHANGES:
                         ** No weight changes given **

 RESTRAINTS:
 Requested file redirections:
  DISANG    = disang.rest
  LISTOUT   = POUT
 Restraints will be read from file: disang.rest
Here are comments from the DISANG input file:
# Anchor atoms  :58@CA  :79@CA  :105@CA  :113@N1  :113@C11  :113@C8  stage = pre
 
                       Number of restraints read =    54

                  Done reading weight changes/NMR restraints


 
 Number of triangulated 3-point waters found:    13000

     Sum of charges from parm topology file =  -0.00000106
     Forcing neutrality...

| Dynamic Memory, Types Used:
| Reals             1322140
| Integers          1191820

| Nonbonded Pairs Initial Allocation:     9317448

| GPU memory information (estimate):
| KB of GPU memory in use:    238755
| KB of CPU memory in use:     49539

--------------------------------------------------------------------------------
   4.  RESULTS
--------------------------------------------------------------------------------

 ---------------------------------------------------
 APPROXIMATING switch and d/dx switch using CUBIC SPLINE INTERPOLATION
 using   5000.0 points per unit in tabled values
 TESTING RELATIVE ERROR over r ranging from 0.0 to cutoff
| CHECK switch(x): max rel err =   0.3316E-14   at   2.351880
| CHECK d/dx switch(x): max rel err =   0.8205E-11   at   2.761360
 ---------------------------------------------------
|---------------------------------------------------
| APPROXIMATING direct energy using CUBIC SPLINE INTERPOLATION
|  with   50.0 points per unit in tabled values
| Relative Error Limit not exceeded for r .gt.   2.39
| APPROXIMATING direct force using CUBIC SPLINE INTERPOLATION
|  with   50.0 points per unit in tabled values
| Relative Error Limit not exceeded for r .gt.   2.84
|---------------------------------------------------

 NSTEP =        0   TIME(PS) =       0.000  TEMP(K) =    14.77  PRESS =     0.0
 Etot   =   -171603.2092  EKtot   =      1213.7758  EPtot      =   -172816.9850
 BOND   =        71.8948  ANGLE   =       277.5471  DIHED      =      1186.9340
 1-4 NB =       357.3319  1-4 EEL =      5433.3248  VDWAALS    =     25576.0297
 EELEC  =   -205723.5030  EHBOND  =         0.0000  RESTRAINT  =         3.4556
 EAMBER (non-restraint)  =   -172820.4407
 ------------------------------------------------------------------------------

 NMR restraints: Bond =    1.538   Angle =     0.058   Torsion =     1.649
===============================================================================

 NSTEP =      500   TIME(PS) =       2.000  TEMP(K) =    26.92  PRESS =     0.0
 Etot   =   -158774.4535  EKtot   =      2212.0696  EPtot      =   -160986.5231
 BOND   =        67.1147  ANGLE   =       309.3503  DIHED      =      1202.8982
 1-4 NB =       376.9830  1-4 EEL =      5436.1916  VDWAALS    =     30510.3969
 EELEC  =   -198893.5237  EHBOND  =         0.0000  RESTRAINT  =         4.0659
 EAMBER (non-restraint)  =   -160990.5890
 ------------------------------------------------------------------------------

 NMR restraints: Bond =    0.905   Angle =     0.068   Torsion =     2.737
===============================================================================

      A V E R A G E S   O V E R       1 S T E P S


 NSTEP =      500   TIME(PS) =       2.000  TEMP(K) =    26.92  PRESS =     0.0
 Etot   =   -158774.4535  EKtot   =      2212.0696  EPtot      =   -160986.5231
 BOND   =        67.1147  ANGLE   =       309.3503  DIHED      =      1202.8982
 1-4 NB =       376.9830  1-4 EEL =      5436.1916  VDWAALS    =     30510.3969
 EELEC  =   -198893.5237  EHBOND  =         0.0000  RESTRAINT  =         4.0659
 EAMBER (non-restraint)  =   -160990.5890
 ------------------------------------------------------------------------------

 NMR restraints: Bond =    0.905   Angle =     0.068   Torsion =     2.737
===============================================================================

      R M S  F L U C T U A T I O N S


 NSTEP =      500   TIME(PS) =       2.000  TEMP(K) =     0.00  PRESS =     0.0
 Etot   =         0.0000  EKtot   =         0.0000  EPtot      =         0.0000
 BOND   =         0.0000  ANGLE   =         0.0000  DIHED      =         0.0000
 1-4 NB =         0.0000  1-4 EEL =         0.0000  VDWAALS    =         0.0000
 EELEC  =         0.0000  EHBOND  =         0.0000  RESTRAINT  =         0.0000
 ------------------------------------------------------------------------------


 NMR restraints on final step:

 ------------------------------------------------------------------------------


 Final Restraint Analysis for coords: therm1.rst7                             


 Restraints, deviations, and energy contributions:    pencut =   -1.00

 ------------------------------------------------------------------------------
     First atom        Last atom    curr. value target deviation  penalty
 ------------------------------------------------------------------------------
  Pb   DUM    2 --  CA   ILE   58:   11.758   11.895    0.137    0.187 d    0: 0
  Pb   DUM    1 --  CA   ILE   58:   89.800   90.000    0.200    0.003 a
  Pb   DUM    1 --  Pb   DUM    2:  180.402  180.000    0.402    0.012 t
  Pb   DUM    2 --  CA   LEU   79:   74.583   74.423    0.160    0.002 a
  Pb   DUM    2 --  CA   ILE   58:   19.505   21.287    1.782    0.242 t
  CA   ILE   58 --  CA   LEU   79:   85.971   86.680    0.709    0.038 t
  CA   ILE   58 --  CA   LEU   79:   10.792   10.640    0.152    0.116 d    0: 0
  CA   LEU   79 --  CA   PHE  105:   12.295   12.583    0.288    0.414 d    0: 0
  CA   PHE  105 --  CA   ILE   58:   13.151   13.332    0.181    0.165 d    0: 0
  CA   PRO   34 --  C    PRO   34:  142.315  144.217    1.902    0.055 t
  N    VAL   35 --  CA   VAL   35:  -55.138  -56.167    1.030    0.016 t
  CA   VAL   35 --  C    VAL   35:  132.235  129.525    2.710    0.112 t
  N    ASP   36 --  CA   ASP   36:  -77.778  -76.193    1.585    0.038 t
  CA   ASP   36 --  C    ASP   36:   93.027   89.364    3.663    0.204 t
  N    VAL   37 --  CA   VAL   37:  -65.244  -68.274    3.030    0.140 t
  CA   VAL   37 --  C    VAL   37:   -4.485   -7.220    2.735    0.114 t
  N    GLU   38 --  CA   GLU   38:  -92.356  -93.159    0.803    0.010 t
  CA   GLU   38 --  C    GLU   38:   -7.847   -7.845    0.002    0.000 t
  N    ALA   39 --  CA   ALA   39:  -75.383  -74.191    1.191    0.022 t
  CA   ALA   39 --  C    ALA   39:  146.368  147.578    1.210    0.022 t
  N    LEU   40 --  CA   LEU   40:  -58.064  -57.702    0.362    0.002 t
  CA   LEU   40 --  C    LEU   40:  131.906  128.400    3.505    0.187 t
  N    GLY   41 --  CA   GLY   41:  100.259   99.732    0.527    0.004 t
  CA   GLY   41 --  C    GLY   41:  -11.766  -12.759    0.993    0.015 t
  N    LEU   42 --  CA   LEU   42: -106.577 -107.618    1.041    0.017 t
  CA   LEU   42 --  C    LEU   42:   18.298   18.284    0.013    0.000 t
  N    HIE   43 --  CA   HIE   43:  -59.908  -58.806    1.102    0.018 t
  CA   HIE   43 --  C    HIE   43:  -26.288  -25.366    0.922    0.013 t
  N    ASP   44 --  CA   ASP   44: -105.312 -102.929    2.384    0.087 t
  CA   ASP   44 --  C    ASP   44:    0.133    4.656    4.523    0.312 t
  N    TYR   45 --  CA   TYR   45:  -57.153  -56.812    0.341    0.002 t
  Pb   DUM    1 --  N1   LIG  113:    4.968    5.000    0.032    0.005 d    0: 0
  Pb   DUM    2 --  N1   LIG  113:   90.422   90.000    0.422    0.014 a
  Pb   DUM    2 --  Pb   DUM    1:    0.924    0.000    0.924    0.065 t
  Pb   DUM    1 --  C11  LIG  113:  134.603  135.630    1.027    0.080 a
  Pb   DUM    1 --  N1   LIG  113: -119.799 -119.844    0.045    0.000 t
  N1   LIG  113 --  C11  LIG  113: -153.755 -153.510    0.245    0.005 t
  N1   LIG  113 --  C11  LIG  113:    4.969    4.931    0.038    0.007 d    0: 0
  C11  LIG  113 --  C8   LIG  113:    5.928    5.856    0.071    0.025 d    0: 0
  C8   LIG  113 --  N1   LIG  113:    5.135    5.122    0.012    0.001 d    0: 0
  C10  LIG  113 --  C9   LIG  113:   12.045   12.916    0.871    0.016 t
  C5   LIG  113 --  C6   LIG  113: -181.449 -178.683    2.767    0.163 t
  C8   LIG  113 --  C9   LIG  113:   -4.321   -4.440    0.119    0.000 t
  C7   LIG  113 --  C8   LIG  113:   -4.964   -5.351    0.387    0.003 t
  C6   LIG  113 --  C7   LIG  113:    6.513    6.629    0.116    0.000 t
  C    LIG  113 --  N2   LIG  113:  165.438  166.205    0.767    0.013 t
  C5   LIG  113 --  C10  LIG  113:  172.131  169.030    3.100    0.205 t
  C    LIG  113 --  C1   LIG  113:   -3.278   -4.304    1.025    0.022 t
  N    LIG  113 --  N1   LIG  113:    4.384    6.217    1.833    0.072 t
  C    LIG  113 --  C4   LIG  113: -166.604 -164.950    1.655    0.058 t
  C2   LIG  113 --  N    LIG  113:  171.022  168.879    2.144    0.098 t
  C1   LIG  113 --  C2   LIG  113:  177.862  176.682    1.180    0.030 t
  C4   LIG  113 --  N1   LIG  113:   -7.611   -9.239    1.628    0.057 t
  C4   LIG  113 --  C5   LIG  113:   89.770   88.452    1.318    0.037 t
                                       Total distance penalty:      0.920
                                       Total angle    penalty:      0.099
                                       Total torsion  penalty:      2.526
 ------------------------------------------------------------------------------
--------------------------------------------------------------------------------
   5.  TIMINGS
--------------------------------------------------------------------------------

|  NonSetup CPU Time in Major Routines:
|
|     Routine           Sec        %
|     ------------------------------
|     Nonbond           0.09    8.95
|     Bond              0.00    0.00
|     Angle             0.00    0.00
|     Dihedral          0.00    0.00
|     Shake             0.00    0.50
|     RunMD             0.90   89.36
|     Other             0.01    1.19
|     ------------------------------
|     Total             1.01

|  PME Nonbond Pairlist CPU Time:
|
|     Routine              Sec        %
|     ---------------------------------
|     Set Up Cit           0.00    0.00
|     Build List           0.00    0.00
|     ---------------------------------
|     Total                0.00    0.00

|  PME Direct Force CPU Time:
|
|     Routine              Sec        %
|     ---------------------------------
|     NonBonded Calc       0.00    0.00
|     Exclude Masked       0.00    0.00
|     Other                0.00    0.20
|     ---------------------------------
|     Total                0.00    0.20

|  PME Reciprocal Force CPU Time:
|
|     Routine              Sec        %
|     ---------------------------------
|     1D bspline           0.00    0.00
|     Grid Charges         0.00    0.00
|     Scalar Sum           0.00    0.00
|     Gradient Sum         0.00    0.00
|     FFT                  0.00    0.00
|     ---------------------------------
|     Total                0.00    0.00

|  Final Performance Info:
|     -----------------------------------------------------
|     Average timings for last     500 steps:
|         Elapsed(s) =       1.09 Per Step(ms) =       2.18
|             ns/day =     158.87   seconds/ns =     543.84
|
|     Average timings for all steps:
|         Elapsed(s) =       1.09 Per Step(ms) =       2.18
|             ns/day =     158.87   seconds/ns =     543.84
|     -----------------------------------------------------

|  Setup CPU time:            1.69 seconds
|  NonSetup CPU time:         1.01 seconds
|  Total CPU time:            2.70 seconds     0.00 hours

|  Setup wall time:           2    seconds
|  NonSetup wall time:        1    seconds
|  Total wall time:           3    seconds     0.00 hours
