
          -------------------------------------------------------
          Amber 20 PMEMD                              2020
          -------------------------------------------------------

| PMEMD implementation of SANDER, Release 18

|  Compiled date/time: Tue Apr 28 10:19:54 2020
| Run on 05/10/2020 at 21:49:10

|   Executable path: pmemd.cuda
| Working directory: /home1/tbaba/centos/BAT.py-master/BAT/fe/pose1/dd/bulk/f00
|          Hostname: tx1

  [-O]verwriting output

File Assignments:
|   MDIN: eqnpt.in                                                              
|  MDOUT: eqnpt03.out                                                           
| INPCRD: eqnpt02.rst7                                                          
|   PARM: full.hmr.prmtop                                                       
| RESTRT: eqnpt03.rst7                                                          
|   REFC: full.inpcrd                                                           
|  MDVEL: mdvel                                                                 
|   MDEN: mden                                                                  
|  MDCRD: traj003.nc                                                            
| MDINFO: mdinfo                                                                
|  MDFRC: mdfrc                                                                 


 Here is the input file:

*******************************************************                        
*****************************       eqnpt.in                                   
*******************************************************                        
Equilibrate, NPT.                                                              
 &cntrl                                                                        
  imin = 0,                                                                    
  ntx = 5,                                                                     
  irest = 1,                                                                   
  ntpr = 500,                                                                  
  ntwr = 500,                                                                  
  ntwx = 500,                                                                  
  ioutfm = 1,                                                                  
  iwrap = 1,                                                                   
  ntf = 2,                                                                     
  ntc = 2,                                                                     
  cut = 9.0,                                                                   
  ntt = 3,                                                                     
  temp0 = 298.15,                                                              
  gamma_ln = 1.0,                                                              
  ig = -1,                                                                     
  ntp = 1,                                                                     
  barostat = 2,                                                                
  nstlim = 3500,                                                               
  dt = 0.004,                                                                  
  nmropt = 1,                                                                  
  pencut = -1,                                                                 
  icfe = 1, clambda = 0.00922,                                                 
  timask1 = ':1', timask2 = ':2',                                              
  ifsc=0, crgmask = ':2',                                                      
 /                                                                             
 &wt type = 'END', /                                                           
DISANG=disang.rest                                                             
LISTOUT=POUT                                                                   
                                                                               


Note: ig = -1. Setting random seed to   103823 based on wallclock time in 
      microseconds.
| irandom = 1, using AMBER's internal random number generator (default).
 
|--------------------- INFORMATION ----------------------
| GPU (CUDA) Version of PMEMD in use: NVIDIA GPU IN USE.
|                    Version 18.0.0
| 
|                      03/25/2018
| 
| Implementation by:
|                    Ross C. Walker     (SDSC)
|                    Scott Le Grand     (nVIDIA)
| 
| Version 18 performance extensions by:
|                    David Cerutti     (Rutgers)
| 
| Precision model in use:
|      [SPFP] - Single Precision Forces, 64-bit Fixed Point
|               Accumulation. (Default)
| 
|--------------------------------------------------------
 
|----------------- CITATION INFORMATION -----------------
|
|    When publishing work that utilized the CUDA version
|    of AMBER, please cite the following in addition to
|    the regular AMBER citations:
|
|  - Romelia Salomon-Ferrer; Andreas W. Goetz; Duncan
|    Poole; Scott Le Grand; Ross C. Walker "Routine
|    microsecond molecular dynamics simulations with
|    AMBER - Part II: Particle Mesh Ewald", J. Chem.
|    Theory Comput., 2013, 9 (9), pp3878-3888,
|    DOI: 10.1021/ct400314y.
|
|  - Andreas W. Goetz; Mark J. Williamson; Dong Xu;
|    Duncan Poole; Scott Le Grand; Ross C. Walker
|    "Routine microsecond molecular dynamics simulations
|    with AMBER - Part I: Generalized Born", J. Chem.
|    Theory Comput., 2012, 8 (5), pp1542-1555.
|
|  - Scott Le Grand; Andreas W. Goetz; Ross C. Walker
|    "SPFP: Speed without compromise - a mixed precision
|    model for GPU accelerated molecular dynamics
|    simulations.", Comp. Phys. Comm., 2013, 184
|    pp374-380, DOI: 10.1016/j.cpc.2012.09.022
|
|    When publishing work that utilized the CUDA version
|    of TI, BAR, MBAR or FEP please cite the following 
|    publications in addition to the regular AMBER 
|    GPU citations:
|
|  - Daniel J. Mermelstein; Charles Lin; Gard Nelson; 
|    Rachael Kretsch; J. Andrew McCammon; Ross C. Walker
|    "Fast and Flexible GPU Accelerated Binding 
|    Free Energy Calculations within the AMBER Molecular
|    Dynamics Package" J. Comp. Chem., 2018,
|    DOI: 10.1002/jcc.25187
|
|  - Tai-Sung Lee; Yuan Hu; Brad Sherborne; Zhuyan Guo;
|    Darrin M. York
|    "Toward Fast and Accurate Binding Affinity Prediction with
|    pmemdGTI: An Efficient Implementation of GPU-Accelerated
|    Thermodynamic Integration"
|    J. Chem. Theory Comput., 2017, 13 (7), 3077
|
|
|--------------------------------------------------------
 
|------------------- GPU DEVICE INFO --------------------
|
|            CUDA_VISIBLE_DEVICES: 2
|   CUDA Capable Devices Detected:      1
|           CUDA Device ID in use:      0
|                CUDA Device Name: GeForce GTX TITAN X
|     CUDA Device Global Mem Size:  12212 MB
| CUDA Device Num Multiprocessors:     24
|           CUDA Device Core Freq:   1.08 GHz
|
|--------------------------------------------------------
 
 
| Conditional Compilation Defines Used:
| PUBFFT
| BINTRAJ
| CUDA
| EMIL

| Largest sphere to fit in unit cell has radius =    18.479

| New format PARM file being parsed.
| Version =    1.000 Date = 04/28/20 Time = 18:40:30

| Note: 1-4 EEL scale factors are being read from the topology file.

| Note: 1-4 VDW scale factors are being read from the topology file.
| Duplicated    0 dihedrals

| Duplicated    0 dihedrals

--------------------------------------------------------------------------------
   1.  RESOURCE   USE: 
--------------------------------------------------------------------------------

 getting box info from netcdf restart file
 NATOM  =    5675 NTYPES =      11 NBONH =    5627 MBONA  =      34
 NTHETH =      52 MTHETA =      46 NPHIH =      82 MPHIA  =      70
 NHPARM =       0 NPARM  =       0 NNB   =    7766 NRES   =    1885
 NBONA  =      34 NTHETA =      46 NPHIA =      70 NUMBND =      18
 NUMANG =      25 NPTRA  =      11 NATYP =      16 NPHB   =       0
 IFBOX  =       1 NMXRS  =      29 IFCAP =       0 NEXTRA =       0
 NCOPY  =       0

| Coordinate Index Table dimensions:     7    8    8
| Direct force subcell size =     5.2797    5.0332    5.0961

     BOX TYPE: RECTILINEAR

--------------------------------------------------------------------------------
   2.  CONTROL  DATA  FOR  THE  RUN
--------------------------------------------------------------------------------

default_name                                                                    

General flags:
     imin    =       0, nmropt  =       1

Nature and format of input:
     ntx     =       5, irest   =       1, ntrx    =       1

Nature and format of output:
     ntxo    =       2, ntpr    =     500, ntrx    =       1, ntwr    =     500
     iwrap   =       1, ntwx    =     500, ntwv    =       0, ntwe    =       0
     ioutfm  =       1, ntwprt  =       0, idecomp =       0, rbornstat=      0

Potential function:
     ntf     =       2, ntb     =       2, igb     =       0, nsnb    =      25
     ipol    =       0, gbsa    =       0, iesp    =       0
     dielc   =   1.00000, cut     =   9.00000, intdiel =   1.00000

Frozen or restrained atoms:
     ibelly  =       0, ntr     =       0

Molecular dynamics:
     nstlim  =      3500, nscm    =      1000, nrespa  =         1
     t       =   0.00000, dt      =   0.00400, vlimit  =  -1.00000

Langevin dynamics temperature regulation:
     ig      =  103823
     temp0   = 298.15000, tempi   =   0.00000, gamma_ln=   1.00000

Pressure regulation:
     ntp     =       1
     pres0   =   1.00000, comp    =  44.60000, taup    =   1.00000
     Monte-Carlo Barostat:
     mcbarint  =     100

SHAKE:
     ntc     =       2, jfastw  =       0
     tol     =   0.00001

NMR refinement options:
     iscale  =       0, noeskp  =       1, ipnlty  =       1, mxsub   =       1
     scalm   = 100.00000, pencut  =  -1.00000, tausw   =   0.10000

Free energy options:
     icfe    =       1, ifsc    =       0, klambda =       1
     clambda =  0.0092, scalpha =  0.5000, scbeta  = 12.0000
     sceeorder =       2
     dynlmb =  0.0000 logdvdl =       0

| Intermolecular bonds treatment:
|     no_intermolecular_bonds =       1

| Energy averages sample interval:
|     ene_avg_sampling =     500

Ewald parameters:
     verbose =       0, ew_type =       0, nbflag  =       1, use_pme =       1
     vdwmeth =       1, eedmeth =       1, netfrc  =       1
     Box X =   36.958   Box Y =   40.265   Box Z =   40.768
     Alpha =   90.000   Beta  =   90.000   Gamma =   90.000
     NFFT1 =   40       NFFT2 =   48       NFFT3 =   48
     Cutoff=    9.000   Tol   =0.100E-04
     Ewald Coefficient =  0.30768
     Interpolation order =    4
     TI Mask 1 :1; matches     29 atoms
     TI Mask 2 :2; matches     29 atoms
     TI region 1:    5646 atoms
     TI region 2:    5646 atoms
Removing charge of       0.1324 from atom      30
Removing charge of      -0.3482 from atom      31
Removing charge of       0.6867 from atom      32
Removing charge of      -0.6325 from atom      33
Removing charge of      -0.2038 from atom      34
Removing charge of       0.0953 from atom      35
Removing charge of      -0.3903 from atom      36
Removing charge of       0.3402 from atom      37
Removing charge of      -0.1179 from atom      38
Removing charge of      -0.1090 from atom      39
Removing charge of      -0.1345 from atom      40
Removing charge of      -0.1210 from atom      41
Removing charge of      -0.1345 from atom      42
Removing charge of      -0.1090 from atom      43
Removing charge of      -0.7500 from atom      44
Removing charge of       0.1891 from atom      45
Removing charge of       0.1660 from atom      46
Removing charge of       0.0607 from atom      47
Removing charge of       0.0607 from atom      48
Removing charge of       0.0607 from atom      49
Removing charge of       0.1440 from atom      50
Removing charge of       0.1360 from atom      51
Removing charge of       0.1340 from atom      52
Removing charge of       0.1360 from atom      53
Removing charge of       0.1440 from atom      54
Removing charge of       0.4328 from atom      55
Removing charge of       0.0440 from atom      56
Removing charge of       0.0440 from atom      57
Removing charge of       0.0440 from atom      58
Total charge of  -0.00000100 removed from      29 atoms
     Checking for mismatched coordinates.
| MONTE CARLO BAROSTAT IMPORTANT NOTE:
|   The Monte-Carlo barostat does not require the virial to adjust the system volume.
|   Since it is an expensive calculation, it is skipped for efficiency. A side-effect
|   is that the reported pressure is always 0 because it is not calculated.

--------------------------------------------------------------------------------
   3.  ATOMIC COORDINATES AND VELOCITIES
--------------------------------------------------------------------------------

default_name                                                                    
 begin time read from input coords =   242.000 ps



           Begin reading energy term weight changes/NMR restraints
 WEIGHT CHANGES:
                         ** No weight changes given **

 RESTRAINTS:
 Requested file redirections:
  DISANG    = disang.rest
  LISTOUT   = POUT
 Restraints will be read from file: disang.rest
Here are comments from the DISANG input file:
# Anchor atoms  :58@CA  :79@CA  :105@CA  :1@C3  :1@C9  :1@C11  stage = fe  weigh

                       Number of restraints read =    17

                  Done reading weight changes/NMR restraints


 
 Number of triangulated 3-point waters found:     1867

     Sum of charges for TI region  1 =  -0.00000100
     Skip neutralizing charges...


     Sum of charges for TI region  2 =  -0.00000000
     Skip neutralizing charges...

| Dynamic Memory, Types Used:
| Reals              422829
| Integers           235853

| Nonbonded Pairs Initial Allocation:     1293900

| GPU memory information (estimate):
| KB of GPU memory in use:     38195
| KB of CPU memory in use:     13043

--------------------------------------------------------------------------------
   4.  RESULTS
--------------------------------------------------------------------------------


| TI region  1


 NSTEP =      500   TIME(PS) =     244.000  TEMP(K) =   298.82  PRESS =     0.0
 Etot   =    -15724.0179  EKtot   =      3362.1999  EPtot      =    -19086.2178
 BOND   =        13.1364  ANGLE   =        15.7171  DIHED      =        11.1893
 1-4 NB =         8.5707  1-4 EEL =        35.3140  VDWAALS    =      2751.9995
 EELEC  =    -21926.5827  EHBOND  =         0.0000  RESTRAINT  =         4.4378
 EAMBER (non-restraint)  =    -19090.6557
 EKCMT  =         0.0000  VIRIAL  =         0.0000  VOLUME     =     59918.9443
                                                    Density    =         0.9511
 DV/DL  =         1.7172
 ------------------------------------------------------------------------------

 Lambda-dependent restraint contribution to dV/Dl: Total =     -4.4791
   Dist =     -0.1793  Angl =       0.0000  Tors =     -4.2999

| TI region  2


 NSTEP =      500   TIME(PS) =     244.000  TEMP(K) =   298.82  PRESS =     0.0
 Etot   =    -15724.0179  EKtot   =      3362.1999  EPtot      =    -19086.2178
 BOND   =        13.1364  ANGLE   =        15.7171  DIHED      =        11.1893
 1-4 NB =         8.5707  1-4 EEL =        35.3140  VDWAALS    =      2751.9995
 EELEC  =    -21926.5827  EHBOND  =         0.0000  RESTRAINT  =         4.4378
 EAMBER (non-restraint)  =    -19090.6557
 EKCMT  =         0.0000  VIRIAL  =         0.0000  VOLUME     =     59918.9443
                                                    Density    =         0.9511
 DV/DL  =         1.7172
 ------------------------------------------------------------------------------

 Lambda-dependent restraint contribution to dV/Dl: Total =     -4.4791
   Dist =     -0.1793  Angl =       0.0000  Tors =     -4.2999
 NMR restraints: Bond =    0.178   Angle =     0.000   Torsion =     4.260
===============================================================================

| TI region  1


 NSTEP =     1000   TIME(PS) =     246.000  TEMP(K) =   298.67  PRESS =     0.0
 Etot   =    -15644.1603  EKtot   =      3360.4984  EPtot      =    -19004.6587
 BOND   =        13.8738  ANGLE   =        17.5299  DIHED      =         9.5545
 1-4 NB =         9.2641  1-4 EEL =        35.3105  VDWAALS    =      2640.5445
 EELEC  =    -21736.2680  EHBOND  =         0.0000  RESTRAINT  =         5.5321
 EAMBER (non-restraint)  =    -19010.1907
 EKCMT  =         0.0000  VIRIAL  =         0.0000  VOLUME     =     59244.2307
                                                    Density    =         0.9619
 DV/DL  =        -3.2033
 ------------------------------------------------------------------------------

 Lambda-dependent restraint contribution to dV/Dl: Total =     -5.5835
   Dist =     -0.3362  Angl =       0.0000  Tors =     -5.2474

| TI region  2


 NSTEP =     1000   TIME(PS) =     246.000  TEMP(K) =   298.67  PRESS =     0.0
 Etot   =    -15644.1603  EKtot   =      3360.4984  EPtot      =    -19004.6587
 BOND   =        13.8738  ANGLE   =        17.5299  DIHED      =         9.5545
 1-4 NB =         9.2641  1-4 EEL =        35.3105  VDWAALS    =      2640.5445
 EELEC  =    -21736.2680  EHBOND  =         0.0000  RESTRAINT  =         5.5321
 EAMBER (non-restraint)  =    -19010.1907
 EKCMT  =         0.0000  VIRIAL  =         0.0000  VOLUME     =     59244.2307
                                                    Density    =         0.9619
 DV/DL  =        -3.2033
 ------------------------------------------------------------------------------

 Lambda-dependent restraint contribution to dV/Dl: Total =     -5.5835
   Dist =     -0.3362  Angl =       0.0000  Tors =     -5.2474
 NMR restraints: Bond =    0.333   Angle =     0.000   Torsion =     5.199
===============================================================================

| TI region  1


 NSTEP =     1500   TIME(PS) =     248.000  TEMP(K) =   297.37  PRESS =     0.0
 Etot   =    -15735.7635  EKtot   =      3345.8859  EPtot      =    -19081.6494
 BOND   =         9.1466  ANGLE   =        12.7997  DIHED      =         9.4458
 1-4 NB =         9.5442  1-4 EEL =        36.6983  VDWAALS    =      2861.2072
 EELEC  =    -22044.8188  EHBOND  =         0.0000  RESTRAINT  =        24.3276
 EAMBER (non-restraint)  =    -19105.9770
 EKCMT  =         0.0000  VIRIAL  =         0.0000  VOLUME     =     57836.9512
                                                    Density    =         0.9853
 DV/DL  =       -15.9578
 ------------------------------------------------------------------------------

 Lambda-dependent restraint contribution to dV/Dl: Total =    -24.5540
   Dist =     -0.3789  Angl =       0.0000  Tors =    -24.1751

| TI region  2


 NSTEP =     1500   TIME(PS) =     248.000  TEMP(K) =   297.37  PRESS =     0.0
 Etot   =    -15735.7635  EKtot   =      3345.8859  EPtot      =    -19081.6494
 BOND   =         9.1466  ANGLE   =        12.7997  DIHED      =         9.4458
 1-4 NB =         9.5442  1-4 EEL =        36.6983  VDWAALS    =      2861.2072
 EELEC  =    -22044.8188  EHBOND  =         0.0000  RESTRAINT  =        24.3276
 EAMBER (non-restraint)  =    -19105.9770
 EKCMT  =         0.0000  VIRIAL  =         0.0000  VOLUME     =     57836.9512
                                                    Density    =         0.9853
 DV/DL  =       -15.9578
 ------------------------------------------------------------------------------

 Lambda-dependent restraint contribution to dV/Dl: Total =    -24.5540
   Dist =     -0.3789  Angl =       0.0000  Tors =    -24.1751
 NMR restraints: Bond =    0.375   Angle =     0.000   Torsion =    23.952
===============================================================================

| TI region  1


 NSTEP =     2000   TIME(PS) =     250.000  TEMP(K) =   307.51  PRESS =     0.0
 Etot   =    -15772.2219  EKtot   =      3459.8933  EPtot      =    -19232.1153
 BOND   =         4.7598  ANGLE   =        10.5683  DIHED      =        15.5428
 1-4 NB =        10.4289  1-4 EEL =        37.5575  VDWAALS    =      2756.8699
 EELEC  =    -22076.0022  EHBOND  =         0.0000  RESTRAINT  =         8.1598
 EAMBER (non-restraint)  =    -19240.2750
 EKCMT  =         0.0000  VIRIAL  =         0.0000  VOLUME     =     57473.1837
                                                    Density    =         0.9916
 DV/DL  =         0.7517
 ------------------------------------------------------------------------------

 Lambda-dependent restraint contribution to dV/Dl: Total =     -8.2357
   Dist =     -0.2482  Angl =       0.0000  Tors =     -7.9875

| TI region  2


 NSTEP =     2000   TIME(PS) =     250.000  TEMP(K) =   307.51  PRESS =     0.0
 Etot   =    -15772.2219  EKtot   =      3459.8933  EPtot      =    -19232.1153
 BOND   =         4.7598  ANGLE   =        10.5683  DIHED      =        15.5428
 1-4 NB =        10.4289  1-4 EEL =        37.5575  VDWAALS    =      2756.8699
 EELEC  =    -22076.0022  EHBOND  =         0.0000  RESTRAINT  =         8.1598
 EAMBER (non-restraint)  =    -19240.2750
 EKCMT  =         0.0000  VIRIAL  =         0.0000  VOLUME     =     57473.1837
                                                    Density    =         0.9916
 DV/DL  =         0.7517
 ------------------------------------------------------------------------------

 Lambda-dependent restraint contribution to dV/Dl: Total =     -8.2357
   Dist =     -0.2482  Angl =       0.0000  Tors =     -7.9875
 NMR restraints: Bond =    0.246   Angle =     0.000   Torsion =     7.914
===============================================================================

| TI region  1


 NSTEP =     2500   TIME(PS) =     252.000  TEMP(K) =   303.21  PRESS =     0.0
 Etot   =    -15731.9431  EKtot   =      3411.5340  EPtot      =    -19143.4771
 BOND   =        10.3079  ANGLE   =        14.5638  DIHED      =        14.1969
 1-4 NB =        10.2756  1-4 EEL =        36.0233  VDWAALS    =      2693.1513
 EELEC  =    -21925.6949  EHBOND  =         0.0000  RESTRAINT  =         3.6990
 EAMBER (non-restraint)  =    -19147.1761
 EKCMT  =         0.0000  VIRIAL  =         0.0000  VOLUME     =     57452.8028
                                                    Density    =         0.9919
 DV/DL  =         7.4002
 ------------------------------------------------------------------------------

 Lambda-dependent restraint contribution to dV/Dl: Total =     -3.7334
   Dist =     -0.1086  Angl =       0.0000  Tors =     -3.6248

| TI region  2


 NSTEP =     2500   TIME(PS) =     252.000  TEMP(K) =   303.21  PRESS =     0.0
 Etot   =    -15731.9431  EKtot   =      3411.5340  EPtot      =    -19143.4771
 BOND   =        10.3079  ANGLE   =        14.5638  DIHED      =        14.1969
 1-4 NB =        10.2756  1-4 EEL =        36.0233  VDWAALS    =      2693.1513
 EELEC  =    -21925.6949  EHBOND  =         0.0000  RESTRAINT  =         3.6990
 EAMBER (non-restraint)  =    -19147.1761
 EKCMT  =         0.0000  VIRIAL  =         0.0000  VOLUME     =     57452.8028
                                                    Density    =         0.9919
 DV/DL  =         7.4002
 ------------------------------------------------------------------------------

 Lambda-dependent restraint contribution to dV/Dl: Total =     -3.7334
   Dist =     -0.1086  Angl =       0.0000  Tors =     -3.6248
 NMR restraints: Bond =    0.108   Angle =     0.000   Torsion =     3.591
===============================================================================

| TI region  1


 NSTEP =     3000   TIME(PS) =     254.000  TEMP(K) =   305.19  PRESS =     0.0
 Etot   =    -15832.6100  EKtot   =      3433.8568  EPtot      =    -19266.4668
 BOND   =         5.2915  ANGLE   =        12.6439  DIHED      =        10.6923
 1-4 NB =        10.0203  1-4 EEL =        36.1509  VDWAALS    =      2607.6980
 EELEC  =    -21952.4462  EHBOND  =         0.0000  RESTRAINT  =         3.4826
 EAMBER (non-restraint)  =    -19269.9494
 EKCMT  =         0.0000  VIRIAL  =         0.0000  VOLUME     =     57184.3156
                                                    Density    =         0.9966
 DV/DL  =         3.6494
 ------------------------------------------------------------------------------

 Lambda-dependent restraint contribution to dV/Dl: Total =     -3.5150
   Dist =     -0.2694  Angl =       0.0000  Tors =     -3.2456

| TI region  2


 NSTEP =     3000   TIME(PS) =     254.000  TEMP(K) =   305.19  PRESS =     0.0
 Etot   =    -15832.6100  EKtot   =      3433.8568  EPtot      =    -19266.4668
 BOND   =         5.2915  ANGLE   =        12.6439  DIHED      =        10.6923
 1-4 NB =        10.0203  1-4 EEL =        36.1509  VDWAALS    =      2607.6980
 EELEC  =    -21952.4462  EHBOND  =         0.0000  RESTRAINT  =         3.4826
 EAMBER (non-restraint)  =    -19269.9494
 EKCMT  =         0.0000  VIRIAL  =         0.0000  VOLUME     =     57184.3156
                                                    Density    =         0.9966
 DV/DL  =         3.6494
 ------------------------------------------------------------------------------

 Lambda-dependent restraint contribution to dV/Dl: Total =     -3.5150
   Dist =     -0.2694  Angl =       0.0000  Tors =     -3.2456
 NMR restraints: Bond =    0.267   Angle =     0.000   Torsion =     3.216
===============================================================================

| TI region  1


 NSTEP =     3500   TIME(PS) =     256.000  TEMP(K) =   301.76  PRESS =     0.0
 Etot   =    -15924.2170  EKtot   =      3395.2804  EPtot      =    -19319.4975
 BOND   =         7.1695  ANGLE   =        14.4705  DIHED      =        10.1803
 1-4 NB =        11.5221  1-4 EEL =        35.8339  VDWAALS    =      2771.5973
 EELEC  =    -22172.3379  EHBOND  =         0.0000  RESTRAINT  =         2.0669
 EAMBER (non-restraint)  =    -19321.5643
 EKCMT  =         0.0000  VIRIAL  =         0.0000  VOLUME     =     57216.2071
                                                    Density    =         0.9960
 DV/DL  =         7.5967
 ------------------------------------------------------------------------------

 Lambda-dependent restraint contribution to dV/Dl: Total =     -2.0861
   Dist =     -0.0411  Angl =       0.0000  Tors =     -2.0450

| TI region  2


 NSTEP =     3500   TIME(PS) =     256.000  TEMP(K) =   301.76  PRESS =     0.0
 Etot   =    -15924.2170  EKtot   =      3395.2804  EPtot      =    -19319.4975
 BOND   =         7.1695  ANGLE   =        14.4705  DIHED      =        10.1803
 1-4 NB =        11.5221  1-4 EEL =        35.8339  VDWAALS    =      2771.5973
 EELEC  =    -22172.3379  EHBOND  =         0.0000  RESTRAINT  =         2.0669
 EAMBER (non-restraint)  =    -19321.5643
 EKCMT  =         0.0000  VIRIAL  =         0.0000  VOLUME     =     57216.2071
                                                    Density    =         0.9960
 DV/DL  =         7.5967
 ------------------------------------------------------------------------------

 Lambda-dependent restraint contribution to dV/Dl: Total =     -2.0861
   Dist =     -0.0411  Angl =       0.0000  Tors =     -2.0450
 NMR restraints: Bond =    0.041   Angle =     0.000   Torsion =     2.026
===============================================================================

| TI region  1


      A V E R A G E S   O V E R       7 S T E P S


 NSTEP =     3500   TIME(PS) =     256.000  TEMP(K) =   301.79  PRESS =     0.0
 Etot   =    -15766.4191  EKtot   =      3395.5927  EPtot      =    -19162.0118
 BOND   =         9.0979  ANGLE   =        14.0419  DIHED      =        11.5431
 1-4 NB =         9.9466  1-4 EEL =        36.1269  VDWAALS    =      2726.1525
 EELEC  =    -21976.3072  EHBOND  =         0.0000  RESTRAINT  =         7.3865
 EAMBER (non-restraint)  =    -19169.3983
 EKCMT  =         0.0000  VIRIAL  =         0.0000  VOLUME     =     58046.6622
                                                    Density    =         0.9821
 DV/DL  =         0.2792
 ------------------------------------------------------------------------------

 NMR restraints: Bond =    0.041   Angle =     0.000   Torsion =     2.026
===============================================================================
 Lambda-dependent restraint contribution to dV/Dl: Total =     -7.4553
   Dist =     -0.2231  Angl =       0.0000  Tors =     -7.2322

      R M S  F L U C T U A T I O N S


 NSTEP =     3500   TIME(PS) =     256.000  TEMP(K) =     3.47  PRESS =     0.0
 Etot   =        82.9703  EKtot   =        39.0428  EPtot      =       105.5147
 BOND   =         3.3298  ANGLE   =         2.1041  DIHED      =         2.2071
 1-4 NB =         0.8742  1-4 EEL =         0.7366  VDWAALS    =        79.6115
 EELEC  =       128.8871  EHBOND  =         0.0000  RESTRAINT  =         7.1401
 EAMBER (non-restraint)  =        98.3746
 EKCMT  =         0.0000  VIRIAL  =         0.0000  VOLUME     =      1007.0064
                                                    Density    =         0.0168
 DV/DL  =         7.4992
 ------------------------------------------------------------------------------

 Lambda-dependent restraint contribution to dV/Dl: Total =      7.2066
   Dist =      0.1121  Angl =       0.0000  Tors =      7.1312

| TI region  2


      A V E R A G E S   O V E R       7 S T E P S


 NSTEP =     3500   TIME(PS) =     256.000  TEMP(K) =   301.79  PRESS =     0.0
 Etot   =    -15766.4191  EKtot   =      3395.5927  EPtot      =    -19162.0118
 BOND   =         9.0979  ANGLE   =        14.0419  DIHED      =        11.5431
 1-4 NB =         9.9466  1-4 EEL =        36.1269  VDWAALS    =      2726.1525
 EELEC  =    -21976.3072  EHBOND  =         0.0000  RESTRAINT  =         7.3865
 EAMBER (non-restraint)  =    -19169.3983
 EKCMT  =         0.0000  VIRIAL  =         0.0000  VOLUME     =     58046.6622
                                                    Density    =         0.9821
 DV/DL  =         0.2792
 ------------------------------------------------------------------------------

 NMR restraints: Bond =    0.041   Angle =     0.000   Torsion =     2.026
===============================================================================
 Lambda-dependent restraint contribution to dV/Dl: Total =     -7.4553
   Dist =     -0.2231  Angl =       0.0000  Tors =     -7.2322

      R M S  F L U C T U A T I O N S


 NSTEP =     3500   TIME(PS) =     256.000  TEMP(K) =     3.47  PRESS =     0.0
 Etot   =        82.9703  EKtot   =        39.0428  EPtot      =       105.5147
 BOND   =         3.3298  ANGLE   =         2.1041  DIHED      =         2.2071
 1-4 NB =         0.8742  1-4 EEL =         0.7366  VDWAALS    =        79.6115
 EELEC  =       128.8871  EHBOND  =         0.0000  RESTRAINT  =         7.1401
 EAMBER (non-restraint)  =        98.3746
 EKCMT  =         0.0000  VIRIAL  =         0.0000  VOLUME     =      1007.0064
                                                    Density    =         0.0168
 DV/DL  =         7.4992
 ------------------------------------------------------------------------------

 Lambda-dependent restraint contribution to dV/Dl: Total =      7.2066
   Dist =      0.1121  Angl =       0.0000  Tors =      7.1312

      DV/DL, AVERAGES OVER       7 STEPS


 NSTEP =     3500   TIME(PS) =     256.000  TEMP(K) =     3.47  PRESS =     0.0
 Etot   =         0.0000  EKtot   =         0.0000  EPtot      =         0.0000
 BOND   =         0.0000  ANGLE   =         0.0000  DIHED      =         0.0000
 1-4 NB =         0.0000  1-4 EEL =       -36.4631  VDWAALS    =         0.0000
 EELEC  =        44.1975  EHBOND  =         0.0000  RESTRAINT  =         0.0000
 EKCMT  =         0.0000  VIRIAL  =         0.0000  VOLUME     =         0.0000
                                                    Density    =         0.0000
 ------------------------------------------------------------------------------


 NMR restraints on final step:

 ------------------------------------------------------------------------------


 Final Restraint Analysis for coords: eqnpt03.rst7                            


 Restraints, deviations, and energy contributions:    pencut =   -1.00

 ------------------------------------------------------------------------------
     First atom        Last atom    curr. value target deviation  penalty
 ------------------------------------------------------------------------------
  C3   LIG    1 --  C9   LIG    1:    6.380    6.392    0.012    0.001 d    0: 0
  C9   LIG    1 --  C11  LIG    1:    6.390    6.364    0.026    0.003 d    0: 0
  C11  LIG    1 --  C3   LIG    1:    6.647    6.535    0.112    0.063 d    0: 0
  C10  LIG    1 --  C9   LIG    1:   -6.974   -4.102    2.872    0.176 t
  C5   LIG    1 --  C6   LIG    1:  173.462  174.162    0.699    0.010 t
  C8   LIG    1 --  C9   LIG    1:   -0.284   -8.316    8.032    1.376 t
  C7   LIG    1 --  C8   LIG    1:    2.868    9.382    6.513    0.905 t
  C6   LIG    1 --  C7   LIG    1:    1.841    1.647    0.195    0.001 t
  C    LIG    1 --  N2   LIG    1:  157.874  155.656    2.218    0.105 t
  C5   LIG    1 --  C10  LIG    1: -171.115 -172.471    1.357    0.039 t
  C    LIG    1 --  C1   LIG    1:    9.695   16.096    6.401    0.874 t
  N    LIG    1 --  N1   LIG    1:   -3.240   -2.975    0.266    0.002 t
  C    LIG    1 --  C4   LIG    1:  172.020  172.131    0.110    0.000 t
  C2   LIG    1 --  N    LIG    1:  173.183  173.910    0.726    0.011 t
  C1   LIG    1 --  C2   LIG    1:  173.044  173.252    0.208    0.001 t
  C4   LIG    1 --  N1   LIG    1:    4.383    5.550    1.167    0.029 t
  C4   LIG    1 --  C5   LIG    1:  144.186  135.268    8.918    1.696 t
                                       Total distance penalty:      0.067
                                       Total torsion  penalty:      5.224
 ------------------------------------------------------------------------------
| MC Barostat:         35 volume changes attempted.
| MC Barostat:         15 changes successful ( 42.86%)
 ------------------------------------------------------------------------------

--------------------------------------------------------------------------------
   5.  TIMINGS
--------------------------------------------------------------------------------

|  NonSetup CPU Time in Major Routines:
|
|     Routine           Sec        %
|     ------------------------------
|     Nonbond           1.00   32.77
|     Bond              0.00    0.00
|     Angle             0.00    0.00
|     Dihedral          0.00    0.00
|     Shake             0.01    0.49
|     RunMD             2.03   66.35
|     Other             0.01    0.39
|     ------------------------------
|     Total             3.07

|  PME Nonbond Pairlist CPU Time:
|
|     Routine              Sec        %
|     ---------------------------------
|     Set Up Cit           0.00    0.00
|     Build List           0.00    0.00
|     ---------------------------------
|     Total                0.00    0.00

|  PME Direct Force CPU Time:
|
|     Routine              Sec        %
|     ---------------------------------
|     NonBonded Calc       0.00    0.00
|     Exclude Masked       0.00    0.00
|     Other                0.00    0.16
|     ---------------------------------
|     Total                0.00    0.16

|  PME Reciprocal Force CPU Time:
|
|     Routine              Sec        %
|     ---------------------------------
|     1D bspline           0.00    0.00
|     Grid Charges         0.00    0.00
|     Scalar Sum           0.00    0.00
|     Gradient Sum         0.00    0.00
|     FFT                  0.00    0.00
|     ---------------------------------
|     Total                0.00    0.00

|  Final Performance Info:
|     -----------------------------------------------------
|     Average timings for last    3000 steps:
|     Elapsed(s) =       2.78 Per Step(ms) =       0.93
|         ns/day =     373.25   seconds/ns =     231.48
|
|     Average timings for all steps:
|     Elapsed(s) =       3.25 Per Step(ms) =       0.93
|         ns/day =     371.77   seconds/ns =     232.40
|     -----------------------------------------------------

|  Setup CPU time:            0.77 seconds
|  NonSetup CPU time:         3.07 seconds
|  Total CPU time:            3.84 seconds     0.00 hours

|  Setup wall time:           1    seconds
|  NonSetup wall time:        3    seconds
|  Total wall time:           4    seconds     0.00 hours
