
          -------------------------------------------------------
          Amber 20 PMEMD                              2020
          -------------------------------------------------------

| PMEMD implementation of SANDER, Release 18

|  Compiled date/time: Tue Apr 28 10:19:54 2020
| Run on 05/10/2020 at 21:49:14

|   Executable path: pmemd.cuda
| Working directory: /home1/tbaba/centos/BAT.py-master/BAT/fe/pose1/dd/bulk/f00
|          Hostname: tx1

  [-O]verwriting output

File Assignments:
|   MDIN: eqnpt.in                                                              
|  MDOUT: eqnpt04.out                                                           
| INPCRD: eqnpt03.rst7                                                          
|   PARM: full.hmr.prmtop                                                       
| RESTRT: eqnpt04.rst7                                                          
|   REFC: full.inpcrd                                                           
|  MDVEL: mdvel                                                                 
|   MDEN: mden                                                                  
|  MDCRD: traj004.nc                                                            
| MDINFO: mdinfo                                                                
|  MDFRC: mdfrc                                                                 


 Here is the input file:

*******************************************************                        
*****************************       eqnpt.in                                   
*******************************************************                        
Equilibrate, NPT.                                                              
 &cntrl                                                                        
  imin = 0,                                                                    
  ntx = 5,                                                                     
  irest = 1,                                                                   
  ntpr = 500,                                                                  
  ntwr = 500,                                                                  
  ntwx = 500,                                                                  
  ioutfm = 1,                                                                  
  iwrap = 1,                                                                   
  ntf = 2,                                                                     
  ntc = 2,                                                                     
  cut = 9.0,                                                                   
  ntt = 3,                                                                     
  temp0 = 298.15,                                                              
  gamma_ln = 1.0,                                                              
  ig = -1,                                                                     
  ntp = 1,                                                                     
  barostat = 2,                                                                
  nstlim = 3500,                                                               
  dt = 0.004,                                                                  
  nmropt = 1,                                                                  
  pencut = -1,                                                                 
  icfe = 1, clambda = 0.00922,                                                 
  timask1 = ':1', timask2 = ':2',                                              
  ifsc=0, crgmask = ':2',                                                      
 /                                                                             
 &wt type = 'END', /                                                           
DISANG=disang.rest                                                             
LISTOUT=POUT                                                                   
                                                                               


Note: ig = -1. Setting random seed to   333574 based on wallclock time in 
      microseconds.
| irandom = 1, using AMBER's internal random number generator (default).
 
|--------------------- INFORMATION ----------------------
| GPU (CUDA) Version of PMEMD in use: NVIDIA GPU IN USE.
|                    Version 18.0.0
| 
|                      03/25/2018
| 
| Implementation by:
|                    Ross C. Walker     (SDSC)
|                    Scott Le Grand     (nVIDIA)
| 
| Version 18 performance extensions by:
|                    David Cerutti     (Rutgers)
| 
| Precision model in use:
|      [SPFP] - Single Precision Forces, 64-bit Fixed Point
|               Accumulation. (Default)
| 
|--------------------------------------------------------
 
|----------------- CITATION INFORMATION -----------------
|
|    When publishing work that utilized the CUDA version
|    of AMBER, please cite the following in addition to
|    the regular AMBER citations:
|
|  - Romelia Salomon-Ferrer; Andreas W. Goetz; Duncan
|    Poole; Scott Le Grand; Ross C. Walker "Routine
|    microsecond molecular dynamics simulations with
|    AMBER - Part II: Particle Mesh Ewald", J. Chem.
|    Theory Comput., 2013, 9 (9), pp3878-3888,
|    DOI: 10.1021/ct400314y.
|
|  - Andreas W. Goetz; Mark J. Williamson; Dong Xu;
|    Duncan Poole; Scott Le Grand; Ross C. Walker
|    "Routine microsecond molecular dynamics simulations
|    with AMBER - Part I: Generalized Born", J. Chem.
|    Theory Comput., 2012, 8 (5), pp1542-1555.
|
|  - Scott Le Grand; Andreas W. Goetz; Ross C. Walker
|    "SPFP: Speed without compromise - a mixed precision
|    model for GPU accelerated molecular dynamics
|    simulations.", Comp. Phys. Comm., 2013, 184
|    pp374-380, DOI: 10.1016/j.cpc.2012.09.022
|
|    When publishing work that utilized the CUDA version
|    of TI, BAR, MBAR or FEP please cite the following 
|    publications in addition to the regular AMBER 
|    GPU citations:
|
|  - Daniel J. Mermelstein; Charles Lin; Gard Nelson; 
|    Rachael Kretsch; J. Andrew McCammon; Ross C. Walker
|    "Fast and Flexible GPU Accelerated Binding 
|    Free Energy Calculations within the AMBER Molecular
|    Dynamics Package" J. Comp. Chem., 2018,
|    DOI: 10.1002/jcc.25187
|
|  - Tai-Sung Lee; Yuan Hu; Brad Sherborne; Zhuyan Guo;
|    Darrin M. York
|    "Toward Fast and Accurate Binding Affinity Prediction with
|    pmemdGTI: An Efficient Implementation of GPU-Accelerated
|    Thermodynamic Integration"
|    J. Chem. Theory Comput., 2017, 13 (7), 3077
|
|
|--------------------------------------------------------
 
|------------------- GPU DEVICE INFO --------------------
|
|            CUDA_VISIBLE_DEVICES: 2
|   CUDA Capable Devices Detected:      1
|           CUDA Device ID in use:      0
|                CUDA Device Name: GeForce GTX TITAN X
|     CUDA Device Global Mem Size:  12212 MB
| CUDA Device Num Multiprocessors:     24
|           CUDA Device Core Freq:   1.08 GHz
|
|--------------------------------------------------------
 
 
| Conditional Compilation Defines Used:
| PUBFFT
| BINTRAJ
| CUDA
| EMIL

| Largest sphere to fit in unit cell has radius =    18.121

| New format PARM file being parsed.
| Version =    1.000 Date = 04/28/20 Time = 18:40:30

| Note: 1-4 EEL scale factors are being read from the topology file.

| Note: 1-4 VDW scale factors are being read from the topology file.
| Duplicated    0 dihedrals

| Duplicated    0 dihedrals

--------------------------------------------------------------------------------
   1.  RESOURCE   USE: 
--------------------------------------------------------------------------------

 getting box info from netcdf restart file
 NATOM  =    5675 NTYPES =      11 NBONH =    5627 MBONA  =      34
 NTHETH =      52 MTHETA =      46 NPHIH =      82 MPHIA  =      70
 NHPARM =       0 NPARM  =       0 NNB   =    7766 NRES   =    1885
 NBONA  =      34 NTHETA =      46 NPHIA =      70 NUMBND =      18
 NUMANG =      25 NPTRA  =      11 NATYP =      16 NPHB   =       0
 IFBOX  =       1 NMXRS  =      29 IFCAP =       0 NEXTRA =       0
 NCOPY  =       0

| Coordinate Index Table dimensions:     7    7    7
| Direct force subcell size =     5.1776    5.6410    5.7114

     BOX TYPE: RECTILINEAR

--------------------------------------------------------------------------------
   2.  CONTROL  DATA  FOR  THE  RUN
--------------------------------------------------------------------------------

default_name                                                                    

General flags:
     imin    =       0, nmropt  =       1

Nature and format of input:
     ntx     =       5, irest   =       1, ntrx    =       1

Nature and format of output:
     ntxo    =       2, ntpr    =     500, ntrx    =       1, ntwr    =     500
     iwrap   =       1, ntwx    =     500, ntwv    =       0, ntwe    =       0
     ioutfm  =       1, ntwprt  =       0, idecomp =       0, rbornstat=      0

Potential function:
     ntf     =       2, ntb     =       2, igb     =       0, nsnb    =      25
     ipol    =       0, gbsa    =       0, iesp    =       0
     dielc   =   1.00000, cut     =   9.00000, intdiel =   1.00000

Frozen or restrained atoms:
     ibelly  =       0, ntr     =       0

Molecular dynamics:
     nstlim  =      3500, nscm    =      1000, nrespa  =         1
     t       =   0.00000, dt      =   0.00400, vlimit  =  -1.00000

Langevin dynamics temperature regulation:
     ig      =  333574
     temp0   = 298.15000, tempi   =   0.00000, gamma_ln=   1.00000

Pressure regulation:
     ntp     =       1
     pres0   =   1.00000, comp    =  44.60000, taup    =   1.00000
     Monte-Carlo Barostat:
     mcbarint  =     100

SHAKE:
     ntc     =       2, jfastw  =       0
     tol     =   0.00001

NMR refinement options:
     iscale  =       0, noeskp  =       1, ipnlty  =       1, mxsub   =       1
     scalm   = 100.00000, pencut  =  -1.00000, tausw   =   0.10000

Free energy options:
     icfe    =       1, ifsc    =       0, klambda =       1
     clambda =  0.0092, scalpha =  0.5000, scbeta  = 12.0000
     sceeorder =       2
     dynlmb =  0.0000 logdvdl =       0

| Intermolecular bonds treatment:
|     no_intermolecular_bonds =       1

| Energy averages sample interval:
|     ene_avg_sampling =     500

Ewald parameters:
     verbose =       0, ew_type =       0, nbflag  =       1, use_pme =       1
     vdwmeth =       1, eedmeth =       1, netfrc  =       1
     Box X =   36.243   Box Y =   39.487   Box Z =   39.980
     Alpha =   90.000   Beta  =   90.000   Gamma =   90.000
     NFFT1 =   40       NFFT2 =   40       NFFT3 =   40
     Cutoff=    9.000   Tol   =0.100E-04
     Ewald Coefficient =  0.30768
     Interpolation order =    4
     TI Mask 1 :1; matches     29 atoms
     TI Mask 2 :2; matches     29 atoms
     TI region 1:    5646 atoms
     TI region 2:    5646 atoms
Removing charge of       0.1324 from atom      30
Removing charge of      -0.3482 from atom      31
Removing charge of       0.6867 from atom      32
Removing charge of      -0.6325 from atom      33
Removing charge of      -0.2038 from atom      34
Removing charge of       0.0953 from atom      35
Removing charge of      -0.3903 from atom      36
Removing charge of       0.3402 from atom      37
Removing charge of      -0.1179 from atom      38
Removing charge of      -0.1090 from atom      39
Removing charge of      -0.1345 from atom      40
Removing charge of      -0.1210 from atom      41
Removing charge of      -0.1345 from atom      42
Removing charge of      -0.1090 from atom      43
Removing charge of      -0.7500 from atom      44
Removing charge of       0.1891 from atom      45
Removing charge of       0.1660 from atom      46
Removing charge of       0.0607 from atom      47
Removing charge of       0.0607 from atom      48
Removing charge of       0.0607 from atom      49
Removing charge of       0.1440 from atom      50
Removing charge of       0.1360 from atom      51
Removing charge of       0.1340 from atom      52
Removing charge of       0.1360 from atom      53
Removing charge of       0.1440 from atom      54
Removing charge of       0.4328 from atom      55
Removing charge of       0.0440 from atom      56
Removing charge of       0.0440 from atom      57
Removing charge of       0.0440 from atom      58
Total charge of  -0.00000100 removed from      29 atoms
     Checking for mismatched coordinates.
| MONTE CARLO BAROSTAT IMPORTANT NOTE:
|   The Monte-Carlo barostat does not require the virial to adjust the system volume.
|   Since it is an expensive calculation, it is skipped for efficiency. A side-effect
|   is that the reported pressure is always 0 because it is not calculated.

--------------------------------------------------------------------------------
   3.  ATOMIC COORDINATES AND VELOCITIES
--------------------------------------------------------------------------------

default_name                                                                    
 begin time read from input coords =   256.000 ps



           Begin reading energy term weight changes/NMR restraints
 WEIGHT CHANGES:
                         ** No weight changes given **

 RESTRAINTS:
 Requested file redirections:
  DISANG    = disang.rest
  LISTOUT   = POUT
 Restraints will be read from file: disang.rest
Here are comments from the DISANG input file:
# Anchor atoms  :58@CA  :79@CA  :105@CA  :1@C3  :1@C9  :1@C11  stage = fe  weigh

                       Number of restraints read =    17

                  Done reading weight changes/NMR restraints


 
 Number of triangulated 3-point waters found:     1867

     Sum of charges for TI region  1 =  -0.00000100
     Skip neutralizing charges...


     Sum of charges for TI region  2 =  -0.00000000
     Skip neutralizing charges...

| Dynamic Memory, Types Used:
| Reals              422813
| Integers           235853

| Nonbonded Pairs Initial Allocation:     1293900

| GPU memory information (estimate):
| KB of GPU memory in use:     43713
| KB of CPU memory in use:     12733

--------------------------------------------------------------------------------
   4.  RESULTS
--------------------------------------------------------------------------------


| TI region  1


 NSTEP =      500   TIME(PS) =     258.000  TEMP(K) =   299.60  PRESS =     0.0
 Etot   =    -15822.7341  EKtot   =      3370.9976  EPtot      =    -19193.7316
 BOND   =         3.9938  ANGLE   =         9.9147  DIHED      =        10.5295
 1-4 NB =        10.7936  1-4 EEL =        36.4783  VDWAALS    =      2784.1548
 EELEC  =    -22054.9568  EHBOND  =         0.0000  RESTRAINT  =         5.3606
 EAMBER (non-restraint)  =    -19199.0923
 EKCMT  =         0.0000  VIRIAL  =         0.0000  VOLUME     =     57023.5240
                                                    Density    =         0.9994
 DV/DL  =        -3.3824
 ------------------------------------------------------------------------------

 Lambda-dependent restraint contribution to dV/Dl: Total =     -5.4105
   Dist =     -0.2037  Angl =       0.0000  Tors =     -5.2068

| TI region  2


 NSTEP =      500   TIME(PS) =     258.000  TEMP(K) =   299.60  PRESS =     0.0
 Etot   =    -15822.7341  EKtot   =      3370.9976  EPtot      =    -19193.7316
 BOND   =         3.9938  ANGLE   =         9.9147  DIHED      =        10.5295
 1-4 NB =        10.7936  1-4 EEL =        36.4783  VDWAALS    =      2784.1548
 EELEC  =    -22054.9568  EHBOND  =         0.0000  RESTRAINT  =         5.3606
 EAMBER (non-restraint)  =    -19199.0923
 EKCMT  =         0.0000  VIRIAL  =         0.0000  VOLUME     =     57023.5240
                                                    Density    =         0.9994
 DV/DL  =        -3.3824
 ------------------------------------------------------------------------------

 Lambda-dependent restraint contribution to dV/Dl: Total =     -5.4105
   Dist =     -0.2037  Angl =       0.0000  Tors =     -5.2068
 NMR restraints: Bond =    0.202   Angle =     0.000   Torsion =     5.159
===============================================================================

| TI region  1


 NSTEP =     1000   TIME(PS) =     260.000  TEMP(K) =   300.07  PRESS =     0.0
 Etot   =    -15926.8120  EKtot   =      3376.2590  EPtot      =    -19303.0711
 BOND   =         7.5474  ANGLE   =        14.2782  DIHED      =        10.9605
 1-4 NB =        10.5080  1-4 EEL =        35.8756  VDWAALS    =      2689.2148
 EELEC  =    -22074.6612  EHBOND  =         0.0000  RESTRAINT  =         3.2055
 EAMBER (non-restraint)  =    -19306.2765
 EKCMT  =         0.0000  VIRIAL  =         0.0000  VOLUME     =     56722.6454
                                                    Density    =         1.0047
 DV/DL  =         3.3614
 ------------------------------------------------------------------------------

 Lambda-dependent restraint contribution to dV/Dl: Total =     -3.2353
   Dist =     -0.1953  Angl =       0.0000  Tors =     -3.0400

| TI region  2


 NSTEP =     1000   TIME(PS) =     260.000  TEMP(K) =   300.07  PRESS =     0.0
 Etot   =    -15926.8120  EKtot   =      3376.2590  EPtot      =    -19303.0711
 BOND   =         7.5474  ANGLE   =        14.2782  DIHED      =        10.9605
 1-4 NB =        10.5080  1-4 EEL =        35.8756  VDWAALS    =      2689.2148
 EELEC  =    -22074.6612  EHBOND  =         0.0000  RESTRAINT  =         3.2055
 EAMBER (non-restraint)  =    -19306.2765
 EKCMT  =         0.0000  VIRIAL  =         0.0000  VOLUME     =     56722.6454
                                                    Density    =         1.0047
 DV/DL  =         3.3614
 ------------------------------------------------------------------------------

 Lambda-dependent restraint contribution to dV/Dl: Total =     -3.2353
   Dist =     -0.1953  Angl =       0.0000  Tors =     -3.0400
 NMR restraints: Bond =    0.194   Angle =     0.000   Torsion =     3.012
===============================================================================

| TI region  1


 NSTEP =     1500   TIME(PS) =     262.000  TEMP(K) =   299.91  PRESS =     0.0
 Etot   =    -15932.1539  EKtot   =      3374.4076  EPtot      =    -19306.5615
 BOND   =         7.4881  ANGLE   =        14.9411  DIHED      =        15.1597
 1-4 NB =        10.5960  1-4 EEL =        34.9395  VDWAALS    =      2720.9979
 EELEC  =    -22113.8414  EHBOND  =         0.0000  RESTRAINT  =         3.1577
 EAMBER (non-restraint)  =    -19309.7192
 EKCMT  =         0.0000  VIRIAL  =         0.0000  VOLUME     =     56782.0960
                                                    Density    =         1.0036
 DV/DL  =        11.6332
 ------------------------------------------------------------------------------

 Lambda-dependent restraint contribution to dV/Dl: Total =     -3.1870
   Dist =     -0.5808  Angl =       0.0000  Tors =     -2.6063

| TI region  2


 NSTEP =     1500   TIME(PS) =     262.000  TEMP(K) =   299.91  PRESS =     0.0
 Etot   =    -15932.1539  EKtot   =      3374.4076  EPtot      =    -19306.5615
 BOND   =         7.4881  ANGLE   =        14.9411  DIHED      =        15.1597
 1-4 NB =        10.5960  1-4 EEL =        34.9395  VDWAALS    =      2720.9979
 EELEC  =    -22113.8414  EHBOND  =         0.0000  RESTRAINT  =         3.1577
 EAMBER (non-restraint)  =    -19309.7192
 EKCMT  =         0.0000  VIRIAL  =         0.0000  VOLUME     =     56782.0960
                                                    Density    =         1.0036
 DV/DL  =        11.6332
 ------------------------------------------------------------------------------

 Lambda-dependent restraint contribution to dV/Dl: Total =     -3.1870
   Dist =     -0.5808  Angl =       0.0000  Tors =     -2.6063
 NMR restraints: Bond =    0.575   Angle =     0.000   Torsion =     2.582
===============================================================================

| TI region  1


 NSTEP =     2000   TIME(PS) =     264.000  TEMP(K) =   297.30  PRESS =     0.0
 Etot   =    -15934.0543  EKtot   =      3345.0565  EPtot      =    -19279.1109
 BOND   =        15.5916  ANGLE   =        12.9100  DIHED      =        13.5687
 1-4 NB =         9.4045  1-4 EEL =        36.1239  VDWAALS    =      2732.6355
 EELEC  =    -22107.9832  EHBOND  =         0.0000  RESTRAINT  =         8.6381
 EAMBER (non-restraint)  =    -19287.7490
 EKCMT  =         0.0000  VIRIAL  =         0.0000  VOLUME     =     56823.6147
                                                    Density    =         1.0029
 DV/DL  =         5.8165
 ------------------------------------------------------------------------------

 Lambda-dependent restraint contribution to dV/Dl: Total =     -8.7185
   Dist =     -1.1930  Angl =       0.0000  Tors =     -7.5255

| TI region  2


 NSTEP =     2000   TIME(PS) =     264.000  TEMP(K) =   297.30  PRESS =     0.0
 Etot   =    -15934.0543  EKtot   =      3345.0565  EPtot      =    -19279.1109
 BOND   =        15.5916  ANGLE   =        12.9100  DIHED      =        13.5687
 1-4 NB =         9.4045  1-4 EEL =        36.1239  VDWAALS    =      2732.6355
 EELEC  =    -22107.9832  EHBOND  =         0.0000  RESTRAINT  =         8.6381
 EAMBER (non-restraint)  =    -19287.7490
 EKCMT  =         0.0000  VIRIAL  =         0.0000  VOLUME     =     56823.6147
                                                    Density    =         1.0029
 DV/DL  =         5.8165
 ------------------------------------------------------------------------------

 Lambda-dependent restraint contribution to dV/Dl: Total =     -8.7185
   Dist =     -1.1930  Angl =       0.0000  Tors =     -7.5255
 NMR restraints: Bond =    1.182   Angle =     0.000   Torsion =     7.456
===============================================================================

| TI region  1


 NSTEP =     2500   TIME(PS) =     266.000  TEMP(K) =   302.16  PRESS =     0.0
 Etot   =    -15932.0937  EKtot   =      3399.7086  EPtot      =    -19331.8023
 BOND   =         4.6334  ANGLE   =        17.3693  DIHED      =        10.0564
 1-4 NB =        11.5433  1-4 EEL =        35.4502  VDWAALS    =      2694.0323
 EELEC  =    -22109.9211  EHBOND  =         0.0000  RESTRAINT  =         5.0340
 EAMBER (non-restraint)  =    -19336.8362
 EKCMT  =         0.0000  VIRIAL  =         0.0000  VOLUME     =     57197.5233
                                                    Density    =         0.9963
 DV/DL  =        10.8210
 ------------------------------------------------------------------------------

 Lambda-dependent restraint contribution to dV/Dl: Total =     -5.0808
   Dist =     -0.2250  Angl =       0.0000  Tors =     -4.8558

| TI region  2


 NSTEP =     2500   TIME(PS) =     266.000  TEMP(K) =   302.16  PRESS =     0.0
 Etot   =    -15932.0937  EKtot   =      3399.7086  EPtot      =    -19331.8023
 BOND   =         4.6334  ANGLE   =        17.3693  DIHED      =        10.0564
 1-4 NB =        11.5433  1-4 EEL =        35.4502  VDWAALS    =      2694.0323
 EELEC  =    -22109.9211  EHBOND  =         0.0000  RESTRAINT  =         5.0340
 EAMBER (non-restraint)  =    -19336.8362
 EKCMT  =         0.0000  VIRIAL  =         0.0000  VOLUME     =     57197.5233
                                                    Density    =         0.9963
 DV/DL  =        10.8210
 ------------------------------------------------------------------------------

 Lambda-dependent restraint contribution to dV/Dl: Total =     -5.0808
   Dist =     -0.2250  Angl =       0.0000  Tors =     -4.8558
 NMR restraints: Bond =    0.223   Angle =     0.000   Torsion =     4.811
===============================================================================

| TI region  1


 NSTEP =     3000   TIME(PS) =     268.000  TEMP(K) =   299.82  PRESS =     0.0
 Etot   =    -15899.8446  EKtot   =      3373.4053  EPtot      =    -19273.2499
 BOND   =        17.8361  ANGLE   =        16.4924  DIHED      =        11.6610
 1-4 NB =         9.9334  1-4 EEL =        37.5025  VDWAALS    =      2656.9590
 EELEC  =    -22032.7858  EHBOND  =         0.0000  RESTRAINT  =         9.1515
 EAMBER (non-restraint)  =    -19282.4014
 EKCMT  =         0.0000  VIRIAL  =         0.0000  VOLUME     =     56918.2623
                                                    Density    =         1.0012
 DV/DL  =        -2.4331
 ------------------------------------------------------------------------------

 Lambda-dependent restraint contribution to dV/Dl: Total =     -9.2367
   Dist =     -0.3340  Angl =       0.0000  Tors =     -8.9027

| TI region  2


 NSTEP =     3000   TIME(PS) =     268.000  TEMP(K) =   299.82  PRESS =     0.0
 Etot   =    -15899.8446  EKtot   =      3373.4053  EPtot      =    -19273.2499
 BOND   =        17.8361  ANGLE   =        16.4924  DIHED      =        11.6610
 1-4 NB =         9.9334  1-4 EEL =        37.5025  VDWAALS    =      2656.9590
 EELEC  =    -22032.7858  EHBOND  =         0.0000  RESTRAINT  =         9.1515
 EAMBER (non-restraint)  =    -19282.4014
 EKCMT  =         0.0000  VIRIAL  =         0.0000  VOLUME     =     56918.2623
                                                    Density    =         1.0012
 DV/DL  =        -2.4331
 ------------------------------------------------------------------------------

 Lambda-dependent restraint contribution to dV/Dl: Total =     -9.2367
   Dist =     -0.3340  Angl =       0.0000  Tors =     -8.9027
 NMR restraints: Bond =    0.331   Angle =     0.000   Torsion =     8.821
===============================================================================

| TI region  1


 NSTEP =     3500   TIME(PS) =     270.000  TEMP(K) =   292.65  PRESS =     0.0
 Etot   =    -15924.2362  EKtot   =      3292.7178  EPtot      =    -19216.9541
 BOND   =         8.4273  ANGLE   =        16.0469  DIHED      =        10.4531
 1-4 NB =        11.5838  1-4 EEL =        36.3822  VDWAALS    =      2721.8299
 EELEC  =    -22033.5566  EHBOND  =         0.0000  RESTRAINT  =        11.8795
 EAMBER (non-restraint)  =    -19228.8335
 EKCMT  =         0.0000  VIRIAL  =         0.0000  VOLUME     =     57290.9603
                                                    Density    =         0.9947
 DV/DL  =       -10.5772
 ------------------------------------------------------------------------------

 Lambda-dependent restraint contribution to dV/Dl: Total =    -11.9900
   Dist =     -0.5332  Angl =       0.0000  Tors =    -11.4568

| TI region  2


 NSTEP =     3500   TIME(PS) =     270.000  TEMP(K) =   292.65  PRESS =     0.0
 Etot   =    -15924.2362  EKtot   =      3292.7178  EPtot      =    -19216.9541
 BOND   =         8.4273  ANGLE   =        16.0469  DIHED      =        10.4531
 1-4 NB =        11.5838  1-4 EEL =        36.3822  VDWAALS    =      2721.8299
 EELEC  =    -22033.5566  EHBOND  =         0.0000  RESTRAINT  =        11.8795
 EAMBER (non-restraint)  =    -19228.8335
 EKCMT  =         0.0000  VIRIAL  =         0.0000  VOLUME     =     57290.9603
                                                    Density    =         0.9947
 DV/DL  =       -10.5772
 ------------------------------------------------------------------------------

 Lambda-dependent restraint contribution to dV/Dl: Total =    -11.9900
   Dist =     -0.5332  Angl =       0.0000  Tors =    -11.4568
 NMR restraints: Bond =    0.528   Angle =     0.000   Torsion =    11.351
===============================================================================

| TI region  1


      A V E R A G E S   O V E R       7 S T E P S


 NSTEP =     3500   TIME(PS) =     270.000  TEMP(K) =   298.79  PRESS =     0.0
 Etot   =    -15910.2756  EKtot   =      3361.7932  EPtot      =    -19272.0688
 BOND   =         9.3597  ANGLE   =        14.5646  DIHED      =        11.7698
 1-4 NB =        10.6232  1-4 EEL =        36.1075  VDWAALS    =      2714.2606
 EELEC  =    -22075.3866  EHBOND  =         0.0000  RESTRAINT  =         6.6324
 EAMBER (non-restraint)  =    -19278.7012
 EKCMT  =         0.0000  VIRIAL  =         0.0000  VOLUME     =     56965.5180
                                                    Density    =         1.0004
 DV/DL  =         2.1771
 ------------------------------------------------------------------------------

 NMR restraints: Bond =    0.528   Angle =     0.000   Torsion =    11.351
===============================================================================
 Lambda-dependent restraint contribution to dV/Dl: Total =     -6.6941
   Dist =     -0.4664  Angl =       0.0000  Tors =     -6.2277

      R M S  F L U C T U A T I O N S


 NSTEP =     3500   TIME(PS) =     270.000  TEMP(K) =     2.83  PRESS =     0.0
 Etot   =        37.3417  EKtot   =        31.7963  EPtot      =        46.2050
 BOND   =         4.9204  ANGLE   =         2.3410  DIHED      =         1.7567
 1-4 NB =         0.7342  1-4 EEL =         0.7568  VDWAALS    =        37.1204
 EELEC  =        33.2016  EHBOND  =         0.0000  RESTRAINT  =         3.0681
 EAMBER (non-restraint)  =        43.1369
 EKCMT  =         0.0000  VIRIAL  =         0.0000  VOLUME     =       199.3218
                                                    Density    =         0.0035
 DV/DL  =         7.4987
 ------------------------------------------------------------------------------

 Lambda-dependent restraint contribution to dV/Dl: Total =      3.0966
   Dist =      0.3303  Angl =       0.0000  Tors =      2.9853

| TI region  2


      A V E R A G E S   O V E R       7 S T E P S


 NSTEP =     3500   TIME(PS) =     270.000  TEMP(K) =   298.79  PRESS =     0.0
 Etot   =    -15910.2756  EKtot   =      3361.7932  EPtot      =    -19272.0688
 BOND   =         9.3597  ANGLE   =        14.5646  DIHED      =        11.7698
 1-4 NB =        10.6232  1-4 EEL =        36.1075  VDWAALS    =      2714.2606
 EELEC  =    -22075.3866  EHBOND  =         0.0000  RESTRAINT  =         6.6324
 EAMBER (non-restraint)  =    -19278.7012
 EKCMT  =         0.0000  VIRIAL  =         0.0000  VOLUME     =     56965.5180
                                                    Density    =         1.0004
 DV/DL  =         2.1771
 ------------------------------------------------------------------------------

 NMR restraints: Bond =    0.528   Angle =     0.000   Torsion =    11.351
===============================================================================
 Lambda-dependent restraint contribution to dV/Dl: Total =     -6.6941
   Dist =     -0.4664  Angl =       0.0000  Tors =     -6.2277

      R M S  F L U C T U A T I O N S


 NSTEP =     3500   TIME(PS) =     270.000  TEMP(K) =     2.83  PRESS =     0.0
 Etot   =        37.3417  EKtot   =        31.7963  EPtot      =        46.2050
 BOND   =         4.9204  ANGLE   =         2.3410  DIHED      =         1.7567
 1-4 NB =         0.7342  1-4 EEL =         0.7568  VDWAALS    =        37.1204
 EELEC  =        33.2016  EHBOND  =         0.0000  RESTRAINT  =         3.0681
 EAMBER (non-restraint)  =        43.1369
 EKCMT  =         0.0000  VIRIAL  =         0.0000  VOLUME     =       199.3218
                                                    Density    =         0.0035
 DV/DL  =         7.4987
 ------------------------------------------------------------------------------

 Lambda-dependent restraint contribution to dV/Dl: Total =      3.0966
   Dist =      0.3303  Angl =       0.0000  Tors =      2.9853

      DV/DL, AVERAGES OVER       7 STEPS


 NSTEP =     3500   TIME(PS) =     270.000  TEMP(K) =     2.83  PRESS =     0.0
 Etot   =         0.0000  EKtot   =         0.0000  EPtot      =         0.0000
 BOND   =         0.0000  ANGLE   =         0.0000  DIHED      =         0.0000
 1-4 NB =         0.0000  1-4 EEL =       -36.4435  VDWAALS    =         0.0000
 EELEC  =        45.3147  EHBOND  =         0.0000  RESTRAINT  =         0.0000
 EKCMT  =         0.0000  VIRIAL  =         0.0000  VOLUME     =         0.0000
                                                    Density    =         0.0000
 ------------------------------------------------------------------------------


 NMR restraints on final step:

 ------------------------------------------------------------------------------


 Final Restraint Analysis for coords: eqnpt04.rst7                            


 Restraints, deviations, and energy contributions:    pencut =   -1.00

 ------------------------------------------------------------------------------
     First atom        Last atom    curr. value target deviation  penalty
 ------------------------------------------------------------------------------
  C3   LIG    1 --  C9   LIG    1:    6.460    6.392    0.068    0.023 d    0: 0
  C9   LIG    1 --  C11  LIG    1:    6.111    6.364    0.253    0.319 d    0: 0
  C11  LIG    1 --  C3   LIG    1:    6.361    6.535    0.174    0.151 d    0: 0
  C10  LIG    1 --  C9   LIG    1:    5.159   -4.102    9.261    1.829 t
  C5   LIG    1 --  C6   LIG    1:  178.158  174.162    3.996    0.341 t
  C8   LIG    1 --  C9   LIG    1:   -7.245   -8.316    1.071    0.024 t
  C7   LIG    1 --  C8   LIG    1:    1.002    9.382    8.379    1.497 t
  C6   LIG    1 --  C7   LIG    1:    7.111    1.647    5.465    0.637 t
  C    LIG    1 --  N2   LIG    1:  157.827  155.656    2.171    0.100 t
  C5   LIG    1 --  C10  LIG    1: -183.478 -172.471   11.007    2.583 t
  C    LIG    1 --  C1   LIG    1:   14.608   16.096    1.488    0.047 t
  N    LIG    1 --  N1   LIG    1:   -0.637   -2.975    2.338    0.117 t
  C    LIG    1 --  C4   LIG    1:  169.620  172.131    2.511    0.134 t
  C2   LIG    1 --  N    LIG    1:  175.597  173.910    1.687    0.061 t
  C1   LIG    1 --  C2   LIG    1:  170.719  173.252    2.532    0.137 t
  C4   LIG    1 --  N1   LIG    1:   10.050    5.550    4.501    0.432 t
  C4   LIG    1 --  C5   LIG    1:  126.938  135.268    8.330    1.480 t
                                       Total distance penalty:      0.494
                                       Total torsion  penalty:      9.419
 ------------------------------------------------------------------------------
| MC Barostat:         35 volume changes attempted.
| MC Barostat:         14 changes successful ( 40.00%)
 ------------------------------------------------------------------------------

--------------------------------------------------------------------------------
   5.  TIMINGS
--------------------------------------------------------------------------------

|  NonSetup CPU Time in Major Routines:
|
|     Routine           Sec        %
|     ------------------------------
|     Nonbond           0.86   30.90
|     Bond              0.00    0.00
|     Angle             0.00    0.00
|     Dihedral          0.00    0.00
|     Shake             0.00    0.18
|     RunMD             1.89   68.19
|     Other             0.02    0.72
|     ------------------------------
|     Total             2.77

|  PME Nonbond Pairlist CPU Time:
|
|     Routine              Sec        %
|     ---------------------------------
|     Set Up Cit           0.00    0.00
|     Build List           0.00    0.00
|     ---------------------------------
|     Total                0.00    0.00

|  PME Direct Force CPU Time:
|
|     Routine              Sec        %
|     ---------------------------------
|     NonBonded Calc       0.00    0.00
|     Exclude Masked       0.00    0.00
|     Other                0.01    0.25
|     ---------------------------------
|     Total                0.01    0.25

|  PME Reciprocal Force CPU Time:
|
|     Routine              Sec        %
|     ---------------------------------
|     1D bspline           0.00    0.00
|     Grid Charges         0.00    0.00
|     Scalar Sum           0.00    0.00
|     Gradient Sum         0.00    0.00
|     FFT                  0.00    0.00
|     ---------------------------------
|     Total                0.00    0.00

|  Final Performance Info:
|     -----------------------------------------------------
|     Average timings for last    3000 steps:
|     Elapsed(s) =       2.52 Per Step(ms) =       0.84
|         ns/day =     411.65   seconds/ns =     209.89
|
|     Average timings for all steps:
|     Elapsed(s) =       2.97 Per Step(ms) =       0.85
|         ns/day =     407.03   seconds/ns =     212.27
|     -----------------------------------------------------

|  Setup CPU time:            1.02 seconds
|  NonSetup CPU time:         2.77 seconds
|  Total CPU time:            3.79 seconds     0.00 hours

|  Setup wall time:           2    seconds
|  NonSetup wall time:        3    seconds
|  Total wall time:           5    seconds     0.00 hours
