
          -------------------------------------------------------
          Amber 20 PMEMD                              2020
          -------------------------------------------------------

| PMEMD implementation of SANDER, Release 18

|  Compiled date/time: Tue Apr 28 10:19:54 2020
| Run on 05/10/2020 at 21:49:05

|   Executable path: pmemd.cuda
| Working directory: /home1/tbaba/centos/BAT.py-master/BAT/fe/pose1/dd/bulk/f00
|          Hostname: tx1

  [-O]verwriting output

File Assignments:
|   MDIN: eqnpt.in                                                              
|  MDOUT: eqnpt02.out                                                           
| INPCRD: eqnpt01.rst7                                                          
|   PARM: full.hmr.prmtop                                                       
| RESTRT: eqnpt02.rst7                                                          
|   REFC: full.inpcrd                                                           
|  MDVEL: mdvel                                                                 
|   MDEN: mden                                                                  
|  MDCRD: traj002.nc                                                            
| MDINFO: mdinfo                                                                
|  MDFRC: mdfrc                                                                 


 Here is the input file:

*******************************************************                        
*****************************       eqnpt.in                                   
*******************************************************                        
Equilibrate, NPT.                                                              
 &cntrl                                                                        
  imin = 0,                                                                    
  ntx = 5,                                                                     
  irest = 1,                                                                   
  ntpr = 500,                                                                  
  ntwr = 500,                                                                  
  ntwx = 500,                                                                  
  ioutfm = 1,                                                                  
  iwrap = 1,                                                                   
  ntf = 2,                                                                     
  ntc = 2,                                                                     
  cut = 9.0,                                                                   
  ntt = 3,                                                                     
  temp0 = 298.15,                                                              
  gamma_ln = 1.0,                                                              
  ig = -1,                                                                     
  ntp = 1,                                                                     
  barostat = 2,                                                                
  nstlim = 3500,                                                               
  dt = 0.004,                                                                  
  nmropt = 1,                                                                  
  pencut = -1,                                                                 
  icfe = 1, clambda = 0.00922,                                                 
  timask1 = ':1', timask2 = ':2',                                              
  ifsc=0, crgmask = ':2',                                                      
 /                                                                             
 &wt type = 'END', /                                                           
DISANG=disang.rest                                                             
LISTOUT=POUT                                                                   
                                                                               


Note: ig = -1. Setting random seed to   730695 based on wallclock time in 
      microseconds.
| irandom = 1, using AMBER's internal random number generator (default).
 
|--------------------- INFORMATION ----------------------
| GPU (CUDA) Version of PMEMD in use: NVIDIA GPU IN USE.
|                    Version 18.0.0
| 
|                      03/25/2018
| 
| Implementation by:
|                    Ross C. Walker     (SDSC)
|                    Scott Le Grand     (nVIDIA)
| 
| Version 18 performance extensions by:
|                    David Cerutti     (Rutgers)
| 
| Precision model in use:
|      [SPFP] - Single Precision Forces, 64-bit Fixed Point
|               Accumulation. (Default)
| 
|--------------------------------------------------------
 
|----------------- CITATION INFORMATION -----------------
|
|    When publishing work that utilized the CUDA version
|    of AMBER, please cite the following in addition to
|    the regular AMBER citations:
|
|  - Romelia Salomon-Ferrer; Andreas W. Goetz; Duncan
|    Poole; Scott Le Grand; Ross C. Walker "Routine
|    microsecond molecular dynamics simulations with
|    AMBER - Part II: Particle Mesh Ewald", J. Chem.
|    Theory Comput., 2013, 9 (9), pp3878-3888,
|    DOI: 10.1021/ct400314y.
|
|  - Andreas W. Goetz; Mark J. Williamson; Dong Xu;
|    Duncan Poole; Scott Le Grand; Ross C. Walker
|    "Routine microsecond molecular dynamics simulations
|    with AMBER - Part I: Generalized Born", J. Chem.
|    Theory Comput., 2012, 8 (5), pp1542-1555.
|
|  - Scott Le Grand; Andreas W. Goetz; Ross C. Walker
|    "SPFP: Speed without compromise - a mixed precision
|    model for GPU accelerated molecular dynamics
|    simulations.", Comp. Phys. Comm., 2013, 184
|    pp374-380, DOI: 10.1016/j.cpc.2012.09.022
|
|    When publishing work that utilized the CUDA version
|    of TI, BAR, MBAR or FEP please cite the following 
|    publications in addition to the regular AMBER 
|    GPU citations:
|
|  - Daniel J. Mermelstein; Charles Lin; Gard Nelson; 
|    Rachael Kretsch; J. Andrew McCammon; Ross C. Walker
|    "Fast and Flexible GPU Accelerated Binding 
|    Free Energy Calculations within the AMBER Molecular
|    Dynamics Package" J. Comp. Chem., 2018,
|    DOI: 10.1002/jcc.25187
|
|  - Tai-Sung Lee; Yuan Hu; Brad Sherborne; Zhuyan Guo;
|    Darrin M. York
|    "Toward Fast and Accurate Binding Affinity Prediction with
|    pmemdGTI: An Efficient Implementation of GPU-Accelerated
|    Thermodynamic Integration"
|    J. Chem. Theory Comput., 2017, 13 (7), 3077
|
|
|--------------------------------------------------------
 
|------------------- GPU DEVICE INFO --------------------
|
|            CUDA_VISIBLE_DEVICES: 2
|   CUDA Capable Devices Detected:      1
|           CUDA Device ID in use:      0
|                CUDA Device Name: GeForce GTX TITAN X
|     CUDA Device Global Mem Size:  12212 MB
| CUDA Device Num Multiprocessors:     24
|           CUDA Device Core Freq:   1.08 GHz
|
|--------------------------------------------------------
 
 
| Conditional Compilation Defines Used:
| PUBFFT
| BINTRAJ
| CUDA
| EMIL

| Largest sphere to fit in unit cell has radius =    19.115

| New format PARM file being parsed.
| Version =    1.000 Date = 04/28/20 Time = 18:40:30

| Note: 1-4 EEL scale factors are being read from the topology file.

| Note: 1-4 VDW scale factors are being read from the topology file.
| Duplicated    0 dihedrals

| Duplicated    0 dihedrals

--------------------------------------------------------------------------------
   1.  RESOURCE   USE: 
--------------------------------------------------------------------------------

 getting box info from netcdf restart file
 NATOM  =    5675 NTYPES =      11 NBONH =    5627 MBONA  =      34
 NTHETH =      52 MTHETA =      46 NPHIH =      82 MPHIA  =      70
 NHPARM =       0 NPARM  =       0 NNB   =    7766 NRES   =    1885
 NBONA  =      34 NTHETA =      46 NPHIA =      70 NUMBND =      18
 NUMANG =      25 NPTRA  =      11 NATYP =      16 NPHB   =       0
 IFBOX  =       1 NMXRS  =      29 IFCAP =       0 NEXTRA =       0
 NCOPY  =       0

| Coordinate Index Table dimensions:     7    8    8
| Direct force subcell size =     5.4615    5.2065    5.2716

     BOX TYPE: RECTILINEAR

--------------------------------------------------------------------------------
   2.  CONTROL  DATA  FOR  THE  RUN
--------------------------------------------------------------------------------

default_name                                                                    

General flags:
     imin    =       0, nmropt  =       1

Nature and format of input:
     ntx     =       5, irest   =       1, ntrx    =       1

Nature and format of output:
     ntxo    =       2, ntpr    =     500, ntrx    =       1, ntwr    =     500
     iwrap   =       1, ntwx    =     500, ntwv    =       0, ntwe    =       0
     ioutfm  =       1, ntwprt  =       0, idecomp =       0, rbornstat=      0

Potential function:
     ntf     =       2, ntb     =       2, igb     =       0, nsnb    =      25
     ipol    =       0, gbsa    =       0, iesp    =       0
     dielc   =   1.00000, cut     =   9.00000, intdiel =   1.00000

Frozen or restrained atoms:
     ibelly  =       0, ntr     =       0

Molecular dynamics:
     nstlim  =      3500, nscm    =      1000, nrespa  =         1
     t       =   0.00000, dt      =   0.00400, vlimit  =  -1.00000

Langevin dynamics temperature regulation:
     ig      =  730695
     temp0   = 298.15000, tempi   =   0.00000, gamma_ln=   1.00000

Pressure regulation:
     ntp     =       1
     pres0   =   1.00000, comp    =  44.60000, taup    =   1.00000
     Monte-Carlo Barostat:
     mcbarint  =     100

SHAKE:
     ntc     =       2, jfastw  =       0
     tol     =   0.00001

NMR refinement options:
     iscale  =       0, noeskp  =       1, ipnlty  =       1, mxsub   =       1
     scalm   = 100.00000, pencut  =  -1.00000, tausw   =   0.10000

Free energy options:
     icfe    =       1, ifsc    =       0, klambda =       1
     clambda =  0.0092, scalpha =  0.5000, scbeta  = 12.0000
     sceeorder =       2
     dynlmb =  0.0000 logdvdl =       0

| Intermolecular bonds treatment:
|     no_intermolecular_bonds =       1

| Energy averages sample interval:
|     ene_avg_sampling =     500

Ewald parameters:
     verbose =       0, ew_type =       0, nbflag  =       1, use_pme =       1
     vdwmeth =       1, eedmeth =       1, netfrc  =       1
     Box X =   38.231   Box Y =   41.652   Box Z =   42.173
     Alpha =   90.000   Beta  =   90.000   Gamma =   90.000
     NFFT1 =   40       NFFT2 =   48       NFFT3 =   48
     Cutoff=    9.000   Tol   =0.100E-04
     Ewald Coefficient =  0.30768
     Interpolation order =    4
     TI Mask 1 :1; matches     29 atoms
     TI Mask 2 :2; matches     29 atoms
     TI region 1:    5646 atoms
     TI region 2:    5646 atoms
Removing charge of       0.1324 from atom      30
Removing charge of      -0.3482 from atom      31
Removing charge of       0.6867 from atom      32
Removing charge of      -0.6325 from atom      33
Removing charge of      -0.2038 from atom      34
Removing charge of       0.0953 from atom      35
Removing charge of      -0.3903 from atom      36
Removing charge of       0.3402 from atom      37
Removing charge of      -0.1179 from atom      38
Removing charge of      -0.1090 from atom      39
Removing charge of      -0.1345 from atom      40
Removing charge of      -0.1210 from atom      41
Removing charge of      -0.1345 from atom      42
Removing charge of      -0.1090 from atom      43
Removing charge of      -0.7500 from atom      44
Removing charge of       0.1891 from atom      45
Removing charge of       0.1660 from atom      46
Removing charge of       0.0607 from atom      47
Removing charge of       0.0607 from atom      48
Removing charge of       0.0607 from atom      49
Removing charge of       0.1440 from atom      50
Removing charge of       0.1360 from atom      51
Removing charge of       0.1340 from atom      52
Removing charge of       0.1360 from atom      53
Removing charge of       0.1440 from atom      54
Removing charge of       0.4328 from atom      55
Removing charge of       0.0440 from atom      56
Removing charge of       0.0440 from atom      57
Removing charge of       0.0440 from atom      58
Total charge of  -0.00000100 removed from      29 atoms
     Checking for mismatched coordinates.
| MONTE CARLO BAROSTAT IMPORTANT NOTE:
|   The Monte-Carlo barostat does not require the virial to adjust the system volume.
|   Since it is an expensive calculation, it is skipped for efficiency. A side-effect
|   is that the reported pressure is always 0 because it is not calculated.

--------------------------------------------------------------------------------
   3.  ATOMIC COORDINATES AND VELOCITIES
--------------------------------------------------------------------------------

default_name                                                                    
 begin time read from input coords =   228.000 ps



           Begin reading energy term weight changes/NMR restraints
 WEIGHT CHANGES:
                         ** No weight changes given **

 RESTRAINTS:
 Requested file redirections:
  DISANG    = disang.rest
  LISTOUT   = POUT
 Restraints will be read from file: disang.rest
Here are comments from the DISANG input file:
# Anchor atoms  :58@CA  :79@CA  :105@CA  :1@C3  :1@C9  :1@C11  stage = fe  weigh

                       Number of restraints read =    17

                  Done reading weight changes/NMR restraints


 
 Number of triangulated 3-point waters found:     1867

     Sum of charges for TI region  1 =  -0.00000100
     Skip neutralizing charges...


     Sum of charges for TI region  2 =  -0.00000000
     Skip neutralizing charges...

| Dynamic Memory, Types Used:
| Reals              422829
| Integers           235853

| Nonbonded Pairs Initial Allocation:     1293900

| GPU memory information (estimate):
| KB of GPU memory in use:     38195
| KB of CPU memory in use:     13043

--------------------------------------------------------------------------------
   4.  RESULTS
--------------------------------------------------------------------------------


| TI region  1


 NSTEP =      500   TIME(PS) =     230.000  TEMP(K) =   298.25  PRESS =     0.0
 Etot   =    -15520.0281  EKtot   =      3355.7579  EPtot      =    -18875.7860
 BOND   =         6.7549  ANGLE   =        15.5019  DIHED      =         8.6476
 1-4 NB =         8.9859  1-4 EEL =        36.8806  VDWAALS    =      2843.1509
 EELEC  =    -21803.5071  EHBOND  =         0.0000  RESTRAINT  =         7.7993
 EAMBER (non-restraint)  =    -18883.5853
 EKCMT  =         0.0000  VIRIAL  =         0.0000  VOLUME     =     66224.4893
                                                    Density    =         0.8605
 DV/DL  =         2.9275
 ------------------------------------------------------------------------------

 Lambda-dependent restraint contribution to dV/Dl: Total =     -7.8718
   Dist =     -0.2157  Angl =       0.0000  Tors =     -7.6562

| TI region  2


 NSTEP =      500   TIME(PS) =     230.000  TEMP(K) =   298.25  PRESS =     0.0
 Etot   =    -15520.0281  EKtot   =      3355.7579  EPtot      =    -18875.7860
 BOND   =         6.7549  ANGLE   =        15.5019  DIHED      =         8.6476
 1-4 NB =         8.9859  1-4 EEL =        36.8806  VDWAALS    =      2843.1509
 EELEC  =    -21803.5071  EHBOND  =         0.0000  RESTRAINT  =         7.7993
 EAMBER (non-restraint)  =    -18883.5853
 EKCMT  =         0.0000  VIRIAL  =         0.0000  VOLUME     =     66224.4893
                                                    Density    =         0.8605
 DV/DL  =         2.9275
 ------------------------------------------------------------------------------

 Lambda-dependent restraint contribution to dV/Dl: Total =     -7.8718
   Dist =     -0.2157  Angl =       0.0000  Tors =     -7.6562
 NMR restraints: Bond =    0.214   Angle =     0.000   Torsion =     7.586
===============================================================================

| TI region  1


 NSTEP =     1000   TIME(PS) =     232.000  TEMP(K) =   303.65  PRESS =     0.0
 Etot   =    -15448.6342  EKtot   =      3416.5405  EPtot      =    -18865.1747
 BOND   =         5.3402  ANGLE   =        12.7679  DIHED      =         9.9152
 1-4 NB =        10.7091  1-4 EEL =        36.6604  VDWAALS    =      2859.8385
 EELEC  =    -21806.3410  EHBOND  =         0.0000  RESTRAINT  =         5.9351
 EAMBER (non-restraint)  =    -18871.1097
 EKCMT  =         0.0000  VIRIAL  =         0.0000  VOLUME     =     65132.3550
                                                    Density    =         0.8750
 DV/DL  =         0.0731
 ------------------------------------------------------------------------------

 Lambda-dependent restraint contribution to dV/Dl: Total =     -5.9903
   Dist =     -0.3263  Angl =       0.0000  Tors =     -5.6640

| TI region  2


 NSTEP =     1000   TIME(PS) =     232.000  TEMP(K) =   303.65  PRESS =     0.0
 Etot   =    -15448.6342  EKtot   =      3416.5405  EPtot      =    -18865.1747
 BOND   =         5.3402  ANGLE   =        12.7679  DIHED      =         9.9152
 1-4 NB =        10.7091  1-4 EEL =        36.6604  VDWAALS    =      2859.8385
 EELEC  =    -21806.3410  EHBOND  =         0.0000  RESTRAINT  =         5.9351
 EAMBER (non-restraint)  =    -18871.1097
 EKCMT  =         0.0000  VIRIAL  =         0.0000  VOLUME     =     65132.3550
                                                    Density    =         0.8750
 DV/DL  =         0.0731
 ------------------------------------------------------------------------------

 Lambda-dependent restraint contribution to dV/Dl: Total =     -5.9903
   Dist =     -0.3263  Angl =       0.0000  Tors =     -5.6640
 NMR restraints: Bond =    0.323   Angle =     0.000   Torsion =     5.612
===============================================================================

| TI region  1


 NSTEP =     1500   TIME(PS) =     234.000  TEMP(K) =   298.39  PRESS =     0.0
 Etot   =    -15457.0276  EKtot   =      3357.3440  EPtot      =    -18814.3716
 BOND   =         2.6563  ANGLE   =        15.9230  DIHED      =        10.4409
 1-4 NB =        11.4496  1-4 EEL =        38.4450  VDWAALS    =      2773.9396
 EELEC  =    -21672.4941  EHBOND  =         0.0000  RESTRAINT  =         5.2680
 EAMBER (non-restraint)  =    -18819.6396
 EKCMT  =         0.0000  VIRIAL  =         0.0000  VOLUME     =     64366.2239
                                                    Density    =         0.8854
 DV/DL  =        -2.2793
 ------------------------------------------------------------------------------

 Lambda-dependent restraint contribution to dV/Dl: Total =     -5.3170
   Dist =     -0.1107  Angl =       0.0000  Tors =     -5.2063

| TI region  2


 NSTEP =     1500   TIME(PS) =     234.000  TEMP(K) =   298.39  PRESS =     0.0
 Etot   =    -15457.0276  EKtot   =      3357.3440  EPtot      =    -18814.3716
 BOND   =         2.6563  ANGLE   =        15.9230  DIHED      =        10.4409
 1-4 NB =        11.4496  1-4 EEL =        38.4450  VDWAALS    =      2773.9396
 EELEC  =    -21672.4941  EHBOND  =         0.0000  RESTRAINT  =         5.2680
 EAMBER (non-restraint)  =    -18819.6396
 EKCMT  =         0.0000  VIRIAL  =         0.0000  VOLUME     =     64366.2239
                                                    Density    =         0.8854
 DV/DL  =        -2.2793
 ------------------------------------------------------------------------------

 Lambda-dependent restraint contribution to dV/Dl: Total =     -5.3170
   Dist =     -0.1107  Angl =       0.0000  Tors =     -5.2063
 NMR restraints: Bond =    0.110   Angle =     0.000   Torsion =     5.158
===============================================================================

| TI region  1


 NSTEP =     2000   TIME(PS) =     236.000  TEMP(K) =   300.91  PRESS =     0.0
 Etot   =    -15529.9444  EKtot   =      3385.6745  EPtot      =    -18915.6189
 BOND   =        12.6584  ANGLE   =        13.4777  DIHED      =        12.1307
 1-4 NB =         9.7218  1-4 EEL =        37.3962  VDWAALS    =      2823.4092
 EELEC  =    -21827.1689  EHBOND  =         0.0000  RESTRAINT  =         2.7559
 EAMBER (non-restraint)  =    -18918.3749
 EKCMT  =         0.0000  VIRIAL  =         0.0000  VOLUME     =     62931.4023
                                                    Density    =         0.9056
 DV/DL  =         9.7993
 ------------------------------------------------------------------------------

 Lambda-dependent restraint contribution to dV/Dl: Total =     -2.7816
   Dist =     -0.1253  Angl =       0.0000  Tors =     -2.6563

| TI region  2


 NSTEP =     2000   TIME(PS) =     236.000  TEMP(K) =   300.91  PRESS =     0.0
 Etot   =    -15529.9444  EKtot   =      3385.6745  EPtot      =    -18915.6189
 BOND   =        12.6584  ANGLE   =        13.4777  DIHED      =        12.1307
 1-4 NB =         9.7218  1-4 EEL =        37.3962  VDWAALS    =      2823.4092
 EELEC  =    -21827.1689  EHBOND  =         0.0000  RESTRAINT  =         2.7559
 EAMBER (non-restraint)  =    -18918.3749
 EKCMT  =         0.0000  VIRIAL  =         0.0000  VOLUME     =     62931.4023
                                                    Density    =         0.9056
 DV/DL  =         9.7993
 ------------------------------------------------------------------------------

 Lambda-dependent restraint contribution to dV/Dl: Total =     -2.7816
   Dist =     -0.1253  Angl =       0.0000  Tors =     -2.6563
 NMR restraints: Bond =    0.124   Angle =     0.000   Torsion =     2.632
===============================================================================

| TI region  1


 NSTEP =     2500   TIME(PS) =     238.000  TEMP(K) =   304.70  PRESS =     0.0
 Etot   =    -15555.3013  EKtot   =      3428.3625  EPtot      =    -18983.6637
 BOND   =         5.3449  ANGLE   =        16.2990  DIHED      =        11.4239
 1-4 NB =         8.7237  1-4 EEL =        37.8429  VDWAALS    =      2868.3745
 EELEC  =    -21934.5732  EHBOND  =         0.0000  RESTRAINT  =         2.9007
 EAMBER (non-restraint)  =    -18986.5644
 EKCMT  =         0.0000  VIRIAL  =         0.0000  VOLUME     =     62039.9177
                                                    Density    =         0.9186
 DV/DL  =         6.5861
 ------------------------------------------------------------------------------

 Lambda-dependent restraint contribution to dV/Dl: Total =     -2.9277
   Dist =     -0.0871  Angl =       0.0000  Tors =     -2.8406

| TI region  2


 NSTEP =     2500   TIME(PS) =     238.000  TEMP(K) =   304.70  PRESS =     0.0
 Etot   =    -15555.3013  EKtot   =      3428.3625  EPtot      =    -18983.6637
 BOND   =         5.3449  ANGLE   =        16.2990  DIHED      =        11.4239
 1-4 NB =         8.7237  1-4 EEL =        37.8429  VDWAALS    =      2868.3745
 EELEC  =    -21934.5732  EHBOND  =         0.0000  RESTRAINT  =         2.9007
 EAMBER (non-restraint)  =    -18986.5644
 EKCMT  =         0.0000  VIRIAL  =         0.0000  VOLUME     =     62039.9177
                                                    Density    =         0.9186
 DV/DL  =         6.5861
 ------------------------------------------------------------------------------

 Lambda-dependent restraint contribution to dV/Dl: Total =     -2.9277
   Dist =     -0.0871  Angl =       0.0000  Tors =     -2.8406
 NMR restraints: Bond =    0.086   Angle =     0.000   Torsion =     2.814
===============================================================================

| TI region  1


 NSTEP =     3000   TIME(PS) =     240.000  TEMP(K) =   300.93  PRESS =     0.0
 Etot   =    -15589.8793  EKtot   =      3385.8985  EPtot      =    -18975.7779
 BOND   =         6.0333  ANGLE   =        12.5677  DIHED      =         8.8365
 1-4 NB =        11.6103  1-4 EEL =        36.0910  VDWAALS    =      2806.0626
 EELEC  =    -21863.7666  EHBOND  =         0.0000  RESTRAINT  =         6.7874
 EAMBER (non-restraint)  =    -18982.5653
 EKCMT  =         0.0000  VIRIAL  =         0.0000  VOLUME     =     60600.4642
                                                    Density    =         0.9404
 DV/DL  =         1.6825
 ------------------------------------------------------------------------------

 Lambda-dependent restraint contribution to dV/Dl: Total =     -6.8506
   Dist =     -0.2043  Angl =       0.0000  Tors =     -6.6462

| TI region  2


 NSTEP =     3000   TIME(PS) =     240.000  TEMP(K) =   300.93  PRESS =     0.0
 Etot   =    -15589.8793  EKtot   =      3385.8985  EPtot      =    -18975.7779
 BOND   =         6.0333  ANGLE   =        12.5677  DIHED      =         8.8365
 1-4 NB =        11.6103  1-4 EEL =        36.0910  VDWAALS    =      2806.0626
 EELEC  =    -21863.7666  EHBOND  =         0.0000  RESTRAINT  =         6.7874
 EAMBER (non-restraint)  =    -18982.5653
 EKCMT  =         0.0000  VIRIAL  =         0.0000  VOLUME     =     60600.4642
                                                    Density    =         0.9404
 DV/DL  =         1.6825
 ------------------------------------------------------------------------------

 Lambda-dependent restraint contribution to dV/Dl: Total =     -6.8506
   Dist =     -0.2043  Angl =       0.0000  Tors =     -6.6462
 NMR restraints: Bond =    0.202   Angle =     0.000   Torsion =     6.585
===============================================================================

| TI region  1


 NSTEP =     3500   TIME(PS) =     242.000  TEMP(K) =   297.85  PRESS =     0.0
 Etot   =    -15770.9653  EKtot   =      3351.2579  EPtot      =    -19122.2232
 BOND   =        11.9360  ANGLE   =        16.1703  DIHED      =        13.6232
 1-4 NB =        11.3027  1-4 EEL =        34.8461  VDWAALS    =      2658.7212
 EELEC  =    -21871.7124  EHBOND  =         0.0000  RESTRAINT  =         2.8897
 EAMBER (non-restraint)  =    -19125.1129
 EKCMT  =         0.0000  VIRIAL  =         0.0000  VOLUME     =     60668.0680
                                                    Density    =         0.9393
 DV/DL  =        10.6719
 ------------------------------------------------------------------------------

 Lambda-dependent restraint contribution to dV/Dl: Total =     -2.9166
   Dist =     -0.2030  Angl =       0.0000  Tors =     -2.7136

| TI region  2


 NSTEP =     3500   TIME(PS) =     242.000  TEMP(K) =   297.85  PRESS =     0.0
 Etot   =    -15770.9653  EKtot   =      3351.2579  EPtot      =    -19122.2232
 BOND   =        11.9360  ANGLE   =        16.1703  DIHED      =        13.6232
 1-4 NB =        11.3027  1-4 EEL =        34.8461  VDWAALS    =      2658.7212
 EELEC  =    -21871.7124  EHBOND  =         0.0000  RESTRAINT  =         2.8897
 EAMBER (non-restraint)  =    -19125.1129
 EKCMT  =         0.0000  VIRIAL  =         0.0000  VOLUME     =     60668.0680
                                                    Density    =         0.9393
 DV/DL  =        10.6719
 ------------------------------------------------------------------------------

 Lambda-dependent restraint contribution to dV/Dl: Total =     -2.9166
   Dist =     -0.2030  Angl =       0.0000  Tors =     -2.7136
 NMR restraints: Bond =    0.201   Angle =     0.000   Torsion =     2.689
===============================================================================

| TI region  1


      A V E R A G E S   O V E R       7 S T E P S


 NSTEP =     3500   TIME(PS) =     242.000  TEMP(K) =   300.67  PRESS =     0.0
 Etot   =    -15553.1115  EKtot   =      3382.9765  EPtot      =    -18936.0880
 BOND   =         7.2463  ANGLE   =        14.6725  DIHED      =        10.7169
 1-4 NB =        10.3576  1-4 EEL =        36.8803  VDWAALS    =      2804.7852
 EELEC  =    -21825.6519  EHBOND  =         0.0000  RESTRAINT  =         4.9052
 EAMBER (non-restraint)  =    -18940.9932
 EKCMT  =         0.0000  VIRIAL  =         0.0000  VOLUME     =     63137.5601
                                                    Density    =         0.9035
 DV/DL  =         4.2087
 ------------------------------------------------------------------------------

 NMR restraints: Bond =    0.201   Angle =     0.000   Torsion =     2.689
===============================================================================
 Lambda-dependent restraint contribution to dV/Dl: Total =     -4.9508
   Dist =     -0.1818  Angl =       0.0000  Tors =     -4.7690

      R M S  F L U C T U A T I O N S


 NSTEP =     3500   TIME(PS) =     242.000  TEMP(K) =     2.52  PRESS =     0.0
 Etot   =       100.4247  EKtot   =        28.2999  EPtot      =        94.4033
 BOND   =         3.4082  ANGLE   =         1.5411  DIHED      =         1.6683
 1-4 NB =         1.1170  1-4 EEL =         1.0987  VDWAALS    =        66.7415
 EELEC  =        75.3668  EHBOND  =         0.0000  RESTRAINT  =         1.9202
 EAMBER (non-restraint)  =        92.4831
 EKCMT  =         0.0000  VIRIAL  =         0.0000  VOLUME     =      2028.3885
                                                    Density    =         0.0290
 DV/DL  =         4.5654
 ------------------------------------------------------------------------------

 Lambda-dependent restraint contribution to dV/Dl: Total =      1.9381
   Dist =      0.0758  Angl =       0.0000  Tors =      1.8996

| TI region  2


      A V E R A G E S   O V E R       7 S T E P S


 NSTEP =     3500   TIME(PS) =     242.000  TEMP(K) =   300.67  PRESS =     0.0
 Etot   =    -15553.1115  EKtot   =      3382.9765  EPtot      =    -18936.0880
 BOND   =         7.2463  ANGLE   =        14.6725  DIHED      =        10.7169
 1-4 NB =        10.3576  1-4 EEL =        36.8803  VDWAALS    =      2804.7852
 EELEC  =    -21825.6519  EHBOND  =         0.0000  RESTRAINT  =         4.9052
 EAMBER (non-restraint)  =    -18940.9932
 EKCMT  =         0.0000  VIRIAL  =         0.0000  VOLUME     =     63137.5601
                                                    Density    =         0.9035
 DV/DL  =         4.2087
 ------------------------------------------------------------------------------

 NMR restraints: Bond =    0.201   Angle =     0.000   Torsion =     2.689
===============================================================================
 Lambda-dependent restraint contribution to dV/Dl: Total =     -4.9508
   Dist =     -0.1818  Angl =       0.0000  Tors =     -4.7690

      R M S  F L U C T U A T I O N S


 NSTEP =     3500   TIME(PS) =     242.000  TEMP(K) =     2.52  PRESS =     0.0
 Etot   =       100.4247  EKtot   =        28.2999  EPtot      =        94.4033
 BOND   =         3.4082  ANGLE   =         1.5411  DIHED      =         1.6683
 1-4 NB =         1.1170  1-4 EEL =         1.0987  VDWAALS    =        66.7415
 EELEC  =        75.3668  EHBOND  =         0.0000  RESTRAINT  =         1.9202
 EAMBER (non-restraint)  =        92.4831
 EKCMT  =         0.0000  VIRIAL  =         0.0000  VOLUME     =      2028.3885
                                                    Density    =         0.0290
 DV/DL  =         4.5654
 ------------------------------------------------------------------------------

 Lambda-dependent restraint contribution to dV/Dl: Total =      1.9381
   Dist =      0.0758  Angl =       0.0000  Tors =      1.8996

      DV/DL, AVERAGES OVER       7 STEPS


 NSTEP =     3500   TIME(PS) =     242.000  TEMP(K) =     2.52  PRESS =     0.0
 Etot   =         0.0000  EKtot   =         0.0000  EPtot      =         0.0000
 BOND   =         0.0000  ANGLE   =         0.0000  DIHED      =         0.0000
 1-4 NB =         0.0000  1-4 EEL =       -37.2235  VDWAALS    =         0.0000
 EELEC  =        46.3830  EHBOND  =         0.0000  RESTRAINT  =         0.0000
 EKCMT  =         0.0000  VIRIAL  =         0.0000  VOLUME     =         0.0000
                                                    Density    =         0.0000
 ------------------------------------------------------------------------------


 NMR restraints on final step:

 ------------------------------------------------------------------------------


 Final Restraint Analysis for coords: eqnpt02.rst7                            


 Restraints, deviations, and energy contributions:    pencut =   -1.00

 ------------------------------------------------------------------------------
     First atom        Last atom    curr. value target deviation  penalty
 ------------------------------------------------------------------------------
  C3   LIG    1 --  C9   LIG    1:    6.631    6.392    0.239    0.285 d    0: 0
  C9   LIG    1 --  C11  LIG    1:    6.313    6.364    0.051    0.013 d    0: 0
  C11  LIG    1 --  C3   LIG    1:    6.587    6.535    0.052    0.013 d    0: 0
  C10  LIG    1 --  C9   LIG    1:    5.442   -4.102    9.544    1.942 t
  C5   LIG    1 --  C6   LIG    1:  178.133  174.162    3.972    0.336 t
  C8   LIG    1 --  C9   LIG    1:  -16.936   -8.316    8.620    1.584 t
  C7   LIG    1 --  C8   LIG    1:   13.255    9.382    3.873    0.320 t
  C6   LIG    1 --  C7   LIG    1:    2.359    1.647    0.712    0.011 t
  C    LIG    1 --  N2   LIG    1:  155.655  155.656    0.001    0.000 t
  C5   LIG    1 --  C10  LIG    1: -181.187 -172.471    8.715    1.620 t
  C    LIG    1 --  C1   LIG    1:    9.342   16.096    6.754    0.973 t
  N    LIG    1 --  N1   LIG    1:   -1.916   -2.975    1.059    0.024 t
  C    LIG    1 --  C4   LIG    1:  174.265  172.131    2.135    0.097 t
  C2   LIG    1 --  N    LIG    1:  176.203  173.910    2.293    0.112 t
  C1   LIG    1 --  C2   LIG    1:  169.288  173.252    3.964    0.335 t
  C4   LIG    1 --  N1   LIG    1:    4.885    5.550    0.664    0.009 t
  C4   LIG    1 --  C5   LIG    1:  136.783  135.268    1.515    0.049 t
                                       Total distance penalty:      0.311
                                       Total torsion  penalty:      7.413
 ------------------------------------------------------------------------------
| MC Barostat:         35 volume changes attempted.
| MC Barostat:         21 changes successful ( 60.00%)
 ------------------------------------------------------------------------------

--------------------------------------------------------------------------------
   5.  TIMINGS
--------------------------------------------------------------------------------

|  NonSetup CPU Time in Major Routines:
|
|     Routine           Sec        %
|     ------------------------------
|     Nonbond           0.98   33.42
|     Bond              0.00    0.00
|     Angle             0.00    0.00
|     Dihedral          0.00    0.00
|     Shake             0.01    0.44
|     RunMD             1.92   65.45
|     Other             0.02    0.68
|     ------------------------------
|     Total             2.93

|  PME Nonbond Pairlist CPU Time:
|
|     Routine              Sec        %
|     ---------------------------------
|     Set Up Cit           0.00    0.00
|     Build List           0.00    0.00
|     ---------------------------------
|     Total                0.00    0.00

|  PME Direct Force CPU Time:
|
|     Routine              Sec        %
|     ---------------------------------
|     NonBonded Calc       0.00    0.00
|     Exclude Masked       0.00    0.00
|     Other                0.01    0.31
|     ---------------------------------
|     Total                0.01    0.31

|  PME Reciprocal Force CPU Time:
|
|     Routine              Sec        %
|     ---------------------------------
|     1D bspline           0.00    0.00
|     Grid Charges         0.00    0.00
|     Scalar Sum           0.00    0.00
|     Gradient Sum         0.00    0.00
|     FFT                  0.00    0.00
|     ---------------------------------
|     Total                0.00    0.00

|  Final Performance Info:
|     -----------------------------------------------------
|     Average timings for last    3000 steps:
|     Elapsed(s) =       2.73 Per Step(ms) =       0.91
|         ns/day =     379.48   seconds/ns =     227.68
|
|     Average timings for all steps:
|     Elapsed(s) =       3.21 Per Step(ms) =       0.92
|         ns/day =     377.26   seconds/ns =     229.02
|     -----------------------------------------------------

|  Setup CPU time:            0.78 seconds
|  NonSetup CPU time:         2.93 seconds
|  Total CPU time:            3.72 seconds     0.00 hours

|  Setup wall time:           1    seconds
|  NonSetup wall time:        3    seconds
|  Total wall time:           4    seconds     0.00 hours
