
          -------------------------------------------------------
          Amber 20 PMEMD                              2020
          -------------------------------------------------------

| PMEMD implementation of SANDER, Release 18

|  Compiled date/time: Tue Apr 28 10:19:54 2020
| Run on 05/10/2020 at 21:48:57

|   Executable path: pmemd.cuda
| Working directory: /home1/tbaba/centos/BAT.py-master/BAT/fe/pose1/dd/bulk/f00
|          Hostname: tx1

  [-O]verwriting output

File Assignments:
|   MDIN: eqnpt.in                                                              
|  MDOUT: eqnpt.out                                                             
| INPCRD: md-heat.rst7                                                          
|   PARM: full.hmr.prmtop                                                       
| RESTRT: eqnpt.rst7                                                            
|   REFC: full.inpcrd                                                           
|  MDVEL: mdvel                                                                 
|   MDEN: mden                                                                  
|  MDCRD: traj000.nc                                                            
| MDINFO: mdinfo                                                                
|  MDFRC: mdfrc                                                                 


 Here is the input file:

*******************************************************                        
*****************************       eqnpt.in                                   
*******************************************************                        
Equilibrate, NPT.                                                              
 &cntrl                                                                        
  imin = 0,                                                                    
  ntx = 5,                                                                     
  irest = 1,                                                                   
  ntpr = 500,                                                                  
  ntwr = 500,                                                                  
  ntwx = 500,                                                                  
  ioutfm = 1,                                                                  
  iwrap = 1,                                                                   
  ntf = 2,                                                                     
  ntc = 2,                                                                     
  cut = 9.0,                                                                   
  ntt = 3,                                                                     
  temp0 = 298.15,                                                              
  gamma_ln = 1.0,                                                              
  ig = -1,                                                                     
  ntp = 1,                                                                     
  barostat = 2,                                                                
  nstlim = 3500,                                                               
  dt = 0.004,                                                                  
  nmropt = 1,                                                                  
  pencut = -1,                                                                 
  icfe = 1, clambda = 0.00922,                                                 
  timask1 = ':1', timask2 = ':2',                                              
  ifsc=0, crgmask = ':2',                                                      
 /                                                                             
 &wt type = 'END', /                                                           
DISANG=disang.rest                                                             
LISTOUT=POUT                                                                   
                                                                               


Note: ig = -1. Setting random seed to   132914 based on wallclock time in 
      microseconds.
| irandom = 1, using AMBER's internal random number generator (default).
 
|--------------------- INFORMATION ----------------------
| GPU (CUDA) Version of PMEMD in use: NVIDIA GPU IN USE.
|                    Version 18.0.0
| 
|                      03/25/2018
| 
| Implementation by:
|                    Ross C. Walker     (SDSC)
|                    Scott Le Grand     (nVIDIA)
| 
| Version 18 performance extensions by:
|                    David Cerutti     (Rutgers)
| 
| Precision model in use:
|      [SPFP] - Single Precision Forces, 64-bit Fixed Point
|               Accumulation. (Default)
| 
|--------------------------------------------------------
 
|----------------- CITATION INFORMATION -----------------
|
|    When publishing work that utilized the CUDA version
|    of AMBER, please cite the following in addition to
|    the regular AMBER citations:
|
|  - Romelia Salomon-Ferrer; Andreas W. Goetz; Duncan
|    Poole; Scott Le Grand; Ross C. Walker "Routine
|    microsecond molecular dynamics simulations with
|    AMBER - Part II: Particle Mesh Ewald", J. Chem.
|    Theory Comput., 2013, 9 (9), pp3878-3888,
|    DOI: 10.1021/ct400314y.
|
|  - Andreas W. Goetz; Mark J. Williamson; Dong Xu;
|    Duncan Poole; Scott Le Grand; Ross C. Walker
|    "Routine microsecond molecular dynamics simulations
|    with AMBER - Part I: Generalized Born", J. Chem.
|    Theory Comput., 2012, 8 (5), pp1542-1555.
|
|  - Scott Le Grand; Andreas W. Goetz; Ross C. Walker
|    "SPFP: Speed without compromise - a mixed precision
|    model for GPU accelerated molecular dynamics
|    simulations.", Comp. Phys. Comm., 2013, 184
|    pp374-380, DOI: 10.1016/j.cpc.2012.09.022
|
|    When publishing work that utilized the CUDA version
|    of TI, BAR, MBAR or FEP please cite the following 
|    publications in addition to the regular AMBER 
|    GPU citations:
|
|  - Daniel J. Mermelstein; Charles Lin; Gard Nelson; 
|    Rachael Kretsch; J. Andrew McCammon; Ross C. Walker
|    "Fast and Flexible GPU Accelerated Binding 
|    Free Energy Calculations within the AMBER Molecular
|    Dynamics Package" J. Comp. Chem., 2018,
|    DOI: 10.1002/jcc.25187
|
|  - Tai-Sung Lee; Yuan Hu; Brad Sherborne; Zhuyan Guo;
|    Darrin M. York
|    "Toward Fast and Accurate Binding Affinity Prediction with
|    pmemdGTI: An Efficient Implementation of GPU-Accelerated
|    Thermodynamic Integration"
|    J. Chem. Theory Comput., 2017, 13 (7), 3077
|
|
|--------------------------------------------------------
 
|------------------- GPU DEVICE INFO --------------------
|
|            CUDA_VISIBLE_DEVICES: 2
|   CUDA Capable Devices Detected:      1
|           CUDA Device ID in use:      0
|                CUDA Device Name: GeForce GTX TITAN X
|     CUDA Device Global Mem Size:  12212 MB
| CUDA Device Num Multiprocessors:     24
|           CUDA Device Core Freq:   1.08 GHz
|
|--------------------------------------------------------
 
 
| Conditional Compilation Defines Used:
| PUBFFT
| BINTRAJ
| CUDA
| EMIL

| Largest sphere to fit in unit cell has radius =    20.088

| New format PARM file being parsed.
| Version =    1.000 Date = 04/28/20 Time = 18:40:30

| Note: 1-4 EEL scale factors are being read from the topology file.

| Note: 1-4 VDW scale factors are being read from the topology file.
| Duplicated    0 dihedrals

| Duplicated    0 dihedrals

--------------------------------------------------------------------------------
   1.  RESOURCE   USE: 
--------------------------------------------------------------------------------

 getting box info from netcdf restart file
 NATOM  =    5675 NTYPES =      11 NBONH =    5627 MBONA  =      34
 NTHETH =      52 MTHETA =      46 NPHIH =      82 MPHIA  =      70
 NHPARM =       0 NPARM  =       0 NNB   =    7766 NRES   =    1885
 NBONA  =      34 NTHETA =      46 NPHIA =      70 NUMBND =      18
 NUMANG =      25 NPTRA  =      11 NATYP =      16 NPHB   =       0
 IFBOX  =       1 NMXRS  =      29 IFCAP =       0 NEXTRA =       0
 NCOPY  =       0

| Coordinate Index Table dimensions:     8    8    8
| Direct force subcell size =     5.0220    5.4715    5.5398

     BOX TYPE: RECTILINEAR

--------------------------------------------------------------------------------
   2.  CONTROL  DATA  FOR  THE  RUN
--------------------------------------------------------------------------------

default_name                                                                    

General flags:
     imin    =       0, nmropt  =       1

Nature and format of input:
     ntx     =       5, irest   =       1, ntrx    =       1

Nature and format of output:
     ntxo    =       2, ntpr    =     500, ntrx    =       1, ntwr    =     500
     iwrap   =       1, ntwx    =     500, ntwv    =       0, ntwe    =       0
     ioutfm  =       1, ntwprt  =       0, idecomp =       0, rbornstat=      0

Potential function:
     ntf     =       2, ntb     =       2, igb     =       0, nsnb    =      25
     ipol    =       0, gbsa    =       0, iesp    =       0
     dielc   =   1.00000, cut     =   9.00000, intdiel =   1.00000

Frozen or restrained atoms:
     ibelly  =       0, ntr     =       0

Molecular dynamics:
     nstlim  =      3500, nscm    =      1000, nrespa  =         1
     t       =   0.00000, dt      =   0.00400, vlimit  =  -1.00000

Langevin dynamics temperature regulation:
     ig      =  132914
     temp0   = 298.15000, tempi   =   0.00000, gamma_ln=   1.00000

Pressure regulation:
     ntp     =       1
     pres0   =   1.00000, comp    =  44.60000, taup    =   1.00000
     Monte-Carlo Barostat:
     mcbarint  =     100

SHAKE:
     ntc     =       2, jfastw  =       0
     tol     =   0.00001

NMR refinement options:
     iscale  =       0, noeskp  =       1, ipnlty  =       1, mxsub   =       1
     scalm   = 100.00000, pencut  =  -1.00000, tausw   =   0.10000

Free energy options:
     icfe    =       1, ifsc    =       0, klambda =       1
     clambda =  0.0092, scalpha =  0.5000, scbeta  = 12.0000
     sceeorder =       2
     dynlmb =  0.0000 logdvdl =       0

| Intermolecular bonds treatment:
|     no_intermolecular_bonds =       1

| Energy averages sample interval:
|     ene_avg_sampling =     500

Ewald parameters:
     verbose =       0, ew_type =       0, nbflag  =       1, use_pme =       1
     vdwmeth =       1, eedmeth =       1, netfrc  =       1
     Box X =   40.176   Box Y =   43.772   Box Z =   44.319
     Alpha =   90.000   Beta  =   90.000   Gamma =   90.000
     NFFT1 =   48       NFFT2 =   48       NFFT3 =   48
     Cutoff=    9.000   Tol   =0.100E-04
     Ewald Coefficient =  0.30768
     Interpolation order =    4
     TI Mask 1 :1; matches     29 atoms
     TI Mask 2 :2; matches     29 atoms
     TI region 1:    5646 atoms
     TI region 2:    5646 atoms
Removing charge of       0.1324 from atom      30
Removing charge of      -0.3482 from atom      31
Removing charge of       0.6867 from atom      32
Removing charge of      -0.6325 from atom      33
Removing charge of      -0.2038 from atom      34
Removing charge of       0.0953 from atom      35
Removing charge of      -0.3903 from atom      36
Removing charge of       0.3402 from atom      37
Removing charge of      -0.1179 from atom      38
Removing charge of      -0.1090 from atom      39
Removing charge of      -0.1345 from atom      40
Removing charge of      -0.1210 from atom      41
Removing charge of      -0.1345 from atom      42
Removing charge of      -0.1090 from atom      43
Removing charge of      -0.7500 from atom      44
Removing charge of       0.1891 from atom      45
Removing charge of       0.1660 from atom      46
Removing charge of       0.0607 from atom      47
Removing charge of       0.0607 from atom      48
Removing charge of       0.0607 from atom      49
Removing charge of       0.1440 from atom      50
Removing charge of       0.1360 from atom      51
Removing charge of       0.1340 from atom      52
Removing charge of       0.1360 from atom      53
Removing charge of       0.1440 from atom      54
Removing charge of       0.4328 from atom      55
Removing charge of       0.0440 from atom      56
Removing charge of       0.0440 from atom      57
Removing charge of       0.0440 from atom      58
Total charge of  -0.00000100 removed from      29 atoms
     Checking for mismatched coordinates.
| MONTE CARLO BAROSTAT IMPORTANT NOTE:
|   The Monte-Carlo barostat does not require the virial to adjust the system volume.
|   Since it is an expensive calculation, it is skipped for efficiency. A side-effect
|   is that the reported pressure is always 0 because it is not calculated.

--------------------------------------------------------------------------------
   3.  ATOMIC COORDINATES AND VELOCITIES
--------------------------------------------------------------------------------

default_name                                                                    
 begin time read from input coords =   200.000 ps



           Begin reading energy term weight changes/NMR restraints
 WEIGHT CHANGES:
                         ** No weight changes given **

 RESTRAINTS:
 Requested file redirections:
  DISANG    = disang.rest
  LISTOUT   = POUT
 Restraints will be read from file: disang.rest
Here are comments from the DISANG input file:
# Anchor atoms  :58@CA  :79@CA  :105@CA  :1@C3  :1@C9  :1@C11  stage = fe  weigh

                       Number of restraints read =    17

                  Done reading weight changes/NMR restraints


 
 Number of triangulated 3-point waters found:     1867

     Sum of charges for TI region  1 =  -0.00000100
     Skip neutralizing charges...


     Sum of charges for TI region  2 =  -0.00000000
     Skip neutralizing charges...

| Dynamic Memory, Types Used:
| Reals              422845
| Integers           235853

| Nonbonded Pairs Initial Allocation:     1293900

| GPU memory information (estimate):
| KB of GPU memory in use:     41908
| KB of CPU memory in use:     14068

--------------------------------------------------------------------------------
   4.  RESULTS
--------------------------------------------------------------------------------


| TI region  1


 NSTEP =      500   TIME(PS) =     202.000  TEMP(K) =   305.69  PRESS =     0.0
 Etot   =    -15259.0953  EKtot   =      3439.4848  EPtot      =    -18698.5801
 BOND   =        10.0778  ANGLE   =         9.3480  DIHED      =        10.2245
 1-4 NB =         9.3297  1-4 EEL =        33.4427  VDWAALS    =      2515.4790
 EELEC  =    -21291.5258  EHBOND  =         0.0000  RESTRAINT  =         5.0441
 EAMBER (non-restraint)  =    -18703.6242
 EKCMT  =         0.0000  VIRIAL  =         0.0000  VOLUME     =     76317.2658
                                                    Density    =         0.7467
 DV/DL  =         6.3877
 ------------------------------------------------------------------------------

 Lambda-dependent restraint contribution to dV/Dl: Total =     -5.0911
   Dist =     -0.0912  Angl =       0.0000  Tors =     -4.9999

| TI region  2


 NSTEP =      500   TIME(PS) =     202.000  TEMP(K) =   305.69  PRESS =     0.0
 Etot   =    -15259.0953  EKtot   =      3439.4848  EPtot      =    -18698.5801
 BOND   =        10.0778  ANGLE   =         9.3480  DIHED      =        10.2245
 1-4 NB =         9.3297  1-4 EEL =        33.4427  VDWAALS    =      2515.4790
 EELEC  =    -21291.5258  EHBOND  =         0.0000  RESTRAINT  =         5.0441
 EAMBER (non-restraint)  =    -18703.6242
 EKCMT  =         0.0000  VIRIAL  =         0.0000  VOLUME     =     76317.2658
                                                    Density    =         0.7467
 DV/DL  =         6.3877
 ------------------------------------------------------------------------------

 Lambda-dependent restraint contribution to dV/Dl: Total =     -5.0911
   Dist =     -0.0912  Angl =       0.0000  Tors =     -4.9999
 NMR restraints: Bond =    0.090   Angle =     0.000   Torsion =     4.954
===============================================================================

| TI region  1


 NSTEP =     1000   TIME(PS) =     204.000  TEMP(K) =   299.98  PRESS =     0.0
 Etot   =    -15391.3008  EKtot   =      3375.2618  EPtot      =    -18766.5625
 BOND   =         6.8102  ANGLE   =        13.7762  DIHED      =        10.8326
 1-4 NB =        10.5097  1-4 EEL =        34.9731  VDWAALS    =      2829.8173
 EELEC  =    -21679.1381  EHBOND  =         0.0000  RESTRAINT  =         5.8566
 EAMBER (non-restraint)  =    -18772.4191
 EKCMT  =         0.0000  VIRIAL  =         0.0000  VOLUME     =     75801.7281
                                                    Density    =         0.7518
 DV/DL  =         1.5479
 ------------------------------------------------------------------------------

 Lambda-dependent restraint contribution to dV/Dl: Total =     -5.9111
   Dist =     -1.2082  Angl =       0.0000  Tors =     -4.7028

| TI region  2


 NSTEP =     1000   TIME(PS) =     204.000  TEMP(K) =   299.98  PRESS =     0.0
 Etot   =    -15391.3008  EKtot   =      3375.2618  EPtot      =    -18766.5625
 BOND   =         6.8102  ANGLE   =        13.7762  DIHED      =        10.8326
 1-4 NB =        10.5097  1-4 EEL =        34.9731  VDWAALS    =      2829.8173
 EELEC  =    -21679.1381  EHBOND  =         0.0000  RESTRAINT  =         5.8566
 EAMBER (non-restraint)  =    -18772.4191
 EKCMT  =         0.0000  VIRIAL  =         0.0000  VOLUME     =     75801.7281
                                                    Density    =         0.7518
 DV/DL  =         1.5479
 ------------------------------------------------------------------------------

 Lambda-dependent restraint contribution to dV/Dl: Total =     -5.9111
   Dist =     -1.2082  Angl =       0.0000  Tors =     -4.7028
 NMR restraints: Bond =    1.197   Angle =     0.000   Torsion =     4.659
===============================================================================

| TI region  1


 NSTEP =     1500   TIME(PS) =     206.000  TEMP(K) =   295.67  PRESS =     0.0
 Etot   =    -15422.8647  EKtot   =      3326.7536  EPtot      =    -18749.6183
 BOND   =         9.0077  ANGLE   =        17.5480  DIHED      =        11.1309
 1-4 NB =        10.3833  1-4 EEL =        38.4498  VDWAALS    =      2767.2825
 EELEC  =    -21610.3700  EHBOND  =         0.0000  RESTRAINT  =         6.9494
 EAMBER (non-restraint)  =    -18756.5676
 EKCMT  =         0.0000  VIRIAL  =         0.0000  VOLUME     =     75259.9926
                                                    Density    =         0.7572
 DV/DL  =        -7.1712
 ------------------------------------------------------------------------------

 Lambda-dependent restraint contribution to dV/Dl: Total =     -7.0141
   Dist =     -0.2157  Angl =       0.0000  Tors =     -6.7984

| TI region  2


 NSTEP =     1500   TIME(PS) =     206.000  TEMP(K) =   295.67  PRESS =     0.0
 Etot   =    -15422.8647  EKtot   =      3326.7536  EPtot      =    -18749.6183
 BOND   =         9.0077  ANGLE   =        17.5480  DIHED      =        11.1309
 1-4 NB =        10.3833  1-4 EEL =        38.4498  VDWAALS    =      2767.2825
 EELEC  =    -21610.3700  EHBOND  =         0.0000  RESTRAINT  =         6.9494
 EAMBER (non-restraint)  =    -18756.5676
 EKCMT  =         0.0000  VIRIAL  =         0.0000  VOLUME     =     75259.9926
                                                    Density    =         0.7572
 DV/DL  =        -7.1712
 ------------------------------------------------------------------------------

 Lambda-dependent restraint contribution to dV/Dl: Total =     -7.0141
   Dist =     -0.2157  Angl =       0.0000  Tors =     -6.7984
 NMR restraints: Bond =    0.214   Angle =     0.000   Torsion =     6.736
===============================================================================

| TI region  1


 NSTEP =     2000   TIME(PS) =     208.000  TEMP(K) =   299.67  PRESS =     0.0
 Etot   =    -15531.8936  EKtot   =      3371.7327  EPtot      =    -18903.6264
 BOND   =        18.8424  ANGLE   =        13.4929  DIHED      =         9.0695
 1-4 NB =        11.5991  1-4 EEL =        34.6594  VDWAALS    =      2824.9146
 EELEC  =    -21819.4502  EHBOND  =         0.0000  RESTRAINT  =         3.2460
 EAMBER (non-restraint)  =    -18906.8723
 EKCMT  =         0.0000  VIRIAL  =         0.0000  VOLUME     =     74073.9649
                                                    Density    =         0.7693
 DV/DL  =         5.0900
 ------------------------------------------------------------------------------

 Lambda-dependent restraint contribution to dV/Dl: Total =     -3.2762
   Dist =     -0.3312  Angl =       0.0000  Tors =     -2.9449

| TI region  2


 NSTEP =     2000   TIME(PS) =     208.000  TEMP(K) =   299.67  PRESS =     0.0
 Etot   =    -15531.8936  EKtot   =      3371.7327  EPtot      =    -18903.6264
 BOND   =        18.8424  ANGLE   =        13.4929  DIHED      =         9.0695
 1-4 NB =        11.5991  1-4 EEL =        34.6594  VDWAALS    =      2824.9146
 EELEC  =    -21819.4502  EHBOND  =         0.0000  RESTRAINT  =         3.2460
 EAMBER (non-restraint)  =    -18906.8723
 EKCMT  =         0.0000  VIRIAL  =         0.0000  VOLUME     =     74073.9649
                                                    Density    =         0.7693
 DV/DL  =         5.0900
 ------------------------------------------------------------------------------

 Lambda-dependent restraint contribution to dV/Dl: Total =     -3.2762
   Dist =     -0.3312  Angl =       0.0000  Tors =     -2.9449
 NMR restraints: Bond =    0.328   Angle =     0.000   Torsion =     2.918
===============================================================================

| TI region  1


 NSTEP =     2500   TIME(PS) =     210.000  TEMP(K) =   301.36  PRESS =     0.0
 Etot   =    -15364.4494  EKtot   =      3390.7682  EPtot      =    -18755.2176
 BOND   =         9.6211  ANGLE   =        14.6641  DIHED      =        13.0110
 1-4 NB =        12.7041  1-4 EEL =        35.0138  VDWAALS    =      2714.7366
 EELEC  =    -21563.0701  EHBOND  =         0.0000  RESTRAINT  =         8.1018
 EAMBER (non-restraint)  =    -18763.3194
 EKCMT  =         0.0000  VIRIAL  =         0.0000  VOLUME     =     73579.1618
                                                    Density    =         0.7745
 DV/DL  =        -5.1512
 ------------------------------------------------------------------------------

 Lambda-dependent restraint contribution to dV/Dl: Total =     -8.1772
   Dist =     -0.1257  Angl =       0.0000  Tors =     -8.0515

| TI region  2


 NSTEP =     2500   TIME(PS) =     210.000  TEMP(K) =   301.36  PRESS =     0.0
 Etot   =    -15364.4494  EKtot   =      3390.7682  EPtot      =    -18755.2176
 BOND   =         9.6211  ANGLE   =        14.6641  DIHED      =        13.0110
 1-4 NB =        12.7041  1-4 EEL =        35.0138  VDWAALS    =      2714.7366
 EELEC  =    -21563.0701  EHBOND  =         0.0000  RESTRAINT  =         8.1018
 EAMBER (non-restraint)  =    -18763.3194
 EKCMT  =         0.0000  VIRIAL  =         0.0000  VOLUME     =     73579.1618
                                                    Density    =         0.7745
 DV/DL  =        -5.1512
 ------------------------------------------------------------------------------

 Lambda-dependent restraint contribution to dV/Dl: Total =     -8.1772
   Dist =     -0.1257  Angl =       0.0000  Tors =     -8.0515
 NMR restraints: Bond =    0.125   Angle =     0.000   Torsion =     7.977
===============================================================================

| TI region  1


 NSTEP =     3000   TIME(PS) =     212.000  TEMP(K) =   300.15  PRESS =     0.0
 Etot   =    -15315.3348  EKtot   =      3377.1868  EPtot      =    -18692.5216
 BOND   =         8.0020  ANGLE   =        18.0611  DIHED      =        10.1428
 1-4 NB =        10.4550  1-4 EEL =        34.7493  VDWAALS    =      2723.1576
 EELEC  =    -21499.6584  EHBOND  =         0.0000  RESTRAINT  =         2.5691
 EAMBER (non-restraint)  =    -18695.0907
 EKCMT  =         0.0000  VIRIAL  =         0.0000  VOLUME     =     72780.3284
                                                    Density    =         0.7830
 DV/DL  =         4.8511
 ------------------------------------------------------------------------------

 Lambda-dependent restraint contribution to dV/Dl: Total =     -2.5930
   Dist =     -0.2072  Angl =       0.0000  Tors =     -2.3858

| TI region  2


 NSTEP =     3000   TIME(PS) =     212.000  TEMP(K) =   300.15  PRESS =     0.0
 Etot   =    -15315.3348  EKtot   =      3377.1868  EPtot      =    -18692.5216
 BOND   =         8.0020  ANGLE   =        18.0611  DIHED      =        10.1428
 1-4 NB =        10.4550  1-4 EEL =        34.7493  VDWAALS    =      2723.1576
 EELEC  =    -21499.6584  EHBOND  =         0.0000  RESTRAINT  =         2.5691
 EAMBER (non-restraint)  =    -18695.0907
 EKCMT  =         0.0000  VIRIAL  =         0.0000  VOLUME     =     72780.3284
                                                    Density    =         0.7830
 DV/DL  =         4.8511
 ------------------------------------------------------------------------------

 Lambda-dependent restraint contribution to dV/Dl: Total =     -2.5930
   Dist =     -0.2072  Angl =       0.0000  Tors =     -2.3858
 NMR restraints: Bond =    0.205   Angle =     0.000   Torsion =     2.364
===============================================================================

| TI region  1


 NSTEP =     3500   TIME(PS) =     214.000  TEMP(K) =   295.58  PRESS =     0.0
 Etot   =    -15368.4440  EKtot   =      3325.6929  EPtot      =    -18694.1369
 BOND   =         7.1603  ANGLE   =        18.5097  DIHED      =        11.3439
 1-4 NB =        11.9887  1-4 EEL =        37.0261  VDWAALS    =      2713.3557
 EELEC  =    -21502.5151  EHBOND  =         0.0000  RESTRAINT  =         8.9939
 EAMBER (non-restraint)  =    -18703.1308
 EKCMT  =         0.0000  VIRIAL  =         0.0000  VOLUME     =     72429.2530
                                                    Density    =         0.7868
 DV/DL  =        -6.3363
 ------------------------------------------------------------------------------

 Lambda-dependent restraint contribution to dV/Dl: Total =     -9.0775
   Dist =     -0.2970  Angl =       0.0000  Tors =     -8.7806

| TI region  2


 NSTEP =     3500   TIME(PS) =     214.000  TEMP(K) =   295.58  PRESS =     0.0
 Etot   =    -15368.4440  EKtot   =      3325.6929  EPtot      =    -18694.1369
 BOND   =         7.1603  ANGLE   =        18.5097  DIHED      =        11.3439
 1-4 NB =        11.9887  1-4 EEL =        37.0261  VDWAALS    =      2713.3557
 EELEC  =    -21502.5151  EHBOND  =         0.0000  RESTRAINT  =         8.9939
 EAMBER (non-restraint)  =    -18703.1308
 EKCMT  =         0.0000  VIRIAL  =         0.0000  VOLUME     =     72429.2530
                                                    Density    =         0.7868
 DV/DL  =        -6.3363
 ------------------------------------------------------------------------------

 Lambda-dependent restraint contribution to dV/Dl: Total =     -9.0775
   Dist =     -0.2970  Angl =       0.0000  Tors =     -8.7806
 NMR restraints: Bond =    0.294   Angle =     0.000   Torsion =     8.700
===============================================================================

| TI region  1


      A V E R A G E S   O V E R       7 S T E P S


 NSTEP =     3500   TIME(PS) =     214.000  TEMP(K) =   299.73  PRESS =     0.0
 Etot   =    -15379.0547  EKtot   =      3372.4115  EPtot      =    -18751.4662
 BOND   =         9.9316  ANGLE   =        15.0572  DIHED      =        10.8222
 1-4 NB =        10.9956  1-4 EEL =        35.4734  VDWAALS    =      2726.9633
 EELEC  =    -21566.5325  EHBOND  =         0.0000  RESTRAINT  =         5.8230
 EAMBER (non-restraint)  =    -18757.2892
 EKCMT  =         0.0000  VIRIAL  =         0.0000  VOLUME     =     74320.2421
                                                    Density    =         0.7671
 DV/DL  =        -0.1117
 ------------------------------------------------------------------------------

 NMR restraints: Bond =    0.294   Angle =     0.000   Torsion =     8.700
===============================================================================
 Lambda-dependent restraint contribution to dV/Dl: Total =     -5.8771
   Dist =     -0.3537  Angl =       0.0000  Tors =     -5.5234

      R M S  F L U C T U A T I O N S


 NSTEP =     3500   TIME(PS) =     214.000  TEMP(K) =     3.21  PRESS =     0.0
 Etot   =        79.4673  EKtot   =        36.1237  EPtot      =        68.6150
 BOND   =         3.8083  ANGLE   =         3.0234  DIHED      =         1.1370
 1-4 NB =         1.0655  1-4 EEL =         1.5603  VDWAALS    =        97.7415
 EELEC  =       152.4936  EHBOND  =         0.0000  RESTRAINT  =         2.2153
 EAMBER (non-restraint)  =        66.3997
 EKCMT  =         0.0000  VIRIAL  =         0.0000  VOLUME     =      1395.0454
                                                    Density    =         0.0144
 DV/DL  =         5.4858
 ------------------------------------------------------------------------------

 Lambda-dependent restraint contribution to dV/Dl: Total =      2.2359
   Dist =      0.3576  Angl =       0.0000  Tors =      2.2699

| TI region  2


      A V E R A G E S   O V E R       7 S T E P S


 NSTEP =     3500   TIME(PS) =     214.000  TEMP(K) =   299.73  PRESS =     0.0
 Etot   =    -15379.0547  EKtot   =      3372.4115  EPtot      =    -18751.4662
 BOND   =         9.9316  ANGLE   =        15.0572  DIHED      =        10.8222
 1-4 NB =        10.9956  1-4 EEL =        35.4734  VDWAALS    =      2726.9633
 EELEC  =    -21566.5325  EHBOND  =         0.0000  RESTRAINT  =         5.8230
 EAMBER (non-restraint)  =    -18757.2892
 EKCMT  =         0.0000  VIRIAL  =         0.0000  VOLUME     =     74320.2421
                                                    Density    =         0.7671
 DV/DL  =        -0.1117
 ------------------------------------------------------------------------------

 NMR restraints: Bond =    0.294   Angle =     0.000   Torsion =     8.700
===============================================================================
 Lambda-dependent restraint contribution to dV/Dl: Total =     -5.8771
   Dist =     -0.3537  Angl =       0.0000  Tors =     -5.5234

      R M S  F L U C T U A T I O N S


 NSTEP =     3500   TIME(PS) =     214.000  TEMP(K) =     3.21  PRESS =     0.0
 Etot   =        79.4673  EKtot   =        36.1237  EPtot      =        68.6150
 BOND   =         3.8083  ANGLE   =         3.0234  DIHED      =         1.1370
 1-4 NB =         1.0655  1-4 EEL =         1.5603  VDWAALS    =        97.7415
 EELEC  =       152.4936  EHBOND  =         0.0000  RESTRAINT  =         2.2153
 EAMBER (non-restraint)  =        66.3997
 EKCMT  =         0.0000  VIRIAL  =         0.0000  VOLUME     =      1395.0454
                                                    Density    =         0.0144
 DV/DL  =         5.4858
 ------------------------------------------------------------------------------

 Lambda-dependent restraint contribution to dV/Dl: Total =      2.2359
   Dist =      0.3576  Angl =       0.0000  Tors =      2.2699

      DV/DL, AVERAGES OVER       7 STEPS


 NSTEP =     3500   TIME(PS) =     214.000  TEMP(K) =     3.21  PRESS =     0.0
 Etot   =         0.0000  EKtot   =         0.0000  EPtot      =         0.0000
 BOND   =         0.0000  ANGLE   =         0.0000  DIHED      =         0.0000
 1-4 NB =         0.0000  1-4 EEL =       -35.8036  VDWAALS    =         0.0000
 EELEC  =        41.5690  EHBOND  =         0.0000  RESTRAINT  =         0.0000
 EKCMT  =         0.0000  VIRIAL  =         0.0000  VOLUME     =         0.0000
                                                    Density    =         0.0000
 ------------------------------------------------------------------------------


 NMR restraints on final step:

 ------------------------------------------------------------------------------


 Final Restraint Analysis for coords: eqnpt.rst7                              


 Restraints, deviations, and energy contributions:    pencut =   -1.00

 ------------------------------------------------------------------------------
     First atom        Last atom    curr. value target deviation  penalty
 ------------------------------------------------------------------------------
  C3   LIG    1 --  C9   LIG    1:    6.212    6.392    0.180    0.163 d    0: 0
  C9   LIG    1 --  C11  LIG    1:    6.458    6.364    0.094    0.045 d    0: 0
  C11  LIG    1 --  C3   LIG    1:    6.623    6.535    0.088    0.039 d    0: 0
  C10  LIG    1 --  C9   LIG    1:    1.266   -4.102    5.368    0.614 t
  C5   LIG    1 --  C6   LIG    1:  176.642  174.162    2.481    0.131 t
  C8   LIG    1 --  C9   LIG    1:   -9.526   -8.316    1.210    0.031 t
  C7   LIG    1 --  C8   LIG    1:    7.227    9.382    2.154    0.099 t
  C6   LIG    1 --  C7   LIG    1:    3.357    1.647    1.710    0.062 t
  C    LIG    1 --  N2   LIG    1:  162.546  155.656    6.889    1.012 t
  C5   LIG    1 --  C10  LIG    1: -177.824 -172.471    5.352    0.611 t
  C    LIG    1 --  C1   LIG    1:   12.158   16.096    3.937    0.331 t
  N    LIG    1 --  N1   LIG    1:    4.268   -2.975    7.243    1.119 t
  C    LIG    1 --  C4   LIG    1:  171.963  172.131    0.167    0.001 t
  C2   LIG    1 --  N    LIG    1:  175.461  173.910    1.551    0.051 t
  C1   LIG    1 --  C2   LIG    1:  161.641  173.252   11.611    2.874 t
  C4   LIG    1 --  N1   LIG    1:    3.205    5.550    2.344    0.117 t
  C4   LIG    1 --  C5   LIG    1:  139.479  135.268    4.211    0.378 t
                                       Total distance penalty:      0.246
                                       Total torsion  penalty:      7.432
 ------------------------------------------------------------------------------
| MC Barostat:         35 volume changes attempted.
| MC Barostat:         17 changes successful ( 48.57%)
 ------------------------------------------------------------------------------

--------------------------------------------------------------------------------
   5.  TIMINGS
--------------------------------------------------------------------------------

|  NonSetup CPU Time in Major Routines:
|
|     Routine           Sec        %
|     ------------------------------
|     Nonbond           1.12   36.50
|     Bond              0.00    0.00
|     Angle             0.00    0.00
|     Dihedral          0.00    0.00
|     Shake             0.01    0.26
|     RunMD             1.93   62.72
|     Other             0.02    0.52
|     ------------------------------
|     Total             3.08

|  PME Nonbond Pairlist CPU Time:
|
|     Routine              Sec        %
|     ---------------------------------
|     Set Up Cit           0.00    0.00
|     Build List           0.00    0.00
|     ---------------------------------
|     Total                0.00    0.00

|  PME Direct Force CPU Time:
|
|     Routine              Sec        %
|     ---------------------------------
|     NonBonded Calc       0.00    0.00
|     Exclude Masked       0.00    0.00
|     Other                0.01    0.16
|     ---------------------------------
|     Total                0.01    0.16

|  PME Reciprocal Force CPU Time:
|
|     Routine              Sec        %
|     ---------------------------------
|     1D bspline           0.00    0.00
|     Grid Charges         0.00    0.00
|     Scalar Sum           0.00    0.00
|     Gradient Sum         0.00    0.00
|     FFT                  0.00    0.00
|     ---------------------------------
|     Total                0.00    0.00

|  Final Performance Info:
|     -----------------------------------------------------
|     Average timings for last    3000 steps:
|     Elapsed(s) =       2.82 Per Step(ms) =       0.94
|         ns/day =     367.96   seconds/ns =     234.81
|
|     Average timings for all steps:
|     Elapsed(s) =       3.30 Per Step(ms) =       0.94
|         ns/day =     366.73   seconds/ns =     235.60
|     -----------------------------------------------------

|  Setup CPU time:            0.76 seconds
|  NonSetup CPU time:         3.08 seconds
|  Total CPU time:            3.84 seconds     0.00 hours

|  Setup wall time:           1    seconds
|  NonSetup wall time:        3    seconds
|  Total wall time:           4    seconds     0.00 hours
