-I: Adding /home/amber18/dat/leap/prep to search path.
-I: Adding /home/amber18/dat/leap/lib to search path.
-I: Adding /home/amber18/dat/leap/parm to search path.
-I: Adding /home/amber18/dat/leap/cmd to search path.
-s: Ignoring startup file: leaprc
-f: Source tleap_vac.in.

Welcome to LEaP!
Sourcing: ./tleap_vac.in
----- Source: /home/amber18/dat/leap/cmd/leaprc.protein.ff14SB
----- Source of /home/amber18/dat/leap/cmd/leaprc.protein.ff14SB done
Log file: ./leap.log
Loading parameters: /home/amber18/dat/leap/parm/parm10.dat
Reading title:
PARM99 + frcmod.ff99SB + frcmod.parmbsc0 + OL3 for RNA
Loading parameters: /home/amber18/dat/leap/parm/frcmod.ff14SB
Reading force field modification type file (frcmod)
Reading title:
ff14SB protein backbone and sidechain parameters
Loading library: /home/amber18/dat/leap/lib/amino12.lib
Loading library: /home/amber18/dat/leap/lib/aminoct12.lib
Loading library: /home/amber18/dat/leap/lib/aminont12.lib
----- Source: /home/amber18/dat/leap/cmd/leaprc.gaff
----- Source of /home/amber18/dat/leap/cmd/leaprc.gaff done
Log file: ./leap.log
Loading parameters: /home/amber18/dat/leap/parm/gaff.dat
Reading title:
AMBER General Force Field for organic molecules (Version 1.81, May 2017)

/home/amber18/bin/teLeap: Fatal Error!
Could not open file dum.frcmod: not found

Exiting LEaP: Errors = 1; Warnings = 0; Notes = 0.
