
          -------------------------------------------------------
          Amber 20 PMEMD                              2020
          -------------------------------------------------------

| PMEMD implementation of SANDER, Release 18

|  Compiled date/time: Tue Apr 28 10:19:54 2020
| Run on 05/10/2020 at 21:48:48

|   Executable path: pmemd.cuda
| Working directory: /home1/tbaba/centos/BAT.py-master/BAT/fe/pose1/dd/bulk/w00
|          Hostname: tx1

  [-O]verwriting output

File Assignments:
|   MDIN: eqnpt.in                                                              
|  MDOUT: eqnpt04.out                                                           
| INPCRD: eqnpt03.rst7                                                          
|   PARM: full.hmr.prmtop                                                       
| RESTRT: eqnpt04.rst7                                                          
|   REFC: full.inpcrd                                                           
|  MDVEL: mdvel                                                                 
|   MDEN: mden                                                                  
|  MDCRD: traj004.nc                                                            
| MDINFO: mdinfo                                                                
|  MDFRC: mdfrc                                                                 


 Here is the input file:

*******************************************************                        
*****************************       eqnpt.in                                   
*******************************************************                        
Equilibrate, NPT.                                                              
 &cntrl                                                                        
  imin = 0,                                                                    
  ntx = 5,                                                                     
  irest = 1,                                                                   
  ntpr = 500,                                                                  
  ntwr = 500,                                                                  
  ntwx = 500,                                                                  
  ioutfm = 1,                                                                  
  iwrap = 1,                                                                   
  ntf = 2,                                                                     
  ntc = 2,                                                                     
  cut = 9.0,                                                                   
  ntt = 3,                                                                     
  temp0 = 298.15,                                                              
  gamma_ln = 1.0,                                                              
  ig = -1,                                                                     
  ntp = 1,                                                                     
  barostat = 2,                                                                
  nstlim = 3500,                                                               
  dt = 0.004,                                                                  
  nmropt = 1,                                                                  
  pencut = -1,                                                                 
 /                                                                             
 &wt type = 'END', /                                                           
DISANG=disang.rest                                                             
LISTOUT=POUT                                                                   
                                                                               


Note: ig = -1. Setting random seed to   487924 based on wallclock time in 
      microseconds.
| irandom = 1, using AMBER's internal random number generator (default).
 
|--------------------- INFORMATION ----------------------
| GPU (CUDA) Version of PMEMD in use: NVIDIA GPU IN USE.
|                    Version 18.0.0
| 
|                      03/25/2018
| 
| Implementation by:
|                    Ross C. Walker     (SDSC)
|                    Scott Le Grand     (nVIDIA)
| 
| Version 18 performance extensions by:
|                    David Cerutti     (Rutgers)
| 
| Precision model in use:
|      [SPFP] - Single Precision Forces, 64-bit Fixed Point
|               Accumulation. (Default)
| 
|--------------------------------------------------------
 
|----------------- CITATION INFORMATION -----------------
|
|    When publishing work that utilized the CUDA version
|    of AMBER, please cite the following in addition to
|    the regular AMBER citations:
|
|  - Romelia Salomon-Ferrer; Andreas W. Goetz; Duncan
|    Poole; Scott Le Grand; Ross C. Walker "Routine
|    microsecond molecular dynamics simulations with
|    AMBER - Part II: Particle Mesh Ewald", J. Chem.
|    Theory Comput., 2013, 9 (9), pp3878-3888,
|    DOI: 10.1021/ct400314y.
|
|  - Andreas W. Goetz; Mark J. Williamson; Dong Xu;
|    Duncan Poole; Scott Le Grand; Ross C. Walker
|    "Routine microsecond molecular dynamics simulations
|    with AMBER - Part I: Generalized Born", J. Chem.
|    Theory Comput., 2012, 8 (5), pp1542-1555.
|
|  - Scott Le Grand; Andreas W. Goetz; Ross C. Walker
|    "SPFP: Speed without compromise - a mixed precision
|    model for GPU accelerated molecular dynamics
|    simulations.", Comp. Phys. Comm., 2013, 184
|    pp374-380, DOI: 10.1016/j.cpc.2012.09.022
|
|--------------------------------------------------------
 
|------------------- GPU DEVICE INFO --------------------
|
|            CUDA_VISIBLE_DEVICES: 3
|   CUDA Capable Devices Detected:      1
|           CUDA Device ID in use:      0
|                CUDA Device Name: GeForce GTX TITAN X
|     CUDA Device Global Mem Size:  12212 MB
| CUDA Device Num Multiprocessors:     24
|           CUDA Device Core Freq:   1.08 GHz
|
|--------------------------------------------------------
 
 
| Conditional Compilation Defines Used:
| PUBFFT
| BINTRAJ
| CUDA
| EMIL

| Largest sphere to fit in unit cell has radius =    18.533

| New format PARM file being parsed.
| Version =    1.000 Date = 04/28/20 Time = 18:40:20

| Note: 1-4 EEL scale factors are being read from the topology file.

| Note: 1-4 VDW scale factors are being read from the topology file.
| Duplicated    0 dihedrals

| Duplicated    0 dihedrals

--------------------------------------------------------------------------------
   1.  RESOURCE   USE: 
--------------------------------------------------------------------------------

 getting box info from netcdf restart file
 NATOM  =    5646 NTYPES =      11 NBONH =    5614 MBONA  =      17
 NTHETH =      26 MTHETA =      23 NPHIH =      41 MPHIA  =      35
 NHPARM =       0 NPARM  =       0 NNB   =    7625 NRES   =    1884
 NBONA  =      17 NTHETA =      23 NPHIA =      35 NUMBND =      18
 NUMANG =      25 NPTRA  =      11 NATYP =      16 NPHB   =       0
 IFBOX  =       1 NMXRS  =      29 IFCAP =       0 NEXTRA =       0
 NCOPY  =       0

| Coordinate Index Table dimensions:     7    8    8
| Direct force subcell size =     5.2952    5.0479    5.1110

     BOX TYPE: RECTILINEAR

--------------------------------------------------------------------------------
   2.  CONTROL  DATA  FOR  THE  RUN
--------------------------------------------------------------------------------

default_name                                                                    

General flags:
     imin    =       0, nmropt  =       1

Nature and format of input:
     ntx     =       5, irest   =       1, ntrx    =       1

Nature and format of output:
     ntxo    =       2, ntpr    =     500, ntrx    =       1, ntwr    =     500
     iwrap   =       1, ntwx    =     500, ntwv    =       0, ntwe    =       0
     ioutfm  =       1, ntwprt  =       0, idecomp =       0, rbornstat=      0

Potential function:
     ntf     =       2, ntb     =       2, igb     =       0, nsnb    =      25
     ipol    =       0, gbsa    =       0, iesp    =       0
     dielc   =   1.00000, cut     =   9.00000, intdiel =   1.00000

Frozen or restrained atoms:
     ibelly  =       0, ntr     =       0

Molecular dynamics:
     nstlim  =      3500, nscm    =      1000, nrespa  =         1
     t       =   0.00000, dt      =   0.00400, vlimit  =  -1.00000

Langevin dynamics temperature regulation:
     ig      =  487924
     temp0   = 298.15000, tempi   =   0.00000, gamma_ln=   1.00000

Pressure regulation:
     ntp     =       1
     pres0   =   1.00000, comp    =  44.60000, taup    =   1.00000
     Monte-Carlo Barostat:
     mcbarint  =     100

SHAKE:
     ntc     =       2, jfastw  =       0
     tol     =   0.00001

NMR refinement options:
     iscale  =       0, noeskp  =       1, ipnlty  =       1, mxsub   =       1
     scalm   = 100.00000, pencut  =  -1.00000, tausw   =   0.10000

| Intermolecular bonds treatment:
|     no_intermolecular_bonds =       1

| Energy averages sample interval:
|     ene_avg_sampling =     500

Ewald parameters:
     verbose =       0, ew_type =       0, nbflag  =       1, use_pme =       1
     vdwmeth =       1, eedmeth =       1, netfrc  =       1
     Box X =   37.066   Box Y =   40.384   Box Z =   40.888
     Alpha =   90.000   Beta  =   90.000   Gamma =   90.000
     NFFT1 =   40       NFFT2 =   48       NFFT3 =   48
     Cutoff=    9.000   Tol   =0.100E-04
     Ewald Coefficient =  0.30768
     Interpolation order =    4
| MONTE CARLO BAROSTAT IMPORTANT NOTE:
|   The Monte-Carlo barostat does not require the virial to adjust the system volume.
|   Since it is an expensive calculation, it is skipped for efficiency. A side-effect
|   is that the reported pressure is always 0 because it is not calculated.

--------------------------------------------------------------------------------
   3.  ATOMIC COORDINATES AND VELOCITIES
--------------------------------------------------------------------------------

default_name                                                                    
 begin time read from input coords =   158.000 ps



           Begin reading energy term weight changes/NMR restraints
 WEIGHT CHANGES:
                         ** No weight changes given **

 RESTRAINTS:
 Requested file redirections:
  DISANG    = disang.rest
  LISTOUT   = POUT
 Restraints will be read from file: disang.rest
Here are comments from the DISANG input file:
# Anchor atoms  :58@CA  :79@CA  :105@CA  :1@C3  :1@C9  :1@C11  stage = fe  weigh

                       Number of restraints read =    17

                  Done reading weight changes/NMR restraints


 
 Number of triangulated 3-point waters found:     1867

     Sum of charges from parm topology file =  -0.00000100
     Forcing neutrality...

| Dynamic Memory, Types Used:
| Reals              353455
| Integers           159084

| Nonbonded Pairs Initial Allocation:     1287288

| GPU memory information (estimate):
| KB of GPU memory in use:     35378
| KB of CPU memory in use:     10322

--------------------------------------------------------------------------------
   4.  RESULTS
--------------------------------------------------------------------------------


 NSTEP =      500   TIME(PS) =     160.000  TEMP(K) =   295.34  PRESS =     0.0
 Etot   =    -15582.9170  EKtot   =      3323.0469  EPtot      =    -18905.9639
 BOND   =         4.3647  ANGLE   =        17.2950  DIHED      =        12.3867
 1-4 NB =         9.9742  1-4 EEL =        37.0777  VDWAALS    =      2587.2872
 EELEC  =    -21580.5716  EHBOND  =         0.0000  RESTRAINT  =         6.2222
 EAMBER (non-restraint)  =    -18912.1861
 EKCMT  =         0.0000  VIRIAL  =         0.0000  VOLUME     =     60874.8396
                                                    Density    =         0.9362
 ------------------------------------------------------------------------------

 NMR restraints: Bond =    0.260   Angle =     0.000   Torsion =     5.963
===============================================================================

 NSTEP =     1000   TIME(PS) =     162.000  TEMP(K) =   298.51  PRESS =     0.0
 Etot   =    -15662.7764  EKtot   =      3358.6680  EPtot      =    -19021.4444
 BOND   =         6.6790  ANGLE   =        10.0322  DIHED      =         8.8967
 1-4 NB =        11.0653  1-4 EEL =        36.1304  VDWAALS    =      2820.9524
 EELEC  =    -21920.0660  EHBOND  =         0.0000  RESTRAINT  =         4.8657
 EAMBER (non-restraint)  =    -19026.3101
 EKCMT  =         0.0000  VIRIAL  =         0.0000  VOLUME     =     59918.7140
                                                    Density    =         0.9511
 ------------------------------------------------------------------------------

 NMR restraints: Bond =    0.093   Angle =     0.000   Torsion =     4.773
===============================================================================

 NSTEP =     1500   TIME(PS) =     164.000  TEMP(K) =   296.36  PRESS =     0.0
 Etot   =    -15687.6145  EKtot   =      3334.4963  EPtot      =    -19022.1109
 BOND   =         6.7093  ANGLE   =        16.7311  DIHED      =         9.1110
 1-4 NB =         9.7316  1-4 EEL =        35.7939  VDWAALS    =      2679.0100
 EELEC  =    -21782.3810  EHBOND  =         0.0000  RESTRAINT  =         3.1833
 EAMBER (non-restraint)  =    -19025.2942
 EKCMT  =         0.0000  VIRIAL  =         0.0000  VOLUME     =     59726.1587
                                                    Density    =         0.9542
 ------------------------------------------------------------------------------

 NMR restraints: Bond =    0.095   Angle =     0.000   Torsion =     3.088
===============================================================================

 NSTEP =     2000   TIME(PS) =     166.000  TEMP(K) =   305.07  PRESS =     0.0
 Etot   =    -15657.7585  EKtot   =      3432.4597  EPtot      =    -19090.2182
 BOND   =         7.2908  ANGLE   =        12.1503  DIHED      =         9.7326
 1-4 NB =        11.0875  1-4 EEL =        37.1480  VDWAALS    =      2794.5752
 EELEC  =    -21969.2354  EHBOND  =         0.0000  RESTRAINT  =         7.0329
 EAMBER (non-restraint)  =    -19097.2510
 EKCMT  =         0.0000  VIRIAL  =         0.0000  VOLUME     =     59559.2838
                                                    Density    =         0.9568
 ------------------------------------------------------------------------------

 NMR restraints: Bond =    0.261   Angle =     0.000   Torsion =     6.772
===============================================================================

 NSTEP =     2500   TIME(PS) =     168.000  TEMP(K) =   298.12  PRESS =     0.0
 Etot   =    -15731.2132  EKtot   =      3354.2502  EPtot      =    -19085.4634
 BOND   =         8.2793  ANGLE   =        11.3767  DIHED      =        11.3836
 1-4 NB =        11.7975  1-4 EEL =        35.2219  VDWAALS    =      2810.1552
 EELEC  =    -21982.2954  EHBOND  =         0.0000  RESTRAINT  =         8.6178
 EAMBER (non-restraint)  =    -19094.0812
 EKCMT  =         0.0000  VIRIAL  =         0.0000  VOLUME     =     58918.9904
                                                    Density    =         0.9672
 ------------------------------------------------------------------------------

 NMR restraints: Bond =    0.953   Angle =     0.000   Torsion =     7.665
===============================================================================

 NSTEP =     3000   TIME(PS) =     170.000  TEMP(K) =   292.97  PRESS =     0.0
 Etot   =    -15788.6025  EKtot   =      3296.3550  EPtot      =    -19084.9575
 BOND   =        11.8646  ANGLE   =        11.4388  DIHED      =         9.3467
 1-4 NB =         8.7220  1-4 EEL =        37.0282  VDWAALS    =      2852.3572
 EELEC  =    -22018.0259  EHBOND  =         0.0000  RESTRAINT  =         2.3110
 EAMBER (non-restraint)  =    -19087.2685
 EKCMT  =         0.0000  VIRIAL  =         0.0000  VOLUME     =     58318.4292
                                                    Density    =         0.9772
 ------------------------------------------------------------------------------

 NMR restraints: Bond =    0.362   Angle =     0.000   Torsion =     1.949
===============================================================================

 NSTEP =     3500   TIME(PS) =     172.000  TEMP(K) =   298.51  PRESS =     0.0
 Etot   =    -15869.2118  EKtot   =      3358.6367  EPtot      =    -19227.8485
 BOND   =         6.2032  ANGLE   =        17.6025  DIHED      =        12.2111
 1-4 NB =         9.9267  1-4 EEL =        36.5811  VDWAALS    =      2759.8623
 EELEC  =    -22076.6559  EHBOND  =         0.0000  RESTRAINT  =         6.4204
 EAMBER (non-restraint)  =    -19234.2689
 EKCMT  =         0.0000  VIRIAL  =         0.0000  VOLUME     =     58213.7190
                                                    Density    =         0.9790
 ------------------------------------------------------------------------------

 NMR restraints: Bond =    0.558   Angle =     0.000   Torsion =     5.863
===============================================================================

      A V E R A G E S   O V E R       7 S T E P S


 NSTEP =     3500   TIME(PS) =     172.000  TEMP(K) =   297.84  PRESS =     0.0
 Etot   =    -15711.4420  EKtot   =      3351.1304  EPtot      =    -19062.5724
 BOND   =         7.3415  ANGLE   =        13.8038  DIHED      =        10.4383
 1-4 NB =        10.3293  1-4 EEL =        36.4259  VDWAALS    =      2757.7428
 EELEC  =    -21904.1759  EHBOND  =         0.0000  RESTRAINT  =         5.5219
 EAMBER (non-restraint)  =    -19068.0943
 EKCMT  =         0.0000  VIRIAL  =         0.0000  VOLUME     =     59361.4478
                                                    Density    =         0.9602
 ------------------------------------------------------------------------------

 NMR restraints: Bond =    0.558   Angle =     0.000   Torsion =     5.863
===============================================================================

      R M S  F L U C T U A T I O N S


 NSTEP =     3500   TIME(PS) =     172.000  TEMP(K) =     3.49  PRESS =     0.0
 Etot   =        87.4828  EKtot   =        39.2848  EPtot      =        90.2065
 BOND   =         2.1493  ANGLE   =         3.0150  DIHED      =         1.3970
 1-4 NB =         0.9637  1-4 EEL =         0.6834  VDWAALS    =        86.4453
 EELEC  =       157.1409  EHBOND  =         0.0000  RESTRAINT  =         2.0485
 EAMBER (non-restraint)  =        88.1579
 EKCMT  =         0.0000  VIRIAL  =         0.0000  VOLUME     =       876.1923
                                                    Density    =         0.0141
 ------------------------------------------------------------------------------


 NMR restraints on final step:

 ------------------------------------------------------------------------------


 Final Restraint Analysis for coords: eqnpt04.rst7                            


 Restraints, deviations, and energy contributions:    pencut =   -1.00

 ------------------------------------------------------------------------------
     First atom        Last atom    curr. value target deviation  penalty
 ------------------------------------------------------------------------------
  C3   LIG    1 --  C9   LIG    1:    6.667    6.392    0.275    0.377 d    0: 0
  C9   LIG    1 --  C11  LIG    1:    6.180    6.364    0.184    0.169 d    0: 0
  C11  LIG    1 --  C3   LIG    1:    6.667    6.535    0.132    0.087 d    0: 0
  C10  LIG    1 --  C9   LIG    1:   -3.114   -4.102    0.988    0.021 t
  C5   LIG    1 --  C6   LIG    1:  178.613  174.162    4.451    0.423 t
  C8   LIG    1 --  C9   LIG    1:  -11.946   -8.316    3.630    0.281 t
  C7   LIG    1 --  C8   LIG    1:   15.503    9.382    6.121    0.799 t
  C6   LIG    1 --  C7   LIG    1:   -3.801    1.647    5.448    0.633 t
  C    LIG    1 --  N2   LIG    1:  154.004  155.656    1.653    0.058 t
  C5   LIG    1 --  C10  LIG    1: -174.527 -172.471    2.056    0.090 t
  C    LIG    1 --  C1   LIG    1:    1.527   16.096   14.569    4.526 t
  N    LIG    1 --  N1   LIG    1:   -3.573   -2.975    0.598    0.008 t
  C    LIG    1 --  C4   LIG    1:  170.521  172.131    1.610    0.055 t
  C2   LIG    1 --  N    LIG    1:  175.042  173.910    1.132    0.027 t
  C1   LIG    1 --  C2   LIG    1:  174.381  173.252    1.129    0.027 t
  C4   LIG    1 --  N1   LIG    1:    4.966    5.550    0.584    0.007 t
  C4   LIG    1 --  C5   LIG    1:  134.555  135.268    0.713    0.011 t
                                       Total distance penalty:      0.633
                                       Total torsion  penalty:      6.966
 ------------------------------------------------------------------------------
| MC Barostat:         35 volume changes attempted.
| MC Barostat:         13 changes successful ( 37.14%)
 ------------------------------------------------------------------------------

--------------------------------------------------------------------------------
   5.  TIMINGS
--------------------------------------------------------------------------------

|  NonSetup CPU Time in Major Routines:
|
|     Routine           Sec        %
|     ------------------------------
|     Nonbond           0.50   30.95
|     Bond              0.00    0.00
|     Angle             0.00    0.00
|     Dihedral          0.00    0.00
|     Shake             0.01    0.75
|     RunMD             1.08   67.18
|     Other             0.02    1.12
|     ------------------------------
|     Total             1.61

|  PME Nonbond Pairlist CPU Time:
|
|     Routine              Sec        %
|     ---------------------------------
|     Set Up Cit           0.00    0.00
|     Build List           0.00    0.00
|     ---------------------------------
|     Total                0.00    0.00

|  PME Direct Force CPU Time:
|
|     Routine              Sec        %
|     ---------------------------------
|     NonBonded Calc       0.00    0.00
|     Exclude Masked       0.00    0.00
|     Other                0.00    0.31
|     ---------------------------------
|     Total                0.00    0.31

|  PME Reciprocal Force CPU Time:
|
|     Routine              Sec        %
|     ---------------------------------
|     1D bspline           0.00    0.00
|     Grid Charges         0.00    0.00
|     Scalar Sum           0.00    0.00
|     Gradient Sum         0.00    0.00
|     FFT                  0.00    0.00
|     ---------------------------------
|     Total                0.00    0.00

|  Final Performance Info:
|     -----------------------------------------------------
|     Average timings for last    3000 steps:
|     Elapsed(s) =       1.53 Per Step(ms) =       0.51
|         ns/day =     675.85   seconds/ns =     127.84
|
|     Average timings for all steps:
|     Elapsed(s) =       1.81 Per Step(ms) =       0.52
|         ns/day =     669.18   seconds/ns =     129.11
|     -----------------------------------------------------

|  Setup CPU time:            0.91 seconds
|  NonSetup CPU time:         1.61 seconds
|  Total CPU time:            2.52 seconds     0.00 hours

|  Setup wall time:           1    seconds
|  NonSetup wall time:        2    seconds
|  Total wall time:           3    seconds     0.00 hours
