
          -------------------------------------------------------
          Amber 20 PMEMD                              2020
          -------------------------------------------------------

| PMEMD implementation of SANDER, Release 18

|  Compiled date/time: Tue Apr 28 10:19:54 2020
| Run on 05/10/2020 at 21:48:42

|   Executable path: pmemd.cuda
| Working directory: /home1/tbaba/centos/BAT.py-master/BAT/fe/pose1/dd/bulk/w00
|          Hostname: tx1

  [-O]verwriting output

File Assignments:
|   MDIN: eqnpt.in                                                              
|  MDOUT: eqnpt02.out                                                           
| INPCRD: eqnpt01.rst7                                                          
|   PARM: full.hmr.prmtop                                                       
| RESTRT: eqnpt02.rst7                                                          
|   REFC: full.inpcrd                                                           
|  MDVEL: mdvel                                                                 
|   MDEN: mden                                                                  
|  MDCRD: traj002.nc                                                            
| MDINFO: mdinfo                                                                
|  MDFRC: mdfrc                                                                 


 Here is the input file:

*******************************************************                        
*****************************       eqnpt.in                                   
*******************************************************                        
Equilibrate, NPT.                                                              
 &cntrl                                                                        
  imin = 0,                                                                    
  ntx = 5,                                                                     
  irest = 1,                                                                   
  ntpr = 500,                                                                  
  ntwr = 500,                                                                  
  ntwx = 500,                                                                  
  ioutfm = 1,                                                                  
  iwrap = 1,                                                                   
  ntf = 2,                                                                     
  ntc = 2,                                                                     
  cut = 9.0,                                                                   
  ntt = 3,                                                                     
  temp0 = 298.15,                                                              
  gamma_ln = 1.0,                                                              
  ig = -1,                                                                     
  ntp = 1,                                                                     
  barostat = 2,                                                                
  nstlim = 3500,                                                               
  dt = 0.004,                                                                  
  nmropt = 1,                                                                  
  pencut = -1,                                                                 
 /                                                                             
 &wt type = 'END', /                                                           
DISANG=disang.rest                                                             
LISTOUT=POUT                                                                   
                                                                               


Note: ig = -1. Setting random seed to   811950 based on wallclock time in 
      microseconds.
| irandom = 1, using AMBER's internal random number generator (default).
 
|--------------------- INFORMATION ----------------------
| GPU (CUDA) Version of PMEMD in use: NVIDIA GPU IN USE.
|                    Version 18.0.0
| 
|                      03/25/2018
| 
| Implementation by:
|                    Ross C. Walker     (SDSC)
|                    Scott Le Grand     (nVIDIA)
| 
| Version 18 performance extensions by:
|                    David Cerutti     (Rutgers)
| 
| Precision model in use:
|      [SPFP] - Single Precision Forces, 64-bit Fixed Point
|               Accumulation. (Default)
| 
|--------------------------------------------------------
 
|----------------- CITATION INFORMATION -----------------
|
|    When publishing work that utilized the CUDA version
|    of AMBER, please cite the following in addition to
|    the regular AMBER citations:
|
|  - Romelia Salomon-Ferrer; Andreas W. Goetz; Duncan
|    Poole; Scott Le Grand; Ross C. Walker "Routine
|    microsecond molecular dynamics simulations with
|    AMBER - Part II: Particle Mesh Ewald", J. Chem.
|    Theory Comput., 2013, 9 (9), pp3878-3888,
|    DOI: 10.1021/ct400314y.
|
|  - Andreas W. Goetz; Mark J. Williamson; Dong Xu;
|    Duncan Poole; Scott Le Grand; Ross C. Walker
|    "Routine microsecond molecular dynamics simulations
|    with AMBER - Part I: Generalized Born", J. Chem.
|    Theory Comput., 2012, 8 (5), pp1542-1555.
|
|  - Scott Le Grand; Andreas W. Goetz; Ross C. Walker
|    "SPFP: Speed without compromise - a mixed precision
|    model for GPU accelerated molecular dynamics
|    simulations.", Comp. Phys. Comm., 2013, 184
|    pp374-380, DOI: 10.1016/j.cpc.2012.09.022
|
|--------------------------------------------------------
 
|------------------- GPU DEVICE INFO --------------------
|
|            CUDA_VISIBLE_DEVICES: 3
|   CUDA Capable Devices Detected:      1
|           CUDA Device ID in use:      0
|                CUDA Device Name: GeForce GTX TITAN X
|     CUDA Device Global Mem Size:  12212 MB
| CUDA Device Num Multiprocessors:     24
|           CUDA Device Core Freq:   1.08 GHz
|
|--------------------------------------------------------
 
 
| Conditional Compilation Defines Used:
| PUBFFT
| BINTRAJ
| CUDA
| EMIL

| Largest sphere to fit in unit cell has radius =    19.298

| New format PARM file being parsed.
| Version =    1.000 Date = 04/28/20 Time = 18:40:20

| Note: 1-4 EEL scale factors are being read from the topology file.

| Note: 1-4 VDW scale factors are being read from the topology file.
| Duplicated    0 dihedrals

| Duplicated    0 dihedrals

--------------------------------------------------------------------------------
   1.  RESOURCE   USE: 
--------------------------------------------------------------------------------

 getting box info from netcdf restart file
 NATOM  =    5646 NTYPES =      11 NBONH =    5614 MBONA  =      17
 NTHETH =      26 MTHETA =      23 NPHIH =      41 MPHIA  =      35
 NHPARM =       0 NPARM  =       0 NNB   =    7625 NRES   =    1884
 NBONA  =      17 NTHETA =      23 NPHIA =      35 NUMBND =      18
 NUMANG =      25 NPTRA  =      11 NATYP =      16 NPHB   =       0
 IFBOX  =       1 NMXRS  =      29 IFCAP =       0 NEXTRA =       0
 NCOPY  =       0

| Coordinate Index Table dimensions:     7    8    8
| Direct force subcell size =     5.5137    5.2563    5.3220

     BOX TYPE: RECTILINEAR

--------------------------------------------------------------------------------
   2.  CONTROL  DATA  FOR  THE  RUN
--------------------------------------------------------------------------------

default_name                                                                    

General flags:
     imin    =       0, nmropt  =       1

Nature and format of input:
     ntx     =       5, irest   =       1, ntrx    =       1

Nature and format of output:
     ntxo    =       2, ntpr    =     500, ntrx    =       1, ntwr    =     500
     iwrap   =       1, ntwx    =     500, ntwv    =       0, ntwe    =       0
     ioutfm  =       1, ntwprt  =       0, idecomp =       0, rbornstat=      0

Potential function:
     ntf     =       2, ntb     =       2, igb     =       0, nsnb    =      25
     ipol    =       0, gbsa    =       0, iesp    =       0
     dielc   =   1.00000, cut     =   9.00000, intdiel =   1.00000

Frozen or restrained atoms:
     ibelly  =       0, ntr     =       0

Molecular dynamics:
     nstlim  =      3500, nscm    =      1000, nrespa  =         1
     t       =   0.00000, dt      =   0.00400, vlimit  =  -1.00000

Langevin dynamics temperature regulation:
     ig      =  811950
     temp0   = 298.15000, tempi   =   0.00000, gamma_ln=   1.00000

Pressure regulation:
     ntp     =       1
     pres0   =   1.00000, comp    =  44.60000, taup    =   1.00000
     Monte-Carlo Barostat:
     mcbarint  =     100

SHAKE:
     ntc     =       2, jfastw  =       0
     tol     =   0.00001

NMR refinement options:
     iscale  =       0, noeskp  =       1, ipnlty  =       1, mxsub   =       1
     scalm   = 100.00000, pencut  =  -1.00000, tausw   =   0.10000

| Intermolecular bonds treatment:
|     no_intermolecular_bonds =       1

| Energy averages sample interval:
|     ene_avg_sampling =     500

Ewald parameters:
     verbose =       0, ew_type =       0, nbflag  =       1, use_pme =       1
     vdwmeth =       1, eedmeth =       1, netfrc  =       1
     Box X =   38.596   Box Y =   42.050   Box Z =   42.576
     Alpha =   90.000   Beta  =   90.000   Gamma =   90.000
     NFFT1 =   40       NFFT2 =   48       NFFT3 =   48
     Cutoff=    9.000   Tol   =0.100E-04
     Ewald Coefficient =  0.30768
     Interpolation order =    4
| MONTE CARLO BAROSTAT IMPORTANT NOTE:
|   The Monte-Carlo barostat does not require the virial to adjust the system volume.
|   Since it is an expensive calculation, it is skipped for efficiency. A side-effect
|   is that the reported pressure is always 0 because it is not calculated.

--------------------------------------------------------------------------------
   3.  ATOMIC COORDINATES AND VELOCITIES
--------------------------------------------------------------------------------

default_name                                                                    
 begin time read from input coords =   130.000 ps



           Begin reading energy term weight changes/NMR restraints
 WEIGHT CHANGES:
                         ** No weight changes given **

 RESTRAINTS:
 Requested file redirections:
  DISANG    = disang.rest
  LISTOUT   = POUT
 Restraints will be read from file: disang.rest
Here are comments from the DISANG input file:
# Anchor atoms  :58@CA  :79@CA  :105@CA  :1@C3  :1@C9  :1@C11  stage = fe  weigh

                       Number of restraints read =    17

                  Done reading weight changes/NMR restraints


 
 Number of triangulated 3-point waters found:     1867

     Sum of charges from parm topology file =  -0.00000100
     Forcing neutrality...

| Dynamic Memory, Types Used:
| Reals              353455
| Integers           159084

| Nonbonded Pairs Initial Allocation:     1287288

| GPU memory information (estimate):
| KB of GPU memory in use:     40460
| KB of CPU memory in use:     10868

--------------------------------------------------------------------------------
   4.  RESULTS
--------------------------------------------------------------------------------


 NSTEP =      500   TIME(PS) =     132.000  TEMP(K) =   290.36  PRESS =     0.0
 Etot   =    -15572.9028  EKtot   =      3266.9307  EPtot      =    -18839.8335
 BOND   =         6.8509  ANGLE   =        13.8881  DIHED      =        13.4937
 1-4 NB =         9.8104  1-4 EEL =        34.9394  VDWAALS    =      2590.9609
 EELEC  =    -21513.6865  EHBOND  =         0.0000  RESTRAINT  =         3.9096
 EAMBER (non-restraint)  =    -18843.7431
 EKCMT  =         0.0000  VIRIAL  =         0.0000  VOLUME     =     68649.8090
                                                    Density    =         0.8301
 ------------------------------------------------------------------------------

 NMR restraints: Bond =    0.859   Angle =     0.000   Torsion =     3.051
===============================================================================

 NSTEP =     1000   TIME(PS) =     134.000  TEMP(K) =   297.72  PRESS =     0.0
 Etot   =    -15518.7580  EKtot   =      3349.7744  EPtot      =    -18868.5324
 BOND   =        12.3903  ANGLE   =        15.3465  DIHED      =        12.1786
 1-4 NB =        12.6230  1-4 EEL =        34.4049  VDWAALS    =      2769.7272
 EELEC  =    -21727.8938  EHBOND  =         0.0000  RESTRAINT  =         2.6910
 EAMBER (non-restraint)  =    -18871.2234
 EKCMT  =         0.0000  VIRIAL  =         0.0000  VOLUME     =     68410.6071
                                                    Density    =         0.8330
 ------------------------------------------------------------------------------

 NMR restraints: Bond =    0.106   Angle =     0.000   Torsion =     2.585
===============================================================================

 NSTEP =     1500   TIME(PS) =     136.000  TEMP(K) =   289.18  PRESS =     0.0
 Etot   =    -15636.9073  EKtot   =      3253.7095  EPtot      =    -18890.6168
 BOND   =         5.6551  ANGLE   =         9.7761  DIHED      =         8.3094
 1-4 NB =        11.0776  1-4 EEL =        36.3830  VDWAALS    =      2848.3561
 EELEC  =    -21813.2037  EHBOND  =         0.0000  RESTRAINT  =         3.0297
 EAMBER (non-restraint)  =    -18893.6464
 EKCMT  =         0.0000  VIRIAL  =         0.0000  VOLUME     =     66968.5445
                                                    Density    =         0.8510
 ------------------------------------------------------------------------------

 NMR restraints: Bond =    0.158   Angle =     0.000   Torsion =     2.872
===============================================================================

 NSTEP =     2000   TIME(PS) =     138.000  TEMP(K) =   298.27  PRESS =     0.0
 Etot   =    -15486.5504  EKtot   =      3355.9517  EPtot      =    -18842.5021
 BOND   =         7.5550  ANGLE   =        10.9274  DIHED      =         7.7352
 1-4 NB =         9.3527  1-4 EEL =        37.2815  VDWAALS    =      2667.7287
 EELEC  =    -21589.2250  EHBOND  =         0.0000  RESTRAINT  =         6.1423
 EAMBER (non-restraint)  =    -18848.6444
 EKCMT  =         0.0000  VIRIAL  =         0.0000  VOLUME     =     66812.0651
                                                    Density    =         0.8530
 ------------------------------------------------------------------------------

 NMR restraints: Bond =    0.049   Angle =     0.000   Torsion =     6.093
===============================================================================

 NSTEP =     2500   TIME(PS) =     140.000  TEMP(K) =   302.01  PRESS =     0.0
 Etot   =    -15531.4452  EKtot   =      3398.0588  EPtot      =    -18929.5040
 BOND   =         9.1675  ANGLE   =         7.5976  DIHED      =        10.2214
 1-4 NB =        10.9405  1-4 EEL =        38.4479  VDWAALS    =      2844.5469
 EELEC  =    -21854.0977  EHBOND  =         0.0000  RESTRAINT  =         3.6717
 EAMBER (non-restraint)  =    -18933.1757
 EKCMT  =         0.0000  VIRIAL  =         0.0000  VOLUME     =     65090.4250
                                                    Density    =         0.8755
 ------------------------------------------------------------------------------

 NMR restraints: Bond =    0.122   Angle =     0.000   Torsion =     3.549
===============================================================================

 NSTEP =     3000   TIME(PS) =     142.000  TEMP(K) =   294.07  PRESS =     0.0
 Etot   =    -15684.7299  EKtot   =      3308.7271  EPtot      =    -18993.4569
 BOND   =         3.8606  ANGLE   =        10.6014  DIHED      =         9.5579
 1-4 NB =        10.7847  1-4 EEL =        37.3084  VDWAALS    =      2735.2801
 EELEC  =    -21806.8778  EHBOND  =         0.0000  RESTRAINT  =         6.0277
 EAMBER (non-restraint)  =    -18999.4847
 EKCMT  =         0.0000  VIRIAL  =         0.0000  VOLUME     =     64195.0707
                                                    Density    =         0.8877
 ------------------------------------------------------------------------------

 NMR restraints: Bond =    0.210   Angle =     0.000   Torsion =     5.818
===============================================================================

 NSTEP =     3500   TIME(PS) =     144.000  TEMP(K) =   301.88  PRESS =     0.0
 Etot   =    -15612.4500  EKtot   =      3396.6187  EPtot      =    -19009.0686
 BOND   =         7.3372  ANGLE   =        15.0344  DIHED      =        14.5682
 1-4 NB =        11.0817  1-4 EEL =        35.0263  VDWAALS    =      2679.8447
 EELEC  =    -21775.2416  EHBOND  =         0.0000  RESTRAINT  =         3.2806
 EAMBER (non-restraint)  =    -19012.3492
 EKCMT  =         0.0000  VIRIAL  =         0.0000  VOLUME     =     63557.5055
                                                    Density    =         0.8966
 ------------------------------------------------------------------------------

 NMR restraints: Bond =    0.059   Angle =     0.000   Torsion =     3.222
===============================================================================

      A V E R A G E S   O V E R       7 S T E P S


 NSTEP =     3500   TIME(PS) =     144.000  TEMP(K) =   296.21  PRESS =     0.0
 Etot   =    -15577.6776  EKtot   =      3332.8244  EPtot      =    -18910.5020
 BOND   =         7.5452  ANGLE   =        11.8817  DIHED      =        10.8664
 1-4 NB =        10.8101  1-4 EEL =        36.2559  VDWAALS    =      2733.7778
 EELEC  =    -21725.7466  EHBOND  =         0.0000  RESTRAINT  =         4.1075
 EAMBER (non-restraint)  =    -18914.6096
 EKCMT  =         0.0000  VIRIAL  =         0.0000  VOLUME     =     66240.5752
                                                    Density    =         0.8610
 ------------------------------------------------------------------------------

 NMR restraints: Bond =    0.059   Angle =     0.000   Torsion =     3.222
===============================================================================

      R M S  F L U C T U A T I O N S


 NSTEP =     3500   TIME(PS) =     144.000  TEMP(K) =     4.79  PRESS =     0.0
 Etot   =        65.5890  EKtot   =        53.8904  EPtot      =        64.0679
 BOND   =         2.5009  ANGLE   =         2.7073  DIHED      =         2.4142
 1-4 NB =         0.9690  1-4 EEL =         1.3965  VDWAALS    =        88.1237
 EELEC  =       117.5749  EHBOND  =         0.0000  RESTRAINT  =         1.3043
 EAMBER (non-restraint)  =        62.7636
 EKCMT  =         0.0000  VIRIAL  =         0.0000  VOLUME     =      1854.5613
                                                    Density    =         0.0242
 ------------------------------------------------------------------------------


 NMR restraints on final step:

 ------------------------------------------------------------------------------


 Final Restraint Analysis for coords: eqnpt02.rst7                            


 Restraints, deviations, and energy contributions:    pencut =   -1.00

 ------------------------------------------------------------------------------
     First atom        Last atom    curr. value target deviation  penalty
 ------------------------------------------------------------------------------
  C3   LIG    1 --  C9   LIG    1:    6.359    6.392    0.033    0.005 d    0: 0
  C9   LIG    1 --  C11  LIG    1:    6.380    6.364    0.016    0.001 d    0: 0
  C11  LIG    1 --  C3   LIG    1:    6.607    6.535    0.072    0.026 d    0: 0
  C10  LIG    1 --  C9   LIG    1:   -3.797   -4.102    0.305    0.002 t
  C5   LIG    1 --  C6   LIG    1:  173.846  174.162    0.315    0.002 t
  C8   LIG    1 --  C9   LIG    1:   -8.462   -8.316    0.146    0.000 t
  C7   LIG    1 --  C8   LIG    1:   11.749    9.382    2.367    0.119 t
  C6   LIG    1 --  C7   LIG    1:   -2.687    1.647    4.334    0.400 t
  C    LIG    1 --  N2   LIG    1:  159.437  155.656    3.780    0.305 t
  C5   LIG    1 --  C10  LIG    1: -170.176 -172.471    2.295    0.112 t
  C    LIG    1 --  C1   LIG    1:   10.968   16.096    5.128    0.561 t
  N    LIG    1 --  N1   LIG    1:   -3.630   -2.975    0.655    0.009 t
  C    LIG    1 --  C4   LIG    1:  176.566  172.131    4.435    0.419 t
  C2   LIG    1 --  N    LIG    1:  175.190  173.910    1.281    0.035 t
  C1   LIG    1 --  C2   LIG    1:  174.799  173.252    1.547    0.051 t
  C4   LIG    1 --  N1   LIG    1:    5.317    5.550    0.233    0.001 t
  C4   LIG    1 --  C5   LIG    1:  137.305  135.268    2.037    0.088 t
                                       Total distance penalty:      0.033
                                       Total torsion  penalty:      2.107
 ------------------------------------------------------------------------------
| MC Barostat:         35 volume changes attempted.
| MC Barostat:         19 changes successful ( 54.29%)
 ------------------------------------------------------------------------------

--------------------------------------------------------------------------------
   5.  TIMINGS
--------------------------------------------------------------------------------

|  NonSetup CPU Time in Major Routines:
|
|     Routine           Sec        %
|     ------------------------------
|     Nonbond           0.42   27.76
|     Bond              0.00    0.00
|     Angle             0.00    0.00
|     Dihedral          0.00    0.00
|     Shake             0.01    0.72
|     RunMD             1.07   70.66
|     Other             0.01    0.86
|     ------------------------------
|     Total             1.52

|  PME Nonbond Pairlist CPU Time:
|
|     Routine              Sec        %
|     ---------------------------------
|     Set Up Cit           0.00    0.00
|     Build List           0.00    0.00
|     ---------------------------------
|     Total                0.00    0.00

|  PME Direct Force CPU Time:
|
|     Routine              Sec        %
|     ---------------------------------
|     NonBonded Calc       0.00    0.00
|     Exclude Masked       0.00    0.00
|     Other                0.00    0.07
|     ---------------------------------
|     Total                0.00    0.07

|  PME Reciprocal Force CPU Time:
|
|     Routine              Sec        %
|     ---------------------------------
|     1D bspline           0.00    0.00
|     Grid Charges         0.00    0.00
|     Scalar Sum           0.00    0.00
|     Gradient Sum         0.00    0.00
|     FFT                  0.00    0.00
|     ---------------------------------
|     Total                0.00    0.00

|  Final Performance Info:
|     -----------------------------------------------------
|     Average timings for last    3000 steps:
|     Elapsed(s) =       1.49 Per Step(ms) =       0.50
|         ns/day =     697.52   seconds/ns =     123.87
|
|     Average timings for all steps:
|     Elapsed(s) =       1.74 Per Step(ms) =       0.50
|         ns/day =     694.67   seconds/ns =     124.38
|     -----------------------------------------------------

|  Setup CPU time:            0.79 seconds
|  NonSetup CPU time:         1.52 seconds
|  Total CPU time:            2.31 seconds     0.00 hours

|  Setup wall time:           1    seconds
|  NonSetup wall time:        1    seconds
|  Total wall time:           2    seconds     0.00 hours
