
          -------------------------------------------------------
          Amber 20 PMEMD                              2020
          -------------------------------------------------------

| PMEMD implementation of SANDER, Release 18

|  Compiled date/time: Tue Apr 28 10:19:54 2020
| Run on 05/10/2020 at 21:48:37

|   Executable path: pmemd.cuda
| Working directory: /home1/tbaba/centos/BAT.py-master/BAT/fe/pose1/dd/bulk/w00
|          Hostname: tx1

  [-O]verwriting output

File Assignments:
|   MDIN: eqnpt.in                                                              
|  MDOUT: eqnpt.out                                                             
| INPCRD: therm2.rst7                                                           
|   PARM: full.hmr.prmtop                                                       
| RESTRT: eqnpt.rst7                                                            
|   REFC: full.inpcrd                                                           
|  MDVEL: mdvel                                                                 
|   MDEN: mden                                                                  
|  MDCRD: traj000.nc                                                            
| MDINFO: mdinfo                                                                
|  MDFRC: mdfrc                                                                 


 Here is the input file:

*******************************************************                        
*****************************       eqnpt.in                                   
*******************************************************                        
Equilibrate, NPT.                                                              
 &cntrl                                                                        
  imin = 0,                                                                    
  ntx = 5,                                                                     
  irest = 1,                                                                   
  ntpr = 500,                                                                  
  ntwr = 500,                                                                  
  ntwx = 500,                                                                  
  ioutfm = 1,                                                                  
  iwrap = 1,                                                                   
  ntf = 2,                                                                     
  ntc = 2,                                                                     
  cut = 9.0,                                                                   
  ntt = 3,                                                                     
  temp0 = 298.15,                                                              
  gamma_ln = 1.0,                                                              
  ig = -1,                                                                     
  ntp = 1,                                                                     
  barostat = 2,                                                                
  nstlim = 3500,                                                               
  dt = 0.004,                                                                  
  nmropt = 1,                                                                  
  pencut = -1,                                                                 
 /                                                                             
 &wt type = 'END', /                                                           
DISANG=disang.rest                                                             
LISTOUT=POUT                                                                   
                                                                               


Note: ig = -1. Setting random seed to   282073 based on wallclock time in 
      microseconds.
| irandom = 1, using AMBER's internal random number generator (default).
 
|--------------------- INFORMATION ----------------------
| GPU (CUDA) Version of PMEMD in use: NVIDIA GPU IN USE.
|                    Version 18.0.0
| 
|                      03/25/2018
| 
| Implementation by:
|                    Ross C. Walker     (SDSC)
|                    Scott Le Grand     (nVIDIA)
| 
| Version 18 performance extensions by:
|                    David Cerutti     (Rutgers)
| 
| Precision model in use:
|      [SPFP] - Single Precision Forces, 64-bit Fixed Point
|               Accumulation. (Default)
| 
|--------------------------------------------------------
 
|----------------- CITATION INFORMATION -----------------
|
|    When publishing work that utilized the CUDA version
|    of AMBER, please cite the following in addition to
|    the regular AMBER citations:
|
|  - Romelia Salomon-Ferrer; Andreas W. Goetz; Duncan
|    Poole; Scott Le Grand; Ross C. Walker "Routine
|    microsecond molecular dynamics simulations with
|    AMBER - Part II: Particle Mesh Ewald", J. Chem.
|    Theory Comput., 2013, 9 (9), pp3878-3888,
|    DOI: 10.1021/ct400314y.
|
|  - Andreas W. Goetz; Mark J. Williamson; Dong Xu;
|    Duncan Poole; Scott Le Grand; Ross C. Walker
|    "Routine microsecond molecular dynamics simulations
|    with AMBER - Part I: Generalized Born", J. Chem.
|    Theory Comput., 2012, 8 (5), pp1542-1555.
|
|  - Scott Le Grand; Andreas W. Goetz; Ross C. Walker
|    "SPFP: Speed without compromise - a mixed precision
|    model for GPU accelerated molecular dynamics
|    simulations.", Comp. Phys. Comm., 2013, 184
|    pp374-380, DOI: 10.1016/j.cpc.2012.09.022
|
|--------------------------------------------------------
 
|------------------- GPU DEVICE INFO --------------------
|
|            CUDA_VISIBLE_DEVICES: 3
|   CUDA Capable Devices Detected:      1
|           CUDA Device ID in use:      0
|                CUDA Device Name: GeForce GTX TITAN X
|     CUDA Device Global Mem Size:  12212 MB
| CUDA Device Num Multiprocessors:     24
|           CUDA Device Core Freq:   1.08 GHz
|
|--------------------------------------------------------
 
 
| Conditional Compilation Defines Used:
| PUBFFT
| BINTRAJ
| CUDA
| EMIL

| Largest sphere to fit in unit cell has radius =    20.088

| New format PARM file being parsed.
| Version =    1.000 Date = 04/28/20 Time = 18:40:20

| Note: 1-4 EEL scale factors are being read from the topology file.

| Note: 1-4 VDW scale factors are being read from the topology file.
| Duplicated    0 dihedrals

| Duplicated    0 dihedrals

--------------------------------------------------------------------------------
   1.  RESOURCE   USE: 
--------------------------------------------------------------------------------

 getting box info from netcdf restart file
 NATOM  =    5646 NTYPES =      11 NBONH =    5614 MBONA  =      17
 NTHETH =      26 MTHETA =      23 NPHIH =      41 MPHIA  =      35
 NHPARM =       0 NPARM  =       0 NNB   =    7625 NRES   =    1884
 NBONA  =      17 NTHETA =      23 NPHIA =      35 NUMBND =      18
 NUMANG =      25 NPTRA  =      11 NATYP =      16 NPHB   =       0
 IFBOX  =       1 NMXRS  =      29 IFCAP =       0 NEXTRA =       0
 NCOPY  =       0

| Coordinate Index Table dimensions:     8    8    8
| Direct force subcell size =     5.0220    5.4715    5.5398

     BOX TYPE: RECTILINEAR

--------------------------------------------------------------------------------
   2.  CONTROL  DATA  FOR  THE  RUN
--------------------------------------------------------------------------------

default_name                                                                    

General flags:
     imin    =       0, nmropt  =       1

Nature and format of input:
     ntx     =       5, irest   =       1, ntrx    =       1

Nature and format of output:
     ntxo    =       2, ntpr    =     500, ntrx    =       1, ntwr    =     500
     iwrap   =       1, ntwx    =     500, ntwv    =       0, ntwe    =       0
     ioutfm  =       1, ntwprt  =       0, idecomp =       0, rbornstat=      0

Potential function:
     ntf     =       2, ntb     =       2, igb     =       0, nsnb    =      25
     ipol    =       0, gbsa    =       0, iesp    =       0
     dielc   =   1.00000, cut     =   9.00000, intdiel =   1.00000

Frozen or restrained atoms:
     ibelly  =       0, ntr     =       0

Molecular dynamics:
     nstlim  =      3500, nscm    =      1000, nrespa  =         1
     t       =   0.00000, dt      =   0.00400, vlimit  =  -1.00000

Langevin dynamics temperature regulation:
     ig      =  282073
     temp0   = 298.15000, tempi   =   0.00000, gamma_ln=   1.00000

Pressure regulation:
     ntp     =       1
     pres0   =   1.00000, comp    =  44.60000, taup    =   1.00000
     Monte-Carlo Barostat:
     mcbarint  =     100

SHAKE:
     ntc     =       2, jfastw  =       0
     tol     =   0.00001

NMR refinement options:
     iscale  =       0, noeskp  =       1, ipnlty  =       1, mxsub   =       1
     scalm   = 100.00000, pencut  =  -1.00000, tausw   =   0.10000

| Intermolecular bonds treatment:
|     no_intermolecular_bonds =       1

| Energy averages sample interval:
|     ene_avg_sampling =     500

Ewald parameters:
     verbose =       0, ew_type =       0, nbflag  =       1, use_pme =       1
     vdwmeth =       1, eedmeth =       1, netfrc  =       1
     Box X =   40.176   Box Y =   43.772   Box Z =   44.319
     Alpha =   90.000   Beta  =   90.000   Gamma =   90.000
     NFFT1 =   48       NFFT2 =   48       NFFT3 =   48
     Cutoff=    9.000   Tol   =0.100E-04
     Ewald Coefficient =  0.30768
     Interpolation order =    4
| MONTE CARLO BAROSTAT IMPORTANT NOTE:
|   The Monte-Carlo barostat does not require the virial to adjust the system volume.
|   Since it is an expensive calculation, it is skipped for efficiency. A side-effect
|   is that the reported pressure is always 0 because it is not calculated.

--------------------------------------------------------------------------------
   3.  ATOMIC COORDINATES AND VELOCITIES
--------------------------------------------------------------------------------

default_name                                                                    
 begin time read from input coords =   102.000 ps



           Begin reading energy term weight changes/NMR restraints
 WEIGHT CHANGES:
                         ** No weight changes given **

 RESTRAINTS:
 Requested file redirections:
  DISANG    = disang.rest
  LISTOUT   = POUT
 Restraints will be read from file: disang.rest
Here are comments from the DISANG input file:
# Anchor atoms  :58@CA  :79@CA  :105@CA  :1@C3  :1@C9  :1@C11  stage = fe  weigh

                       Number of restraints read =    17

                  Done reading weight changes/NMR restraints


 
 Number of triangulated 3-point waters found:     1867

     Sum of charges from parm topology file =  -0.00000100
     Forcing neutrality...

| Dynamic Memory, Types Used:
| Reals              353471
| Integers           159084

| Nonbonded Pairs Initial Allocation:     1287288

| GPU memory information (estimate):
| KB of GPU memory in use:     39090
| KB of CPU memory in use:     11346

--------------------------------------------------------------------------------
   4.  RESULTS
--------------------------------------------------------------------------------


 NSTEP =      500   TIME(PS) =     104.000  TEMP(K) =   301.60  PRESS =     0.0
 Etot   =    -15260.7716  EKtot   =      3393.4482  EPtot      =    -18654.2198
 BOND   =         6.9320  ANGLE   =        12.3459  DIHED      =         7.4543
 1-4 NB =        11.4964  1-4 EEL =        34.4362  VDWAALS    =      2822.9044
 EELEC  =    -21554.4529  EHBOND  =         0.0000  RESTRAINT  =         4.6639
 EAMBER (non-restraint)  =    -18658.8837
 EKCMT  =         0.0000  VIRIAL  =         0.0000  VOLUME     =     77460.0085
                                                    Density    =         0.7357
 ------------------------------------------------------------------------------

 NMR restraints: Bond =    0.309   Angle =     0.000   Torsion =     4.355
===============================================================================

 NSTEP =     1000   TIME(PS) =     106.000  TEMP(K) =   306.82  PRESS =     0.0
 Etot   =    -15278.6837  EKtot   =      3452.1338  EPtot      =    -18730.8175
 BOND   =         8.9699  ANGLE   =        17.3287  DIHED      =        11.0743
 1-4 NB =         9.5491  1-4 EEL =        36.4506  VDWAALS    =      2719.0124
 EELEC  =    -21536.5335  EHBOND  =         0.0000  RESTRAINT  =         3.3310
 EAMBER (non-restraint)  =    -18734.1485
 EKCMT  =         0.0000  VIRIAL  =         0.0000  VOLUME     =     77789.8979
                                                    Density    =         0.7326
 ------------------------------------------------------------------------------

 NMR restraints: Bond =    0.259   Angle =     0.000   Torsion =     3.072
===============================================================================

 NSTEP =     1500   TIME(PS) =     108.000  TEMP(K) =   302.70  PRESS =     0.0
 Etot   =    -15261.9912  EKtot   =      3405.8115  EPtot      =    -18667.8027
 BOND   =        10.1975  ANGLE   =        18.9246  DIHED      =         7.9487
 1-4 NB =        10.9271  1-4 EEL =        36.0853  VDWAALS    =      2605.9340
 EELEC  =    -21361.7211  EHBOND  =         0.0000  RESTRAINT  =         3.9012
 EAMBER (non-restraint)  =    -18671.7039
 EKCMT  =         0.0000  VIRIAL  =         0.0000  VOLUME     =     77020.5295
                                                    Density    =         0.7399
 ------------------------------------------------------------------------------

 NMR restraints: Bond =    0.375   Angle =     0.000   Torsion =     3.526
===============================================================================

 NSTEP =     2000   TIME(PS) =     110.000  TEMP(K) =   304.44  PRESS =     0.0
 Etot   =    -15357.6321  EKtot   =      3425.4038  EPtot      =    -18783.0359
 BOND   =         8.9820  ANGLE   =        11.3487  DIHED      =         9.6770
 1-4 NB =        10.9112  1-4 EEL =        35.1990  VDWAALS    =      2855.1566
 EELEC  =    -21718.2920  EHBOND  =         0.0000  RESTRAINT  =         3.9815
 EAMBER (non-restraint)  =    -18787.0175
 EKCMT  =         0.0000  VIRIAL  =         0.0000  VOLUME     =     75763.1386
                                                    Density    =         0.7522
 ------------------------------------------------------------------------------

 NMR restraints: Bond =    0.371   Angle =     0.000   Torsion =     3.611
===============================================================================

 NSTEP =     2500   TIME(PS) =     112.000  TEMP(K) =   298.57  PRESS =     0.0
 Etot   =    -15444.3568  EKtot   =      3359.3450  EPtot      =    -18803.7018
 BOND   =         7.7417  ANGLE   =        11.9848  DIHED      =        10.9871
 1-4 NB =        11.1240  1-4 EEL =        34.5392  VDWAALS    =      2584.2807
 EELEC  =    -21466.8031  EHBOND  =         0.0000  RESTRAINT  =         2.4438
 EAMBER (non-restraint)  =    -18806.1456
 EKCMT  =         0.0000  VIRIAL  =         0.0000  VOLUME     =     74832.5549
                                                    Density    =         0.7615
 ------------------------------------------------------------------------------

 NMR restraints: Bond =    0.041   Angle =     0.000   Torsion =     2.403
===============================================================================

 NSTEP =     3000   TIME(PS) =     114.000  TEMP(K) =   299.13  PRESS =     0.0
 Etot   =    -15343.5279  EKtot   =      3365.6443  EPtot      =    -18709.1722
 BOND   =         6.1014  ANGLE   =        11.7141  DIHED      =         8.2822
 1-4 NB =        11.4330  1-4 EEL =        37.8500  VDWAALS    =      2696.0407
 EELEC  =    -21484.4889  EHBOND  =         0.0000  RESTRAINT  =         3.8953
 EAMBER (non-restraint)  =    -18713.0676
 EKCMT  =         0.0000  VIRIAL  =         0.0000  VOLUME     =     74181.1592
                                                    Density    =         0.7682
 ------------------------------------------------------------------------------

 NMR restraints: Bond =    0.381   Angle =     0.000   Torsion =     3.514
===============================================================================

 NSTEP =     3500   TIME(PS) =     116.000  TEMP(K) =   300.74  PRESS =     0.0
 Etot   =    -15486.1870  EKtot   =      3383.7759  EPtot      =    -18869.9628
 BOND   =         9.5846  ANGLE   =        12.5228  DIHED      =         9.6991
 1-4 NB =        10.3503  1-4 EEL =        34.1131  VDWAALS    =      2934.9255
 EELEC  =    -21886.7887  EHBOND  =         0.0000  RESTRAINT  =         5.6305
 EAMBER (non-restraint)  =    -18875.5933
 EKCMT  =         0.0000  VIRIAL  =         0.0000  VOLUME     =     73641.0583
                                                    Density    =         0.7739
 ------------------------------------------------------------------------------

 NMR restraints: Bond =    0.451   Angle =     0.000   Torsion =     5.180
===============================================================================

      A V E R A G E S   O V E R       7 S T E P S


 NSTEP =     3500   TIME(PS) =     116.000  TEMP(K) =   302.00  PRESS =     0.0
 Etot   =    -15347.5929  EKtot   =      3397.9375  EPtot      =    -18745.5304
 BOND   =         8.3584  ANGLE   =        13.7385  DIHED      =         9.3033
 1-4 NB =        10.8273  1-4 EEL =        35.5248  VDWAALS    =      2745.4649
 EELEC  =    -21572.7258  EHBOND  =         0.0000  RESTRAINT  =         3.9782
 EAMBER (non-restraint)  =    -18749.5086
 EKCMT  =         0.0000  VIRIAL  =         0.0000  VOLUME     =     75812.6210
                                                    Density    =         0.7520
 ------------------------------------------------------------------------------

 NMR restraints: Bond =    0.451   Angle =     0.000   Torsion =     5.180
===============================================================================

      R M S  F L U C T U A T I O N S


 NSTEP =     3500   TIME(PS) =     116.000  TEMP(K) =     2.71  PRESS =     0.0
 Etot   =        83.0688  EKtot   =        30.4879  EPtot      =        71.9043
 BOND   =         1.3710  ANGLE   =         2.8306  DIHED      =         1.3398
 1-4 NB =         0.6303  1-4 EEL =         1.2440  VDWAALS    =       121.0172
 EELEC  =       162.5674  EHBOND  =         0.0000  RESTRAINT  =         0.9248
 EAMBER (non-restraint)  =        70.9796
 EKCMT  =         0.0000  VIRIAL  =         0.0000  VOLUME     =      1531.7069
                                                    Density    =         0.0152
 ------------------------------------------------------------------------------


 NMR restraints on final step:

 ------------------------------------------------------------------------------


 Final Restraint Analysis for coords: eqnpt.rst7                              


 Restraints, deviations, and energy contributions:    pencut =   -1.00

 ------------------------------------------------------------------------------
     First atom        Last atom    curr. value target deviation  penalty
 ------------------------------------------------------------------------------
  C3   LIG    1 --  C9   LIG    1:    6.624    6.392    0.232    0.270 d    0: 0
  C9   LIG    1 --  C11  LIG    1:    6.297    6.364    0.067    0.022 d    0: 0
  C11  LIG    1 --  C3   LIG    1:    6.675    6.535    0.140    0.097 d    0: 0
  C10  LIG    1 --  C9   LIG    1:    3.665   -4.102    7.767    1.286 t
  C5   LIG    1 --  C6   LIG    1:  174.980  174.162    0.819    0.014 t
  C8   LIG    1 --  C9   LIG    1:  -10.446   -8.316    2.130    0.097 t
  C7   LIG    1 --  C8   LIG    1:    7.542    9.382    1.839    0.072 t
  C6   LIG    1 --  C7   LIG    1:    2.753    1.647    1.107    0.026 t
  C    LIG    1 --  N2   LIG    1:  158.259  155.656    2.602    0.144 t
  C5   LIG    1 --  C10  LIG    1: -177.977 -172.471    5.506    0.646 t
  C    LIG    1 --  C1   LIG    1:   13.937   16.096    2.159    0.099 t
  N    LIG    1 --  N1   LIG    1:    4.712   -2.975    7.687    1.260 t
  C    LIG    1 --  C4   LIG    1:  174.749  172.131    2.619    0.146 t
  C2   LIG    1 --  N    LIG    1:  182.370  173.910    8.460    1.526 t
  C1   LIG    1 --  C2   LIG    1:  172.515  173.252    0.737    0.012 t
  C4   LIG    1 --  N1   LIG    1:   -0.631    5.550    6.181    0.815 t
  C4   LIG    1 --  C5   LIG    1:  131.699  135.268    3.569    0.272 t
                                       Total distance penalty:      0.389
                                       Total torsion  penalty:      6.416
 ------------------------------------------------------------------------------
| MC Barostat:         35 volume changes attempted.
| MC Barostat:         18 changes successful ( 51.43%)
 ------------------------------------------------------------------------------

--------------------------------------------------------------------------------
   5.  TIMINGS
--------------------------------------------------------------------------------

|  NonSetup CPU Time in Major Routines:
|
|     Routine           Sec        %
|     ------------------------------
|     Nonbond           0.49   30.73
|     Bond              0.00    0.00
|     Angle             0.00    0.00
|     Dihedral          0.00    0.00
|     Shake             0.01    0.74
|     RunMD             1.08   67.29
|     Other             0.02    1.24
|     ------------------------------
|     Total             1.61

|  PME Nonbond Pairlist CPU Time:
|
|     Routine              Sec        %
|     ---------------------------------
|     Set Up Cit           0.00    0.00
|     Build List           0.00    0.00
|     ---------------------------------
|     Total                0.00    0.00

|  PME Direct Force CPU Time:
|
|     Routine              Sec        %
|     ---------------------------------
|     NonBonded Calc       0.00    0.00
|     Exclude Masked       0.00    0.00
|     Other                0.01    0.31
|     ---------------------------------
|     Total                0.01    0.31

|  PME Reciprocal Force CPU Time:
|
|     Routine              Sec        %
|     ---------------------------------
|     1D bspline           0.00    0.00
|     Grid Charges         0.00    0.00
|     Scalar Sum           0.00    0.00
|     Gradient Sum         0.00    0.00
|     FFT                  0.00    0.00
|     ---------------------------------
|     Total                0.00    0.00

|  Final Performance Info:
|     -----------------------------------------------------
|     Average timings for last    3000 steps:
|     Elapsed(s) =       1.59 Per Step(ms) =       0.53
|         ns/day =     653.61   seconds/ns =     132.19
|
|     Average timings for all steps:
|     Elapsed(s) =       1.87 Per Step(ms) =       0.53
|         ns/day =     648.19   seconds/ns =     133.29
|     -----------------------------------------------------

|  Setup CPU time:            0.75 seconds
|  NonSetup CPU time:         1.61 seconds
|  Total CPU time:            2.36 seconds     0.00 hours

|  Setup wall time:           1    seconds
|  NonSetup wall time:        2    seconds
|  Total wall time:           3    seconds     0.00 hours
