
          -------------------------------------------------------
          Amber 20 PMEMD                              2020
          -------------------------------------------------------

| PMEMD implementation of SANDER, Release 18

|  Compiled date/time: Tue Apr 28 10:19:54 2020
| Run on 05/10/2020 at 21:48:40

|   Executable path: pmemd.cuda
| Working directory: /home1/tbaba/centos/BAT.py-master/BAT/fe/pose1/dd/bulk/w00
|          Hostname: tx1

  [-O]verwriting output

File Assignments:
|   MDIN: eqnpt.in                                                              
|  MDOUT: eqnpt01.out                                                           
| INPCRD: eqnpt.rst7                                                            
|   PARM: full.hmr.prmtop                                                       
| RESTRT: eqnpt01.rst7                                                          
|   REFC: full.inpcrd                                                           
|  MDVEL: mdvel                                                                 
|   MDEN: mden                                                                  
|  MDCRD: traj001.nc                                                            
| MDINFO: mdinfo                                                                
|  MDFRC: mdfrc                                                                 


 Here is the input file:

*******************************************************                        
*****************************       eqnpt.in                                   
*******************************************************                        
Equilibrate, NPT.                                                              
 &cntrl                                                                        
  imin = 0,                                                                    
  ntx = 5,                                                                     
  irest = 1,                                                                   
  ntpr = 500,                                                                  
  ntwr = 500,                                                                  
  ntwx = 500,                                                                  
  ioutfm = 1,                                                                  
  iwrap = 1,                                                                   
  ntf = 2,                                                                     
  ntc = 2,                                                                     
  cut = 9.0,                                                                   
  ntt = 3,                                                                     
  temp0 = 298.15,                                                              
  gamma_ln = 1.0,                                                              
  ig = -1,                                                                     
  ntp = 1,                                                                     
  barostat = 2,                                                                
  nstlim = 3500,                                                               
  dt = 0.004,                                                                  
  nmropt = 1,                                                                  
  pencut = -1,                                                                 
 /                                                                             
 &wt type = 'END', /                                                           
DISANG=disang.rest                                                             
LISTOUT=POUT                                                                   
                                                                               


Note: ig = -1. Setting random seed to   126181 based on wallclock time in 
      microseconds.
| irandom = 1, using AMBER's internal random number generator (default).
 
|--------------------- INFORMATION ----------------------
| GPU (CUDA) Version of PMEMD in use: NVIDIA GPU IN USE.
|                    Version 18.0.0
| 
|                      03/25/2018
| 
| Implementation by:
|                    Ross C. Walker     (SDSC)
|                    Scott Le Grand     (nVIDIA)
| 
| Version 18 performance extensions by:
|                    David Cerutti     (Rutgers)
| 
| Precision model in use:
|      [SPFP] - Single Precision Forces, 64-bit Fixed Point
|               Accumulation. (Default)
| 
|--------------------------------------------------------
 
|----------------- CITATION INFORMATION -----------------
|
|    When publishing work that utilized the CUDA version
|    of AMBER, please cite the following in addition to
|    the regular AMBER citations:
|
|  - Romelia Salomon-Ferrer; Andreas W. Goetz; Duncan
|    Poole; Scott Le Grand; Ross C. Walker "Routine
|    microsecond molecular dynamics simulations with
|    AMBER - Part II: Particle Mesh Ewald", J. Chem.
|    Theory Comput., 2013, 9 (9), pp3878-3888,
|    DOI: 10.1021/ct400314y.
|
|  - Andreas W. Goetz; Mark J. Williamson; Dong Xu;
|    Duncan Poole; Scott Le Grand; Ross C. Walker
|    "Routine microsecond molecular dynamics simulations
|    with AMBER - Part I: Generalized Born", J. Chem.
|    Theory Comput., 2012, 8 (5), pp1542-1555.
|
|  - Scott Le Grand; Andreas W. Goetz; Ross C. Walker
|    "SPFP: Speed without compromise - a mixed precision
|    model for GPU accelerated molecular dynamics
|    simulations.", Comp. Phys. Comm., 2013, 184
|    pp374-380, DOI: 10.1016/j.cpc.2012.09.022
|
|--------------------------------------------------------
 
|------------------- GPU DEVICE INFO --------------------
|
|            CUDA_VISIBLE_DEVICES: 3
|   CUDA Capable Devices Detected:      1
|           CUDA Device ID in use:      0
|                CUDA Device Name: GeForce GTX TITAN X
|     CUDA Device Global Mem Size:  12212 MB
| CUDA Device Num Multiprocessors:     24
|           CUDA Device Core Freq:   1.08 GHz
|
|--------------------------------------------------------
 
 
| Conditional Compilation Defines Used:
| PUBFFT
| BINTRAJ
| CUDA
| EMIL

| Largest sphere to fit in unit cell has radius =    19.712

| New format PARM file being parsed.
| Version =    1.000 Date = 04/28/20 Time = 18:40:20

| Note: 1-4 EEL scale factors are being read from the topology file.

| Note: 1-4 VDW scale factors are being read from the topology file.
| Duplicated    0 dihedrals

| Duplicated    0 dihedrals

--------------------------------------------------------------------------------
   1.  RESOURCE   USE: 
--------------------------------------------------------------------------------

 getting box info from netcdf restart file
 NATOM  =    5646 NTYPES =      11 NBONH =    5614 MBONA  =      17
 NTHETH =      26 MTHETA =      23 NPHIH =      41 MPHIA  =      35
 NHPARM =       0 NPARM  =       0 NNB   =    7625 NRES   =    1884
 NBONA  =      17 NTHETA =      23 NPHIA =      35 NUMBND =      18
 NUMANG =      25 NPTRA  =      11 NATYP =      16 NPHB   =       0
 IFBOX  =       1 NMXRS  =      29 IFCAP =       0 NEXTRA =       0
 NCOPY  =       0

| Coordinate Index Table dimensions:     7    8    8
| Direct force subcell size =     5.6320    5.3690    5.4361

     BOX TYPE: RECTILINEAR

--------------------------------------------------------------------------------
   2.  CONTROL  DATA  FOR  THE  RUN
--------------------------------------------------------------------------------

default_name                                                                    

General flags:
     imin    =       0, nmropt  =       1

Nature and format of input:
     ntx     =       5, irest   =       1, ntrx    =       1

Nature and format of output:
     ntxo    =       2, ntpr    =     500, ntrx    =       1, ntwr    =     500
     iwrap   =       1, ntwx    =     500, ntwv    =       0, ntwe    =       0
     ioutfm  =       1, ntwprt  =       0, idecomp =       0, rbornstat=      0

Potential function:
     ntf     =       2, ntb     =       2, igb     =       0, nsnb    =      25
     ipol    =       0, gbsa    =       0, iesp    =       0
     dielc   =   1.00000, cut     =   9.00000, intdiel =   1.00000

Frozen or restrained atoms:
     ibelly  =       0, ntr     =       0

Molecular dynamics:
     nstlim  =      3500, nscm    =      1000, nrespa  =         1
     t       =   0.00000, dt      =   0.00400, vlimit  =  -1.00000

Langevin dynamics temperature regulation:
     ig      =  126181
     temp0   = 298.15000, tempi   =   0.00000, gamma_ln=   1.00000

Pressure regulation:
     ntp     =       1
     pres0   =   1.00000, comp    =  44.60000, taup    =   1.00000
     Monte-Carlo Barostat:
     mcbarint  =     100

SHAKE:
     ntc     =       2, jfastw  =       0
     tol     =   0.00001

NMR refinement options:
     iscale  =       0, noeskp  =       1, ipnlty  =       1, mxsub   =       1
     scalm   = 100.00000, pencut  =  -1.00000, tausw   =   0.10000

| Intermolecular bonds treatment:
|     no_intermolecular_bonds =       1

| Energy averages sample interval:
|     ene_avg_sampling =     500

Ewald parameters:
     verbose =       0, ew_type =       0, nbflag  =       1, use_pme =       1
     vdwmeth =       1, eedmeth =       1, netfrc  =       1
     Box X =   39.424   Box Y =   42.952   Box Z =   43.489
     Alpha =   90.000   Beta  =   90.000   Gamma =   90.000
     NFFT1 =   40       NFFT2 =   48       NFFT3 =   48
     Cutoff=    9.000   Tol   =0.100E-04
     Ewald Coefficient =  0.30768
     Interpolation order =    4
| MONTE CARLO BAROSTAT IMPORTANT NOTE:
|   The Monte-Carlo barostat does not require the virial to adjust the system volume.
|   Since it is an expensive calculation, it is skipped for efficiency. A side-effect
|   is that the reported pressure is always 0 because it is not calculated.

--------------------------------------------------------------------------------
   3.  ATOMIC COORDINATES AND VELOCITIES
--------------------------------------------------------------------------------

default_name                                                                    
 begin time read from input coords =   116.000 ps



           Begin reading energy term weight changes/NMR restraints
 WEIGHT CHANGES:
                         ** No weight changes given **

 RESTRAINTS:
 Requested file redirections:
  DISANG    = disang.rest
  LISTOUT   = POUT
 Restraints will be read from file: disang.rest
Here are comments from the DISANG input file:
# Anchor atoms  :58@CA  :79@CA  :105@CA  :1@C3  :1@C9  :1@C11  stage = fe  weigh

                       Number of restraints read =    17

                  Done reading weight changes/NMR restraints


 
 Number of triangulated 3-point waters found:     1867

     Sum of charges from parm topology file =  -0.00000100
     Forcing neutrality...

| Dynamic Memory, Types Used:
| Reals              353455
| Integers           159084

| Nonbonded Pairs Initial Allocation:     1287288

| GPU memory information (estimate):
| KB of GPU memory in use:     40460
| KB of CPU memory in use:     10868

--------------------------------------------------------------------------------
   4.  RESULTS
--------------------------------------------------------------------------------


 NSTEP =      500   TIME(PS) =     118.000  TEMP(K) =   294.07  PRESS =     0.0
 Etot   =    -15444.2387  EKtot   =      3308.7063  EPtot      =    -18752.9450
 BOND   =        11.0417  ANGLE   =        13.1027  DIHED      =         8.7217
 1-4 NB =         9.9685  1-4 EEL =        36.3050  VDWAALS    =      2611.4465
 EELEC  =    -21447.8218  EHBOND  =         0.0000  RESTRAINT  =         4.2907
 EAMBER (non-restraint)  =    -18757.2357
 EKCMT  =         0.0000  VIRIAL  =         0.0000  VOLUME     =     72650.7367
                                                    Density    =         0.7844
 ------------------------------------------------------------------------------

 NMR restraints: Bond =    0.134   Angle =     0.000   Torsion =     4.156
===============================================================================

 NSTEP =     1000   TIME(PS) =     120.000  TEMP(K) =   297.80  PRESS =     0.0
 Etot   =    -15411.3614  EKtot   =      3350.7231  EPtot      =    -18762.0845
 BOND   =         9.4394  ANGLE   =         7.7955  DIHED      =        14.6158
 1-4 NB =         9.9025  1-4 EEL =        35.0690  VDWAALS    =      2791.4684
 EELEC  =    -21636.0579  EHBOND  =         0.0000  RESTRAINT  =         5.6828
 EAMBER (non-restraint)  =    -18767.7673
 EKCMT  =         0.0000  VIRIAL  =         0.0000  VOLUME     =     71581.3901
                                                    Density    =         0.7961
 ------------------------------------------------------------------------------

 NMR restraints: Bond =    0.506   Angle =     0.000   Torsion =     5.177
===============================================================================

 NSTEP =     1500   TIME(PS) =     122.000  TEMP(K) =   299.78  PRESS =     0.0
 Etot   =    -15438.8312  EKtot   =      3373.0239  EPtot      =    -18811.8551
 BOND   =         7.6625  ANGLE   =        14.8952  DIHED      =        10.0249
 1-4 NB =         8.9250  1-4 EEL =        36.5536  VDWAALS    =      2744.7122
 EELEC  =    -21637.6000  EHBOND  =         0.0000  RESTRAINT  =         2.9715
 EAMBER (non-restraint)  =    -18814.8266
 EKCMT  =         0.0000  VIRIAL  =         0.0000  VOLUME     =     70516.0228
                                                    Density    =         0.8082
 ------------------------------------------------------------------------------

 NMR restraints: Bond =    0.235   Angle =     0.000   Torsion =     2.736
===============================================================================

 NSTEP =     2000   TIME(PS) =     124.000  TEMP(K) =   289.77  PRESS =     0.0
 Etot   =    -15649.1706  EKtot   =      3260.3340  EPtot      =    -18909.5046
 BOND   =         4.1879  ANGLE   =        19.4831  DIHED      =         9.6894
 1-4 NB =        11.1304  1-4 EEL =        35.9418  VDWAALS    =      2654.5933
 EELEC  =    -21646.6409  EHBOND  =         0.0000  RESTRAINT  =         2.1103
 EAMBER (non-restraint)  =    -18911.6149
 EKCMT  =         0.0000  VIRIAL  =         0.0000  VOLUME     =     69981.8914
                                                    Density    =         0.8143
 ------------------------------------------------------------------------------

 NMR restraints: Bond =    0.179   Angle =     0.000   Torsion =     1.931
===============================================================================

 NSTEP =     2500   TIME(PS) =     126.000  TEMP(K) =   295.48  PRESS =     0.0
 Etot   =    -15654.2860  EKtot   =      3324.6370  EPtot      =    -18978.9229
 BOND   =         8.9785  ANGLE   =        13.1915  DIHED      =        10.6224
 1-4 NB =         9.1773  1-4 EEL =        37.7471  VDWAALS    =      2815.0237
 EELEC  =    -21875.5667  EHBOND  =         0.0000  RESTRAINT  =         1.9033
 EAMBER (non-restraint)  =    -18980.8262
 EKCMT  =         0.0000  VIRIAL  =         0.0000  VOLUME     =     69320.8075
                                                    Density    =         0.8221
 ------------------------------------------------------------------------------

 NMR restraints: Bond =    0.337   Angle =     0.000   Torsion =     1.566
===============================================================================

 NSTEP =     3000   TIME(PS) =     128.000  TEMP(K) =   299.87  PRESS =     0.0
 Etot   =    -15591.0003  EKtot   =      3373.9600  EPtot      =    -18964.9603
 BOND   =         9.1589  ANGLE   =        12.9248  DIHED      =         9.9993
 1-4 NB =         9.1141  1-4 EEL =        34.9674  VDWAALS    =      2677.6901
 EELEC  =    -21725.3689  EHBOND  =         0.0000  RESTRAINT  =         6.5542
 EAMBER (non-restraint)  =    -18971.5144
 EKCMT  =         0.0000  VIRIAL  =         0.0000  VOLUME     =     69321.5187
                                                    Density    =         0.8221
 ------------------------------------------------------------------------------

 NMR restraints: Bond =    0.347   Angle =     0.000   Torsion =     6.207
===============================================================================

 NSTEP =     3500   TIME(PS) =     130.000  TEMP(K) =   297.75  PRESS =     0.0
 Etot   =    -15491.8463  EKtot   =      3350.1765  EPtot      =    -18842.0228
 BOND   =         5.6557  ANGLE   =         9.0043  DIHED      =         9.4306
 1-4 NB =         8.7495  1-4 EEL =        36.4169  VDWAALS    =      2673.2499
 EELEC  =    -21587.5267  EHBOND  =         0.0000  RESTRAINT  =         2.9969
 EAMBER (non-restraint)  =    -18845.0197
 EKCMT  =         0.0000  VIRIAL  =         0.0000  VOLUME     =     69099.8818
                                                    Density    =         0.8247
 ------------------------------------------------------------------------------

 NMR restraints: Bond =    0.529   Angle =     0.000   Torsion =     2.468
===============================================================================

      A V E R A G E S   O V E R       7 S T E P S


 NSTEP =     3500   TIME(PS) =     130.000  TEMP(K) =   296.36  PRESS =     0.0
 Etot   =    -15525.8192  EKtot   =      3334.5087  EPtot      =    -18860.3279
 BOND   =         8.0178  ANGLE   =        12.9139  DIHED      =        10.4435
 1-4 NB =         9.5667  1-4 EEL =        36.1430  VDWAALS    =      2709.7406
 EELEC  =    -21650.9404  EHBOND  =         0.0000  RESTRAINT  =         3.7871
 EAMBER (non-restraint)  =    -18864.1150
 EKCMT  =         0.0000  VIRIAL  =         0.0000  VOLUME     =     70353.1784
                                                    Density    =         0.8103
 ------------------------------------------------------------------------------

 NMR restraints: Bond =    0.529   Angle =     0.000   Torsion =     2.468
===============================================================================

      R M S  F L U C T U A T I O N S


 NSTEP =     3500   TIME(PS) =     130.000  TEMP(K) =     3.33  PRESS =     0.0
 Etot   =        95.9501  EKtot   =        37.4420  EPtot      =        85.6059
 BOND   =         2.1962  ANGLE   =         3.5592  DIHED      =         1.7877
 1-4 NB =         0.7705  1-4 EEL =         0.8799  VDWAALS    =        69.7431
 EELEC  =       120.5304  EHBOND  =         0.0000  RESTRAINT  =         1.6542
 EAMBER (non-restraint)  =        83.9517
 EKCMT  =         0.0000  VIRIAL  =         0.0000  VOLUME     =      1233.6076
                                                    Density    =         0.0140
 ------------------------------------------------------------------------------


 NMR restraints on final step:

 ------------------------------------------------------------------------------


 Final Restraint Analysis for coords: eqnpt01.rst7                            


 Restraints, deviations, and energy contributions:    pencut =   -1.00

 ------------------------------------------------------------------------------
     First atom        Last atom    curr. value target deviation  penalty
 ------------------------------------------------------------------------------
  C3   LIG    1 --  C9   LIG    1:    6.522    6.392    0.130    0.084 d    0: 0
  C9   LIG    1 --  C11  LIG    1:    6.228    6.364    0.136    0.092 d    0: 0
  C11  LIG    1 --  C3   LIG    1:    6.724    6.535    0.189    0.178 d    0: 0
  C10  LIG    1 --  C9   LIG    1:   -0.962   -4.102    3.140    0.210 t
  C5   LIG    1 --  C6   LIG    1:  175.963  174.162    1.801    0.069 t
  C8   LIG    1 --  C9   LIG    1:   -7.045   -8.316    1.271    0.034 t
  C7   LIG    1 --  C8   LIG    1:    7.600    9.382    1.782    0.068 t
  C6   LIG    1 --  C7   LIG    1:   -0.371    1.647    2.018    0.087 t
  C    LIG    1 --  N2   LIG    1:  157.092  155.656    1.435    0.044 t
  C5   LIG    1 --  C10  LIG    1: -175.369 -172.471    2.898    0.179 t
  C    LIG    1 --  C1   LIG    1:    8.832   16.096    7.264    1.125 t
  N    LIG    1 --  N1   LIG    1:   -5.186   -2.975    2.212    0.104 t
  C    LIG    1 --  C4   LIG    1:  176.959  172.131    4.828    0.497 t
  C2   LIG    1 --  N    LIG    1:  169.172  173.910    4.737    0.479 t
  C1   LIG    1 --  C2   LIG    1:  169.127  173.252    4.125    0.363 t
  C4   LIG    1 --  N1   LIG    1:    6.449    5.550    0.899    0.017 t
  C4   LIG    1 --  C5   LIG    1:  132.895  135.268    2.373    0.120 t
                                       Total distance penalty:      0.354
                                       Total torsion  penalty:      3.397
 ------------------------------------------------------------------------------
| MC Barostat:         35 volume changes attempted.
| MC Barostat:         18 changes successful ( 51.43%)
 ------------------------------------------------------------------------------

--------------------------------------------------------------------------------
   5.  TIMINGS
--------------------------------------------------------------------------------

|  NonSetup CPU Time in Major Routines:
|
|     Routine           Sec        %
|     ------------------------------
|     Nonbond           0.38   25.33
|     Bond              0.00    0.00
|     Angle             0.00    0.00
|     Dihedral          0.00    0.00
|     Shake             0.01    0.60
|     RunMD             1.09   72.59
|     Other             0.02    1.47
|     ------------------------------
|     Total             1.50

|  PME Nonbond Pairlist CPU Time:
|
|     Routine              Sec        %
|     ---------------------------------
|     Set Up Cit           0.00    0.00
|     Build List           0.00    0.00
|     ---------------------------------
|     Total                0.00    0.00

|  PME Direct Force CPU Time:
|
|     Routine              Sec        %
|     ---------------------------------
|     NonBonded Calc       0.00    0.00
|     Exclude Masked       0.00    0.00
|     Other                0.01    0.33
|     ---------------------------------
|     Total                0.01    0.33

|  PME Reciprocal Force CPU Time:
|
|     Routine              Sec        %
|     ---------------------------------
|     1D bspline           0.00    0.00
|     Grid Charges         0.00    0.00
|     Scalar Sum           0.00    0.00
|     Gradient Sum         0.00    0.00
|     FFT                  0.00    0.00
|     ---------------------------------
|     Total                0.00    0.00

|  Final Performance Info:
|     -----------------------------------------------------
|     Average timings for last    3000 steps:
|     Elapsed(s) =       1.45 Per Step(ms) =       0.48
|         ns/day =     713.64   seconds/ns =     121.07
|
|     Average timings for all steps:
|     Elapsed(s) =       1.71 Per Step(ms) =       0.49
|         ns/day =     706.40   seconds/ns =     122.31
|     -----------------------------------------------------

|  Setup CPU time:            0.77 seconds
|  NonSetup CPU time:         1.50 seconds
|  Total CPU time:            2.27 seconds     0.00 hours

|  Setup wall time:           1    seconds
|  NonSetup wall time:        2    seconds
|  Total wall time:           3    seconds     0.00 hours
