
          -------------------------------------------------------
          Amber 14 SANDER                              2014
          -------------------------------------------------------

| PMEMD implementation of SANDER, Release 14

| Run on 04/27/2020 at 10:58:33

|   Executable path: pmemd.cuda
| Working directory: /home1/tbaba/centos/BAT.py-master/BAT/equil/pose1
|          Hostname: tx1

  [-O]verwriting output

File Assignments:
|   MDIN: eqnpt.in                                                              
|  MDOUT: eqnpt01.out                                                           
| INPCRD: eqnpt.rst7                                                            
|   PARM: full.hmr.prmtop                                                       
| RESTRT: eqnpt01.rst7                                                          
|   REFC: full.inpcrd                                                           
|  MDVEL: mdvel                                                                 
|   MDEN: mden                                                                  
|  MDCRD: traj001.nc                                                            
| MDINFO: mdinfo                                                                
|  MDFRC: mdfrc                                                                 

 
 Here is the input file:
 
*******************************************************                        
*****************************       eqnpt.in                                   
*******************************************************                        
Equilibrate, NPT.                                                              
 &cntrl                                                                        
  imin = 0,                                                                    
  ntx = 5,                                                                     
  irest = 1,                                                                   
  ntpr = 500,                                                                  
  ntwr = 500,                                                                  
  ntwx = 500,                                                                  
  ioutfm = 1,                                                                  
  iwrap = 1,                                                                   
  ntf = 2,                                                                     
  ntc = 2,                                                                     
  cut = 9.0,                                                                   
  ntt = 3,                                                                     
  temp0 = 298.15,                                                              
  gamma_ln = 1.0,                                                              
  ig = -1,                                                                     
  ntp = 1,                                                                     
  barostat = 2,                                                                
  nstlim = 3500,                                                               
  dt = 0.004,                                                                  
  ntr = 1,                                                                     
  restraint_wt = 50.0,                                                         
  restraintmask = ':1-3',                                                      
  nmropt = 1,                                                                  
  pencut = -1,                                                                 
 /                                                                             
 &wt type = 'END', /                                                           
DISANG=disang.rest                                                             
LISTOUT=POUT                                                                   
                                                                               


Note: ig = -1. Setting random seed to   106931 based on wallclock time in 
      microseconds.
 
|--------------------- INFORMATION ----------------------
| GPU (CUDA) Version of PMEMD in use: NVIDIA GPU IN USE.
|                    Version 14.0.1
| 
|                      06/20/2014
| 
| Implementation by:
|                    Ross C. Walker     (SDSC)
|                    Scott Le Grand     (nVIDIA)
| 
| CAUTION: The CUDA code is currently experimental.
|          You use it at your own risk. Be sure to
|          check ALL results carefully.
| 
| Precision model in use:
|      [SPFP] - Mixed Single/Double/Fixed Point Precision.
|               (Default)
| 
|--------------------------------------------------------
 
|----------------- CITATION INFORMATION -----------------
|
|    When publishing work that utilized the CUDA version
|    of AMBER, please cite the following in addition to
|    the regular AMBER citations:
|
|  - Romelia Salomon-Ferrer; Andreas W. Goetz; Duncan
|    Poole; Scott Le Grand; Ross C. Walker "Routine
|    microsecond molecular dynamics simulations with
|    AMBER - Part II: Particle Mesh Ewald", J. Chem.
|    Theory Comput., 2013, 9 (9), pp3878-3888,
|    DOI: 10.1021/ct400314y.
|
|  - Andreas W. Goetz; Mark J. Williamson; Dong Xu;
|    Duncan Poole; Scott Le Grand; Ross C. Walker
|    "Routine microsecond molecular dynamics simulations
|    with AMBER - Part I: Generalized Born", J. Chem.
|    Theory Comput., 2012, 8 (5), pp1542-1555.
|
|  - Scott Le Grand; Andreas W. Goetz; Ross C. Walker
|    "SPFP: Speed without compromise - a mixed precision
|    model for GPU accelerated molecular dynamics
|    simulations.", Comp. Phys. Comm., 2013, 184
|    pp374-380, DOI: 10.1016/j.cpc.2012.09.022
|
|--------------------------------------------------------
 
|------------------- GPU DEVICE INFO --------------------
|
|            CUDA_VISIBLE_DEVICES: not set
|   CUDA Capable Devices Detected:      4
|           CUDA Device ID in use:      0
|                CUDA Device Name: GeForce GTX TITAN X
|     CUDA Device Global Mem Size:  12212 MB
| CUDA Device Num Multiprocessors:     24
|           CUDA Device Core Freq:   1.08 GHz
|
|--------------------------------------------------------
 
 
| Conditional Compilation Defines Used:
| FFTW_FFT
| BINTRAJ
| MKL
| CUDA
| EMIL
 
| Largest sphere to fit in unit cell has radius =    31.181

| New format PARM file being parsed.
| Version =    1.000 Date = 04/22/20 Time = 12:15:24

| Note: 1-4 EEL scale factors are being read from the topology file.

| Note: 1-4 VDW scale factors are being read from the topology file.
| Duplicated    0 dihedrals

| Duplicated    0 dihedrals

--------------------------------------------------------------------------------
   1.  RESOURCE   USE: 
--------------------------------------------------------------------------------

 getting new box info from bottom of inpcrd
 NATOM  =   40866 NTYPES =      18 NBONH =   39890 MBONA  =     933
 NTHETH =    2036 MTHETA =    1252 NPHIH =    3990 MPHIA  =    3859
 NHPARM =       0 NPARM  =       0 NNB   =   61967 NRES   =   13177
 NBONA  =     933 NTHETA =    1252 NPHIA =    3859 NUMBND =      87
 NUMANG =     186 NPTRA  =     207 NATYP =      51 NPHB   =       1
 IFBOX  =       1 NMXRS  =      29 IFCAP =       0 NEXTRA =       0
 NCOPY  =       0

| Coordinate Index Table dimensions:    13   12   23
| Direct force subcell size =     5.2242    5.1968    5.0190

     BOX TYPE: RECTILINEAR

--------------------------------------------------------------------------------
   2.  CONTROL  DATA  FOR  THE  RUN
--------------------------------------------------------------------------------

default_name                                                                    

General flags:
     imin    =       0, nmropt  =       1

Nature and format of input:
     ntx     =       5, irest   =       1, ntrx    =       1

Nature and format of output:
     ntxo    =       1, ntpr    =     500, ntrx    =       1, ntwr    =     500
     iwrap   =       1, ntwx    =     500, ntwv    =       0, ntwe    =       0
     ioutfm  =       1, ntwprt  =       0, idecomp =       0, rbornstat=      0

Potential function:
     ntf     =       2, ntb     =       2, igb     =       0, nsnb    =      25
     ipol    =       0, gbsa    =       0, iesp    =       0
     dielc   =   1.00000, cut     =   9.00000, intdiel =   1.00000

Frozen or restrained atoms:
     ibelly  =       0, ntr     =       1
     restraint_wt =  50.00000

Molecular dynamics:
     nstlim  =      3500, nscm    =         0, nrespa  =         1
     t       =   0.00000, dt      =   0.00400, vlimit  =  -1.00000

Langevin dynamics temperature regulation:
     ig      =  106931
     temp0   = 298.15000, tempi   =   0.00000, gamma_ln=   1.00000

Pressure regulation:
     ntp     =       1
     pres0   =   1.00000, comp    =  44.60000, taup    =   1.00000
     Monte-Carlo Barostat:
     mcbarint  =     100

SHAKE:
     ntc     =       2, jfastw  =       0
     tol     =   0.00001

NMR refinement options:
     iscale  =       0, noeskp  =       1, ipnlty  =       1, mxsub   =       1
     scalm   = 100.00000, pencut  =  -1.00000, tausw   =   0.10000

| Intermolecular bonds treatment:
|     no_intermolecular_bonds =       1

| Energy averages sample interval:
|     ene_avg_sampling =     500

Ewald parameters:
     verbose =       0, ew_type =       0, nbflag  =       1, use_pme =       1
     vdwmeth =       1, eedmeth =       1, netfrc  =       1
     Box X =   67.915   Box Y =   62.362   Box Z =  115.437
     Alpha =   90.000   Beta  =   90.000   Gamma =   90.000
     NFFT1 =   64       NFFT2 =   64       NFFT3 =  120
     Cutoff=    9.000   Tol   =0.100E-04
     Ewald Coefficient =  0.30768
     Interpolation order =    4

    LOADING THE CONSTRAINED ATOMS AS GROUPS


   5.  REFERENCE ATOM COORDINATES

  default_name                                                                    
     Mask :1-3; matches     3 atoms

--------------------------------------------------------------------------------
   3.  ATOMIC COORDINATES AND VELOCITIES
--------------------------------------------------------------------------------

default_name                                                                    
 begin time read from input coords =   116.000 ps



           Begin reading energy term weight changes/NMR restraints
 WEIGHT CHANGES:
                         ** No weight changes given **

 RESTRAINTS:
 Requested file redirections:
  DISANG    = disang.rest
  LISTOUT   = POUT
 Restraints will be read from file: disang.rest
Here are comments from the DISANG input file:
# Anchor atoms  :58@CA  :79@CA  :105@CA  :113@C3  :113@C9  :113@C11  stage = equ
 
                       Number of restraints read =    54

                  Done reading weight changes/NMR restraints


 
 Number of triangulated 3-point waters found:    13000

     Sum of charges from parm topology file =  -0.00000106
     Forcing neutrality...

| Dynamic Memory, Types Used:
| Reals             1885961
| Integers          1191820

| Nonbonded Pairs Initial Allocation:     9317448

| GPU memory information (estimate):
| KB of GPU memory in use:    236840
| KB of CPU memory in use:     47624

--------------------------------------------------------------------------------
   4.  RESULTS
--------------------------------------------------------------------------------

 ---------------------------------------------------
 APPROXIMATING switch and d/dx switch using CUBIC SPLINE INTERPOLATION
 using   5000.0 points per unit in tabled values
 TESTING RELATIVE ERROR over r ranging from 0.0 to cutoff
| CHECK switch(x): max rel err =   0.3316E-14   at   2.351880
| CHECK d/dx switch(x): max rel err =   0.8205E-11   at   2.761360
 ---------------------------------------------------
|---------------------------------------------------
| APPROXIMATING direct energy using CUBIC SPLINE INTERPOLATION
|  with   50.0 points per unit in tabled values
| Relative Error Limit not exceeded for r .gt.   2.39
| APPROXIMATING direct force using CUBIC SPLINE INTERPOLATION
|  with   50.0 points per unit in tabled values
| Relative Error Limit not exceeded for r .gt.   2.84
|---------------------------------------------------
| Attempting MC barostat change: Failed
| Attempting MC barostat change: Failed
| Attempting MC barostat change: Failed
| Attempting MC barostat change: Failed
| Attempting MC barostat change: Failed

 NSTEP =      500   TIME(PS) =     118.000  TEMP(K) =   297.74  PRESS =     0.0
 Etot   =   -105711.9625  EKtot   =     24467.3926  EPtot      =   -130179.3551
 BOND   =       441.4282  ANGLE   =       989.5350  DIHED      =      1361.6165
 1-4 NB =       416.8746  1-4 EEL =      5437.9791  VDWAALS    =     17423.7434
 EELEC  =   -156271.7643  EHBOND  =         0.0000  RESTRAINT  =        21.2323
 EAMBER (non-restraint)  =   -130200.5873
 EKCMT  =         0.0000  VIRIAL  =         0.0000  VOLUME     =    488913.3748
                                                    Density    =         0.8481
 ------------------------------------------------------------------------------

 NMR restraints: Bond =    0.277   Angle =     0.918   Torsion =     7.966
===============================================================================
| Attempting MC barostat change: Failed
| Attempting MC barostat change: Failed
| Attempting MC barostat change: Succeeded
| Attempting MC barostat change: Failed
| Attempting MC barostat change: Failed
| MC Barostat: Decreasing size of volume moves

 NSTEP =     1000   TIME(PS) =     120.000  TEMP(K) =   300.09  PRESS =     0.0
 Etot   =   -105408.0203  EKtot   =     24660.6504  EPtot      =   -130068.6707
 BOND   =       410.6255  ANGLE   =       996.2085  DIHED      =      1377.7159
 1-4 NB =       410.3758  1-4 EEL =      5477.9504  VDWAALS    =     17406.7760
 EELEC  =   -156161.5999  EHBOND  =         0.0000  RESTRAINT  =        13.2771
 EAMBER (non-restraint)  =   -130081.9478
 EKCMT  =         0.0000  VIRIAL  =         0.0000  VOLUME     =    488773.1272
                                                    Density    =         0.8484
 ------------------------------------------------------------------------------

 NMR restraints: Bond =    0.813   Angle =     1.698   Torsion =     6.264
===============================================================================
| Attempting MC barostat change: Succeeded
| Attempting MC barostat change: Succeeded
| Attempting MC barostat change: Failed
| Attempting MC barostat change: Succeeded
| Attempting MC barostat change: Succeeded

 NSTEP =     1500   TIME(PS) =     122.000  TEMP(K) =   300.56  PRESS =     0.0
 Etot   =   -105238.4647  EKtot   =     24699.5898  EPtot      =   -129938.0545
 BOND   =       402.9967  ANGLE   =       996.8329  DIHED      =      1400.9443
 1-4 NB =       422.3633  1-4 EEL =      5430.2952  VDWAALS    =     18108.8820
 EELEC  =   -156710.7014  EHBOND  =         0.0000  RESTRAINT  =        10.3325
 EAMBER (non-restraint)  =   -129948.3870
 EKCMT  =         0.0000  VIRIAL  =         0.0000  VOLUME     =    479946.2205
                                                    Density    =         0.8640
 ------------------------------------------------------------------------------

 NMR restraints: Bond =    0.583   Angle =     0.331   Torsion =     7.897
===============================================================================
| Attempting MC barostat change: Failed
| Attempting MC barostat change: Failed
| Attempting MC barostat change: Failed
| Attempting MC barostat change: Failed
| Attempting MC barostat change: Failed

 NSTEP =     2000   TIME(PS) =     124.000  TEMP(K) =   296.97  PRESS =     0.0
 Etot   =   -105602.1108  EKtot   =     24404.4883  EPtot      =   -130006.5991
 BOND   =       439.5413  ANGLE   =       968.3155  DIHED      =      1390.3292
 1-4 NB =       427.5114  1-4 EEL =      5495.3209  VDWAALS    =     17292.4285
 EELEC  =   -156035.5186  EHBOND  =         0.0000  RESTRAINT  =        15.4726
 EAMBER (non-restraint)  =   -130022.0717
 EKCMT  =         0.0000  VIRIAL  =         0.0000  VOLUME     =    479946.2205
                                                    Density    =         0.8640
 ------------------------------------------------------------------------------

 NMR restraints: Bond =    1.425   Angle =     2.394   Torsion =     9.378
===============================================================================
| Attempting MC barostat change: Succeeded
| Attempting MC barostat change: Succeeded
| Attempting MC barostat change: Failed
| Attempting MC barostat change: Succeeded
| Attempting MC barostat change: Succeeded

 NSTEP =     2500   TIME(PS) =     126.000  TEMP(K) =   295.88  PRESS =     0.0
 Etot   =   -106077.4621  EKtot   =     24315.1895  EPtot      =   -130392.6516
 BOND   =       434.7652  ANGLE   =       968.8003  DIHED      =      1360.4548
 1-4 NB =       428.9279  1-4 EEL =      5496.2795  VDWAALS    =     18609.0650
 EELEC  =   -157702.4952  EHBOND  =         0.0000  RESTRAINT  =        11.5510
 EAMBER (non-restraint)  =   -130404.2026
 EKCMT  =         0.0000  VIRIAL  =         0.0000  VOLUME     =    472000.7456
                                                    Density    =         0.8785
 ------------------------------------------------------------------------------

 NMR restraints: Bond =    1.118   Angle =     0.817   Torsion =     8.228
===============================================================================
| Attempting MC barostat change: Failed
| Attempting MC barostat change: Failed
| Attempting MC barostat change: Failed
| Attempting MC barostat change: Succeeded
| Attempting MC barostat change: Succeeded

 NSTEP =     3000   TIME(PS) =     128.000  TEMP(K) =   297.14  PRESS =     0.0
 Etot   =   -106141.9918  EKtot   =     24418.6660  EPtot      =   -130560.6578
 BOND   =       417.6677  ANGLE   =      1024.4648  DIHED      =      1379.3301
 1-4 NB =       446.3068  1-4 EEL =      5445.0460  VDWAALS    =     17135.1017
 EELEC  =   -156420.0399  EHBOND  =         0.0000  RESTRAINT  =        11.4651
 EAMBER (non-restraint)  =   -130572.1228
 EKCMT  =         0.0000  VIRIAL  =         0.0000  VOLUME     =    471375.2725
                                                    Density    =         0.8797
 ------------------------------------------------------------------------------

 NMR restraints: Bond =    0.467   Angle =     0.949   Torsion =     8.351
===============================================================================
| Attempting MC barostat change: Failed
| Attempting MC barostat change: Succeeded
| Attempting MC barostat change: Failed
| Attempting MC barostat change: Failed
| Attempting MC barostat change: Failed

 NSTEP =     3500   TIME(PS) =     130.000  TEMP(K) =   298.50  PRESS =     0.0
 Etot   =   -106094.0978  EKtot   =     24530.2559  EPtot      =   -130624.3536
 BOND   =       400.2455  ANGLE   =       977.9360  DIHED      =      1392.2714
 1-4 NB =       409.8577  1-4 EEL =      5424.2464  VDWAALS    =     17470.4893
 EELEC  =   -156710.9247  EHBOND  =         0.0000  RESTRAINT  =        11.5249
 EAMBER (non-restraint)  =   -130635.8786
 EKCMT  =         0.0000  VIRIAL  =         0.0000  VOLUME     =    469958.8656
                                                    Density    =         0.8823
 ------------------------------------------------------------------------------

 NMR restraints: Bond =    1.068   Angle =     0.932   Torsion =     6.563
===============================================================================

      A V E R A G E S   O V E R       7 S T E P S


 NSTEP =     3500   TIME(PS) =     130.000  TEMP(K) =   298.13  PRESS =     0.0
 Etot   =   -105753.4443  EKtot   =     24499.4618  EPtot      =   -130252.9061
 BOND   =       421.0386  ANGLE   =       988.8704  DIHED      =      1380.3803
 1-4 NB =       423.1739  1-4 EEL =      5458.1596  VDWAALS    =     17635.2123
 EELEC  =   -156573.2920  EHBOND  =         0.0000  RESTRAINT  =        13.5508
 EAMBER (non-restraint)  =   -130266.4568
 EKCMT  =         0.0000  VIRIAL  =         0.0000  VOLUME     =    478701.9752
                                                    Density    =         0.8664
 ------------------------------------------------------------------------------

 NMR restraints: Bond =    1.068   Angle =     0.932   Torsion =     6.563
===============================================================================

      R M S  F L U C T U A T I O N S


 NSTEP =     3500   TIME(PS) =     130.000  TEMP(K) =     1.58  PRESS =     0.0
 Etot   =       334.0543  EKtot   =       129.5674  EPtot      =       253.9303
 BOND   =        16.1430  ANGLE   =        18.2425  DIHED      =        14.2456
 1-4 NB =        11.7626  1-4 EEL =        28.6145  VDWAALS    =       487.6180
 EELEC  =       519.0678  EHBOND  =         0.0000  RESTRAINT  =         3.4966
 EAMBER (non-restraint)  =       250.4337
 EKCMT  =         0.0000  VIRIAL  =         0.0000  VOLUME     =      7404.8835
                                                    Density    =         0.0134
 ------------------------------------------------------------------------------


 NMR restraints on final step:

 ------------------------------------------------------------------------------


 Final Restraint Analysis for coords: eqnpt01.rst7                            


 Restraints, deviations, and energy contributions:    pencut =   -1.00

 ------------------------------------------------------------------------------
     First atom        Last atom    curr. value target deviation  penalty
 ------------------------------------------------------------------------------
  Pb   DUM    2 --  CA   ILE   58:    6.307    6.491    0.184    0.340 d    0: 0
  Pb   DUM    1 --  CA   ILE   58:   91.608   90.000    1.608    0.197 a
  Pb   DUM    1 --  Pb   DUM    2:  178.328  180.000    1.672    0.213 t
  Pb   DUM    2 --  CA   LEU   79:   77.647   78.061    0.414    0.013 a
  Pb   DUM    2 --  CA   ILE   58:    4.684    3.343    1.341    0.137 t
  CA   ILE   58 --  CA   LEU   79:   85.699   83.908    1.791    0.244 t
  CA   ILE   58 --  CA   LEU   79:   10.656   10.640    0.016    0.001 d    0: 0
  CA   LEU   79 --  CA   PHE  105:   12.869   12.582    0.287    0.412 d    0: 0
  CA   PHE  105 --  CA   ILE   58:   13.212   13.332    0.119    0.071 d    0: 0
  CA   PRO   34 --  C    PRO   34:  145.262  144.272    0.990    0.015 t
  N    VAL   35 --  CA   VAL   35:  -62.655  -56.203    6.452    0.634 t
  CA   VAL   35 --  C    VAL   35:  133.323  129.560    3.763    0.216 t
  N    ASP   36 --  CA   ASP   36:  -80.077  -76.176    3.901    0.232 t
  CA   ASP   36 --  C    ASP   36:   88.673   89.334    0.661    0.007 t
  N    VAL   37 --  CA   VAL   37:  -69.667  -68.294    1.373    0.029 t
  CA   VAL   37 --  C    VAL   37:   -5.191   -7.195    2.004    0.061 t
  N    GLU   38 --  CA   GLU   38:  -95.726  -93.239    2.487    0.094 t
  CA   GLU   38 --  C    GLU   38:  -12.388   -7.767    4.621    0.325 t
  N    ALA   39 --  CA   ALA   39:  -74.810  -74.202    0.607    0.006 t
  CA   ALA   39 --  C    ALA   39:  148.467  147.568    0.899    0.012 t
  N    LEU   40 --  CA   LEU   40:  -51.032  -57.700    6.668    0.677 t
  CA   LEU   40 --  C    LEU   40:  128.026  128.414    0.388    0.002 t
  N    GLY   41 --  CA   GLY   41:   97.704   99.760    2.056    0.064 t
  CA   GLY   41 --  C    GLY   41:  -21.265  -12.800    8.465    1.091 t
  N    LEU   42 --  CA   LEU   42: -100.740 -107.647    6.907    0.727 t
  CA   LEU   42 --  C    LEU   42:   19.303   18.376    0.928    0.013 t
  N    HIE   43 --  CA   HIE   43:  -67.092  -58.835    8.257    1.038 t
  CA   HIE   43 --  C    HIE   43:  -23.630  -25.352    1.722    0.045 t
  N    ASP   44 --  CA   ASP   44: -102.520 -102.924    0.404    0.002 t
  CA   ASP   44 --  C    ASP   44:    4.271    4.593    0.322    0.002 t
  N    TYR   45 --  CA   TYR   45:  -56.130  -56.776    0.647    0.006 t
  Pb   DUM    1 --  C3   LIG  113:    5.639    5.000    0.639    0.204 d    0: 0
  Pb   DUM    2 --  C3   LIG  113:   84.799   90.000    5.201    0.103 a
  Pb   DUM    2 --  Pb   DUM    1:    3.970    0.000    3.970    0.060 t
  Pb   DUM    1 --  C9   LIG  113:  135.484  124.285   11.199    0.478 a
  Pb   DUM    1 --  C3   LIG  113:   -6.649  -17.922   11.272    0.484 t
  C3   LIG  113 --  C9   LIG  113: -157.777 -161.002    3.224    0.040 t
  C3   LIG  113 --  C9   LIG  113:    6.701    6.623    0.078    0.002 d    0: 0
  C9   LIG  113 --  C11  LIG  113:    6.020    6.071    0.051    0.001 d    0: 0
  C11  LIG  113 --  C3   LIG  113:    6.644    6.552    0.092    0.002 d    0: 0
  C10  LIG  113 --  C9   LIG  113:    3.541   -0.722    4.264    0.000 t
  C5   LIG  113 --  C6   LIG  113: -175.328 -178.332    3.004    0.000 t
  C8   LIG  113 --  C9   LIG  113:  -11.538   -0.382   11.156    0.000 t
  C7   LIG  113 --  C8   LIG  113:   14.580    0.377   14.203    0.000 t
  C6   LIG  113 --  C7   LIG  113:   -8.721    0.735    9.456    0.000 t
  C    LIG  113 --  N2   LIG  113:  176.626  122.970   53.656    0.000 t
  C5   LIG  113 --  C10  LIG  113:  177.682  178.292    0.610    0.000 t
  C    LIG  113 --  C1   LIG  113:   -0.517   -1.558    1.041    0.000 t
  N    LIG  113 --  N1   LIG  113:    4.843   -0.629    5.472    0.000 t
  C    LIG  113 --  C4   LIG  113: -173.535 -176.496    2.962    0.000 t
  C2   LIG  113 --  N    LIG  113: -176.446 -179.572    3.126    0.000 t
  C1   LIG  113 --  C2   LIG  113: -182.821 -179.762    3.059    0.000 t
  C4   LIG  113 --  N1   LIG  113:   -4.105   -1.046    3.059    0.000 t
  C4   LIG  113 --  C5   LIG  113:  123.699  109.518   14.181    0.000 t
                                       Total distance penalty:      1.033
                                       Total angle    penalty:      0.791
                                       Total torsion  penalty:      6.477
 ------------------------------------------------------------------------------
| MC Barostat:         35 volume changes attempted.
| MC Barostat:         12 changes successful ( 34.29%)
 ------------------------------------------------------------------------------

--------------------------------------------------------------------------------
   5.  TIMINGS
--------------------------------------------------------------------------------

|  NonSetup CPU Time in Major Routines:
|
|     Routine           Sec        %
|     ------------------------------
|     Nonbond           0.97   11.98
|     Bond              0.00    0.00
|     Angle             0.00    0.00
|     Dihedral          0.00    0.00
|     Shake             0.02    0.29
|     RunMD             7.00   86.80
|     Other             0.07    0.93
|     ------------------------------
|     Total             8.06

|  PME Nonbond Pairlist CPU Time:
|
|     Routine              Sec        %
|     ---------------------------------
|     Set Up Cit           0.00    0.00
|     Build List           0.00    0.00
|     ---------------------------------
|     Total                0.00    0.00

|  PME Direct Force CPU Time:
|
|     Routine              Sec        %
|     ---------------------------------
|     NonBonded Calc       0.00    0.00
|     Exclude Masked       0.00    0.00
|     Other                0.01    0.17
|     ---------------------------------
|     Total                0.01    0.17

|  PME Reciprocal Force CPU Time:
|
|     Routine              Sec        %
|     ---------------------------------
|     1D bspline           0.00    0.00
|     Grid Charges         0.00    0.00
|     Scalar Sum           0.00    0.00
|     Gradient Sum         0.00    0.00
|     FFT                  0.00    0.00
|     ---------------------------------
|     Total                0.00    0.00

|  Final Performance Info:
|     -----------------------------------------------------
|     Average timings for last    3000 steps:
|         Elapsed(s) =       7.28 Per Step(ms) =       2.43
|             ns/day =     142.47   seconds/ns =     606.45
|
|     Average timings for all steps:
|         Elapsed(s) =       8.52 Per Step(ms) =       2.44
|             ns/day =     141.90   seconds/ns =     608.88
|     -----------------------------------------------------

|  Setup CPU time:            1.83 seconds
|  NonSetup CPU time:         8.06 seconds
|  Total CPU time:            9.89 seconds     0.00 hours

|  Setup wall time:           2    seconds
|  NonSetup wall time:        9    seconds
|  Total wall time:          11    seconds     0.00 hours
