
          -------------------------------------------------------
          Amber 14 SANDER                              2014
          -------------------------------------------------------

| PMEMD implementation of SANDER, Release 14

| Run on 04/27/2020 at 10:58:44

|   Executable path: pmemd.cuda
| Working directory: /home1/tbaba/centos/BAT.py-master/BAT/equil/pose1
|          Hostname: tx1

  [-O]verwriting output

File Assignments:
|   MDIN: eqnpt.in                                                              
|  MDOUT: eqnpt02.out                                                           
| INPCRD: eqnpt01.rst7                                                          
|   PARM: full.hmr.prmtop                                                       
| RESTRT: eqnpt02.rst7                                                          
|   REFC: full.inpcrd                                                           
|  MDVEL: mdvel                                                                 
|   MDEN: mden                                                                  
|  MDCRD: traj002.nc                                                            
| MDINFO: mdinfo                                                                
|  MDFRC: mdfrc                                                                 

 
 Here is the input file:
 
*******************************************************                        
*****************************       eqnpt.in                                   
*******************************************************                        
Equilibrate, NPT.                                                              
 &cntrl                                                                        
  imin = 0,                                                                    
  ntx = 5,                                                                     
  irest = 1,                                                                   
  ntpr = 500,                                                                  
  ntwr = 500,                                                                  
  ntwx = 500,                                                                  
  ioutfm = 1,                                                                  
  iwrap = 1,                                                                   
  ntf = 2,                                                                     
  ntc = 2,                                                                     
  cut = 9.0,                                                                   
  ntt = 3,                                                                     
  temp0 = 298.15,                                                              
  gamma_ln = 1.0,                                                              
  ig = -1,                                                                     
  ntp = 1,                                                                     
  barostat = 2,                                                                
  nstlim = 3500,                                                               
  dt = 0.004,                                                                  
  ntr = 1,                                                                     
  restraint_wt = 50.0,                                                         
  restraintmask = ':1-3',                                                      
  nmropt = 1,                                                                  
  pencut = -1,                                                                 
 /                                                                             
 &wt type = 'END', /                                                           
DISANG=disang.rest                                                             
LISTOUT=POUT                                                                   
                                                                               


Note: ig = -1. Setting random seed to   124658 based on wallclock time in 
      microseconds.
 
|--------------------- INFORMATION ----------------------
| GPU (CUDA) Version of PMEMD in use: NVIDIA GPU IN USE.
|                    Version 14.0.1
| 
|                      06/20/2014
| 
| Implementation by:
|                    Ross C. Walker     (SDSC)
|                    Scott Le Grand     (nVIDIA)
| 
| CAUTION: The CUDA code is currently experimental.
|          You use it at your own risk. Be sure to
|          check ALL results carefully.
| 
| Precision model in use:
|      [SPFP] - Mixed Single/Double/Fixed Point Precision.
|               (Default)
| 
|--------------------------------------------------------
 
|----------------- CITATION INFORMATION -----------------
|
|    When publishing work that utilized the CUDA version
|    of AMBER, please cite the following in addition to
|    the regular AMBER citations:
|
|  - Romelia Salomon-Ferrer; Andreas W. Goetz; Duncan
|    Poole; Scott Le Grand; Ross C. Walker "Routine
|    microsecond molecular dynamics simulations with
|    AMBER - Part II: Particle Mesh Ewald", J. Chem.
|    Theory Comput., 2013, 9 (9), pp3878-3888,
|    DOI: 10.1021/ct400314y.
|
|  - Andreas W. Goetz; Mark J. Williamson; Dong Xu;
|    Duncan Poole; Scott Le Grand; Ross C. Walker
|    "Routine microsecond molecular dynamics simulations
|    with AMBER - Part I: Generalized Born", J. Chem.
|    Theory Comput., 2012, 8 (5), pp1542-1555.
|
|  - Scott Le Grand; Andreas W. Goetz; Ross C. Walker
|    "SPFP: Speed without compromise - a mixed precision
|    model for GPU accelerated molecular dynamics
|    simulations.", Comp. Phys. Comm., 2013, 184
|    pp374-380, DOI: 10.1016/j.cpc.2012.09.022
|
|--------------------------------------------------------
 
|------------------- GPU DEVICE INFO --------------------
|
|            CUDA_VISIBLE_DEVICES: not set
|   CUDA Capable Devices Detected:      4
|           CUDA Device ID in use:      0
|                CUDA Device Name: GeForce GTX TITAN X
|     CUDA Device Global Mem Size:  12212 MB
| CUDA Device Num Multiprocessors:     24
|           CUDA Device Core Freq:   1.08 GHz
|
|--------------------------------------------------------
 
 
| Conditional Compilation Defines Used:
| FFTW_FFT
| BINTRAJ
| MKL
| CUDA
| EMIL
 
| Largest sphere to fit in unit cell has radius =    30.773

| New format PARM file being parsed.
| Version =    1.000 Date = 04/22/20 Time = 12:15:24

| Note: 1-4 EEL scale factors are being read from the topology file.

| Note: 1-4 VDW scale factors are being read from the topology file.
| Duplicated    0 dihedrals

| Duplicated    0 dihedrals

--------------------------------------------------------------------------------
   1.  RESOURCE   USE: 
--------------------------------------------------------------------------------

 getting new box info from bottom of inpcrd
 NATOM  =   40866 NTYPES =      18 NBONH =   39890 MBONA  =     933
 NTHETH =    2036 MTHETA =    1252 NPHIH =    3990 MPHIA  =    3859
 NHPARM =       0 NPARM  =       0 NNB   =   61967 NRES   =   13177
 NBONA  =     933 NTHETA =    1252 NPHIA =    3859 NUMBND =      87
 NUMANG =     186 NPTRA  =     207 NATYP =      51 NPHB   =       1
 IFBOX  =       1 NMXRS  =      29 IFCAP =       0 NEXTRA =       0
 NCOPY  =       0

| Coordinate Index Table dimensions:    13   12   22
| Direct force subcell size =     5.1558    5.1288    5.1784

     BOX TYPE: RECTILINEAR

--------------------------------------------------------------------------------
   2.  CONTROL  DATA  FOR  THE  RUN
--------------------------------------------------------------------------------

default_name                                                                    

General flags:
     imin    =       0, nmropt  =       1

Nature and format of input:
     ntx     =       5, irest   =       1, ntrx    =       1

Nature and format of output:
     ntxo    =       1, ntpr    =     500, ntrx    =       1, ntwr    =     500
     iwrap   =       1, ntwx    =     500, ntwv    =       0, ntwe    =       0
     ioutfm  =       1, ntwprt  =       0, idecomp =       0, rbornstat=      0

Potential function:
     ntf     =       2, ntb     =       2, igb     =       0, nsnb    =      25
     ipol    =       0, gbsa    =       0, iesp    =       0
     dielc   =   1.00000, cut     =   9.00000, intdiel =   1.00000

Frozen or restrained atoms:
     ibelly  =       0, ntr     =       1
     restraint_wt =  50.00000

Molecular dynamics:
     nstlim  =      3500, nscm    =         0, nrespa  =         1
     t       =   0.00000, dt      =   0.00400, vlimit  =  -1.00000

Langevin dynamics temperature regulation:
     ig      =  124658
     temp0   = 298.15000, tempi   =   0.00000, gamma_ln=   1.00000

Pressure regulation:
     ntp     =       1
     pres0   =   1.00000, comp    =  44.60000, taup    =   1.00000
     Monte-Carlo Barostat:
     mcbarint  =     100

SHAKE:
     ntc     =       2, jfastw  =       0
     tol     =   0.00001

NMR refinement options:
     iscale  =       0, noeskp  =       1, ipnlty  =       1, mxsub   =       1
     scalm   = 100.00000, pencut  =  -1.00000, tausw   =   0.10000

| Intermolecular bonds treatment:
|     no_intermolecular_bonds =       1

| Energy averages sample interval:
|     ene_avg_sampling =     500

Ewald parameters:
     verbose =       0, ew_type =       0, nbflag  =       1, use_pme =       1
     vdwmeth =       1, eedmeth =       1, netfrc  =       1
     Box X =   67.026   Box Y =   61.545   Box Z =  113.926
     Alpha =   90.000   Beta  =   90.000   Gamma =   90.000
     NFFT1 =   64       NFFT2 =   64       NFFT3 =  120
     Cutoff=    9.000   Tol   =0.100E-04
     Ewald Coefficient =  0.30768
     Interpolation order =    4

    LOADING THE CONSTRAINED ATOMS AS GROUPS


   5.  REFERENCE ATOM COORDINATES

  default_name                                                                    
     Mask :1-3; matches     3 atoms

--------------------------------------------------------------------------------
   3.  ATOMIC COORDINATES AND VELOCITIES
--------------------------------------------------------------------------------

default_name                                                                    
 begin time read from input coords =   130.000 ps



           Begin reading energy term weight changes/NMR restraints
 WEIGHT CHANGES:
                         ** No weight changes given **

 RESTRAINTS:
 Requested file redirections:
  DISANG    = disang.rest
  LISTOUT   = POUT
 Restraints will be read from file: disang.rest
Here are comments from the DISANG input file:
# Anchor atoms  :58@CA  :79@CA  :105@CA  :113@C3  :113@C9  :113@C11  stage = equ
 
                       Number of restraints read =    54

                  Done reading weight changes/NMR restraints


 
 Number of triangulated 3-point waters found:    13000

     Sum of charges from parm topology file =  -0.00000106
     Forcing neutrality...

| Dynamic Memory, Types Used:
| Reals             1885961
| Integers          1191820

| Nonbonded Pairs Initial Allocation:     9317448

| GPU memory information (estimate):
| KB of GPU memory in use:    236840
| KB of CPU memory in use:     47624

--------------------------------------------------------------------------------
   4.  RESULTS
--------------------------------------------------------------------------------

 ---------------------------------------------------
 APPROXIMATING switch and d/dx switch using CUBIC SPLINE INTERPOLATION
 using   5000.0 points per unit in tabled values
 TESTING RELATIVE ERROR over r ranging from 0.0 to cutoff
| CHECK switch(x): max rel err =   0.3316E-14   at   2.351880
| CHECK d/dx switch(x): max rel err =   0.8205E-11   at   2.761360
 ---------------------------------------------------
|---------------------------------------------------
| APPROXIMATING direct energy using CUBIC SPLINE INTERPOLATION
|  with   50.0 points per unit in tabled values
| Relative Error Limit not exceeded for r .gt.   2.39
| APPROXIMATING direct force using CUBIC SPLINE INTERPOLATION
|  with   50.0 points per unit in tabled values
| Relative Error Limit not exceeded for r .gt.   2.84
|---------------------------------------------------
| Attempting MC barostat change: Failed
| Attempting MC barostat change: Succeeded
| Attempting MC barostat change: Failed
| Attempting MC barostat change: Failed
| Attempting MC barostat change: Succeeded

 NSTEP =      500   TIME(PS) =     132.000  TEMP(K) =   296.03  PRESS =     0.0
 Etot   =   -106218.2389  EKtot   =     24327.0879  EPtot      =   -130545.3268
 BOND   =       428.6163  ANGLE   =       988.6416  DIHED      =      1398.7883
 1-4 NB =       424.4725  1-4 EEL =      5442.3417  VDWAALS    =     17409.6404
 EELEC  =   -156665.5195  EHBOND  =         0.0000  RESTRAINT  =        27.6918
 EAMBER (non-restraint)  =   -130573.0186
 EKCMT  =         0.0000  VIRIAL  =         0.0000  VOLUME     =    469055.3228
                                                    Density    =         0.8840
 ------------------------------------------------------------------------------

 NMR restraints: Bond =    2.349   Angle =     1.015   Torsion =     7.213
===============================================================================
| Attempting MC barostat change: Failed
| Attempting MC barostat change: Failed
| Attempting MC barostat change: Succeeded
| Attempting MC barostat change: Failed
| Attempting MC barostat change: Failed

 NSTEP =     1000   TIME(PS) =     134.000  TEMP(K) =   299.39  PRESS =     0.0
 Etot   =   -106252.0810  EKtot   =     24603.4219  EPtot      =   -130855.5029
 BOND   =       401.9537  ANGLE   =      1012.0951  DIHED      =      1369.4952
 1-4 NB =       445.3875  1-4 EEL =      5480.5126  VDWAALS    =     17464.6648
 EELEC  =   -157043.5558  EHBOND  =         0.0000  RESTRAINT  =        13.9440
 EAMBER (non-restraint)  =   -130869.4469
 EKCMT  =         0.0000  VIRIAL  =         0.0000  VOLUME     =    467296.3861
                                                    Density    =         0.8874
 ------------------------------------------------------------------------------

 NMR restraints: Bond =    0.681   Angle =     1.644   Torsion =     7.047
===============================================================================
| Attempting MC barostat change: Failed
| Attempting MC barostat change: Failed
| Attempting MC barostat change: Succeeded
| Attempting MC barostat change: Failed
| Attempting MC barostat change: Succeeded

 NSTEP =     1500   TIME(PS) =     136.000  TEMP(K) =   298.93  PRESS =     0.0
 Etot   =   -106169.1550  EKtot   =     24565.1777  EPtot      =   -130734.3328
 BOND   =       418.7026  ANGLE   =      1005.7104  DIHED      =      1363.4671
 1-4 NB =       426.4431  1-4 EEL =      5463.9793  VDWAALS    =     17749.2569
 EELEC  =   -157179.0841  EHBOND  =         0.0000  RESTRAINT  =        17.1919
 EAMBER (non-restraint)  =   -130751.5247
 EKCMT  =         0.0000  VIRIAL  =         0.0000  VOLUME     =    462799.4190
                                                    Density    =         0.8960
 ------------------------------------------------------------------------------

 NMR restraints: Bond =    0.513   Angle =     2.158   Torsion =    11.844
===============================================================================
| Attempting MC barostat change: Succeeded
| Attempting MC barostat change: Failed
| Attempting MC barostat change: Failed
| Attempting MC barostat change: Failed
| Attempting MC barostat change: Failed

 NSTEP =     2000   TIME(PS) =     138.000  TEMP(K) =   302.45  PRESS =     0.0
 Etot   =   -105837.3841  EKtot   =     24854.4629  EPtot      =   -130691.8470
 BOND   =       457.0339  ANGLE   =       981.4399  DIHED      =      1381.3041
 1-4 NB =       426.0410  1-4 EEL =      5468.6513  VDWAALS    =     17392.0957
 EELEC  =   -156817.7288  EHBOND  =         0.0000  RESTRAINT  =        19.3159
 EAMBER (non-restraint)  =   -130711.1629
 EKCMT  =         0.0000  VIRIAL  =         0.0000  VOLUME     =    460760.8437
                                                    Density    =         0.8999
 ------------------------------------------------------------------------------

 NMR restraints: Bond =    1.728   Angle =     1.977   Torsion =    13.125
===============================================================================
| Attempting MC barostat change: Failed
| Attempting MC barostat change: Failed
| Attempting MC barostat change: Succeeded
| Attempting MC barostat change: Succeeded
| Attempting MC barostat change: Failed

 NSTEP =     2500   TIME(PS) =     140.000  TEMP(K) =   298.11  PRESS =     0.0
 Etot   =   -106325.4594  EKtot   =     24498.3574  EPtot      =   -130823.8168
 BOND   =       411.3814  ANGLE   =       944.7675  DIHED      =      1376.2963
 1-4 NB =       420.2577  1-4 EEL =      5506.8246  VDWAALS    =     17401.7889
 EELEC  =   -156899.5622  EHBOND  =         0.0000  RESTRAINT  =        14.4290
 EAMBER (non-restraint)  =   -130838.2458
 EKCMT  =         0.0000  VIRIAL  =         0.0000  VOLUME     =    458976.3250
                                                    Density    =         0.9034
 ------------------------------------------------------------------------------

 NMR restraints: Bond =    1.867   Angle =     1.299   Torsion =     8.003
===============================================================================
| Attempting MC barostat change: Failed
| Attempting MC barostat change: Failed
| Attempting MC barostat change: Succeeded
| Attempting MC barostat change: Succeeded
| Attempting MC barostat change: Failed

 NSTEP =     3000   TIME(PS) =     142.000  TEMP(K) =   295.80  PRESS =     0.0
 Etot   =   -106508.6442  EKtot   =     24308.2930  EPtot      =   -130816.9371
 BOND   =       421.5370  ANGLE   =       979.6694  DIHED      =      1369.5262
 1-4 NB =       420.8369  1-4 EEL =      5475.5156  VDWAALS    =     17452.4013
 EELEC  =   -156952.3298  EHBOND  =         0.0000  RESTRAINT  =        15.9063
 EAMBER (non-restraint)  =   -130832.8434
 EKCMT  =         0.0000  VIRIAL  =         0.0000  VOLUME     =    456462.8587
                                                    Density    =         0.9084
 ------------------------------------------------------------------------------

 NMR restraints: Bond =    1.144   Angle =     0.465   Torsion =    10.112
===============================================================================
| Attempting MC barostat change: Failed
| Attempting MC barostat change: Failed
| Attempting MC barostat change: Failed
| Attempting MC barostat change: Failed
| Attempting MC barostat change: Failed

 NSTEP =     3500   TIME(PS) =     144.000  TEMP(K) =   299.32  PRESS =     0.0
 Etot   =   -106004.6147  EKtot   =     24597.9375  EPtot      =   -130602.5522
 BOND   =       439.0518  ANGLE   =       974.9452  DIHED      =      1357.2916
 1-4 NB =       418.0135  1-4 EEL =      5436.9883  VDWAALS    =     17418.3102
 EELEC  =   -156662.8219  EHBOND  =         0.0000  RESTRAINT  =        15.6690
 EAMBER (non-restraint)  =   -130618.2213
 EKCMT  =         0.0000  VIRIAL  =         0.0000  VOLUME     =    456462.8587
                                                    Density    =         0.9084
 ------------------------------------------------------------------------------

 NMR restraints: Bond =    1.108   Angle =     0.693   Torsion =    11.978
===============================================================================

      A V E R A G E S   O V E R       7 S T E P S


 NSTEP =     3500   TIME(PS) =     144.000  TEMP(K) =   298.57  PRESS =     0.0
 Etot   =   -106187.9396  EKtot   =     24536.3912  EPtot      =   -130724.3308
 BOND   =       425.4681  ANGLE   =       983.8956  DIHED      =      1373.7384
 1-4 NB =       425.9218  1-4 EEL =      5467.8305  VDWAALS    =     17469.7369
 EELEC  =   -156888.6575  EHBOND  =         0.0000  RESTRAINT  =        17.7354
 EAMBER (non-restraint)  =   -130742.0662
 EKCMT  =         0.0000  VIRIAL  =         0.0000  VOLUME     =    461687.7163
                                                    Density    =         0.8982
 ------------------------------------------------------------------------------

 NMR restraints: Bond =    1.108   Angle =     0.693   Torsion =    11.978
===============================================================================

      R M S  F L U C T U A T I O N S


 NSTEP =     3500   TIME(PS) =     144.000  TEMP(K) =     2.10  PRESS =     0.0
 Etot   =       201.2977  EKtot   =       172.1970  EPtot      =       109.3534
 BOND   =        16.9175  ANGLE   =        20.4542  DIHED      =        12.5529
 1-4 NB =         8.4666  1-4 EEL =        21.8987  VDWAALS    =       116.7164
 EELEC  =       176.6099  EHBOND  =         0.0000  RESTRAINT  =         4.3891
 EAMBER (non-restraint)  =       104.9644
 EKCMT  =         0.0000  VIRIAL  =         0.0000  VOLUME     =      4625.7616
                                                    Density    =         0.0090
 ------------------------------------------------------------------------------


 NMR restraints on final step:

 ------------------------------------------------------------------------------


 Final Restraint Analysis for coords: eqnpt02.rst7                            


 Restraints, deviations, and energy contributions:    pencut =   -1.00

 ------------------------------------------------------------------------------
     First atom        Last atom    curr. value target deviation  penalty
 ------------------------------------------------------------------------------
  Pb   DUM    2 --  CA   ILE   58:    6.335    6.491    0.156    0.245 d    0: 0
  Pb   DUM    1 --  CA   ILE   58:   91.889   90.000    1.889    0.272 a
  Pb   DUM    1 --  Pb   DUM    2:  175.978  180.000    4.022    1.232 t
  Pb   DUM    2 --  CA   LEU   79:   78.840   78.061    0.779    0.046 a
  Pb   DUM    2 --  CA   ILE   58:    5.090    3.343    1.747    0.233 t
  CA   ILE   58 --  CA   LEU   79:   85.209   83.908    1.301    0.129 t
  CA   ILE   58 --  CA   LEU   79:   10.438   10.640    0.202    0.203 d    0: 0
  CA   LEU   79 --  CA   PHE  105:   12.754   12.582    0.172    0.147 d    0: 0
  CA   PHE  105 --  CA   ILE   58:   13.516   13.332    0.184    0.170 d    0: 0
  CA   PRO   34 --  C    PRO   34:  139.252  144.272    5.020    0.384 t
  N    VAL   35 --  CA   VAL   35:  -52.520  -56.203    3.683    0.207 t
  CA   VAL   35 --  C    VAL   35:  131.307  129.560    1.747    0.046 t
  N    ASP   36 --  CA   ASP   36:  -79.644  -76.176    3.468    0.183 t
  CA   ASP   36 --  C    ASP   36:   85.826   89.334    3.507    0.187 t
  N    VAL   37 --  CA   VAL   37:  -72.667  -68.294    4.373    0.291 t
  CA   VAL   37 --  C    VAL   37:   -1.627   -7.195    5.567    0.472 t
  N    GLU   38 --  CA   GLU   38:  -85.758  -93.239    7.481    0.852 t
  CA   GLU   38 --  C    GLU   38:  -12.541   -7.767    4.774    0.347 t
  N    ALA   39 --  CA   ALA   39:  -72.405  -74.202    1.798    0.049 t
  CA   ALA   39 --  C    ALA   39:  146.496  147.568    1.072    0.018 t
  N    LEU   40 --  CA   LEU   40:  -56.690  -57.700    1.010    0.016 t
  CA   LEU   40 --  C    LEU   40:  134.417  128.414    6.003    0.549 t
  N    GLY   41 --  CA   GLY   41:   91.998   99.760    7.763    0.918 t
  CA   GLY   41 --  C    GLY   41:  -10.521  -12.800    2.279    0.079 t
  N    LEU   42 --  CA   LEU   42: -101.834 -107.647    5.812    0.515 t
  CA   LEU   42 --  C    LEU   42:   16.614   18.376    1.761    0.047 t
  N    HIE   43 --  CA   HIE   43:  -55.700  -58.835    3.136    0.150 t
  CA   HIE   43 --  C    HIE   43:  -28.066  -25.352    2.714    0.112 t
  N    ASP   44 --  CA   ASP   44: -102.748 -102.924    0.176    0.000 t
  CA   ASP   44 --  C    ASP   44:   -5.948    4.593   10.542    1.693 t
  N    TYR   45 --  CA   TYR   45:  -58.340  -56.776    1.564    0.037 t
  Pb   DUM    1 --  C3   LIG  113:    5.760    5.000    0.760    0.289 d    0: 0
  Pb   DUM    2 --  C3   LIG  113:   86.412   90.000    3.588    0.049 a
  Pb   DUM    2 --  Pb   DUM    1:    9.486    0.000    9.486    0.343 t
  Pb   DUM    1 --  C9   LIG  113:  133.897  124.285    9.612    0.352 a
  Pb   DUM    1 --  C3   LIG  113:   -5.839  -17.922   12.083    0.556 t
  C3   LIG  113 --  C9   LIG  113: -158.670 -161.002    2.331    0.021 t
  C3   LIG  113 --  C9   LIG  113:    6.517    6.623    0.107    0.003 d    0: 0
  C9   LIG  113 --  C11  LIG  113:    6.364    6.071    0.293    0.021 d    0: 0
  C11  LIG  113 --  C3   LIG  113:    6.498    6.552    0.054    0.001 d    0: 0
  C10  LIG  113 --  C9   LIG  113:   11.414   -0.722   12.137    0.000 t
  C5   LIG  113 --  C6   LIG  113: -180.461 -178.332    2.130    0.000 t
  C8   LIG  113 --  C9   LIG  113:  -13.879   -0.382   13.497    0.000 t
  C7   LIG  113 --  C8   LIG  113:    8.875    0.377    8.498    0.000 t
  C6   LIG  113 --  C7   LIG  113:   -1.981    0.735    2.716    0.000 t
  C    LIG  113 --  N2   LIG  113:  154.976  122.970   32.006    0.000 t
  C5   LIG  113 --  C10  LIG  113:  175.762  178.292    2.530    0.000 t
  C    LIG  113 --  C1   LIG  113:    3.634   -1.558    5.192    0.000 t
  N    LIG  113 --  N1   LIG  113:    0.667   -0.629    1.296    0.000 t
  C    LIG  113 --  C4   LIG  113: -186.074 -176.496    9.577    0.000 t
  C2   LIG  113 --  N    LIG  113: -166.491 -179.572   13.081    0.000 t
  C1   LIG  113 --  C2   LIG  113: -185.347 -179.762    5.585    0.000 t
  C4   LIG  113 --  N1   LIG  113:   -3.348   -1.046    2.302    0.000 t
  C4   LIG  113 --  C5   LIG  113:  137.763  109.518   28.246    0.000 t
                                       Total distance penalty:      1.079
                                       Total angle    penalty:      0.719
                                       Total torsion  penalty:      9.665
 ------------------------------------------------------------------------------
| MC Barostat:         35 volume changes attempted.
| MC Barostat:         10 changes successful ( 28.57%)
 ------------------------------------------------------------------------------

--------------------------------------------------------------------------------
   5.  TIMINGS
--------------------------------------------------------------------------------

|  NonSetup CPU Time in Major Routines:
|
|     Routine           Sec        %
|     ------------------------------
|     Nonbond           0.95   11.78
|     Bond              0.00    0.00
|     Angle             0.00    0.00
|     Dihedral          0.00    0.00
|     Shake             0.03    0.32
|     RunMD             7.02   86.98
|     Other             0.07    0.92
|     ------------------------------
|     Total             8.07

|  PME Nonbond Pairlist CPU Time:
|
|     Routine              Sec        %
|     ---------------------------------
|     Set Up Cit           0.00    0.00
|     Build List           0.00    0.00
|     ---------------------------------
|     Total                0.00    0.00

|  PME Direct Force CPU Time:
|
|     Routine              Sec        %
|     ---------------------------------
|     NonBonded Calc       0.00    0.00
|     Exclude Masked       0.00    0.00
|     Other                0.01    0.12
|     ---------------------------------
|     Total                0.01    0.12

|  PME Reciprocal Force CPU Time:
|
|     Routine              Sec        %
|     ---------------------------------
|     1D bspline           0.00    0.00
|     Grid Charges         0.00    0.00
|     Scalar Sum           0.00    0.00
|     Gradient Sum         0.00    0.00
|     FFT                  0.00    0.00
|     ---------------------------------
|     Total                0.00    0.00

|  Final Performance Info:
|     -----------------------------------------------------
|     Average timings for last    3000 steps:
|         Elapsed(s) =       7.32 Per Step(ms) =       2.44
|             ns/day =     141.60   seconds/ns =     610.19
|
|     Average timings for all steps:
|         Elapsed(s) =       8.57 Per Step(ms) =       2.45
|             ns/day =     141.17   seconds/ns =     612.01
|     -----------------------------------------------------

|  Setup CPU time:            1.56 seconds
|  NonSetup CPU time:         8.07 seconds
|  Total CPU time:            9.63 seconds     0.00 hours

|  Setup wall time:           2    seconds
|  NonSetup wall time:        9    seconds
|  Total wall time:          11    seconds     0.00 hours
