
          -------------------------------------------------------
          Amber 14 SANDER                              2014
          -------------------------------------------------------

| PMEMD implementation of SANDER, Release 14

| Run on 04/27/2020 at 10:58:54

|   Executable path: pmemd.cuda
| Working directory: /home1/tbaba/centos/BAT.py-master/BAT/equil/pose1
|          Hostname: tx1

  [-O]verwriting output

File Assignments:
|   MDIN: eqnpt.in                                                              
|  MDOUT: eqnpt03.out                                                           
| INPCRD: eqnpt02.rst7                                                          
|   PARM: full.hmr.prmtop                                                       
| RESTRT: eqnpt03.rst7                                                          
|   REFC: full.inpcrd                                                           
|  MDVEL: mdvel                                                                 
|   MDEN: mden                                                                  
|  MDCRD: traj003.nc                                                            
| MDINFO: mdinfo                                                                
|  MDFRC: mdfrc                                                                 

 
 Here is the input file:
 
*******************************************************                        
*****************************       eqnpt.in                                   
*******************************************************                        
Equilibrate, NPT.                                                              
 &cntrl                                                                        
  imin = 0,                                                                    
  ntx = 5,                                                                     
  irest = 1,                                                                   
  ntpr = 500,                                                                  
  ntwr = 500,                                                                  
  ntwx = 500,                                                                  
  ioutfm = 1,                                                                  
  iwrap = 1,                                                                   
  ntf = 2,                                                                     
  ntc = 2,                                                                     
  cut = 9.0,                                                                   
  ntt = 3,                                                                     
  temp0 = 298.15,                                                              
  gamma_ln = 1.0,                                                              
  ig = -1,                                                                     
  ntp = 1,                                                                     
  barostat = 2,                                                                
  nstlim = 3500,                                                               
  dt = 0.004,                                                                  
  ntr = 1,                                                                     
  restraint_wt = 50.0,                                                         
  restraintmask = ':1-3',                                                      
  nmropt = 1,                                                                  
  pencut = -1,                                                                 
 /                                                                             
 &wt type = 'END', /                                                           
DISANG=disang.rest                                                             
LISTOUT=POUT                                                                   
                                                                               


Note: ig = -1. Setting random seed to   845983 based on wallclock time in 
      microseconds.
 
|--------------------- INFORMATION ----------------------
| GPU (CUDA) Version of PMEMD in use: NVIDIA GPU IN USE.
|                    Version 14.0.1
| 
|                      06/20/2014
| 
| Implementation by:
|                    Ross C. Walker     (SDSC)
|                    Scott Le Grand     (nVIDIA)
| 
| CAUTION: The CUDA code is currently experimental.
|          You use it at your own risk. Be sure to
|          check ALL results carefully.
| 
| Precision model in use:
|      [SPFP] - Mixed Single/Double/Fixed Point Precision.
|               (Default)
| 
|--------------------------------------------------------
 
|----------------- CITATION INFORMATION -----------------
|
|    When publishing work that utilized the CUDA version
|    of AMBER, please cite the following in addition to
|    the regular AMBER citations:
|
|  - Romelia Salomon-Ferrer; Andreas W. Goetz; Duncan
|    Poole; Scott Le Grand; Ross C. Walker "Routine
|    microsecond molecular dynamics simulations with
|    AMBER - Part II: Particle Mesh Ewald", J. Chem.
|    Theory Comput., 2013, 9 (9), pp3878-3888,
|    DOI: 10.1021/ct400314y.
|
|  - Andreas W. Goetz; Mark J. Williamson; Dong Xu;
|    Duncan Poole; Scott Le Grand; Ross C. Walker
|    "Routine microsecond molecular dynamics simulations
|    with AMBER - Part I: Generalized Born", J. Chem.
|    Theory Comput., 2012, 8 (5), pp1542-1555.
|
|  - Scott Le Grand; Andreas W. Goetz; Ross C. Walker
|    "SPFP: Speed without compromise - a mixed precision
|    model for GPU accelerated molecular dynamics
|    simulations.", Comp. Phys. Comm., 2013, 184
|    pp374-380, DOI: 10.1016/j.cpc.2012.09.022
|
|--------------------------------------------------------
 
|------------------- GPU DEVICE INFO --------------------
|
|            CUDA_VISIBLE_DEVICES: not set
|   CUDA Capable Devices Detected:      4
|           CUDA Device ID in use:      0
|                CUDA Device Name: GeForce GTX TITAN X
|     CUDA Device Global Mem Size:  12212 MB
| CUDA Device Num Multiprocessors:     24
|           CUDA Device Core Freq:   1.08 GHz
|
|--------------------------------------------------------
 
 
| Conditional Compilation Defines Used:
| FFTW_FFT
| BINTRAJ
| MKL
| CUDA
| EMIL
 
| Largest sphere to fit in unit cell has radius =    30.475

| New format PARM file being parsed.
| Version =    1.000 Date = 04/22/20 Time = 12:15:24

| Note: 1-4 EEL scale factors are being read from the topology file.

| Note: 1-4 VDW scale factors are being read from the topology file.
| Duplicated    0 dihedrals

| Duplicated    0 dihedrals

--------------------------------------------------------------------------------
   1.  RESOURCE   USE: 
--------------------------------------------------------------------------------

 getting new box info from bottom of inpcrd
 NATOM  =   40866 NTYPES =      18 NBONH =   39890 MBONA  =     933
 NTHETH =    2036 MTHETA =    1252 NPHIH =    3990 MPHIA  =    3859
 NHPARM =       0 NPARM  =       0 NNB   =   61967 NRES   =   13177
 NBONA  =     933 NTHETA =    1252 NPHIA =    3859 NUMBND =      87
 NUMANG =     186 NPTRA  =     207 NATYP =      51 NPHB   =       1
 IFBOX  =       1 NMXRS  =      29 IFCAP =       0 NEXTRA =       0
 NCOPY  =       0

| Coordinate Index Table dimensions:    13   12   22
| Direct force subcell size =     5.1060    5.0792    5.1284

     BOX TYPE: RECTILINEAR

--------------------------------------------------------------------------------
   2.  CONTROL  DATA  FOR  THE  RUN
--------------------------------------------------------------------------------

default_name                                                                    

General flags:
     imin    =       0, nmropt  =       1

Nature and format of input:
     ntx     =       5, irest   =       1, ntrx    =       1

Nature and format of output:
     ntxo    =       1, ntpr    =     500, ntrx    =       1, ntwr    =     500
     iwrap   =       1, ntwx    =     500, ntwv    =       0, ntwe    =       0
     ioutfm  =       1, ntwprt  =       0, idecomp =       0, rbornstat=      0

Potential function:
     ntf     =       2, ntb     =       2, igb     =       0, nsnb    =      25
     ipol    =       0, gbsa    =       0, iesp    =       0
     dielc   =   1.00000, cut     =   9.00000, intdiel =   1.00000

Frozen or restrained atoms:
     ibelly  =       0, ntr     =       1
     restraint_wt =  50.00000

Molecular dynamics:
     nstlim  =      3500, nscm    =         0, nrespa  =         1
     t       =   0.00000, dt      =   0.00400, vlimit  =  -1.00000

Langevin dynamics temperature regulation:
     ig      =  845983
     temp0   = 298.15000, tempi   =   0.00000, gamma_ln=   1.00000

Pressure regulation:
     ntp     =       1
     pres0   =   1.00000, comp    =  44.60000, taup    =   1.00000
     Monte-Carlo Barostat:
     mcbarint  =     100

SHAKE:
     ntc     =       2, jfastw  =       0
     tol     =   0.00001

NMR refinement options:
     iscale  =       0, noeskp  =       1, ipnlty  =       1, mxsub   =       1
     scalm   = 100.00000, pencut  =  -1.00000, tausw   =   0.10000

| Intermolecular bonds treatment:
|     no_intermolecular_bonds =       1

| Energy averages sample interval:
|     ene_avg_sampling =     500

Ewald parameters:
     verbose =       0, ew_type =       0, nbflag  =       1, use_pme =       1
     vdwmeth =       1, eedmeth =       1, netfrc  =       1
     Box X =   66.378   Box Y =   60.950   Box Z =  112.825
     Alpha =   90.000   Beta  =   90.000   Gamma =   90.000
     NFFT1 =   64       NFFT2 =   64       NFFT3 =  120
     Cutoff=    9.000   Tol   =0.100E-04
     Ewald Coefficient =  0.30768
     Interpolation order =    4

    LOADING THE CONSTRAINED ATOMS AS GROUPS


   5.  REFERENCE ATOM COORDINATES

  default_name                                                                    
     Mask :1-3; matches     3 atoms

--------------------------------------------------------------------------------
   3.  ATOMIC COORDINATES AND VELOCITIES
--------------------------------------------------------------------------------

default_name                                                                    
 begin time read from input coords =   144.000 ps



           Begin reading energy term weight changes/NMR restraints
 WEIGHT CHANGES:
                         ** No weight changes given **

 RESTRAINTS:
 Requested file redirections:
  DISANG    = disang.rest
  LISTOUT   = POUT
 Restraints will be read from file: disang.rest
Here are comments from the DISANG input file:
# Anchor atoms  :58@CA  :79@CA  :105@CA  :113@C3  :113@C9  :113@C11  stage = equ
 
                       Number of restraints read =    54

                  Done reading weight changes/NMR restraints


 
 Number of triangulated 3-point waters found:    13000

     Sum of charges from parm topology file =  -0.00000106
     Forcing neutrality...

| Dynamic Memory, Types Used:
| Reals             1885961
| Integers          1191820

| Nonbonded Pairs Initial Allocation:     9317448

| GPU memory information (estimate):
| KB of GPU memory in use:    236840
| KB of CPU memory in use:     47624

--------------------------------------------------------------------------------
   4.  RESULTS
--------------------------------------------------------------------------------

 ---------------------------------------------------
 APPROXIMATING switch and d/dx switch using CUBIC SPLINE INTERPOLATION
 using   5000.0 points per unit in tabled values
 TESTING RELATIVE ERROR over r ranging from 0.0 to cutoff
| CHECK switch(x): max rel err =   0.3316E-14   at   2.351880
| CHECK d/dx switch(x): max rel err =   0.8205E-11   at   2.761360
 ---------------------------------------------------
|---------------------------------------------------
| APPROXIMATING direct energy using CUBIC SPLINE INTERPOLATION
|  with   50.0 points per unit in tabled values
| Relative Error Limit not exceeded for r .gt.   2.39
| APPROXIMATING direct force using CUBIC SPLINE INTERPOLATION
|  with   50.0 points per unit in tabled values
| Relative Error Limit not exceeded for r .gt.   2.84
|---------------------------------------------------
| Attempting MC barostat change: Failed
| Attempting MC barostat change: Failed
| Attempting MC barostat change: Failed
| Attempting MC barostat change: Succeeded
| Attempting MC barostat change: Succeeded

 NSTEP =      500   TIME(PS) =     146.000  TEMP(K) =   297.06  PRESS =     0.0
 Etot   =   -106215.4880  EKtot   =     24411.6582  EPtot      =   -130627.1462
 BOND   =       461.7360  ANGLE   =       970.3449  DIHED      =      1368.6091
 1-4 NB =       419.4872  1-4 EEL =      5505.5086  VDWAALS    =     17598.2451
 EELEC  =   -156975.2894  EHBOND  =         0.0000  RESTRAINT  =        24.2122
 EAMBER (non-restraint)  =   -130651.3584
 EKCMT  =         0.0000  VIRIAL  =         0.0000  VOLUME     =    453000.5551
                                                    Density    =         0.9154
 ------------------------------------------------------------------------------

 NMR restraints: Bond =    4.751   Angle =     1.324   Torsion =     8.003
===============================================================================
| Attempting MC barostat change: Failed
| Attempting MC barostat change: Failed
| Attempting MC barostat change: Failed
| Attempting MC barostat change: Succeeded
| Attempting MC barostat change: Failed

 NSTEP =     1000   TIME(PS) =     148.000  TEMP(K) =   294.54  PRESS =     0.0
 Etot   =   -106642.9177  EKtot   =     24205.0371  EPtot      =   -130847.9548
 BOND   =       441.7766  ANGLE   =      1016.2514  DIHED      =      1369.2794
 1-4 NB =       422.4976  1-4 EEL =      5486.1790  VDWAALS    =     17587.9546
 EELEC  =   -157188.7601  EHBOND  =         0.0000  RESTRAINT  =        16.8667
 EAMBER (non-restraint)  =   -130864.8216
 EKCMT  =         0.0000  VIRIAL  =         0.0000  VOLUME     =    453173.3428
                                                    Density    =         0.9150
 ------------------------------------------------------------------------------

 NMR restraints: Bond =    0.324   Angle =     0.184   Torsion =    10.710
===============================================================================
| Attempting MC barostat change: Failed
| Attempting MC barostat change: Failed
| Attempting MC barostat change: Succeeded
| Attempting MC barostat change: Succeeded
| Attempting MC barostat change: Failed

 NSTEP =     1500   TIME(PS) =     150.000  TEMP(K) =   298.49  PRESS =     0.0
 Etot   =   -106332.1552  EKtot   =     24529.6719  EPtot      =   -130861.8270
 BOND   =       422.0000  ANGLE   =       988.5430  DIHED      =      1373.6926
 1-4 NB =       436.6575  1-4 EEL =      5490.9280  VDWAALS    =     17269.2936
 EELEC  =   -156855.5313  EHBOND  =         0.0000  RESTRAINT  =        12.5896
 EAMBER (non-restraint)  =   -130874.4166
 EKCMT  =         0.0000  VIRIAL  =         0.0000  VOLUME     =    449132.5178
                                                    Density    =         0.9232
 ------------------------------------------------------------------------------

 NMR restraints: Bond =    0.476   Angle =     2.215   Torsion =     7.618
===============================================================================
| Attempting MC barostat change: Succeeded
| Attempting MC barostat change: Failed
| Attempting MC barostat change: Succeeded
| Attempting MC barostat change: Failed
| Attempting MC barostat change: Failed

 NSTEP =     2000   TIME(PS) =     152.000  TEMP(K) =   299.52  PRESS =     0.0
 Etot   =   -106226.7216  EKtot   =     24613.7070  EPtot      =   -130840.4286
 BOND   =       414.2856  ANGLE   =       998.4451  DIHED      =      1379.2366
 1-4 NB =       424.2469  1-4 EEL =      5492.1018  VDWAALS    =     17330.5680
 EELEC  =   -156892.4297  EHBOND  =         0.0000  RESTRAINT  =        13.1170
 EAMBER (non-restraint)  =   -130853.5456
 EKCMT  =         0.0000  VIRIAL  =         0.0000  VOLUME     =    446732.2093
                                                    Density    =         0.9282
 ------------------------------------------------------------------------------

 NMR restraints: Bond =    0.770   Angle =     1.539   Torsion =     7.929
===============================================================================
| Attempting MC barostat change: Failed
| Attempting MC barostat change: Succeeded
| Attempting MC barostat change: Failed
| Attempting MC barostat change: Succeeded
| Attempting MC barostat change: Succeeded

 NSTEP =     2500   TIME(PS) =     154.000  TEMP(K) =   297.17  PRESS =     0.0
 Etot   =   -106316.9961  EKtot   =     24420.9453  EPtot      =   -130737.9414
 BOND   =       435.5269  ANGLE   =      1023.1489  DIHED      =      1408.5129
 1-4 NB =       423.4429  1-4 EEL =      5447.6931  VDWAALS    =     17200.9124
 EELEC  =   -156694.1512  EHBOND  =         0.0000  RESTRAINT  =        16.9727
 EAMBER (non-restraint)  =   -130754.9141
 EKCMT  =         0.0000  VIRIAL  =         0.0000  VOLUME     =    442237.3583
                                                    Density    =         0.9376
 ------------------------------------------------------------------------------

 NMR restraints: Bond =    2.747   Angle =     1.121   Torsion =    10.245
===============================================================================
| Attempting MC barostat change: Failed
| Attempting MC barostat change: Failed
| Attempting MC barostat change: Failed
| Attempting MC barostat change: Succeeded
| Attempting MC barostat change: Failed

 NSTEP =     3000   TIME(PS) =     156.000  TEMP(K) =   298.95  PRESS =     0.0
 Etot   =   -106704.1873  EKtot   =     24567.0898  EPtot      =   -131271.2772
 BOND   =       382.8697  ANGLE   =      1047.1824  DIHED      =      1390.6914
 1-4 NB =       415.5400  1-4 EEL =      5440.2103  VDWAALS    =     17378.7939
 EELEC  =   -157334.0222  EHBOND  =         0.0000  RESTRAINT  =         7.4575
 EAMBER (non-restraint)  =   -131278.7347
 EKCMT  =         0.0000  VIRIAL  =         0.0000  VOLUME     =    440331.7739
                                                    Density    =         0.9417
 ------------------------------------------------------------------------------

 NMR restraints: Bond =    1.030   Angle =     0.448   Torsion =     4.487
===============================================================================
| Attempting MC barostat change: Succeeded
| Attempting MC barostat change: Failed
| Attempting MC barostat change: Failed
| Attempting MC barostat change: Failed
| Attempting MC barostat change: Succeeded

 NSTEP =     3500   TIME(PS) =     158.000  TEMP(K) =   296.09  PRESS =     0.0
 Etot   =   -106892.0661  EKtot   =     24332.4160  EPtot      =   -131224.4821
 BOND   =       429.6534  ANGLE   =       980.7741  DIHED      =      1385.6076
 1-4 NB =       432.1033  1-4 EEL =      5459.0859  VDWAALS    =     17932.4131
 EELEC  =   -157857.2858  EHBOND  =         0.0000  RESTRAINT  =        13.1663
 EAMBER (non-restraint)  =   -131237.6484
 EKCMT  =         0.0000  VIRIAL  =         0.0000  VOLUME     =    434756.5736
                                                    Density    =         0.9538
 ------------------------------------------------------------------------------

 NMR restraints: Bond =    0.858   Angle =     1.691   Torsion =     5.282
===============================================================================

      A V E R A G E S   O V E R       7 S T E P S


 NSTEP =     3500   TIME(PS) =     158.000  TEMP(K) =   297.40  PRESS =     0.0
 Etot   =   -106475.7903  EKtot   =     24440.0751  EPtot      =   -130915.8653
 BOND   =       426.8354  ANGLE   =      1003.5271  DIHED      =      1382.2328
 1-4 NB =       424.8536  1-4 EEL =      5474.5295  VDWAALS    =     17471.1687
 EELEC  =   -157113.9242  EHBOND  =         0.0000  RESTRAINT  =        14.9117
 EAMBER (non-restraint)  =   -130930.7771
 EKCMT  =         0.0000  VIRIAL  =         0.0000  VOLUME     =    445623.4758
                                                    Density    =         0.9307
 ------------------------------------------------------------------------------

 NMR restraints: Bond =    0.858   Angle =     1.691   Torsion =     5.282
===============================================================================

      R M S  F L U C T U A T I O N S


 NSTEP =     3500   TIME(PS) =     158.000  TEMP(K) =     1.61  PRESS =     0.0
 Etot   =       247.5657  EKtot   =       132.1877  EPtot      =       223.5430
 BOND   =        22.7993  ANGLE   =        24.8476  DIHED      =        13.1415
 1-4 NB =         6.7118  1-4 EEL =        23.3288  VDWAALS    =       234.4073
 EELEC  =       362.1140  EHBOND  =         0.0000  RESTRAINT  =         4.8076
 EAMBER (non-restraint)  =       218.7353
 EKCMT  =         0.0000  VIRIAL  =         0.0000  VOLUME     =      6352.9737
                                                    Density    =         0.0133
 ------------------------------------------------------------------------------


 NMR restraints on final step:

 ------------------------------------------------------------------------------


 Final Restraint Analysis for coords: eqnpt03.rst7                            


 Restraints, deviations, and energy contributions:    pencut =   -1.00

 ------------------------------------------------------------------------------
     First atom        Last atom    curr. value target deviation  penalty
 ------------------------------------------------------------------------------
  Pb   DUM    2 --  CA   ILE   58:    6.343    6.491    0.148    0.218 d    0: 0
  Pb   DUM    1 --  CA   ILE   58:   90.177   90.000    0.177    0.002 a
  Pb   DUM    1 --  Pb   DUM    2:  178.709  180.000    1.291    0.127 t
  Pb   DUM    2 --  CA   LEU   79:   78.926   78.061    0.865    0.057 a
  Pb   DUM    2 --  CA   ILE   58:    5.239    3.343    1.896    0.274 t
  CA   ILE   58 --  CA   LEU   79:   86.971   83.908    3.063    0.714 t
  CA   ILE   58 --  CA   LEU   79:   10.502   10.640    0.138    0.095 d    0: 0
  CA   LEU   79 --  CA   PHE  105:   12.655   12.582    0.073    0.027 d    0: 0
  CA   PHE  105 --  CA   ILE   58:   13.038   13.332    0.294    0.432 d    0: 0
  CA   PRO   34 --  C    PRO   34:  148.248  144.272    3.976    0.241 t
  N    VAL   35 --  CA   VAL   35:  -63.211  -56.203    7.008    0.748 t
  CA   VAL   35 --  C    VAL   35:  131.041  129.560    1.481    0.033 t
  N    ASP   36 --  CA   ASP   36:  -73.224  -76.176    2.952    0.133 t
  CA   ASP   36 --  C    ASP   36:   97.995   89.334    8.661    1.143 t
  N    VAL   37 --  CA   VAL   37:  -76.122  -68.294    7.827    0.933 t
  CA   VAL   37 --  C    VAL   37:   -5.881   -7.195    1.313    0.026 t
  N    GLU   38 --  CA   GLU   38:  -93.352  -93.239    0.114    0.000 t
  CA   GLU   38 --  C    GLU   38:   -2.265   -7.767    5.502    0.461 t
  N    ALA   39 --  CA   ALA   39:  -66.330  -74.202    7.873    0.944 t
  CA   ALA   39 --  C    ALA   39:  143.312  147.568    4.256    0.276 t
  N    LEU   40 --  CA   LEU   40:  -56.481  -57.700    1.218    0.023 t
  CA   LEU   40 --  C    LEU   40:  130.160  128.414    1.746    0.046 t
  N    GLY   41 --  CA   GLY   41:  101.422   99.760    1.662    0.042 t
  CA   GLY   41 --  C    GLY   41:  -10.163  -12.800    2.637    0.106 t
  N    LEU   42 --  CA   LEU   42: -108.308 -107.647    0.661    0.007 t
  CA   LEU   42 --  C    LEU   42:   18.911   18.376    0.536    0.004 t
  N    HIE   43 --  CA   HIE   43:  -56.982  -58.835    1.853    0.052 t
  CA   HIE   43 --  C    HIE   43:  -24.582  -25.352    0.771    0.009 t
  N    ASP   44 --  CA   ASP   44: -103.588 -102.924    0.664    0.007 t
  CA   ASP   44 --  C    ASP   44:    5.144    4.593    0.551    0.005 t
  N    TYR   45 --  CA   TYR   45:  -59.496  -56.776    2.719    0.113 t
  Pb   DUM    1 --  C3   LIG  113:    4.701    5.000    0.299    0.045 d    0: 0
  Pb   DUM    2 --  C3   LIG  113:   87.143   90.000    2.857    0.031 a
  Pb   DUM    2 --  Pb   DUM    1:    5.843    0.000    5.843    0.130 t
  Pb   DUM    1 --  C9   LIG  113:  143.903  124.285   19.618    1.465 a
  Pb   DUM    1 --  C3   LIG  113:   -9.734  -17.922    8.188    0.255 t
  C3   LIG  113 --  C9   LIG  113: -155.403 -161.002    5.599    0.119 t
  C3   LIG  113 --  C9   LIG  113:    6.499    6.623    0.124    0.004 d    0: 0
  C9   LIG  113 --  C11  LIG  113:    6.067    6.071    0.004    0.000 d    0: 0
  C11  LIG  113 --  C3   LIG  113:    6.690    6.552    0.138    0.005 d    0: 0
  C10  LIG  113 --  C9   LIG  113:   -9.196   -0.722    8.473    0.000 t
  C5   LIG  113 --  C6   LIG  113: -191.401 -178.332   13.069    0.000 t
  C8   LIG  113 --  C9   LIG  113:   11.289   -0.382   11.671    0.000 t
  C7   LIG  113 --  C8   LIG  113:  -12.139    0.377   12.516    0.000 t
  C6   LIG  113 --  C7   LIG  113:   11.961    0.735   11.226    0.000 t
  C    LIG  113 --  N2   LIG  113:  165.612  122.970   42.642    0.000 t
  C5   LIG  113 --  C10  LIG  113:  189.508  178.292   11.216    0.000 t
  C    LIG  113 --  C1   LIG  113:   -2.255   -1.558    0.697    0.000 t
  N    LIG  113 --  N1   LIG  113:    0.529   -0.629    1.158    0.000 t
  C    LIG  113 --  C4   LIG  113: -172.447 -176.496    4.049    0.000 t
  C2   LIG  113 --  N    LIG  113: -196.538 -179.572   16.967    0.000 t
  C1   LIG  113 --  C2   LIG  113: -178.534 -179.762    1.228    0.000 t
  C4   LIG  113 --  N1   LIG  113:    1.664   -1.046    2.710    0.000 t
  C4   LIG  113 --  C5   LIG  113:  121.826  109.518   12.308    0.000 t
                                       Total distance penalty:      0.824
                                       Total angle    penalty:      1.556
                                       Total torsion  penalty:      6.971
 ------------------------------------------------------------------------------
| MC Barostat:         35 volume changes attempted.
| MC Barostat:         13 changes successful ( 37.14%)
 ------------------------------------------------------------------------------

--------------------------------------------------------------------------------
   5.  TIMINGS
--------------------------------------------------------------------------------

|  NonSetup CPU Time in Major Routines:
|
|     Routine           Sec        %
|     ------------------------------
|     Nonbond           0.99   12.21
|     Bond              0.00    0.00
|     Angle             0.00    0.00
|     Dihedral          0.00    0.00
|     Shake             0.02    0.31
|     RunMD             7.03   86.60
|     Other             0.07    0.89
|     ------------------------------
|     Total             8.12

|  PME Nonbond Pairlist CPU Time:
|
|     Routine              Sec        %
|     ---------------------------------
|     Set Up Cit           0.00    0.00
|     Build List           0.00    0.00
|     ---------------------------------
|     Total                0.00    0.00

|  PME Direct Force CPU Time:
|
|     Routine              Sec        %
|     ---------------------------------
|     NonBonded Calc       0.00    0.00
|     Exclude Masked       0.00    0.00
|     Other                0.01    0.12
|     ---------------------------------
|     Total                0.01    0.12

|  PME Reciprocal Force CPU Time:
|
|     Routine              Sec        %
|     ---------------------------------
|     1D bspline           0.00    0.00
|     Grid Charges         0.00    0.00
|     Scalar Sum           0.00    0.00
|     Gradient Sum         0.00    0.00
|     FFT                  0.00    0.00
|     ---------------------------------
|     Total                0.00    0.00

|  Final Performance Info:
|     -----------------------------------------------------
|     Average timings for last    3000 steps:
|         Elapsed(s) =       7.38 Per Step(ms) =       2.46
|             ns/day =     140.46   seconds/ns =     615.13
|
|     Average timings for all steps:
|         Elapsed(s) =       8.64 Per Step(ms) =       2.47
|             ns/day =     140.01   seconds/ns =     617.09
|     -----------------------------------------------------

|  Setup CPU time:            1.63 seconds
|  NonSetup CPU time:         8.12 seconds
|  Total CPU time:            9.74 seconds     0.00 hours

|  Setup wall time:           2    seconds
|  NonSetup wall time:        8    seconds
|  Total wall time:          10    seconds     0.00 hours
