
          -------------------------------------------------------
          Amber 14 SANDER                              2014
          -------------------------------------------------------

| PMEMD implementation of SANDER, Release 14

| Run on 04/27/2020 at 10:58:22

|   Executable path: pmemd.cuda
| Working directory: /home1/tbaba/centos/BAT.py-master/BAT/equil/pose1
|          Hostname: tx1

  [-O]verwriting output

File Assignments:
|   MDIN: eqnpt.in                                                              
|  MDOUT: eqnpt.out                                                             
| INPCRD: therm2.rst7                                                           
|   PARM: full.hmr.prmtop                                                       
| RESTRT: eqnpt.rst7                                                            
|   REFC: full.inpcrd                                                           
|  MDVEL: mdvel                                                                 
|   MDEN: mden                                                                  
|  MDCRD: traj000.nc                                                            
| MDINFO: mdinfo                                                                
|  MDFRC: mdfrc                                                                 

 
 Here is the input file:
 
*******************************************************                        
*****************************       eqnpt.in                                   
*******************************************************                        
Equilibrate, NPT.                                                              
 &cntrl                                                                        
  imin = 0,                                                                    
  ntx = 5,                                                                     
  irest = 1,                                                                   
  ntpr = 500,                                                                  
  ntwr = 500,                                                                  
  ntwx = 500,                                                                  
  ioutfm = 1,                                                                  
  iwrap = 1,                                                                   
  ntf = 2,                                                                     
  ntc = 2,                                                                     
  cut = 9.0,                                                                   
  ntt = 3,                                                                     
  temp0 = 298.15,                                                              
  gamma_ln = 1.0,                                                              
  ig = -1,                                                                     
  ntp = 1,                                                                     
  barostat = 2,                                                                
  nstlim = 3500,                                                               
  dt = 0.004,                                                                  
  ntr = 1,                                                                     
  restraint_wt = 50.0,                                                         
  restraintmask = ':1-3',                                                      
  nmropt = 1,                                                                  
  pencut = -1,                                                                 
 /                                                                             
 &wt type = 'END', /                                                           
DISANG=disang.rest                                                             
LISTOUT=POUT                                                                   
                                                                               


Note: ig = -1. Setting random seed to   142509 based on wallclock time in 
      microseconds.
 
|--------------------- INFORMATION ----------------------
| GPU (CUDA) Version of PMEMD in use: NVIDIA GPU IN USE.
|                    Version 14.0.1
| 
|                      06/20/2014
| 
| Implementation by:
|                    Ross C. Walker     (SDSC)
|                    Scott Le Grand     (nVIDIA)
| 
| CAUTION: The CUDA code is currently experimental.
|          You use it at your own risk. Be sure to
|          check ALL results carefully.
| 
| Precision model in use:
|      [SPFP] - Mixed Single/Double/Fixed Point Precision.
|               (Default)
| 
|--------------------------------------------------------
 
|----------------- CITATION INFORMATION -----------------
|
|    When publishing work that utilized the CUDA version
|    of AMBER, please cite the following in addition to
|    the regular AMBER citations:
|
|  - Romelia Salomon-Ferrer; Andreas W. Goetz; Duncan
|    Poole; Scott Le Grand; Ross C. Walker "Routine
|    microsecond molecular dynamics simulations with
|    AMBER - Part II: Particle Mesh Ewald", J. Chem.
|    Theory Comput., 2013, 9 (9), pp3878-3888,
|    DOI: 10.1021/ct400314y.
|
|  - Andreas W. Goetz; Mark J. Williamson; Dong Xu;
|    Duncan Poole; Scott Le Grand; Ross C. Walker
|    "Routine microsecond molecular dynamics simulations
|    with AMBER - Part I: Generalized Born", J. Chem.
|    Theory Comput., 2012, 8 (5), pp1542-1555.
|
|  - Scott Le Grand; Andreas W. Goetz; Ross C. Walker
|    "SPFP: Speed without compromise - a mixed precision
|    model for GPU accelerated molecular dynamics
|    simulations.", Comp. Phys. Comm., 2013, 184
|    pp374-380, DOI: 10.1016/j.cpc.2012.09.022
|
|--------------------------------------------------------
 
|------------------- GPU DEVICE INFO --------------------
|
|            CUDA_VISIBLE_DEVICES: not set
|   CUDA Capable Devices Detected:      4
|           CUDA Device ID in use:      0
|                CUDA Device Name: GeForce GTX TITAN X
|     CUDA Device Global Mem Size:  12212 MB
| CUDA Device Num Multiprocessors:     24
|           CUDA Device Core Freq:   1.08 GHz
|
|--------------------------------------------------------
 
 
| Conditional Compilation Defines Used:
| FFTW_FFT
| BINTRAJ
| MKL
| CUDA
| EMIL
 
| Largest sphere to fit in unit cell has radius =    31.460

| New format PARM file being parsed.
| Version =    1.000 Date = 04/22/20 Time = 12:15:24

| Note: 1-4 EEL scale factors are being read from the topology file.

| Note: 1-4 VDW scale factors are being read from the topology file.
| Duplicated    0 dihedrals

| Duplicated    0 dihedrals

--------------------------------------------------------------------------------
   1.  RESOURCE   USE: 
--------------------------------------------------------------------------------

 getting new box info from bottom of inpcrd
 NATOM  =   40866 NTYPES =      18 NBONH =   39890 MBONA  =     933
 NTHETH =    2036 MTHETA =    1252 NPHIH =    3990 MPHIA  =    3859
 NHPARM =       0 NPARM  =       0 NNB   =   61967 NRES   =   13177
 NBONA  =     933 NTHETA =    1252 NPHIA =    3859 NUMBND =      87
 NUMANG =     186 NPTRA  =     207 NATYP =      51 NPHB   =       1
 IFBOX  =       1 NMXRS  =      29 IFCAP =       0 NEXTRA =       0
 NCOPY  =       0

| Coordinate Index Table dimensions:    13   12   23
| Direct force subcell size =     5.2711    5.2434    5.0640

     BOX TYPE: RECTILINEAR

--------------------------------------------------------------------------------
   2.  CONTROL  DATA  FOR  THE  RUN
--------------------------------------------------------------------------------

default_name                                                                    

General flags:
     imin    =       0, nmropt  =       1

Nature and format of input:
     ntx     =       5, irest   =       1, ntrx    =       1

Nature and format of output:
     ntxo    =       1, ntpr    =     500, ntrx    =       1, ntwr    =     500
     iwrap   =       1, ntwx    =     500, ntwv    =       0, ntwe    =       0
     ioutfm  =       1, ntwprt  =       0, idecomp =       0, rbornstat=      0

Potential function:
     ntf     =       2, ntb     =       2, igb     =       0, nsnb    =      25
     ipol    =       0, gbsa    =       0, iesp    =       0
     dielc   =   1.00000, cut     =   9.00000, intdiel =   1.00000

Frozen or restrained atoms:
     ibelly  =       0, ntr     =       1
     restraint_wt =  50.00000

Molecular dynamics:
     nstlim  =      3500, nscm    =         0, nrespa  =         1
     t       =   0.00000, dt      =   0.00400, vlimit  =  -1.00000

Langevin dynamics temperature regulation:
     ig      =  142509
     temp0   = 298.15000, tempi   =   0.00000, gamma_ln=   1.00000

Pressure regulation:
     ntp     =       1
     pres0   =   1.00000, comp    =  44.60000, taup    =   1.00000
     Monte-Carlo Barostat:
     mcbarint  =     100

SHAKE:
     ntc     =       2, jfastw  =       0
     tol     =   0.00001

NMR refinement options:
     iscale  =       0, noeskp  =       1, ipnlty  =       1, mxsub   =       1
     scalm   = 100.00000, pencut  =  -1.00000, tausw   =   0.10000

| Intermolecular bonds treatment:
|     no_intermolecular_bonds =       1

| Energy averages sample interval:
|     ene_avg_sampling =     500

Ewald parameters:
     verbose =       0, ew_type =       0, nbflag  =       1, use_pme =       1
     vdwmeth =       1, eedmeth =       1, netfrc  =       1
     Box X =   68.524   Box Y =   62.921   Box Z =  116.472
     Alpha =   90.000   Beta  =   90.000   Gamma =   90.000
     NFFT1 =   72       NFFT2 =   64       NFFT3 =  128
     Cutoff=    9.000   Tol   =0.100E-04
     Ewald Coefficient =  0.30768
     Interpolation order =    4

    LOADING THE CONSTRAINED ATOMS AS GROUPS


   5.  REFERENCE ATOM COORDINATES

  default_name                                                                    
     Mask :1-3; matches     3 atoms

--------------------------------------------------------------------------------
   3.  ATOMIC COORDINATES AND VELOCITIES
--------------------------------------------------------------------------------

default_name                                                                    
 begin time read from input coords =   102.000 ps



           Begin reading energy term weight changes/NMR restraints
 WEIGHT CHANGES:
                         ** No weight changes given **

 RESTRAINTS:
 Requested file redirections:
  DISANG    = disang.rest
  LISTOUT   = POUT
 Restraints will be read from file: disang.rest
Here are comments from the DISANG input file:
# Anchor atoms  :58@CA  :79@CA  :105@CA  :113@C3  :113@C9  :113@C11  stage = equ
 
                       Number of restraints read =    54

                  Done reading weight changes/NMR restraints


 
 Number of triangulated 3-point waters found:    13000

     Sum of charges from parm topology file =  -0.00000106
     Forcing neutrality...

| Dynamic Memory, Types Used:
| Reals             1885985
| Integers          1191820

| Nonbonded Pairs Initial Allocation:     9317448

| GPU memory information (estimate):
| KB of GPU memory in use:    239778
| KB of CPU memory in use:     50562

--------------------------------------------------------------------------------
   4.  RESULTS
--------------------------------------------------------------------------------

 ---------------------------------------------------
 APPROXIMATING switch and d/dx switch using CUBIC SPLINE INTERPOLATION
 using   5000.0 points per unit in tabled values
 TESTING RELATIVE ERROR over r ranging from 0.0 to cutoff
| CHECK switch(x): max rel err =   0.3316E-14   at   2.351880
| CHECK d/dx switch(x): max rel err =   0.8205E-11   at   2.761360
 ---------------------------------------------------
|---------------------------------------------------
| APPROXIMATING direct energy using CUBIC SPLINE INTERPOLATION
|  with   50.0 points per unit in tabled values
| Relative Error Limit not exceeded for r .gt.   2.39
| APPROXIMATING direct force using CUBIC SPLINE INTERPOLATION
|  with   50.0 points per unit in tabled values
| Relative Error Limit not exceeded for r .gt.   2.84
|---------------------------------------------------
| Attempting MC barostat change: Failed
| Attempting MC barostat change: Failed
| Attempting MC barostat change: Failed
| Attempting MC barostat change: Failed
| Attempting MC barostat change: Failed

 NSTEP =      500   TIME(PS) =     104.000  TEMP(K) =   298.20  PRESS =     0.0
 Etot   =   -105099.3467  EKtot   =     24505.3633  EPtot      =   -129604.7100
 BOND   =       430.3387  ANGLE   =      1014.4509  DIHED      =      1364.7925
 1-4 NB =       428.7513  1-4 EEL =      5477.4779  VDWAALS    =     17651.5325
 EELEC  =   -155982.4708  EHBOND  =         0.0000  RESTRAINT  =        10.4171
 EAMBER (non-restraint)  =   -129615.1271
 EKCMT  =         0.0000  VIRIAL  =         0.0000  VOLUME     =    502176.0647
                                                    Density    =         0.8257
 ------------------------------------------------------------------------------

 NMR restraints: Bond =    0.919   Angle =     0.334   Torsion =     7.302
===============================================================================
| Attempting MC barostat change: Succeeded
| Attempting MC barostat change: Failed
| Attempting MC barostat change: Failed
| Attempting MC barostat change: Failed
| Attempting MC barostat change: Failed
| MC Barostat: Decreasing size of volume moves

 NSTEP =     1000   TIME(PS) =     106.000  TEMP(K) =   296.42  PRESS =     0.0
 Etot   =   -105050.0364  EKtot   =     24359.4473  EPtot      =   -129409.4836
 BOND   =       458.0494  ANGLE   =      1007.4004  DIHED      =      1392.3222
 1-4 NB =       426.3853  1-4 EEL =      5453.5853  VDWAALS    =     17430.8716
 EELEC  =   -155589.4901  EHBOND  =         0.0000  RESTRAINT  =        11.3923
 EAMBER (non-restraint)  =   -129420.8759
 EKCMT  =         0.0000  VIRIAL  =         0.0000  VOLUME     =    501745.8193
                                                    Density    =         0.8264
 ------------------------------------------------------------------------------

 NMR restraints: Bond =    1.765   Angle =     0.363   Torsion =     7.508
===============================================================================
| Attempting MC barostat change: Failed
| Attempting MC barostat change: Succeeded
| Attempting MC barostat change: Failed
| Attempting MC barostat change: Succeeded
| Attempting MC barostat change: Failed

 NSTEP =     1500   TIME(PS) =     108.000  TEMP(K) =   297.48  PRESS =     0.0
 Etot   =   -105372.0458  EKtot   =     24446.3379  EPtot      =   -129818.3837
 BOND   =       398.5956  ANGLE   =      1029.9660  DIHED      =      1376.6359
 1-4 NB =       419.7091  1-4 EEL =      5453.4999  VDWAALS    =     17410.4820
 EELEC  =   -155923.1754  EHBOND  =         0.0000  RESTRAINT  =        15.9032
 EAMBER (non-restraint)  =   -129834.2869
 EKCMT  =         0.0000  VIRIAL  =         0.0000  VOLUME     =    497854.6666
                                                    Density    =         0.8329
 ------------------------------------------------------------------------------

 NMR restraints: Bond =    0.283   Angle =     1.662   Torsion =     9.024
===============================================================================
| Attempting MC barostat change: Succeeded
| Attempting MC barostat change: Failed
| Attempting MC barostat change: Succeeded
| Attempting MC barostat change: Failed
| Attempting MC barostat change: Failed

 NSTEP =     2000   TIME(PS) =     110.000  TEMP(K) =   299.10  PRESS =     0.0
 Etot   =   -105117.4623  EKtot   =     24579.7344  EPtot      =   -129697.1967
 BOND   =       403.6544  ANGLE   =       994.1349  DIHED      =      1371.9582
 1-4 NB =       422.2731  1-4 EEL =      5491.0546  VDWAALS    =     16980.0611
 EELEC  =   -155370.9121  EHBOND  =         0.0000  RESTRAINT  =        10.5791
 EAMBER (non-restraint)  =   -129707.7758
 EKCMT  =         0.0000  VIRIAL  =         0.0000  VOLUME     =    497764.1276
                                                    Density    =         0.8330
 ------------------------------------------------------------------------------

 NMR restraints: Bond =    0.795   Angle =     1.356   Torsion =     7.302
===============================================================================
| Attempting MC barostat change: Failed
| Attempting MC barostat change: Failed
| Attempting MC barostat change: Succeeded
| Attempting MC barostat change: Succeeded
| Attempting MC barostat change: Failed

 NSTEP =     2500   TIME(PS) =     112.000  TEMP(K) =   297.52  PRESS =     0.0
 Etot   =   -105464.6207  EKtot   =     24450.0195  EPtot      =   -129914.6402
 BOND   =       415.8968  ANGLE   =       954.6779  DIHED      =      1358.0417
 1-4 NB =       423.1832  1-4 EEL =      5466.9921  VDWAALS    =     17267.0574
 EELEC  =   -155814.8512  EHBOND  =         0.0000  RESTRAINT  =        14.3619
 EAMBER (non-restraint)  =   -129929.0021
 EKCMT  =         0.0000  VIRIAL  =         0.0000  VOLUME     =    493402.9022
                                                    Density    =         0.8404
 ------------------------------------------------------------------------------

 NMR restraints: Bond =    0.707   Angle =     0.500   Torsion =     7.637
===============================================================================
| Attempting MC barostat change: Succeeded
| Attempting MC barostat change: Succeeded
| Attempting MC barostat change: Failed
| Attempting MC barostat change: Failed
| Attempting MC barostat change: Failed

 NSTEP =     3000   TIME(PS) =     114.000  TEMP(K) =   295.15  PRESS =     0.0
 Etot   =   -106069.3337  EKtot   =     24255.2363  EPtot      =   -130324.5700
 BOND   =       400.8649  ANGLE   =       990.7781  DIHED      =      1356.6461
 1-4 NB =       408.5048  1-4 EEL =      5463.8890  VDWAALS    =     17612.8105
 EELEC  =   -156568.3969  EHBOND  =         0.0000  RESTRAINT  =        10.3335
 EAMBER (non-restraint)  =   -130334.9035
 EKCMT  =         0.0000  VIRIAL  =         0.0000  VOLUME     =    492178.1610
                                                    Density    =         0.8425
 ------------------------------------------------------------------------------

 NMR restraints: Bond =    1.320   Angle =     1.374   Torsion =     3.881
===============================================================================
| Attempting MC barostat change: Failed
| Attempting MC barostat change: Failed
| Attempting MC barostat change: Failed
| Attempting MC barostat change: Succeeded
| Attempting MC barostat change: Failed

 NSTEP =     3500   TIME(PS) =     116.000  TEMP(K) =   296.90  PRESS =     0.0
 Etot   =   -105747.6973  EKtot   =     24399.1406  EPtot      =   -130146.8379
 BOND   =       399.9350  ANGLE   =       995.3877  DIHED      =      1376.9020
 1-4 NB =       409.8824  1-4 EEL =      5454.3914  VDWAALS    =     17365.2012
 EELEC  =   -156161.7418  EHBOND  =         0.0000  RESTRAINT  =        13.2042
 EAMBER (non-restraint)  =   -130160.0421
 EKCMT  =         0.0000  VIRIAL  =         0.0000  VOLUME     =    488913.3748
                                                    Density    =         0.8481
 ------------------------------------------------------------------------------

 NMR restraints: Bond =    0.252   Angle =     2.664   Torsion =     6.307
===============================================================================

      A V E R A G E S   O V E R       7 S T E P S


 NSTEP =     3500   TIME(PS) =     116.000  TEMP(K) =   297.25  PRESS =     0.0
 Etot   =   -105417.2204  EKtot   =     24427.8970  EPtot      =   -129845.1174
 BOND   =       415.3336  ANGLE   =       998.1137  DIHED      =      1371.0426
 1-4 NB =       419.8127  1-4 EEL =      5465.8415  VDWAALS    =     17388.2880
 EELEC  =   -155915.8626  EHBOND  =         0.0000  RESTRAINT  =        12.3130
 EAMBER (non-restraint)  =   -129857.4305
 EKCMT  =         0.0000  VIRIAL  =         0.0000  VOLUME     =    496290.7309
                                                    Density    =         0.8356
 ------------------------------------------------------------------------------

 NMR restraints: Bond =    0.252   Angle =     2.664   Torsion =     6.307
===============================================================================

      R M S  F L U C T U A T I O N S


 NSTEP =     3500   TIME(PS) =     116.000  TEMP(K) =     1.17  PRESS =     0.0
 Etot   =       351.4210  EKtot   =        96.5173  EPtot      =       291.7708
 BOND   =        20.4000  ANGLE   =        21.8156  DIHED      =        11.5550
 1-4 NB =         7.2408  1-4 EEL =        13.1468  VDWAALS    =       208.3586
 EELEC  =       359.4522  EHBOND  =         0.0000  RESTRAINT  =         2.0441
 EAMBER (non-restraint)  =       289.7266
 EKCMT  =         0.0000  VIRIAL  =         0.0000  VOLUME     =      4608.8441
                                                    Density    =         0.0078
 ------------------------------------------------------------------------------


 NMR restraints on final step:

 ------------------------------------------------------------------------------


 Final Restraint Analysis for coords: eqnpt.rst7                              


 Restraints, deviations, and energy contributions:    pencut =   -1.00

 ------------------------------------------------------------------------------
     First atom        Last atom    curr. value target deviation  penalty
 ------------------------------------------------------------------------------
  Pb   DUM    2 --  CA   ILE   58:    6.540    6.491    0.049    0.024 d    0: 0
  Pb   DUM    1 --  CA   ILE   58:   88.415   90.000    1.585    0.191 a
  Pb   DUM    1 --  Pb   DUM    2:  178.351  180.000    1.649    0.207 t
  Pb   DUM    2 --  CA   LEU   79:   76.115   78.061    1.947    0.289 a
  Pb   DUM    2 --  CA   ILE   58:    4.228    3.343    0.885    0.060 t
  CA   ILE   58 --  CA   LEU   79:   82.286   83.908    1.622    0.200 t
  CA   ILE   58 --  CA   LEU   79:   10.719   10.640    0.079    0.031 d    0: 0
  CA   LEU   79 --  CA   PHE  105:   12.672   12.582    0.089    0.040 d    0: 0
  CA   PHE  105 --  CA   ILE   58:   13.485   13.332    0.153    0.117 d    0: 0
  CA   PRO   34 --  C    PRO   34:  139.037  144.272    5.235    0.417 t
  N    VAL   35 --  CA   VAL   35:  -61.832  -56.203    5.629    0.483 t
  CA   VAL   35 --  C    VAL   35:  133.249  129.560    3.689    0.207 t
  N    ASP   36 --  CA   ASP   36:  -71.351  -76.176    4.825    0.355 t
  CA   ASP   36 --  C    ASP   36:   85.766   89.334    3.568    0.194 t
  N    VAL   37 --  CA   VAL   37:  -68.175  -68.294    0.119    0.000 t
  CA   VAL   37 --  C    VAL   37:   -5.745   -7.195    1.450    0.032 t
  N    GLU   38 --  CA   GLU   38:  -92.491  -93.239    0.748    0.009 t
  CA   GLU   38 --  C    GLU   38:   -2.106   -7.767    5.662    0.488 t
  N    ALA   39 --  CA   ALA   39:  -73.386  -74.202    0.816    0.010 t
  CA   ALA   39 --  C    ALA   39:  151.131  147.568    3.563    0.193 t
  N    LEU   40 --  CA   LEU   40:  -52.820  -57.700    4.880    0.363 t
  CA   LEU   40 --  C    LEU   40:  121.972  128.414    6.442    0.632 t
  N    GLY   41 --  CA   GLY   41:   93.565   99.760    6.195    0.585 t
  CA   GLY   41 --  C    GLY   41:   -9.092  -12.800    3.708    0.209 t
  N    LEU   42 --  CA   LEU   42: -104.328 -107.647    3.319    0.168 t
  CA   LEU   42 --  C    LEU   42:    6.818   18.376   11.557    2.034 t
  N    HIE   43 --  CA   HIE   43:  -61.329  -58.835    2.493    0.095 t
  CA   HIE   43 --  C    HIE   43:  -21.518  -25.352    3.834    0.224 t
  N    ASP   44 --  CA   ASP   44: -105.121 -102.924    2.197    0.074 t
  CA   ASP   44 --  C    ASP   44:    4.047    4.593    0.546    0.005 t
  N    TYR   45 --  CA   TYR   45:  -55.281  -56.776    1.495    0.034 t
  Pb   DUM    1 --  C3   LIG  113:    5.227    5.000    0.227    0.026 d    0: 0
  Pb   DUM    2 --  C3   LIG  113:   79.948   90.000   10.052    0.385 a
  Pb   DUM    2 --  Pb   DUM    1:   -2.265    0.000    2.265    0.020 t
  Pb   DUM    1 --  C9   LIG  113:  146.284  124.285   21.999    1.843 a
  Pb   DUM    1 --  C3   LIG  113:  -15.460  -17.922    2.462    0.023 t
  C3   LIG  113 --  C9   LIG  113: -158.126 -161.002    2.876    0.031 t
  C3   LIG  113 --  C9   LIG  113:    6.798    6.623    0.174    0.008 d    0: 0
  C9   LIG  113 --  C11  LIG  113:    5.787    6.071    0.285    0.020 d    0: 0
  C11  LIG  113 --  C3   LIG  113:    6.654    6.552    0.102    0.003 d    0: 0
  C10  LIG  113 --  C9   LIG  113:  -10.533   -0.722    9.811    0.000 t
  C5   LIG  113 --  C6   LIG  113: -189.601 -178.332   11.270    0.000 t
  C8   LIG  113 --  C9   LIG  113:    7.339   -0.382    7.721    0.000 t
  C7   LIG  113 --  C8   LIG  113:   -3.602    0.377    3.979    0.000 t
  C6   LIG  113 --  C7   LIG  113:    3.202    0.735    2.467    0.000 t
  C    LIG  113 --  N2   LIG  113:  129.287  122.970    6.317    0.000 t
  C5   LIG  113 --  C10  LIG  113:  193.135  178.292   14.842    0.000 t
  C    LIG  113 --  C1   LIG  113:   -3.554   -1.558    1.996    0.000 t
  N    LIG  113 --  N1   LIG  113:   -0.630   -0.629    0.001    0.000 t
  C    LIG  113 --  C4   LIG  113: -188.313 -176.496   11.817    0.000 t
  C2   LIG  113 --  N    LIG  113: -187.507 -179.572    7.935    0.000 t
  C1   LIG  113 --  C2   LIG  113: -177.064 -179.762    2.698    0.000 t
  C4   LIG  113 --  N1   LIG  113:   -3.584   -1.046    2.539    0.000 t
  C4   LIG  113 --  C5   LIG  113:  117.023  109.518    7.505    0.000 t
                                       Total distance penalty:      0.269
                                       Total angle    penalty:      2.708
                                       Total torsion  penalty:      7.351
 ------------------------------------------------------------------------------
| MC Barostat:         35 volume changes attempted.
| MC Barostat:         10 changes successful ( 28.57%)
 ------------------------------------------------------------------------------

--------------------------------------------------------------------------------
   5.  TIMINGS
--------------------------------------------------------------------------------

|  NonSetup CPU Time in Major Routines:
|
|     Routine           Sec        %
|     ------------------------------
|     Nonbond           0.84   10.38
|     Bond              0.00    0.00
|     Angle             0.00    0.00
|     Dihedral          0.00    0.00
|     Shake             0.02    0.20
|     RunMD             7.17   88.67
|     Other             0.06    0.75
|     ------------------------------
|     Total             8.09

|  PME Nonbond Pairlist CPU Time:
|
|     Routine              Sec        %
|     ---------------------------------
|     Set Up Cit           0.00    0.00
|     Build List           0.00    0.00
|     ---------------------------------
|     Total                0.00    0.00

|  PME Direct Force CPU Time:
|
|     Routine              Sec        %
|     ---------------------------------
|     NonBonded Calc       0.00    0.00
|     Exclude Masked       0.00    0.00
|     Other                0.01    0.12
|     ---------------------------------
|     Total                0.01    0.12

|  PME Reciprocal Force CPU Time:
|
|     Routine              Sec        %
|     ---------------------------------
|     1D bspline           0.00    0.00
|     Grid Charges         0.00    0.00
|     Scalar Sum           0.00    0.00
|     Gradient Sum         0.00    0.00
|     FFT                  0.00    0.00
|     ---------------------------------
|     Total                0.00    0.00

|  Final Performance Info:
|     -----------------------------------------------------
|     Average timings for last    3000 steps:
|         Elapsed(s) =       7.31 Per Step(ms) =       2.44
|             ns/day =     141.87   seconds/ns =     609.01
|
|     Average timings for all steps:
|         Elapsed(s) =       8.57 Per Step(ms) =       2.45
|             ns/day =     141.19   seconds/ns =     611.93
|     -----------------------------------------------------

|  Setup CPU time:            1.71 seconds
|  NonSetup CPU time:         8.09 seconds
|  Total CPU time:            9.80 seconds     0.00 hours

|  Setup wall time:           2    seconds
|  NonSetup wall time:        9    seconds
|  Total wall time:          11    seconds     0.00 hours
