
          -------------------------------------------------------
          Amber 14 SANDER                              2014
          -------------------------------------------------------

| PMEMD implementation of SANDER, Release 14

| Run on 04/27/2020 at 10:57:22

|   Executable path: pmemd.cuda
| Working directory: /home1/tbaba/centos/BAT.py-master/BAT/equil/pose1
|          Hostname: tx1

  [-O]verwriting output

File Assignments:
|   MDIN: mini.in                                                               
|  MDOUT: mini.out                                                              
| INPCRD: full.inpcrd                                                           
|   PARM: full.hmr.prmtop                                                       
| RESTRT: mini.rst7                                                             
|   REFC: full.inpcrd                                                           
|  MDVEL: mdvel                                                                 
|   MDEN: mden                                                                  
|  MDCRD: mini.nc                                                               
| MDINFO: mdinfo                                                                
|  MDFRC: mdfrc                                                                 

 
 Here is the input file:
 
*******************************************************                        
*****************************       mini.in                                    
*******************************************************                        
Minimizing.                                                                    
 &cntrl                                                                        
  imin = 1,                                                                    
  ntx = 1,                                                                     
  ntpr = 50,                                                                   
  maxcyc = 1000,                                                               
  ncyc = 1000,                                                                 
  irest = 0,                                                                   
  ntf = 1,                                                                     
  ntc = 1,                                                                     
  ntb = 1,                                                                     
  cut = 9.0,                                                                   
  ntr = 1,                                                                     
  restraint_wt = 50.0,                                                         
  restraintmask = ':1-3 | :113@C3 | :113@C9 | :113@C11',                       
  nmropt = 1,                                                                  
  pencut = -1,                                                                 
 /                                                                             
 &wt type = 'END', /                                                           
DISANG=disang.rest                                                             
LISTOUT=POUT                                                                   
                                                                               


 
|--------------------- INFORMATION ----------------------
| GPU (CUDA) Version of PMEMD in use: NVIDIA GPU IN USE.
|                    Version 14.0.1
| 
|                      06/20/2014
| 
| Implementation by:
|                    Ross C. Walker     (SDSC)
|                    Scott Le Grand     (nVIDIA)
| 
| CAUTION: The CUDA code is currently experimental.
|          You use it at your own risk. Be sure to
|          check ALL results carefully.
| 
| Precision model in use:
|      [SPFP] - Mixed Single/Double/Fixed Point Precision.
|               (Default)
| 
|--------------------------------------------------------
 
|----------------- CITATION INFORMATION -----------------
|
|    When publishing work that utilized the CUDA version
|    of AMBER, please cite the following in addition to
|    the regular AMBER citations:
|
|  - Romelia Salomon-Ferrer; Andreas W. Goetz; Duncan
|    Poole; Scott Le Grand; Ross C. Walker "Routine
|    microsecond molecular dynamics simulations with
|    AMBER - Part II: Particle Mesh Ewald", J. Chem.
|    Theory Comput., 2013, 9 (9), pp3878-3888,
|    DOI: 10.1021/ct400314y.
|
|  - Andreas W. Goetz; Mark J. Williamson; Dong Xu;
|    Duncan Poole; Scott Le Grand; Ross C. Walker
|    "Routine microsecond molecular dynamics simulations
|    with AMBER - Part I: Generalized Born", J. Chem.
|    Theory Comput., 2012, 8 (5), pp1542-1555.
|
|  - Scott Le Grand; Andreas W. Goetz; Ross C. Walker
|    "SPFP: Speed without compromise - a mixed precision
|    model for GPU accelerated molecular dynamics
|    simulations.", Comp. Phys. Comm., 2013, 184
|    pp374-380, DOI: 10.1016/j.cpc.2012.09.022
|
|--------------------------------------------------------
 
|------------------- GPU DEVICE INFO --------------------
|
|            CUDA_VISIBLE_DEVICES: not set
|   CUDA Capable Devices Detected:      4
|           CUDA Device ID in use:      0
|                CUDA Device Name: GeForce GTX TITAN X
|     CUDA Device Global Mem Size:  12212 MB
| CUDA Device Num Multiprocessors:     24
|           CUDA Device Core Freq:   1.08 GHz
|
|--------------------------------------------------------
 
 
| Conditional Compilation Defines Used:
| FFTW_FFT
| BINTRAJ
| MKL
| CUDA
| EMIL
 
| Largest sphere to fit in unit cell has radius =    31.460

| New format PARM file being parsed.
| Version =    1.000 Date = 04/22/20 Time = 12:15:24

| Note: 1-4 EEL scale factors are being read from the topology file.

| Note: 1-4 VDW scale factors are being read from the topology file.
| Duplicated    0 dihedrals

| Duplicated    0 dihedrals

--------------------------------------------------------------------------------
   1.  RESOURCE   USE: 
--------------------------------------------------------------------------------

 getting new box info from bottom of inpcrd
 NATOM  =   40866 NTYPES =      18 NBONH =   39890 MBONA  =     933
 NTHETH =    2036 MTHETA =    1252 NPHIH =    3990 MPHIA  =    3859
 NHPARM =       0 NPARM  =       0 NNB   =   61967 NRES   =   13177
 NBONA  =     933 NTHETA =    1252 NPHIA =    3859 NUMBND =      87
 NUMANG =     186 NPTRA  =     207 NATYP =      51 NPHB   =       1
 IFBOX  =       1 NMXRS  =      29 IFCAP =       0 NEXTRA =       0
 NCOPY  =       0

| Coordinate Index Table dimensions:    13   12   23
| Direct force subcell size =     5.2711    5.2434    5.0640

     BOX TYPE: RECTILINEAR

--------------------------------------------------------------------------------
   2.  CONTROL  DATA  FOR  THE  RUN
--------------------------------------------------------------------------------

default_name                                                                    

General flags:
     imin    =       1, nmropt  =       1

Nature and format of input:
     ntx     =       1, irest   =       0, ntrx    =       1

Nature and format of output:
     ntxo    =       1, ntpr    =      50, ntrx    =       1, ntwr    =     500
     iwrap   =       0, ntwx    =       0, ntwv    =       0, ntwe    =       0
     ioutfm  =       0, ntwprt  =       0, idecomp =       0, rbornstat=      0

Potential function:
     ntf     =       1, ntb     =       1, igb     =       0, nsnb    =      25
     ipol    =       0, gbsa    =       0, iesp    =       0
     dielc   =   1.00000, cut     =   9.00000, intdiel =   1.00000

Frozen or restrained atoms:
     ibelly  =       0, ntr     =       1
     restraint_wt =  50.00000

Energy minimization:
     maxcyc  =    1000, ncyc    =    1000, ntmin   =       1
     dx0     =   0.01000, drms    =   0.00010

NMR refinement options:
     iscale  =       0, noeskp  =       1, ipnlty  =       1, mxsub   =       1
     scalm   = 100.00000, pencut  =  -1.00000, tausw   =   0.10000

| Intermolecular bonds treatment:
|     no_intermolecular_bonds =       1

| Energy averages sample interval:
|     ene_avg_sampling =       1

Ewald parameters:
     verbose =       0, ew_type =       0, nbflag  =       1, use_pme =       1
     vdwmeth =       1, eedmeth =       1, netfrc  =       0
     Box X =   68.524   Box Y =   62.921   Box Z =  116.472
     Alpha =   90.000   Beta  =   90.000   Gamma =   90.000
     NFFT1 =   72       NFFT2 =   64       NFFT3 =  128
     Cutoff=    9.000   Tol   =0.100E-04
     Ewald Coefficient =  0.30768
     Interpolation order =    4

    LOADING THE CONSTRAINED ATOMS AS GROUPS


   5.  REFERENCE ATOM COORDINATES

  default_name                                                                    
     Mask :1-3 | :113@C3 | :113@C9 | :113@C11; matches     6 atoms

--------------------------------------------------------------------------------
   3.  ATOMIC COORDINATES AND VELOCITIES
--------------------------------------------------------------------------------

default_name                                                                    
 begin time read from input coords =     0.000 ps



           Begin reading energy term weight changes/NMR restraints
 WEIGHT CHANGES:
                         ** No weight changes given **

 RESTRAINTS:
 Requested file redirections:
  DISANG    = disang.rest
  LISTOUT   = POUT
 Restraints will be read from file: disang.rest
Here are comments from the DISANG input file:
# Anchor atoms  :58@CA  :79@CA  :105@CA  :113@C3  :113@C9  :113@C11  stage = equ
 
                       Number of restraints read =    54

                  Done reading weight changes/NMR restraints


 
 Number of triangulated 3-point waters found:    13000

     Sum of charges from parm topology file =  -0.00000106
     Forcing neutrality...

| Dynamic Memory, Types Used:
| Reals             1198668
| Integers          1083829

| Nonbonded Pairs Initial Allocation:     9317448

| GPU memory information (estimate):
| KB of GPU memory in use:    117041
| KB of CPU memory in use:     50513

--------------------------------------------------------------------------------
   4.  RESULTS
--------------------------------------------------------------------------------

 ---------------------------------------------------
 APPROXIMATING switch and d/dx switch using CUBIC SPLINE INTERPOLATION
 using   5000.0 points per unit in tabled values
 TESTING RELATIVE ERROR over r ranging from 0.0 to cutoff
| CHECK switch(x): max rel err =   0.3316E-14   at   2.351880
| CHECK d/dx switch(x): max rel err =   0.8205E-11   at   2.761360
 ---------------------------------------------------
|---------------------------------------------------
| APPROXIMATING direct energy using CUBIC SPLINE INTERPOLATION
|  with   50.0 points per unit in tabled values
| Relative Error Limit not exceeded for r .gt.   2.39
| APPROXIMATING direct force using CUBIC SPLINE INTERPOLATION
|  with   50.0 points per unit in tabled values
| Relative Error Limit not exceeded for r .gt.   2.84
|---------------------------------------------------


   NSTEP       ENERGY          RMS            GMAX         NAME    NUMBER
      1      -1.1431E+05     1.3058E+01     1.6620E+02     O       37564

 BOND    =      112.0866  ANGLE   =      312.5321  DIHED      =     1206.9470
 VDWAALS =    13595.3098  EEL     =  -135678.4816  HBOND      =        0.0000
 1-4 VDW =      469.6683  1-4 EEL =     5672.9288  RESTRAINT  =        0.0000
 EAMBER  =  -114309.0090
 NMR restraints: Bond =    0.000   Angle =     0.000   Torsion =     0.000
===============================================================================


   NSTEP       ENERGY          RMS            GMAX         NAME    NUMBER
     50      -1.3919E+05     4.7900E+00     8.0826E+01     C4       1781

 BOND    =     6731.9622  ANGLE   =      240.7647  DIHED      =     1215.4483
 VDWAALS =    12997.0488  EEL     =  -166335.7226  HBOND      =        0.0000
 1-4 VDW =      410.0125  1-4 EEL =     5548.3398  RESTRAINT  =        0.5533
 EAMBER  =  -139192.1463
 NMR restraints: Bond =    0.014   Angle =     0.003   Torsion =     0.351
===============================================================================


   NSTEP       ENERGY          RMS            GMAX         NAME    NUMBER
    100      -1.4533E+05     3.1780E+00     9.4269E+01     C4       1781

 BOND    =     9541.3301  ANGLE   =      250.6163  DIHED      =     1216.5830
 VDWAALS =    14313.7097  EEL     =  -176561.6896  HBOND      =        0.0000
 1-4 VDW =      391.1243  1-4 EEL =     5520.3850  RESTRAINT  =        0.6100
 EAMBER  =  -145327.9414
 NMR restraints: Bond =    0.015   Angle =     0.004   Torsion =     0.405
===============================================================================


   NSTEP       ENERGY          RMS            GMAX         NAME    NUMBER
    150      -1.4846E+05     9.8696E-01     4.0745E+01     C        1774

 BOND    =     8562.8098  ANGLE   =      249.0869  DIHED      =     1215.4464
 VDWAALS =    15506.5950  EEL     =  -179882.8828  HBOND      =        0.0000
 1-4 VDW =      383.6909  1-4 EEL =     5506.1539  RESTRAINT  =        0.7130
 EAMBER  =  -148459.1000
 NMR restraints: Bond =    0.014   Angle =     0.006   Torsion =     0.422
===============================================================================


   NSTEP       ENERGY          RMS            GMAX         NAME    NUMBER
    200      -1.5047E+05     2.3349E+00     2.6081E+02     C        1774

 BOND    =     8938.7067  ANGLE   =      266.5843  DIHED      =     1214.7118
 VDWAALS =    16614.1395  EEL     =  -183386.4878  HBOND      =        0.0000
 1-4 VDW =      379.4398  1-4 EEL =     5498.7530  RESTRAINT  =        0.9954
 EAMBER  =  -150474.1527
 NMR restraints: Bond =    0.015   Angle =     0.007   Torsion =     0.436
===============================================================================


   NSTEP       ENERGY          RMS            GMAX         NAME    NUMBER
    250      -1.5218E+05     1.3597E+00     1.2435E+02     C        1774

 BOND    =     9320.0356  ANGLE   =      260.8342  DIHED      =     1213.4448
 VDWAALS =    17618.2177  EEL     =  -186458.4127  HBOND      =        0.0000
 1-4 VDW =      376.9121  1-4 EEL =     5493.0918  RESTRAINT  =        0.7847
 EAMBER  =  -152175.8766
 NMR restraints: Bond =    0.016   Angle =     0.007   Torsion =     0.508
===============================================================================


   NSTEP       ENERGY          RMS            GMAX         NAME    NUMBER
    300      -1.5351E+05     6.1094E-01     2.6213E+01     CE1       769

 BOND    =     9510.8605  ANGLE   =      255.8279  DIHED      =     1212.3891
 VDWAALS =    18515.7486  EEL     =  -188869.8033  HBOND      =        0.0000
 1-4 VDW =      374.8435  1-4 EEL =     5490.3947  RESTRAINT  =        0.7277
 EAMBER  =  -153509.7389
 NMR restraints: Bond =    0.017   Angle =     0.007   Torsion =     0.467
===============================================================================


   NSTEP       ENERGY          RMS            GMAX         NAME    NUMBER
    350      -1.5457E+05     1.1581E+00     8.9090E+01     CE1       769

 BOND    =     9716.5362  ANGLE   =      259.9674  DIHED      =     1211.5641
 VDWAALS =    19325.9505  EEL     =  -190944.7989  HBOND      =        0.0000
 1-4 VDW =      373.5548  1-4 EEL =     5488.2533  RESTRAINT  =        0.7161
 EAMBER  =  -154568.9726
 NMR restraints: Bond =    0.017   Angle =     0.007   Torsion =     0.458
===============================================================================


   NSTEP       ENERGY          RMS            GMAX         NAME    NUMBER
    400      -1.5553E+05     5.0174E-01     2.3222E+01     CE1       769

 BOND    =     9869.6762  ANGLE   =      259.0390  DIHED      =     1211.0082
 VDWAALS =    20079.3223  EEL     =  -192811.8847  HBOND      =        0.0000
 1-4 VDW =      372.6187  1-4 EEL =     5485.5000  RESTRAINT  =        0.7670
 EAMBER  =  -155534.7204
 NMR restraints: Bond =    0.018   Angle =     0.008   Torsion =     0.490
===============================================================================


   NSTEP       ENERGY          RMS            GMAX         NAME    NUMBER
    450      -1.5636E+05     9.9551E-01     6.7286E+01     CE1       769

 BOND    =    10041.0543  ANGLE   =      264.3070  DIHED      =     1210.7057
 VDWAALS =    20778.7348  EEL     =  -194510.3714  HBOND      =        0.0000
 1-4 VDW =      371.8026  1-4 EEL =     5483.5214  RESTRAINT  =        0.8095
 EAMBER  =  -156360.2456
 NMR restraints: Bond =    0.018   Angle =     0.009   Torsion =     0.522
===============================================================================


   NSTEP       ENERGY          RMS            GMAX         NAME    NUMBER
    500      -1.5706E+05     1.4611E+00     1.0649E+02     CE1       769

 BOND    =    10199.3478  ANGLE   =      270.7828  DIHED      =     1210.6126
 VDWAALS =    21396.2535  EEL     =  -195989.5981  HBOND      =        0.0000
 1-4 VDW =      371.1939  1-4 EEL =     5481.9641  RESTRAINT  =        0.8437
 EAMBER  =  -157059.4435
 NMR restraints: Bond =    0.019   Angle =     0.010   Torsion =     0.541
===============================================================================


   NSTEP       ENERGY          RMS            GMAX         NAME    NUMBER
    550      -1.5773E+05     8.6222E-01     6.0967E+01     CE1       769

 BOND    =    10307.2348  ANGLE   =      261.8745  DIHED      =     1210.5109
 VDWAALS =    21955.0131  EEL     =  -197320.4421  HBOND      =        0.0000
 1-4 VDW =      370.7427  1-4 EEL =     5482.1335  RESTRAINT  =        0.7667
 EAMBER  =  -157732.9327
 NMR restraints: Bond =    0.019   Angle =     0.010   Torsion =     0.483
===============================================================================


   NSTEP       ENERGY          RMS            GMAX         NAME    NUMBER
    600      -1.5831E+05     1.2372E+00     1.0063E+02     CE1       769

 BOND    =    10438.2814  ANGLE   =      264.9553  DIHED      =     1210.6825
 VDWAALS =    22470.3662  EEL     =  -198543.7459  HBOND      =        0.0000
 1-4 VDW =      370.4350  1-4 EEL =     5481.2892  RESTRAINT  =        0.7543
 EAMBER  =  -158307.7363
 NMR restraints: Bond =    0.020   Angle =     0.011   Torsion =     0.486
===============================================================================


   NSTEP       ENERGY          RMS            GMAX         NAME    NUMBER
    650      -1.5889E+05     7.1660E-01     5.5587E+01     CE1       769

 BOND    =    10531.5112  ANGLE   =      264.7961  DIHED      =     1211.0206
 VDWAALS =    22966.0815  EEL     =  -199716.0772  HBOND      =        0.0000
 1-4 VDW =      370.0504  1-4 EEL =     5479.1618  RESTRAINT  =        0.8157
 EAMBER  =  -158893.4556
 NMR restraints: Bond =    0.020   Angle =     0.012   Torsion =     0.521
===============================================================================


   NSTEP       ENERGY          RMS            GMAX         NAME    NUMBER
    700      -1.5941E+05     3.4578E-01     1.0869E+01     CE1       769

 BOND    =    10629.3270  ANGLE   =      262.0863  DIHED      =     1210.5603
 VDWAALS =    23417.8658  EEL     =  -200782.2564  HBOND      =        0.0000
 1-4 VDW =      369.7997  1-4 EEL =     5478.7118  RESTRAINT  =        0.8005
 EAMBER  =  -159413.9056
 NMR restraints: Bond =    0.020   Angle =     0.013   Torsion =     0.507
===============================================================================


   NSTEP       ENERGY          RMS            GMAX         NAME    NUMBER
    750      -1.5990E+05     5.8025E-01     3.5995E+01     CE1       769

 BOND    =    10731.3388  ANGLE   =      262.5630  DIHED      =     1209.4547
 VDWAALS =    23852.3771  EEL     =  -201800.8305  HBOND      =        0.0000
 1-4 VDW =      369.5915  1-4 EEL =     5478.0787  RESTRAINT  =        0.7994
 EAMBER  =  -159897.4267
 NMR restraints: Bond =    0.021   Angle =     0.014   Torsion =     0.505
===============================================================================


   NSTEP       ENERGY          RMS            GMAX         NAME    NUMBER
    800      -1.6033E+05     9.6647E-01     1.2513E+02     C2       1776

 BOND    =    10830.7131  ANGLE   =      264.5888  DIHED      =     1209.1501
 VDWAALS =    24258.7476  EEL     =  -202742.4177  HBOND      =        0.0000
 1-4 VDW =      369.4773  1-4 EEL =     5477.5864  RESTRAINT  =        0.8225
 EAMBER  =  -160332.1545
 NMR restraints: Bond =    0.021   Angle =     0.016   Torsion =     0.508
===============================================================================


   NSTEP       ENERGY          RMS            GMAX         NAME    NUMBER
    850      -1.6074E+05     3.1102E-01     9.5053E+00     CE1       769

 BOND    =    10897.7699  ANGLE   =      262.8034  DIHED      =     1209.4570
 VDWAALS =    24626.9995  EEL     =  -203585.2900  HBOND      =        0.0000
 1-4 VDW =      369.3475  1-4 EEL =     5476.5766  RESTRAINT  =        0.8283
 EAMBER  =  -160742.3360
 NMR restraints: Bond =    0.021   Angle =     0.016   Torsion =     0.526
===============================================================================


   NSTEP       ENERGY          RMS            GMAX         NAME    NUMBER
    900      -1.6112E+05     8.2800E-01     5.6867E+01     CE1       769

 BOND    =    10986.8041  ANGLE   =      266.4975  DIHED      =     1209.8672
 VDWAALS =    24996.7138  EEL     =  -204424.4506  HBOND      =        0.0000
 1-4 VDW =      369.2853  1-4 EEL =     5475.7720  RESTRAINT  =        0.8624
 EAMBER  =  -161119.5107
 NMR restraints: Bond =    0.021   Angle =     0.018   Torsion =     0.545
===============================================================================


   NSTEP       ENERGY          RMS            GMAX         NAME    NUMBER
    950      -1.6146E+05     1.1559E+00     8.5978E+01     N        1778

 BOND    =    11068.9512  ANGLE   =      269.3936  DIHED      =     1210.0826
 VDWAALS =    25332.3783  EEL     =  -205181.2954  HBOND      =        0.0000
 1-4 VDW =      369.2624  1-4 EEL =     5475.2425  RESTRAINT  =        0.8922
 EAMBER  =  -161455.9848
 NMR restraints: Bond =    0.022   Angle =     0.019   Torsion =     0.553
===============================================================================


   NSTEP       ENERGY          RMS            GMAX         NAME    NUMBER
   1000      -1.6179E+05     6.6329E-01     4.5917E+01     CE1       769

 BOND    =    11125.3107  ANGLE   =      263.2558  DIHED      =     1209.7746
 VDWAALS =    25646.5141  EEL     =  -205885.1584  HBOND      =        0.0000
 1-4 VDW =      369.2266  1-4 EEL =     5475.6378  RESTRAINT  =        0.8399
 EAMBER  =  -161795.4387
 NMR restraints: Bond =    0.022   Angle =     0.019   Torsion =     0.539
===============================================================================


  Maximum number of minimization cycles reached.


                    FINAL RESULTS



   NSTEP       ENERGY          RMS            GMAX         NAME    NUMBER
   1000      -1.6179E+05     6.6329E-01     4.5917E+01     CE1       769

 BOND    =    11125.3107  ANGLE   =      263.2558  DIHED      =     1209.7746
 VDWAALS =    25646.5141  EEL     =  -205885.1584  HBOND      =        0.0000
 1-4 VDW =      369.2266  1-4 EEL =     5475.6378  RESTRAINT  =        0.8399
 EAMBER  =  -161795.4387
 NMR restraints: Bond =    0.022   Angle =     0.019   Torsion =     0.539
===============================================================================
 ------------------------------------------------------------------------------


 Final Restraint Analysis for coords: mini.rst7                               


 Restraints, deviations, and energy contributions:    pencut =   -1.00

 ------------------------------------------------------------------------------
     First atom        Last atom    curr. value target deviation  penalty
 ------------------------------------------------------------------------------
  Pb   DUM    2 --  CA   ILE   58:    6.482    6.491    0.009    0.001 d    0: 0
  Pb   DUM    1 --  CA   ILE   58:   90.182   90.000    0.182    0.003 a
  Pb   DUM    1 --  Pb   DUM    2:  180.122  180.000    0.122    0.001 t
  Pb   DUM    2 --  CA   LEU   79:   77.654   78.061    0.407    0.013 a
  Pb   DUM    2 --  CA   ILE   58:    3.062    3.343    0.281    0.006 t
  CA   ILE   58 --  CA   LEU   79:   84.525   83.908    0.617    0.029 t
  CA   ILE   58 --  CA   LEU   79:   10.686   10.640    0.046    0.011 d    0: 0
  CA   LEU   79 --  CA   PHE  105:   12.620   12.582    0.038    0.007 d    0: 0
  CA   PHE  105 --  CA   ILE   58:   13.307   13.332    0.025    0.003 d    0: 0
  CA   PRO   34 --  C    PRO   34:  144.115  144.272    0.157    0.000 t
  N    VAL   35 --  CA   VAL   35:  -57.211  -56.203    1.008    0.015 t
  CA   VAL   35 --  C    VAL   35:  130.096  129.560    0.536    0.004 t
  N    ASP   36 --  CA   ASP   36:  -75.988  -76.176    0.188    0.001 t
  CA   ASP   36 --  C    ASP   36:   87.466   89.334    1.868    0.053 t
  N    VAL   37 --  CA   VAL   37:  -69.399  -68.294    1.105    0.019 t
  CA   VAL   37 --  C    VAL   37:   -7.922   -7.195    0.727    0.008 t
  N    GLU   38 --  CA   GLU   38:  -94.017  -93.239    0.778    0.009 t
  CA   GLU   38 --  C    GLU   38:   -7.170   -7.767    0.597    0.005 t
  N    ALA   39 --  CA   ALA   39:  -73.778  -74.202    0.424    0.003 t
  CA   ALA   39 --  C    ALA   39:  147.444  147.568    0.124    0.000 t
  N    LEU   40 --  CA   LEU   40:  -58.369  -57.700    0.669    0.007 t
  CA   LEU   40 --  C    LEU   40:  124.844  128.414    3.569    0.194 t
  N    GLY   41 --  CA   GLY   41:   99.762   99.760    0.001    0.000 t
  CA   GLY   41 --  C    GLY   41:  -11.519  -12.800    1.281    0.025 t
  N    LEU   42 --  CA   LEU   42: -106.081 -107.647    1.566    0.037 t
  CA   LEU   42 --  C    LEU   42:   16.041   18.376    2.334    0.083 t
  N    HIE   43 --  CA   HIE   43:  -59.008  -58.835    0.173    0.000 t
  CA   HIE   43 --  C    HIE   43:  -24.447  -25.352    0.905    0.012 t
  N    ASP   44 --  CA   ASP   44: -103.110 -102.924    0.186    0.001 t
  CA   ASP   44 --  C    ASP   44:    3.339    4.593    1.254    0.024 t
  N    TYR   45 --  CA   TYR   45:  -57.003  -56.776    0.226    0.001 t
  Pb   DUM    1 --  C3   LIG  113:    4.988    5.000    0.012    0.000 d    0: 0
  Pb   DUM    2 --  C3   LIG  113:   89.486   90.000    0.514    0.001 a
  Pb   DUM    2 --  Pb   DUM    1:   -0.112    0.000    0.112    0.000 t
  Pb   DUM    1 --  C9   LIG  113:  125.109  124.285    0.824    0.003 a
  Pb   DUM    1 --  C3   LIG  113:  -17.586  -17.922    0.336    0.000 t
  C3   LIG  113 --  C9   LIG  113: -161.251 -161.002    0.250    0.000 t
  C3   LIG  113 --  C9   LIG  113:    6.615    6.623    0.008    0.000 d    0: 0
  C9   LIG  113 --  C11  LIG  113:    6.122    6.071    0.051    0.001 d    0: 0
  C11  LIG  113 --  C3   LIG  113:    6.568    6.552    0.016    0.000 d    0: 0
  C10  LIG  113 --  C9   LIG  113:   -1.774   -0.722    1.052    0.000 t
  C5   LIG  113 --  C6   LIG  113: -181.937 -178.332    3.606    0.000 t
  C8   LIG  113 --  C9   LIG  113:   -0.364   -0.382    0.018    0.000 t
  C7   LIG  113 --  C8   LIG  113:    1.114    0.377    0.737    0.000 t
  C6   LIG  113 --  C7   LIG  113:    0.273    0.735    0.463    0.000 t
  C    LIG  113 --  N2   LIG  113:  148.908  122.970   25.938    0.000 t
  C5   LIG  113 --  C10  LIG  113:  182.718  178.292    4.425    0.000 t
  C    LIG  113 --  C1   LIG  113:   -0.123   -1.558    1.435    0.000 t
  N    LIG  113 --  N1   LIG  113:   -1.550   -0.629    0.921    0.000 t
  C    LIG  113 --  C4   LIG  113: -175.434 -176.496    1.062    0.000 t
  C2   LIG  113 --  N    LIG  113: -176.333 -179.572    3.238    0.000 t
  C1   LIG  113 --  C2   LIG  113: -181.269 -179.762    1.507    0.000 t
  C4   LIG  113 --  N1   LIG  113:   -0.828   -1.046    0.218    0.000 t
  C4   LIG  113 --  C5   LIG  113:  122.318  109.518   12.800    0.000 t
                                       Total distance penalty:      0.022
                                       Total angle    penalty:      0.019
                                       Total torsion  penalty:      0.539
 ------------------------------------------------------------------------------
--------------------------------------------------------------------------------
   5.  TIMINGS
--------------------------------------------------------------------------------

|  NonSetup CPU Time in Major Routines:
|
|     Routine           Sec        %
|     ------------------------------
|     Nonbond           2.07   53.92
|     Bond              0.00    0.00
|     Angle             0.00    0.00
|     Dihedral          0.00    0.00
|     Shake             0.00    0.00
|     Other             1.77   46.08
|     ------------------------------
|     Total             3.83

|  PME Nonbond Pairlist CPU Time:
|
|     Routine              Sec        %
|     ---------------------------------
|     Set Up Cit           0.00    0.00
|     Build List           0.00    0.00
|     ---------------------------------
|     Total                0.00    0.00

|  PME Direct Force CPU Time:
|
|     Routine              Sec        %
|     ---------------------------------
|     NonBonded Calc       0.00    0.00
|     Exclude Masked       0.00    0.00
|     Other                0.00    0.03
|     ---------------------------------
|     Total                0.00    0.03

|  PME Reciprocal Force CPU Time:
|
|     Routine              Sec        %
|     ---------------------------------
|     1D bspline           0.00    0.00
|     Grid Charges         0.00    0.00
|     Scalar Sum           0.00    0.00
|     Gradient Sum         0.00    0.00
|     FFT                  0.00    0.00
|     ---------------------------------
|     Total                0.00    0.00

|  Setup CPU time:            1.85 seconds
|  NonSetup CPU time:         3.83 seconds
|  Total CPU time:            5.68 seconds     0.00 hours

|  Setup wall time:           3    seconds
|  NonSetup wall time:        3    seconds
|  Total wall time:           6    seconds     0.00 hours
