
          -------------------------------------------------------
          Amber 20 PMEMD                              2020
          -------------------------------------------------------

| PMEMD implementation of SANDER, Release 18

|  Compiled date/time: Tue Apr 28 10:19:54 2020
| Run on 05/11/2020 at 08:32:32

|   Executable path: pmemd.cuda
| Working directory: /home1/tbaba/centos/BAT.py-master/BAT/fe/pose1/dd/bulk/w11
|          Hostname: tx1

  [-O]verwriting output

File Assignments:
|   MDIN: eqnpt.in                                                              
|  MDOUT: eqnpt01.out                                                           
| INPCRD: eqnpt.rst7                                                            
|   PARM: full.hmr.prmtop                                                       
| RESTRT: eqnpt01.rst7                                                          
|   REFC: full.inpcrd                                                           
|  MDVEL: mdvel                                                                 
|   MDEN: mden                                                                  
|  MDCRD: traj001.nc                                                            
| MDINFO: mdinfo                                                                
|  MDFRC: mdfrc                                                                 


 Here is the input file:

*******************************************************                        
*****************************       eqnpt.in                                   
*******************************************************                        
Equilibrate, NPT.                                                              
 &cntrl                                                                        
  imin = 0,                                                                    
  ntx = 5,                                                                     
  irest = 1,                                                                   
  ntpr = 500,                                                                  
  ntwr = 500,                                                                  
  ntwx = 500,                                                                  
  ioutfm = 1,                                                                  
  iwrap = 1,                                                                   
  ntf = 2,                                                                     
  ntc = 2,                                                                     
  cut = 9.0,                                                                   
  ntt = 3,                                                                     
  temp0 = 298.15,                                                              
  gamma_ln = 1.0,                                                              
  ig = -1,                                                                     
  ntp = 1,                                                                     
  barostat = 2,                                                                
  nstlim = 3500,                                                               
  dt = 0.004,                                                                  
  nmropt = 1,                                                                  
  pencut = -1,                                                                 
 /                                                                             
 &wt type = 'END', /                                                           
DISANG=disang.rest                                                             
LISTOUT=POUT                                                                   
                                                                               


Note: ig = -1. Setting random seed to   522033 based on wallclock time in 
      microseconds.
| irandom = 1, using AMBER's internal random number generator (default).
 
|--------------------- INFORMATION ----------------------
| GPU (CUDA) Version of PMEMD in use: NVIDIA GPU IN USE.
|                    Version 18.0.0
| 
|                      03/25/2018
| 
| Implementation by:
|                    Ross C. Walker     (SDSC)
|                    Scott Le Grand     (nVIDIA)
| 
| Version 18 performance extensions by:
|                    David Cerutti     (Rutgers)
| 
| Precision model in use:
|      [SPFP] - Single Precision Forces, 64-bit Fixed Point
|               Accumulation. (Default)
| 
|--------------------------------------------------------
 
|----------------- CITATION INFORMATION -----------------
|
|    When publishing work that utilized the CUDA version
|    of AMBER, please cite the following in addition to
|    the regular AMBER citations:
|
|  - Romelia Salomon-Ferrer; Andreas W. Goetz; Duncan
|    Poole; Scott Le Grand; Ross C. Walker "Routine
|    microsecond molecular dynamics simulations with
|    AMBER - Part II: Particle Mesh Ewald", J. Chem.
|    Theory Comput., 2013, 9 (9), pp3878-3888,
|    DOI: 10.1021/ct400314y.
|
|  - Andreas W. Goetz; Mark J. Williamson; Dong Xu;
|    Duncan Poole; Scott Le Grand; Ross C. Walker
|    "Routine microsecond molecular dynamics simulations
|    with AMBER - Part I: Generalized Born", J. Chem.
|    Theory Comput., 2012, 8 (5), pp1542-1555.
|
|  - Scott Le Grand; Andreas W. Goetz; Ross C. Walker
|    "SPFP: Speed without compromise - a mixed precision
|    model for GPU accelerated molecular dynamics
|    simulations.", Comp. Phys. Comm., 2013, 184
|    pp374-380, DOI: 10.1016/j.cpc.2012.09.022
|
|--------------------------------------------------------
 
|------------------- GPU DEVICE INFO --------------------
|
|            CUDA_VISIBLE_DEVICES: 3
|   CUDA Capable Devices Detected:      1
|           CUDA Device ID in use:      0
|                CUDA Device Name: GeForce GTX TITAN X
|     CUDA Device Global Mem Size:  12212 MB
| CUDA Device Num Multiprocessors:     24
|           CUDA Device Core Freq:   1.08 GHz
|
|--------------------------------------------------------
 
 
| Conditional Compilation Defines Used:
| PUBFFT
| BINTRAJ
| CUDA
| EMIL

| Largest sphere to fit in unit cell has radius =    19.544

| New format PARM file being parsed.
| Version =    1.000 Date = 04/28/20 Time = 18:40:20

| Note: 1-4 EEL scale factors are being read from the topology file.

| Note: 1-4 VDW scale factors are being read from the topology file.
| Duplicated    0 dihedrals

| Duplicated    0 dihedrals

--------------------------------------------------------------------------------
   1.  RESOURCE   USE: 
--------------------------------------------------------------------------------

 getting box info from netcdf restart file
 NATOM  =    5646 NTYPES =      11 NBONH =    5614 MBONA  =      17
 NTHETH =      26 MTHETA =      23 NPHIH =      41 MPHIA  =      35
 NHPARM =       0 NPARM  =       0 NNB   =    7625 NRES   =    1884
 NBONA  =      17 NTHETA =      23 NPHIA =      35 NUMBND =      18
 NUMANG =      25 NPTRA  =      11 NATYP =      16 NPHB   =       0
 IFBOX  =       1 NMXRS  =      29 IFCAP =       0 NEXTRA =       0
 NCOPY  =       0

| Coordinate Index Table dimensions:     7    8    8
| Direct force subcell size =     5.5840    5.3233    5.3898

     BOX TYPE: RECTILINEAR

--------------------------------------------------------------------------------
   2.  CONTROL  DATA  FOR  THE  RUN
--------------------------------------------------------------------------------

default_name                                                                    

General flags:
     imin    =       0, nmropt  =       1

Nature and format of input:
     ntx     =       5, irest   =       1, ntrx    =       1

Nature and format of output:
     ntxo    =       2, ntpr    =     500, ntrx    =       1, ntwr    =     500
     iwrap   =       1, ntwx    =     500, ntwv    =       0, ntwe    =       0
     ioutfm  =       1, ntwprt  =       0, idecomp =       0, rbornstat=      0

Potential function:
     ntf     =       2, ntb     =       2, igb     =       0, nsnb    =      25
     ipol    =       0, gbsa    =       0, iesp    =       0
     dielc   =   1.00000, cut     =   9.00000, intdiel =   1.00000

Frozen or restrained atoms:
     ibelly  =       0, ntr     =       0

Molecular dynamics:
     nstlim  =      3500, nscm    =      1000, nrespa  =         1
     t       =   0.00000, dt      =   0.00400, vlimit  =  -1.00000

Langevin dynamics temperature regulation:
     ig      =  522033
     temp0   = 298.15000, tempi   =   0.00000, gamma_ln=   1.00000

Pressure regulation:
     ntp     =       1
     pres0   =   1.00000, comp    =  44.60000, taup    =   1.00000
     Monte-Carlo Barostat:
     mcbarint  =     100

SHAKE:
     ntc     =       2, jfastw  =       0
     tol     =   0.00001

NMR refinement options:
     iscale  =       0, noeskp  =       1, ipnlty  =       1, mxsub   =       1
     scalm   = 100.00000, pencut  =  -1.00000, tausw   =   0.10000

| Intermolecular bonds treatment:
|     no_intermolecular_bonds =       1

| Energy averages sample interval:
|     ene_avg_sampling =     500

Ewald parameters:
     verbose =       0, ew_type =       0, nbflag  =       1, use_pme =       1
     vdwmeth =       1, eedmeth =       1, netfrc  =       1
     Box X =   39.088   Box Y =   42.587   Box Z =   43.119
     Alpha =   90.000   Beta  =   90.000   Gamma =   90.000
     NFFT1 =   40       NFFT2 =   48       NFFT3 =   48
     Cutoff=    9.000   Tol   =0.100E-04
     Ewald Coefficient =  0.30768
     Interpolation order =    4
| MONTE CARLO BAROSTAT IMPORTANT NOTE:
|   The Monte-Carlo barostat does not require the virial to adjust the system volume.
|   Since it is an expensive calculation, it is skipped for efficiency. A side-effect
|   is that the reported pressure is always 0 because it is not calculated.

--------------------------------------------------------------------------------
   3.  ATOMIC COORDINATES AND VELOCITIES
--------------------------------------------------------------------------------

default_name                                                                    
 begin time read from input coords =   116.000 ps



           Begin reading energy term weight changes/NMR restraints
 WEIGHT CHANGES:
                         ** No weight changes given **

 RESTRAINTS:
 Requested file redirections:
  DISANG    = disang.rest
  LISTOUT   = POUT
 Restraints will be read from file: disang.rest
Here are comments from the DISANG input file:
# Anchor atoms  :58@CA  :79@CA  :105@CA  :1@C3  :1@C9  :1@C11  stage = fe  weigh

                       Number of restraints read =    17

                  Done reading weight changes/NMR restraints


 
 Number of triangulated 3-point waters found:     1867

     Sum of charges from parm topology file =  -0.00000100
     Forcing neutrality...

| Dynamic Memory, Types Used:
| Reals              353455
| Integers           159084

| Nonbonded Pairs Initial Allocation:     1287288

| GPU memory information (estimate):
| KB of GPU memory in use:     40460
| KB of CPU memory in use:     10868

--------------------------------------------------------------------------------
   4.  RESULTS
--------------------------------------------------------------------------------


 NSTEP =      500   TIME(PS) =     118.000  TEMP(K) =   298.36  PRESS =     0.0
 Etot   =    -15413.6986  EKtot   =      3356.9773  EPtot      =    -18770.6758
 BOND   =        15.6540  ANGLE   =         9.5793  DIHED      =         8.8667
 1-4 NB =        10.3523  1-4 EEL =        36.2857  VDWAALS    =      2727.7201
 EELEC  =    -21581.9369  EHBOND  =         0.0000  RESTRAINT  =         2.8030
 EAMBER (non-restraint)  =    -18773.4789
 EKCMT  =         0.0000  VIRIAL  =         0.0000  VOLUME     =     71450.7919
                                                    Density    =         0.7976
 ------------------------------------------------------------------------------

 NMR restraints: Bond =    0.012   Angle =     0.000   Torsion =     2.791
===============================================================================

 NSTEP =     1000   TIME(PS) =     120.000  TEMP(K) =   293.19  PRESS =     0.0
 Etot   =    -15389.8275  EKtot   =      3298.7727  EPtot      =    -18688.6002
 BOND   =         9.8356  ANGLE   =        11.2508  DIHED      =         7.8256
 1-4 NB =         9.9052  1-4 EEL =        36.6366  VDWAALS    =      2804.3818
 EELEC  =    -21571.0734  EHBOND  =         0.0000  RESTRAINT  =         2.6376
 EAMBER (non-restraint)  =    -18691.2378
 EKCMT  =         0.0000  VIRIAL  =         0.0000  VOLUME     =     70477.9226
                                                    Density    =         0.8086
 ------------------------------------------------------------------------------

 NMR restraints: Bond =    0.220   Angle =     0.000   Torsion =     2.417
===============================================================================

 NSTEP =     1500   TIME(PS) =     122.000  TEMP(K) =   300.91  PRESS =     0.0
 Etot   =    -15376.8183  EKtot   =      3385.6460  EPtot      =    -18762.4643
 BOND   =        10.5478  ANGLE   =        13.8607  DIHED      =         8.5811
 1-4 NB =        10.6461  1-4 EEL =        34.8351  VDWAALS    =      2771.7677
 EELEC  =    -21616.8044  EHBOND  =         0.0000  RESTRAINT  =         4.1015
 EAMBER (non-restraint)  =    -18766.5658
 EKCMT  =         0.0000  VIRIAL  =         0.0000  VOLUME     =     69511.2577
                                                    Density    =         0.8198
 ------------------------------------------------------------------------------

 NMR restraints: Bond =    0.002   Angle =     0.000   Torsion =     4.100
===============================================================================

 NSTEP =     2000   TIME(PS) =     124.000  TEMP(K) =   300.89  PRESS =     0.0
 Etot   =    -15291.9805  EKtot   =      3385.4514  EPtot      =    -18677.4319
 BOND   =         8.3882  ANGLE   =        20.1002  DIHED      =         8.8292
 1-4 NB =        11.5174  1-4 EEL =        34.5612  VDWAALS    =      2763.8431
 EELEC  =    -21528.4954  EHBOND  =         0.0000  RESTRAINT  =         3.8242
 EAMBER (non-restraint)  =    -18681.2561
 EKCMT  =         0.0000  VIRIAL  =         0.0000  VOLUME     =     68584.0665
                                                    Density    =         0.8309
 ------------------------------------------------------------------------------

 NMR restraints: Bond =    0.101   Angle =     0.000   Torsion =     3.723
===============================================================================

 NSTEP =     2500   TIME(PS) =     126.000  TEMP(K) =   301.52  PRESS =     0.0
 Etot   =    -15401.3370  EKtot   =      3392.5818  EPtot      =    -18793.9188
 BOND   =         7.3471  ANGLE   =        11.3907  DIHED      =        10.0842
 1-4 NB =         9.7984  1-4 EEL =        35.7512  VDWAALS    =      2711.4604
 EELEC  =    -21584.3835  EHBOND  =         0.0000  RESTRAINT  =         4.6327
 EAMBER (non-restraint)  =    -18798.5515
 EKCMT  =         0.0000  VIRIAL  =         0.0000  VOLUME     =     67646.2980
                                                    Density    =         0.8424
 ------------------------------------------------------------------------------

 NMR restraints: Bond =    0.489   Angle =     0.000   Torsion =     4.143
===============================================================================

 NSTEP =     3000   TIME(PS) =     128.000  TEMP(K) =   294.85  PRESS =     0.0
 Etot   =    -15561.0289  EKtot   =      3317.4438  EPtot      =    -18878.4728
 BOND   =         7.2764  ANGLE   =        13.0833  DIHED      =        10.3572
 1-4 NB =        10.6737  1-4 EEL =        36.3876  VDWAALS    =      2668.2427
 EELEC  =    -21631.1742  EHBOND  =         0.0000  RESTRAINT  =         6.6804
 EAMBER (non-restraint)  =    -18885.1531
 EKCMT  =         0.0000  VIRIAL  =         0.0000  VOLUME     =     67013.4688
                                                    Density    =         0.8504
 ------------------------------------------------------------------------------

 NMR restraints: Bond =    0.406   Angle =     0.000   Torsion =     6.275
===============================================================================

 NSTEP =     3500   TIME(PS) =     130.000  TEMP(K) =   301.98  PRESS =     0.0
 Etot   =    -15466.6059  EKtot   =      3397.6675  EPtot      =    -18864.2733
 BOND   =        10.2417  ANGLE   =        12.2652  DIHED      =        10.1273
 1-4 NB =         8.7245  1-4 EEL =        37.3927  VDWAALS    =      2555.4531
 EELEC  =    -21504.1440  EHBOND  =         0.0000  RESTRAINT  =         5.6661
 EAMBER (non-restraint)  =    -18869.9394
 EKCMT  =         0.0000  VIRIAL  =         0.0000  VOLUME     =     66742.7838
                                                    Density    =         0.8539
 ------------------------------------------------------------------------------

 NMR restraints: Bond =    0.459   Angle =     0.000   Torsion =     5.207
===============================================================================

      A V E R A G E S   O V E R       7 S T E P S


 NSTEP =     3500   TIME(PS) =     130.000  TEMP(K) =   298.81  PRESS =     0.0
 Etot   =    -15414.4709  EKtot   =      3362.0772  EPtot      =    -18776.5482
 BOND   =         9.8987  ANGLE   =        13.0757  DIHED      =         9.2388
 1-4 NB =        10.2311  1-4 EEL =        35.9786  VDWAALS    =      2714.6956
 EELEC  =    -21574.0017  EHBOND  =         0.0000  RESTRAINT  =         4.3351
 EAMBER (non-restraint)  =    -18780.8832
 EKCMT  =         0.0000  VIRIAL  =         0.0000  VOLUME     =     68775.2271
                                                    Density    =         0.8291
 ------------------------------------------------------------------------------

 NMR restraints: Bond =    0.459   Angle =     0.000   Torsion =     5.207
===============================================================================

      R M S  F L U C T U A T I O N S


 NSTEP =     3500   TIME(PS) =     130.000  TEMP(K) =     3.24  PRESS =     0.0
 Etot   =        76.9038  EKtot   =        36.4978  EPtot      =        71.8906
 BOND   =         2.6548  ANGLE   =         3.1399  DIHED      =         0.8857
 1-4 NB =         0.8107  1-4 EEL =         0.9306  VDWAALS    =        76.9160
 EELEC  =        41.8006  EHBOND  =         0.0000  RESTRAINT  =         1.3578
 EAMBER (non-restraint)  =        70.5328
 EKCMT  =         0.0000  VIRIAL  =         0.0000  VOLUME     =      1653.7922
                                                    Density    =         0.0198
 ------------------------------------------------------------------------------


 NMR restraints on final step:

 ------------------------------------------------------------------------------


 Final Restraint Analysis for coords: eqnpt01.rst7                            


 Restraints, deviations, and energy contributions:    pencut =   -1.00

 ------------------------------------------------------------------------------
     First atom        Last atom    curr. value target deviation  penalty
 ------------------------------------------------------------------------------
  C3   LIG    1 --  C9   LIG    1:    6.674    6.392    0.282    0.398 d    0: 0
  C9   LIG    1 --  C11  LIG    1:    6.237    6.364    0.127    0.080 d    0: 0
  C11  LIG    1 --  C3   LIG    1:    6.662    6.535    0.127    0.081 d    0: 0
  C10  LIG    1 --  C9   LIG    1:   -3.294   -4.102    0.808    0.014 t
  C5   LIG    1 --  C6   LIG    1:  178.541  174.162    4.379    0.409 t
  C8   LIG    1 --  C9   LIG    1:   -9.247   -8.316    0.931    0.018 t
  C7   LIG    1 --  C8   LIG    1:   14.801    9.382    5.420    0.626 t
  C6   LIG    1 --  C7   LIG    1:   -7.444    1.647    9.091    1.762 t
  C    LIG    1 --  N2   LIG    1:  156.405  155.656    0.748    0.012 t
  C5   LIG    1 --  C10  LIG    1: -173.307 -172.471    0.836    0.015 t
  C    LIG    1 --  C1   LIG    1:   12.248   16.096    3.847    0.316 t
  N    LIG    1 --  N1   LIG    1:   -7.760   -2.975    4.785    0.488 t
  C    LIG    1 --  C4   LIG    1:  170.517  172.131    1.614    0.056 t
  C2   LIG    1 --  N    LIG    1:  181.932  173.910    8.023    1.372 t
  C1   LIG    1 --  C2   LIG    1:  175.882  173.252    2.630    0.147 t
  C4   LIG    1 --  N1   LIG    1:    4.163    5.550    1.387    0.041 t
  C4   LIG    1 --  C5   LIG    1:  131.972  135.268    3.296    0.232 t
                                       Total distance penalty:      0.558
                                       Total torsion  penalty:      5.509
 ------------------------------------------------------------------------------
| MC Barostat:         35 volume changes attempted.
| MC Barostat:         17 changes successful ( 48.57%)
 ------------------------------------------------------------------------------

--------------------------------------------------------------------------------
   5.  TIMINGS
--------------------------------------------------------------------------------

|  NonSetup CPU Time in Major Routines:
|
|     Routine           Sec        %
|     ------------------------------
|     Nonbond           0.43   27.91
|     Bond              0.00    0.00
|     Angle             0.00    0.00
|     Dihedral          0.00    0.00
|     Shake             0.01    0.58
|     RunMD             1.09   70.40
|     Other             0.02    1.10
|     ------------------------------
|     Total             1.54

|  PME Nonbond Pairlist CPU Time:
|
|     Routine              Sec        %
|     ---------------------------------
|     Set Up Cit           0.00    0.00
|     Build List           0.00    0.00
|     ---------------------------------
|     Total                0.00    0.00

|  PME Direct Force CPU Time:
|
|     Routine              Sec        %
|     ---------------------------------
|     NonBonded Calc       0.00    0.00
|     Exclude Masked       0.00    0.00
|     Other                0.00    0.19
|     ---------------------------------
|     Total                0.00    0.19

|  PME Reciprocal Force CPU Time:
|
|     Routine              Sec        %
|     ---------------------------------
|     1D bspline           0.00    0.00
|     Grid Charges         0.00    0.00
|     Scalar Sum           0.00    0.00
|     Gradient Sum         0.00    0.00
|     FFT                  0.00    0.00
|     ---------------------------------
|     Total                0.00    0.00

|  Final Performance Info:
|     -----------------------------------------------------
|     Average timings for last    3000 steps:
|     Elapsed(s) =       1.46 Per Step(ms) =       0.49
|         ns/day =     710.19   seconds/ns =     121.66
|
|     Average timings for all steps:
|     Elapsed(s) =       1.73 Per Step(ms) =       0.49
|         ns/day =     701.08   seconds/ns =     123.24
|     -----------------------------------------------------

|  Setup CPU time:            1.38 seconds
|  NonSetup CPU time:         1.54 seconds
|  Total CPU time:            2.92 seconds     0.00 hours

|  Setup wall time:           1    seconds
|  NonSetup wall time:        2    seconds
|  Total wall time:           3    seconds     0.00 hours
