
          -------------------------------------------------------
          Amber 20 PMEMD                              2020
          -------------------------------------------------------

| PMEMD implementation of SANDER, Release 18

|  Compiled date/time: Tue Apr 28 10:19:54 2020
| Run on 05/11/2020 at 08:32:43

|   Executable path: pmemd.cuda
| Working directory: /home1/tbaba/centos/BAT.py-master/BAT/fe/pose1/dd/bulk/w11
|          Hostname: tx1

  [-O]verwriting output

File Assignments:
|   MDIN: eqnpt.in                                                              
|  MDOUT: eqnpt04.out                                                           
| INPCRD: eqnpt03.rst7                                                          
|   PARM: full.hmr.prmtop                                                       
| RESTRT: eqnpt04.rst7                                                          
|   REFC: full.inpcrd                                                           
|  MDVEL: mdvel                                                                 
|   MDEN: mden                                                                  
|  MDCRD: traj004.nc                                                            
| MDINFO: mdinfo                                                                
|  MDFRC: mdfrc                                                                 


 Here is the input file:

*******************************************************                        
*****************************       eqnpt.in                                   
*******************************************************                        
Equilibrate, NPT.                                                              
 &cntrl                                                                        
  imin = 0,                                                                    
  ntx = 5,                                                                     
  irest = 1,                                                                   
  ntpr = 500,                                                                  
  ntwr = 500,                                                                  
  ntwx = 500,                                                                  
  ioutfm = 1,                                                                  
  iwrap = 1,                                                                   
  ntf = 2,                                                                     
  ntc = 2,                                                                     
  cut = 9.0,                                                                   
  ntt = 3,                                                                     
  temp0 = 298.15,                                                              
  gamma_ln = 1.0,                                                              
  ig = -1,                                                                     
  ntp = 1,                                                                     
  barostat = 2,                                                                
  nstlim = 3500,                                                               
  dt = 0.004,                                                                  
  nmropt = 1,                                                                  
  pencut = -1,                                                                 
 /                                                                             
 &wt type = 'END', /                                                           
DISANG=disang.rest                                                             
LISTOUT=POUT                                                                   
                                                                               


Note: ig = -1. Setting random seed to   137878 based on wallclock time in 
      microseconds.
| irandom = 1, using AMBER's internal random number generator (default).
 
|--------------------- INFORMATION ----------------------
| GPU (CUDA) Version of PMEMD in use: NVIDIA GPU IN USE.
|                    Version 18.0.0
| 
|                      03/25/2018
| 
| Implementation by:
|                    Ross C. Walker     (SDSC)
|                    Scott Le Grand     (nVIDIA)
| 
| Version 18 performance extensions by:
|                    David Cerutti     (Rutgers)
| 
| Precision model in use:
|      [SPFP] - Single Precision Forces, 64-bit Fixed Point
|               Accumulation. (Default)
| 
|--------------------------------------------------------
 
|----------------- CITATION INFORMATION -----------------
|
|    When publishing work that utilized the CUDA version
|    of AMBER, please cite the following in addition to
|    the regular AMBER citations:
|
|  - Romelia Salomon-Ferrer; Andreas W. Goetz; Duncan
|    Poole; Scott Le Grand; Ross C. Walker "Routine
|    microsecond molecular dynamics simulations with
|    AMBER - Part II: Particle Mesh Ewald", J. Chem.
|    Theory Comput., 2013, 9 (9), pp3878-3888,
|    DOI: 10.1021/ct400314y.
|
|  - Andreas W. Goetz; Mark J. Williamson; Dong Xu;
|    Duncan Poole; Scott Le Grand; Ross C. Walker
|    "Routine microsecond molecular dynamics simulations
|    with AMBER - Part I: Generalized Born", J. Chem.
|    Theory Comput., 2012, 8 (5), pp1542-1555.
|
|  - Scott Le Grand; Andreas W. Goetz; Ross C. Walker
|    "SPFP: Speed without compromise - a mixed precision
|    model for GPU accelerated molecular dynamics
|    simulations.", Comp. Phys. Comm., 2013, 184
|    pp374-380, DOI: 10.1016/j.cpc.2012.09.022
|
|--------------------------------------------------------
 
|------------------- GPU DEVICE INFO --------------------
|
|            CUDA_VISIBLE_DEVICES: 3
|   CUDA Capable Devices Detected:      1
|           CUDA Device ID in use:      0
|                CUDA Device Name: GeForce GTX TITAN X
|     CUDA Device Global Mem Size:  12212 MB
| CUDA Device Num Multiprocessors:     24
|           CUDA Device Core Freq:   1.08 GHz
|
|--------------------------------------------------------
 
 
| Conditional Compilation Defines Used:
| PUBFFT
| BINTRAJ
| CUDA
| EMIL

| Largest sphere to fit in unit cell has radius =    18.294

| New format PARM file being parsed.
| Version =    1.000 Date = 04/28/20 Time = 18:40:20

| Note: 1-4 EEL scale factors are being read from the topology file.

| Note: 1-4 VDW scale factors are being read from the topology file.
| Duplicated    0 dihedrals

| Duplicated    0 dihedrals

--------------------------------------------------------------------------------
   1.  RESOURCE   USE: 
--------------------------------------------------------------------------------

 getting box info from netcdf restart file
 NATOM  =    5646 NTYPES =      11 NBONH =    5614 MBONA  =      17
 NTHETH =      26 MTHETA =      23 NPHIH =      41 MPHIA  =      35
 NHPARM =       0 NPARM  =       0 NNB   =    7625 NRES   =    1884
 NBONA  =      17 NTHETA =      23 NPHIA =      35 NUMBND =      18
 NUMANG =      25 NPTRA  =      11 NATYP =      16 NPHB   =       0
 IFBOX  =       1 NMXRS  =      29 IFCAP =       0 NEXTRA =       0
 NCOPY  =       0

| Coordinate Index Table dimensions:     7    7    8
| Direct force subcell size =     5.2270    5.6948    5.0452

     BOX TYPE: RECTILINEAR

--------------------------------------------------------------------------------
   2.  CONTROL  DATA  FOR  THE  RUN
--------------------------------------------------------------------------------

default_name                                                                    

General flags:
     imin    =       0, nmropt  =       1

Nature and format of input:
     ntx     =       5, irest   =       1, ntrx    =       1

Nature and format of output:
     ntxo    =       2, ntpr    =     500, ntrx    =       1, ntwr    =     500
     iwrap   =       1, ntwx    =     500, ntwv    =       0, ntwe    =       0
     ioutfm  =       1, ntwprt  =       0, idecomp =       0, rbornstat=      0

Potential function:
     ntf     =       2, ntb     =       2, igb     =       0, nsnb    =      25
     ipol    =       0, gbsa    =       0, iesp    =       0
     dielc   =   1.00000, cut     =   9.00000, intdiel =   1.00000

Frozen or restrained atoms:
     ibelly  =       0, ntr     =       0

Molecular dynamics:
     nstlim  =      3500, nscm    =      1000, nrespa  =         1
     t       =   0.00000, dt      =   0.00400, vlimit  =  -1.00000

Langevin dynamics temperature regulation:
     ig      =  137878
     temp0   = 298.15000, tempi   =   0.00000, gamma_ln=   1.00000

Pressure regulation:
     ntp     =       1
     pres0   =   1.00000, comp    =  44.60000, taup    =   1.00000
     Monte-Carlo Barostat:
     mcbarint  =     100

SHAKE:
     ntc     =       2, jfastw  =       0
     tol     =   0.00001

NMR refinement options:
     iscale  =       0, noeskp  =       1, ipnlty  =       1, mxsub   =       1
     scalm   = 100.00000, pencut  =  -1.00000, tausw   =   0.10000

| Intermolecular bonds treatment:
|     no_intermolecular_bonds =       1

| Energy averages sample interval:
|     ene_avg_sampling =     500

Ewald parameters:
     verbose =       0, ew_type =       0, nbflag  =       1, use_pme =       1
     vdwmeth =       1, eedmeth =       1, netfrc  =       1
     Box X =   36.589   Box Y =   39.863   Box Z =   40.361
     Alpha =   90.000   Beta  =   90.000   Gamma =   90.000
     NFFT1 =   40       NFFT2 =   40       NFFT3 =   48
     Cutoff=    9.000   Tol   =0.100E-04
     Ewald Coefficient =  0.30768
     Interpolation order =    4
| MONTE CARLO BAROSTAT IMPORTANT NOTE:
|   The Monte-Carlo barostat does not require the virial to adjust the system volume.
|   Since it is an expensive calculation, it is skipped for efficiency. A side-effect
|   is that the reported pressure is always 0 because it is not calculated.

--------------------------------------------------------------------------------
   3.  ATOMIC COORDINATES AND VELOCITIES
--------------------------------------------------------------------------------

default_name                                                                    
 begin time read from input coords =   158.000 ps



           Begin reading energy term weight changes/NMR restraints
 WEIGHT CHANGES:
                         ** No weight changes given **

 RESTRAINTS:
 Requested file redirections:
  DISANG    = disang.rest
  LISTOUT   = POUT
 Restraints will be read from file: disang.rest
Here are comments from the DISANG input file:
# Anchor atoms  :58@CA  :79@CA  :105@CA  :1@C3  :1@C9  :1@C11  stage = fe  weigh

                       Number of restraints read =    17

                  Done reading weight changes/NMR restraints


 
 Number of triangulated 3-point waters found:     1867

     Sum of charges from parm topology file =  -0.00000100
     Forcing neutrality...

| Dynamic Memory, Types Used:
| Reals              353447
| Integers           159084

| Nonbonded Pairs Initial Allocation:     1287288

| GPU memory information (estimate):
| KB of GPU memory in use:     36296
| KB of CPU memory in use:      9854

--------------------------------------------------------------------------------
   4.  RESULTS
--------------------------------------------------------------------------------


 NSTEP =      500   TIME(PS) =     160.000  TEMP(K) =   309.38  PRESS =     0.0
 Etot   =    -15666.5366  EKtot   =      3480.9968  EPtot      =    -19147.5334
 BOND   =         6.5662  ANGLE   =        15.6391  DIHED      =        11.1569
 1-4 NB =        10.3036  1-4 EEL =        35.8268  VDWAALS    =      2813.7959
 EELEC  =    -22046.9225  EHBOND  =         0.0000  RESTRAINT  =         6.1006
 EAMBER (non-restraint)  =    -19153.6341
 EKCMT  =         0.0000  VIRIAL  =         0.0000  VOLUME     =     58031.6303
                                                    Density    =         0.9820
 ------------------------------------------------------------------------------

 NMR restraints: Bond =    0.074   Angle =     0.000   Torsion =     6.026
===============================================================================

 NSTEP =     1000   TIME(PS) =     162.000  TEMP(K) =   301.73  PRESS =     0.0
 Etot   =    -15693.6122  EKtot   =      3394.8643  EPtot      =    -19088.4764
 BOND   =         3.6667  ANGLE   =        12.0743  DIHED      =         9.5363
 1-4 NB =        11.9228  1-4 EEL =        35.0779  VDWAALS    =      2689.8304
 EELEC  =    -21852.9306  EHBOND  =         0.0000  RESTRAINT  =         2.3458
 EAMBER (non-restraint)  =    -19090.8222
 EKCMT  =         0.0000  VIRIAL  =         0.0000  VOLUME     =     58075.9829
                                                    Density    =         0.9813
 ------------------------------------------------------------------------------

 NMR restraints: Bond =    0.103   Angle =     0.000   Torsion =     2.243
===============================================================================

 NSTEP =     1500   TIME(PS) =     164.000  TEMP(K) =   304.86  PRESS =     0.0
 Etot   =    -15637.9208  EKtot   =      3430.1328  EPtot      =    -19068.0536
 BOND   =         5.7328  ANGLE   =         9.1535  DIHED      =         8.4094
 1-4 NB =         9.9355  1-4 EEL =        37.0263  VDWAALS    =      2711.1239
 EELEC  =    -21852.5127  EHBOND  =         0.0000  RESTRAINT  =         3.0776
 EAMBER (non-restraint)  =    -19071.1313
 EKCMT  =         0.0000  VIRIAL  =         0.0000  VOLUME     =     58145.8457
                                                    Density    =         0.9801
 ------------------------------------------------------------------------------

 NMR restraints: Bond =    0.147   Angle =     0.000   Torsion =     2.931
===============================================================================

 NSTEP =     2000   TIME(PS) =     166.000  TEMP(K) =   293.28  PRESS =     0.0
 Etot   =    -15877.6628  EKtot   =      3299.8276  EPtot      =    -19177.4904
 BOND   =         5.7210  ANGLE   =        14.4431  DIHED      =        12.2676
 1-4 NB =        11.3263  1-4 EEL =        37.4886  VDWAALS    =      2696.4132
 EELEC  =    -21961.1949  EHBOND  =         0.0000  RESTRAINT  =         6.0446
 EAMBER (non-restraint)  =    -19183.5350
 EKCMT  =         0.0000  VIRIAL  =         0.0000  VOLUME     =     57760.9991
                                                    Density    =         0.9866
 ------------------------------------------------------------------------------

 NMR restraints: Bond =    0.755   Angle =     0.000   Torsion =     5.290
===============================================================================

 NSTEP =     2500   TIME(PS) =     168.000  TEMP(K) =   301.49  PRESS =     0.0
 Etot   =    -15836.2058  EKtot   =      3392.2507  EPtot      =    -19228.4566
 BOND   =         8.0119  ANGLE   =        13.9095  DIHED      =        11.1616
 1-4 NB =        11.4460  1-4 EEL =        36.7482  VDWAALS    =      2893.9696
 EELEC  =    -22208.2351  EHBOND  =         0.0000  RESTRAINT  =         4.5318
 EAMBER (non-restraint)  =    -19232.9884
 EKCMT  =         0.0000  VIRIAL  =         0.0000  VOLUME     =     57542.5822
                                                    Density    =         0.9904
 ------------------------------------------------------------------------------

 NMR restraints: Bond =    0.161   Angle =     0.000   Torsion =     4.371
===============================================================================

 NSTEP =     3000   TIME(PS) =     170.000  TEMP(K) =   296.93  PRESS =     0.0
 Etot   =    -15838.5561  EKtot   =      3340.8931  EPtot      =    -19179.4491
 BOND   =         9.1142  ANGLE   =        13.6124  DIHED      =         8.2508
 1-4 NB =         8.4943  1-4 EEL =        36.3622  VDWAALS    =      2693.8838
 EELEC  =    -21953.5310  EHBOND  =         0.0000  RESTRAINT  =         4.3642
 EAMBER (non-restraint)  =    -19183.8134
 EKCMT  =         0.0000  VIRIAL  =         0.0000  VOLUME     =     58267.1103
                                                    Density    =         0.9781
 ------------------------------------------------------------------------------

 NMR restraints: Bond =    0.770   Angle =     0.000   Torsion =     3.594
===============================================================================

 NSTEP =     3500   TIME(PS) =     172.000  TEMP(K) =   298.51  PRESS =     0.0
 Etot   =    -15761.1216  EKtot   =      3358.6289  EPtot      =    -19119.7505
 BOND   =         8.8725  ANGLE   =        15.9188  DIHED      =        12.2967
 1-4 NB =        11.3999  1-4 EEL =        37.4670  VDWAALS    =      2743.5570
 EELEC  =    -21954.5784  EHBOND  =         0.0000  RESTRAINT  =         5.3160
 EAMBER (non-restraint)  =    -19125.0665
 EKCMT  =         0.0000  VIRIAL  =         0.0000  VOLUME     =     57820.7836
                                                    Density    =         0.9856
 ------------------------------------------------------------------------------

 NMR restraints: Bond =    0.091   Angle =     0.000   Torsion =     5.225
===============================================================================

      A V E R A G E S   O V E R       7 S T E P S


 NSTEP =     3500   TIME(PS) =     172.000  TEMP(K) =   300.88  PRESS =     0.0
 Etot   =    -15758.8023  EKtot   =      3385.3706  EPtot      =    -19144.1729
 BOND   =         6.8122  ANGLE   =        13.5358  DIHED      =        10.4399
 1-4 NB =        10.6898  1-4 EEL =        36.5710  VDWAALS    =      2748.9391
 EELEC  =    -21975.7007  EHBOND  =         0.0000  RESTRAINT  =         4.5401
 EAMBER (non-restraint)  =    -19148.7130
 EKCMT  =         0.0000  VIRIAL  =         0.0000  VOLUME     =     57949.2763
                                                    Density    =         0.9834
 ------------------------------------------------------------------------------

 NMR restraints: Bond =    0.091   Angle =     0.000   Torsion =     5.225
===============================================================================

      R M S  F L U C T U A T I O N S


 NSTEP =     3500   TIME(PS) =     172.000  TEMP(K) =     4.90  PRESS =     0.0
 Etot   =        87.7172  EKtot   =        55.1575  EPtot      =        52.0469
 BOND   =         1.8242  ANGLE   =         2.1518  DIHED      =         1.5836
 1-4 NB =         1.1045  1-4 EEL =         0.8203  VDWAALS    =        71.6969
 EELEC  =       113.7294  EHBOND  =         0.0000  RESTRAINT  =         1.3248
 EAMBER (non-restraint)  =        50.7221
 EKCMT  =         0.0000  VIRIAL  =         0.0000  VOLUME     =       232.9480
                                                    Density    =         0.0040
 ------------------------------------------------------------------------------


 NMR restraints on final step:

 ------------------------------------------------------------------------------


 Final Restraint Analysis for coords: eqnpt04.rst7                            


 Restraints, deviations, and energy contributions:    pencut =   -1.00

 ------------------------------------------------------------------------------
     First atom        Last atom    curr. value target deviation  penalty
 ------------------------------------------------------------------------------
  C3   LIG    1 --  C9   LIG    1:    6.417    6.392    0.025    0.003 d    0: 0
  C9   LIG    1 --  C11  LIG    1:    6.409    6.364    0.045    0.010 d    0: 0
  C11  LIG    1 --  C3   LIG    1:    6.598    6.535    0.063    0.020 d    0: 0
  C10  LIG    1 --  C9   LIG    1:   -4.028   -4.102    0.075    0.000 t
  C5   LIG    1 --  C6   LIG    1:  176.267  174.162    2.105    0.094 t
  C8   LIG    1 --  C9   LIG    1:   -2.906   -8.316    5.410    0.624 t
  C7   LIG    1 --  C8   LIG    1:    6.880    9.382    2.501    0.133 t
  C6   LIG    1 --  C7   LIG    1:   -3.236    1.647    4.883    0.508 t
  C    LIG    1 --  N2   LIG    1:  159.935  155.656    4.278    0.390 t
  C5   LIG    1 --  C10  LIG    1: -172.740 -172.471    0.268    0.002 t
  C    LIG    1 --  C1   LIG    1:   10.215   16.096    5.881    0.737 t
  N    LIG    1 --  N1   LIG    1:   -3.726   -2.975    0.751    0.012 t
  C    LIG    1 --  C4   LIG    1:  171.170  172.131    0.961    0.020 t
  C2   LIG    1 --  N    LIG    1:  177.550  173.910    3.640    0.283 t
  C1   LIG    1 --  C2   LIG    1:  175.824  173.252    2.573    0.141 t
  C4   LIG    1 --  N1   LIG    1:    9.101    5.550    3.551    0.269 t
  C4   LIG    1 --  C5   LIG    1:  129.810  135.268    5.458    0.635 t
                                       Total distance penalty:      0.033
                                       Total torsion  penalty:      3.850
 ------------------------------------------------------------------------------
| MC Barostat:         35 volume changes attempted.
| MC Barostat:         15 changes successful ( 42.86%)
 ------------------------------------------------------------------------------

--------------------------------------------------------------------------------
   5.  TIMINGS
--------------------------------------------------------------------------------

|  NonSetup CPU Time in Major Routines:
|
|     Routine           Sec        %
|     ------------------------------
|     Nonbond           0.52   29.64
|     Bond              0.00    0.00
|     Angle             0.00    0.00
|     Dihedral          0.00    0.00
|     Shake             0.01    0.57
|     RunMD             1.20   68.76
|     Other             0.02    1.03
|     ------------------------------
|     Total             1.75

|  PME Nonbond Pairlist CPU Time:
|
|     Routine              Sec        %
|     ---------------------------------
|     Set Up Cit           0.00    0.00
|     Build List           0.00    0.00
|     ---------------------------------
|     Total                0.00    0.00

|  PME Direct Force CPU Time:
|
|     Routine              Sec        %
|     ---------------------------------
|     NonBonded Calc       0.00    0.00
|     Exclude Masked       0.00    0.00
|     Other                0.01    0.34
|     ---------------------------------
|     Total                0.01    0.34

|  PME Reciprocal Force CPU Time:
|
|     Routine              Sec        %
|     ---------------------------------
|     1D bspline           0.00    0.00
|     Grid Charges         0.00    0.00
|     Scalar Sum           0.00    0.00
|     Gradient Sum         0.00    0.00
|     FFT                  0.00    0.00
|     ---------------------------------
|     Total                0.00    0.00

|  Final Performance Info:
|     -----------------------------------------------------
|     Average timings for last    3000 steps:
|     Elapsed(s) =       1.64 Per Step(ms) =       0.55
|         ns/day =     633.49   seconds/ns =     136.39
|
|     Average timings for all steps:
|     Elapsed(s) =       1.94 Per Step(ms) =       0.55
|         ns/day =     623.72   seconds/ns =     138.52
|     -----------------------------------------------------

|  Setup CPU time:            1.35 seconds
|  NonSetup CPU time:         1.75 seconds
|  Total CPU time:            3.10 seconds     0.00 hours

|  Setup wall time:           2    seconds
|  NonSetup wall time:        2    seconds
|  Total wall time:           4    seconds     0.00 hours
