
          -------------------------------------------------------
          Amber 20 PMEMD                              2020
          -------------------------------------------------------

| PMEMD implementation of SANDER, Release 18

|  Compiled date/time: Tue Apr 28 10:19:54 2020
| Run on 05/11/2020 at 08:32:39

|   Executable path: pmemd.cuda
| Working directory: /home1/tbaba/centos/BAT.py-master/BAT/fe/pose1/dd/bulk/w11
|          Hostname: tx1

  [-O]verwriting output

File Assignments:
|   MDIN: eqnpt.in                                                              
|  MDOUT: eqnpt03.out                                                           
| INPCRD: eqnpt02.rst7                                                          
|   PARM: full.hmr.prmtop                                                       
| RESTRT: eqnpt03.rst7                                                          
|   REFC: full.inpcrd                                                           
|  MDVEL: mdvel                                                                 
|   MDEN: mden                                                                  
|  MDCRD: traj003.nc                                                            
| MDINFO: mdinfo                                                                
|  MDFRC: mdfrc                                                                 


 Here is the input file:

*******************************************************                        
*****************************       eqnpt.in                                   
*******************************************************                        
Equilibrate, NPT.                                                              
 &cntrl                                                                        
  imin = 0,                                                                    
  ntx = 5,                                                                     
  irest = 1,                                                                   
  ntpr = 500,                                                                  
  ntwr = 500,                                                                  
  ntwx = 500,                                                                  
  ioutfm = 1,                                                                  
  iwrap = 1,                                                                   
  ntf = 2,                                                                     
  ntc = 2,                                                                     
  cut = 9.0,                                                                   
  ntt = 3,                                                                     
  temp0 = 298.15,                                                              
  gamma_ln = 1.0,                                                              
  ig = -1,                                                                     
  ntp = 1,                                                                     
  barostat = 2,                                                                
  nstlim = 3500,                                                               
  dt = 0.004,                                                                  
  nmropt = 1,                                                                  
  pencut = -1,                                                                 
 /                                                                             
 &wt type = 'END', /                                                           
DISANG=disang.rest                                                             
LISTOUT=POUT                                                                   
                                                                               


Note: ig = -1. Setting random seed to   529147 based on wallclock time in 
      microseconds.
| irandom = 1, using AMBER's internal random number generator (default).
 
|--------------------- INFORMATION ----------------------
| GPU (CUDA) Version of PMEMD in use: NVIDIA GPU IN USE.
|                    Version 18.0.0
| 
|                      03/25/2018
| 
| Implementation by:
|                    Ross C. Walker     (SDSC)
|                    Scott Le Grand     (nVIDIA)
| 
| Version 18 performance extensions by:
|                    David Cerutti     (Rutgers)
| 
| Precision model in use:
|      [SPFP] - Single Precision Forces, 64-bit Fixed Point
|               Accumulation. (Default)
| 
|--------------------------------------------------------
 
|----------------- CITATION INFORMATION -----------------
|
|    When publishing work that utilized the CUDA version
|    of AMBER, please cite the following in addition to
|    the regular AMBER citations:
|
|  - Romelia Salomon-Ferrer; Andreas W. Goetz; Duncan
|    Poole; Scott Le Grand; Ross C. Walker "Routine
|    microsecond molecular dynamics simulations with
|    AMBER - Part II: Particle Mesh Ewald", J. Chem.
|    Theory Comput., 2013, 9 (9), pp3878-3888,
|    DOI: 10.1021/ct400314y.
|
|  - Andreas W. Goetz; Mark J. Williamson; Dong Xu;
|    Duncan Poole; Scott Le Grand; Ross C. Walker
|    "Routine microsecond molecular dynamics simulations
|    with AMBER - Part I: Generalized Born", J. Chem.
|    Theory Comput., 2012, 8 (5), pp1542-1555.
|
|  - Scott Le Grand; Andreas W. Goetz; Ross C. Walker
|    "SPFP: Speed without compromise - a mixed precision
|    model for GPU accelerated molecular dynamics
|    simulations.", Comp. Phys. Comm., 2013, 184
|    pp374-380, DOI: 10.1016/j.cpc.2012.09.022
|
|--------------------------------------------------------
 
|------------------- GPU DEVICE INFO --------------------
|
|            CUDA_VISIBLE_DEVICES: 3
|   CUDA Capable Devices Detected:      1
|           CUDA Device ID in use:      0
|                CUDA Device Name: GeForce GTX TITAN X
|     CUDA Device Global Mem Size:  12212 MB
| CUDA Device Num Multiprocessors:     24
|           CUDA Device Core Freq:   1.08 GHz
|
|--------------------------------------------------------
 
 
| Conditional Compilation Defines Used:
| PUBFFT
| BINTRAJ
| CUDA
| EMIL

| Largest sphere to fit in unit cell has radius =    18.740

| New format PARM file being parsed.
| Version =    1.000 Date = 04/28/20 Time = 18:40:20

| Note: 1-4 EEL scale factors are being read from the topology file.

| Note: 1-4 VDW scale factors are being read from the topology file.
| Duplicated    0 dihedrals

| Duplicated    0 dihedrals

--------------------------------------------------------------------------------
   1.  RESOURCE   USE: 
--------------------------------------------------------------------------------

 getting box info from netcdf restart file
 NATOM  =    5646 NTYPES =      11 NBONH =    5614 MBONA  =      17
 NTHETH =      26 MTHETA =      23 NPHIH =      41 MPHIA  =      35
 NHPARM =       0 NPARM  =       0 NNB   =    7625 NRES   =    1884
 NBONA  =      17 NTHETA =      23 NPHIA =      35 NUMBND =      18
 NUMANG =      25 NPTRA  =      11 NATYP =      16 NPHB   =       0
 IFBOX  =       1 NMXRS  =      29 IFCAP =       0 NEXTRA =       0
 NCOPY  =       0

| Coordinate Index Table dimensions:     7    8    8
| Direct force subcell size =     5.3543    5.1043    5.1681

     BOX TYPE: RECTILINEAR

--------------------------------------------------------------------------------
   2.  CONTROL  DATA  FOR  THE  RUN
--------------------------------------------------------------------------------

default_name                                                                    

General flags:
     imin    =       0, nmropt  =       1

Nature and format of input:
     ntx     =       5, irest   =       1, ntrx    =       1

Nature and format of output:
     ntxo    =       2, ntpr    =     500, ntrx    =       1, ntwr    =     500
     iwrap   =       1, ntwx    =     500, ntwv    =       0, ntwe    =       0
     ioutfm  =       1, ntwprt  =       0, idecomp =       0, rbornstat=      0

Potential function:
     ntf     =       2, ntb     =       2, igb     =       0, nsnb    =      25
     ipol    =       0, gbsa    =       0, iesp    =       0
     dielc   =   1.00000, cut     =   9.00000, intdiel =   1.00000

Frozen or restrained atoms:
     ibelly  =       0, ntr     =       0

Molecular dynamics:
     nstlim  =      3500, nscm    =      1000, nrespa  =         1
     t       =   0.00000, dt      =   0.00400, vlimit  =  -1.00000

Langevin dynamics temperature regulation:
     ig      =  529147
     temp0   = 298.15000, tempi   =   0.00000, gamma_ln=   1.00000

Pressure regulation:
     ntp     =       1
     pres0   =   1.00000, comp    =  44.60000, taup    =   1.00000
     Monte-Carlo Barostat:
     mcbarint  =     100

SHAKE:
     ntc     =       2, jfastw  =       0
     tol     =   0.00001

NMR refinement options:
     iscale  =       0, noeskp  =       1, ipnlty  =       1, mxsub   =       1
     scalm   = 100.00000, pencut  =  -1.00000, tausw   =   0.10000

| Intermolecular bonds treatment:
|     no_intermolecular_bonds =       1

| Energy averages sample interval:
|     ene_avg_sampling =     500

Ewald parameters:
     verbose =       0, ew_type =       0, nbflag  =       1, use_pme =       1
     vdwmeth =       1, eedmeth =       1, netfrc  =       1
     Box X =   37.480   Box Y =   40.834   Box Z =   41.344
     Alpha =   90.000   Beta  =   90.000   Gamma =   90.000
     NFFT1 =   40       NFFT2 =   48       NFFT3 =   48
     Cutoff=    9.000   Tol   =0.100E-04
     Ewald Coefficient =  0.30768
     Interpolation order =    4
| MONTE CARLO BAROSTAT IMPORTANT NOTE:
|   The Monte-Carlo barostat does not require the virial to adjust the system volume.
|   Since it is an expensive calculation, it is skipped for efficiency. A side-effect
|   is that the reported pressure is always 0 because it is not calculated.

--------------------------------------------------------------------------------
   3.  ATOMIC COORDINATES AND VELOCITIES
--------------------------------------------------------------------------------

default_name                                                                    
 begin time read from input coords =   144.000 ps



           Begin reading energy term weight changes/NMR restraints
 WEIGHT CHANGES:
                         ** No weight changes given **

 RESTRAINTS:
 Requested file redirections:
  DISANG    = disang.rest
  LISTOUT   = POUT
 Restraints will be read from file: disang.rest
Here are comments from the DISANG input file:
# Anchor atoms  :58@CA  :79@CA  :105@CA  :1@C3  :1@C9  :1@C11  stage = fe  weigh

                       Number of restraints read =    17

                  Done reading weight changes/NMR restraints


 
 Number of triangulated 3-point waters found:     1867

     Sum of charges from parm topology file =  -0.00000100
     Forcing neutrality...

| Dynamic Memory, Types Used:
| Reals              353455
| Integers           159084

| Nonbonded Pairs Initial Allocation:     1287288

| GPU memory information (estimate):
| KB of GPU memory in use:     35378
| KB of CPU memory in use:     10322

--------------------------------------------------------------------------------
   4.  RESULTS
--------------------------------------------------------------------------------


 NSTEP =      500   TIME(PS) =     146.000  TEMP(K) =   298.19  PRESS =     0.0
 Etot   =    -15657.7036  EKtot   =      3355.0515  EPtot      =    -19012.7551
 BOND   =         7.0952  ANGLE   =        15.1728  DIHED      =         8.3152
 1-4 NB =        10.1480  1-4 EEL =        37.9386  VDWAALS    =      2544.1043
 EELEC  =    -21641.3460  EHBOND  =         0.0000  RESTRAINT  =         5.8168
 EAMBER (non-restraint)  =    -19018.5719
 EKCMT  =         0.0000  VIRIAL  =         0.0000  VOLUME     =     62028.0054
                                                    Density    =         0.9188
 ------------------------------------------------------------------------------

 NMR restraints: Bond =    0.094   Angle =     0.000   Torsion =     5.723
===============================================================================

 NSTEP =     1000   TIME(PS) =     148.000  TEMP(K) =   294.53  PRESS =     0.0
 Etot   =    -15720.3613  EKtot   =      3313.8674  EPtot      =    -19034.2287
 BOND   =         8.9816  ANGLE   =        18.3339  DIHED      =        11.0827
 1-4 NB =        10.6283  1-4 EEL =        36.0007  VDWAALS    =      2762.7821
 EELEC  =    -21887.7193  EHBOND  =         0.0000  RESTRAINT  =         5.6813
 EAMBER (non-restraint)  =    -19039.9100
 EKCMT  =         0.0000  VIRIAL  =         0.0000  VOLUME     =     61277.9002
                                                    Density    =         0.9300
 ------------------------------------------------------------------------------

 NMR restraints: Bond =    0.115   Angle =     0.000   Torsion =     5.566
===============================================================================

 NSTEP =     1500   TIME(PS) =     150.000  TEMP(K) =   294.26  PRESS =     0.0
 Etot   =    -15627.0220  EKtot   =      3310.8923  EPtot      =    -18937.9143
 BOND   =         8.1055  ANGLE   =        13.6122  DIHED      =         8.7470
 1-4 NB =        10.4616  1-4 EEL =        37.1855  VDWAALS    =      2538.1510
 EELEC  =    -21559.3267  EHBOND  =         0.0000  RESTRAINT  =         5.1496
 EAMBER (non-restraint)  =    -18943.0639
 EKCMT  =         0.0000  VIRIAL  =         0.0000  VOLUME     =     60828.6875
                                                    Density    =         0.9369
 ------------------------------------------------------------------------------

 NMR restraints: Bond =    0.051   Angle =     0.000   Torsion =     5.099
===============================================================================

 NSTEP =     2000   TIME(PS) =     152.000  TEMP(K) =   296.96  PRESS =     0.0
 Etot   =    -15618.6982  EKtot   =      3341.2188  EPtot      =    -18959.9169
 BOND   =         7.2210  ANGLE   =        15.5259  DIHED      =         7.9570
 1-4 NB =        11.3207  1-4 EEL =        33.1069  VDWAALS    =      2697.5255
 EELEC  =    -21738.5356  EHBOND  =         0.0000  RESTRAINT  =         5.9617
 EAMBER (non-restraint)  =    -18965.8786
 EKCMT  =         0.0000  VIRIAL  =         0.0000  VOLUME     =     60785.5448
                                                    Density    =         0.9375
 ------------------------------------------------------------------------------

 NMR restraints: Bond =    0.680   Angle =     0.000   Torsion =     5.282
===============================================================================

 NSTEP =     2500   TIME(PS) =     154.000  TEMP(K) =   298.70  PRESS =     0.0
 Etot   =    -15679.7801  EKtot   =      3360.8232  EPtot      =    -19040.6033
 BOND   =         9.9639  ANGLE   =        13.4244  DIHED      =        11.9003
 1-4 NB =        10.4971  1-4 EEL =        34.1838  VDWAALS    =      2470.9930
 EELEC  =    -21595.2346  EHBOND  =         0.0000  RESTRAINT  =         3.6688
 EAMBER (non-restraint)  =    -19044.2721
 EKCMT  =         0.0000  VIRIAL  =         0.0000  VOLUME     =     59715.9995
                                                    Density    =         0.9543
 ------------------------------------------------------------------------------

 NMR restraints: Bond =    0.054   Angle =     0.000   Torsion =     3.615
===============================================================================

 NSTEP =     3000   TIME(PS) =     156.000  TEMP(K) =   295.76  PRESS =     0.0
 Etot   =    -15698.7330  EKtot   =      3327.7009  EPtot      =    -19026.4339
 BOND   =        11.9512  ANGLE   =        15.1297  DIHED      =         7.2141
 1-4 NB =         8.7599  1-4 EEL =        36.3637  VDWAALS    =      2782.7587
 EELEC  =    -21895.0203  EHBOND  =         0.0000  RESTRAINT  =         6.4091
 EAMBER (non-restraint)  =    -19032.8430
 EKCMT  =         0.0000  VIRIAL  =         0.0000  VOLUME     =     59460.9748
                                                    Density    =         0.9584
 ------------------------------------------------------------------------------

 NMR restraints: Bond =    0.272   Angle =     0.000   Torsion =     6.137
===============================================================================

 NSTEP =     3500   TIME(PS) =     158.000  TEMP(K) =   298.81  PRESS =     0.0
 Etot   =    -15683.1411  EKtot   =      3362.0256  EPtot      =    -19045.1668
 BOND   =         6.1961  ANGLE   =        19.3413  DIHED      =        10.1157
 1-4 NB =        10.3504  1-4 EEL =        34.0268  VDWAALS    =      2651.9295
 EELEC  =    -21779.8392  EHBOND  =         0.0000  RESTRAINT  =         2.7127
 EAMBER (non-restraint)  =    -19047.8794
 EKCMT  =         0.0000  VIRIAL  =         0.0000  VOLUME     =     58869.2924
                                                    Density    =         0.9680
 ------------------------------------------------------------------------------

 NMR restraints: Bond =    0.336   Angle =     0.000   Torsion =     2.377
===============================================================================

      A V E R A G E S   O V E R       7 S T E P S


 NSTEP =     3500   TIME(PS) =     158.000  TEMP(K) =   296.74  PRESS =     0.0
 Etot   =    -15669.3485  EKtot   =      3338.7971  EPtot      =    -19008.1456
 BOND   =         8.5021  ANGLE   =        15.7914  DIHED      =         9.3332
 1-4 NB =        10.3094  1-4 EEL =        35.5437  VDWAALS    =      2635.4634
 EELEC  =    -21728.1460  EHBOND  =         0.0000  RESTRAINT  =         5.0571
 EAMBER (non-restraint)  =    -19013.2027
 EKCMT  =         0.0000  VIRIAL  =         0.0000  VOLUME     =     60423.7721
                                                    Density    =         0.9434
 ------------------------------------------------------------------------------

 NMR restraints: Bond =    0.336   Angle =     0.000   Torsion =     2.377
===============================================================================

      R M S  F L U C T U A T I O N S


 NSTEP =     3500   TIME(PS) =     158.000  TEMP(K) =     1.78  PRESS =     0.0
 Etot   =        34.3457  EKtot   =        20.0645  EPtot      =        39.1308
 BOND   =         1.8267  ANGLE   =         2.0808  DIHED      =         1.6048
 1-4 NB =         0.7183  1-4 EEL =         1.6648  VDWAALS    =       111.4165
 EELEC  =       125.2372  EHBOND  =         0.0000  RESTRAINT  =         1.2561
 EAMBER (non-restraint)  =        37.8747
 EKCMT  =         0.0000  VIRIAL  =         0.0000  VOLUME     =      1031.1064
                                                    Density    =         0.0161
 ------------------------------------------------------------------------------


 NMR restraints on final step:

 ------------------------------------------------------------------------------


 Final Restraint Analysis for coords: eqnpt03.rst7                            


 Restraints, deviations, and energy contributions:    pencut =   -1.00

 ------------------------------------------------------------------------------
     First atom        Last atom    curr. value target deviation  penalty
 ------------------------------------------------------------------------------
  C3   LIG    1 --  C9   LIG    1:    6.662    6.392    0.270    0.364 d    0: 0
  C9   LIG    1 --  C11  LIG    1:    6.360    6.364    0.004    0.000 d    0: 0
  C11  LIG    1 --  C3   LIG    1:    6.634    6.535    0.099    0.049 d    0: 0
  C10  LIG    1 --  C9   LIG    1:   -3.797   -4.102    0.305    0.002 t
  C5   LIG    1 --  C6   LIG    1:  172.083  174.162    2.078    0.092 t
  C8   LIG    1 --  C9   LIG    1:   -8.289   -8.316    0.027    0.000 t
  C7   LIG    1 --  C8   LIG    1:   11.375    9.382    1.994    0.085 t
  C6   LIG    1 --  C7   LIG    1:   -2.594    1.647    4.241    0.384 t
  C    LIG    1 --  N2   LIG    1:  156.391  155.656    0.735    0.012 t
  C5   LIG    1 --  C10  LIG    1: -169.248 -172.471    3.224    0.222 t
  C    LIG    1 --  C1   LIG    1:    9.453   16.096    6.642    0.941 t
  N    LIG    1 --  N1   LIG    1:   -2.961   -2.975    0.014    0.000 t
  C    LIG    1 --  C4   LIG    1:  174.296  172.131    2.166    0.100 t
  C2   LIG    1 --  N    LIG    1:  176.132  173.910    2.222    0.105 t
  C1   LIG    1 --  C2   LIG    1:  170.639  173.252    2.613    0.146 t
  C4   LIG    1 --  N1   LIG    1:    2.242    5.550    3.308    0.233 t
  C4   LIG    1 --  C5   LIG    1:  138.283  135.268    3.015    0.194 t
                                       Total distance penalty:      0.412
                                       Total torsion  penalty:      2.514
 ------------------------------------------------------------------------------
| MC Barostat:         35 volume changes attempted.
| MC Barostat:         16 changes successful ( 45.71%)
 ------------------------------------------------------------------------------

--------------------------------------------------------------------------------
   5.  TIMINGS
--------------------------------------------------------------------------------

|  NonSetup CPU Time in Major Routines:
|
|     Routine           Sec        %
|     ------------------------------
|     Nonbond           0.52   32.35
|     Bond              0.00    0.00
|     Angle             0.00    0.00
|     Dihedral          0.00    0.00
|     Shake             0.02    0.99
|     RunMD             1.07   65.80
|     Other             0.01    0.86
|     ------------------------------
|     Total             1.62

|  PME Nonbond Pairlist CPU Time:
|
|     Routine              Sec        %
|     ---------------------------------
|     Set Up Cit           0.00    0.00
|     Build List           0.00    0.00
|     ---------------------------------
|     Total                0.00    0.00

|  PME Direct Force CPU Time:
|
|     Routine              Sec        %
|     ---------------------------------
|     NonBonded Calc       0.00    0.00
|     Exclude Masked       0.00    0.00
|     Other                0.00    0.18
|     ---------------------------------
|     Total                0.00    0.18

|  PME Reciprocal Force CPU Time:
|
|     Routine              Sec        %
|     ---------------------------------
|     1D bspline           0.00    0.00
|     Grid Charges         0.00    0.00
|     Scalar Sum           0.00    0.00
|     Gradient Sum         0.00    0.00
|     FFT                  0.00    0.00
|     ---------------------------------
|     Total                0.00    0.00

|  Final Performance Info:
|     -----------------------------------------------------
|     Average timings for last    3000 steps:
|     Elapsed(s) =       1.66 Per Step(ms) =       0.55
|         ns/day =     624.58   seconds/ns =     138.33
|
|     Average timings for all steps:
|     Elapsed(s) =       1.94 Per Step(ms) =       0.56
|         ns/day =     621.99   seconds/ns =     138.91
|     -----------------------------------------------------

|  Setup CPU time:            1.32 seconds
|  NonSetup CPU time:         1.62 seconds
|  Total CPU time:            2.94 seconds     0.00 hours

|  Setup wall time:           1    seconds
|  NonSetup wall time:        2    seconds
|  Total wall time:           3    seconds     0.00 hours
