
          -------------------------------------------------------
          Amber 20 PMEMD                              2020
          -------------------------------------------------------

| PMEMD implementation of SANDER, Release 18

|  Compiled date/time: Tue Apr 28 10:19:54 2020
| Run on 05/11/2020 at 08:32:35

|   Executable path: pmemd.cuda
| Working directory: /home1/tbaba/centos/BAT.py-master/BAT/fe/pose1/dd/bulk/w11
|          Hostname: tx1

  [-O]verwriting output

File Assignments:
|   MDIN: eqnpt.in                                                              
|  MDOUT: eqnpt02.out                                                           
| INPCRD: eqnpt01.rst7                                                          
|   PARM: full.hmr.prmtop                                                       
| RESTRT: eqnpt02.rst7                                                          
|   REFC: full.inpcrd                                                           
|  MDVEL: mdvel                                                                 
|   MDEN: mden                                                                  
|  MDCRD: traj002.nc                                                            
| MDINFO: mdinfo                                                                
|  MDFRC: mdfrc                                                                 


 Here is the input file:

*******************************************************                        
*****************************       eqnpt.in                                   
*******************************************************                        
Equilibrate, NPT.                                                              
 &cntrl                                                                        
  imin = 0,                                                                    
  ntx = 5,                                                                     
  irest = 1,                                                                   
  ntpr = 500,                                                                  
  ntwr = 500,                                                                  
  ntwx = 500,                                                                  
  ioutfm = 1,                                                                  
  iwrap = 1,                                                                   
  ntf = 2,                                                                     
  ntc = 2,                                                                     
  cut = 9.0,                                                                   
  ntt = 3,                                                                     
  temp0 = 298.15,                                                              
  gamma_ln = 1.0,                                                              
  ig = -1,                                                                     
  ntp = 1,                                                                     
  barostat = 2,                                                                
  nstlim = 3500,                                                               
  dt = 0.004,                                                                  
  nmropt = 1,                                                                  
  pencut = -1,                                                                 
 /                                                                             
 &wt type = 'END', /                                                           
DISANG=disang.rest                                                             
LISTOUT=POUT                                                                   
                                                                               


Note: ig = -1. Setting random seed to   972682 based on wallclock time in 
      microseconds.
| irandom = 1, using AMBER's internal random number generator (default).
 
|--------------------- INFORMATION ----------------------
| GPU (CUDA) Version of PMEMD in use: NVIDIA GPU IN USE.
|                    Version 18.0.0
| 
|                      03/25/2018
| 
| Implementation by:
|                    Ross C. Walker     (SDSC)
|                    Scott Le Grand     (nVIDIA)
| 
| Version 18 performance extensions by:
|                    David Cerutti     (Rutgers)
| 
| Precision model in use:
|      [SPFP] - Single Precision Forces, 64-bit Fixed Point
|               Accumulation. (Default)
| 
|--------------------------------------------------------
 
|----------------- CITATION INFORMATION -----------------
|
|    When publishing work that utilized the CUDA version
|    of AMBER, please cite the following in addition to
|    the regular AMBER citations:
|
|  - Romelia Salomon-Ferrer; Andreas W. Goetz; Duncan
|    Poole; Scott Le Grand; Ross C. Walker "Routine
|    microsecond molecular dynamics simulations with
|    AMBER - Part II: Particle Mesh Ewald", J. Chem.
|    Theory Comput., 2013, 9 (9), pp3878-3888,
|    DOI: 10.1021/ct400314y.
|
|  - Andreas W. Goetz; Mark J. Williamson; Dong Xu;
|    Duncan Poole; Scott Le Grand; Ross C. Walker
|    "Routine microsecond molecular dynamics simulations
|    with AMBER - Part I: Generalized Born", J. Chem.
|    Theory Comput., 2012, 8 (5), pp1542-1555.
|
|  - Scott Le Grand; Andreas W. Goetz; Ross C. Walker
|    "SPFP: Speed without compromise - a mixed precision
|    model for GPU accelerated molecular dynamics
|    simulations.", Comp. Phys. Comm., 2013, 184
|    pp374-380, DOI: 10.1016/j.cpc.2012.09.022
|
|--------------------------------------------------------
 
|------------------- GPU DEVICE INFO --------------------
|
|            CUDA_VISIBLE_DEVICES: 3
|   CUDA Capable Devices Detected:      1
|           CUDA Device ID in use:      0
|                CUDA Device Name: GeForce GTX TITAN X
|     CUDA Device Global Mem Size:  12212 MB
| CUDA Device Num Multiprocessors:     24
|           CUDA Device Core Freq:   1.08 GHz
|
|--------------------------------------------------------
 
 
| Conditional Compilation Defines Used:
| PUBFFT
| BINTRAJ
| CUDA
| EMIL

| Largest sphere to fit in unit cell has radius =    19.076

| New format PARM file being parsed.
| Version =    1.000 Date = 04/28/20 Time = 18:40:20

| Note: 1-4 EEL scale factors are being read from the topology file.

| Note: 1-4 VDW scale factors are being read from the topology file.
| Duplicated    0 dihedrals

| Duplicated    0 dihedrals

--------------------------------------------------------------------------------
   1.  RESOURCE   USE: 
--------------------------------------------------------------------------------

 getting box info from netcdf restart file
 NATOM  =    5646 NTYPES =      11 NBONH =    5614 MBONA  =      17
 NTHETH =      26 MTHETA =      23 NPHIH =      41 MPHIA  =      35
 NHPARM =       0 NPARM  =       0 NNB   =    7625 NRES   =    1884
 NBONA  =      17 NTHETA =      23 NPHIA =      35 NUMBND =      18
 NUMANG =      25 NPTRA  =      11 NATYP =      16 NPHB   =       0
 IFBOX  =       1 NMXRS  =      29 IFCAP =       0 NEXTRA =       0
 NCOPY  =       0

| Coordinate Index Table dimensions:     7    8    8
| Direct force subcell size =     5.4503    5.1958    5.2608

     BOX TYPE: RECTILINEAR

--------------------------------------------------------------------------------
   2.  CONTROL  DATA  FOR  THE  RUN
--------------------------------------------------------------------------------

default_name                                                                    

General flags:
     imin    =       0, nmropt  =       1

Nature and format of input:
     ntx     =       5, irest   =       1, ntrx    =       1

Nature and format of output:
     ntxo    =       2, ntpr    =     500, ntrx    =       1, ntwr    =     500
     iwrap   =       1, ntwx    =     500, ntwv    =       0, ntwe    =       0
     ioutfm  =       1, ntwprt  =       0, idecomp =       0, rbornstat=      0

Potential function:
     ntf     =       2, ntb     =       2, igb     =       0, nsnb    =      25
     ipol    =       0, gbsa    =       0, iesp    =       0
     dielc   =   1.00000, cut     =   9.00000, intdiel =   1.00000

Frozen or restrained atoms:
     ibelly  =       0, ntr     =       0

Molecular dynamics:
     nstlim  =      3500, nscm    =      1000, nrespa  =         1
     t       =   0.00000, dt      =   0.00400, vlimit  =  -1.00000

Langevin dynamics temperature regulation:
     ig      =  972682
     temp0   = 298.15000, tempi   =   0.00000, gamma_ln=   1.00000

Pressure regulation:
     ntp     =       1
     pres0   =   1.00000, comp    =  44.60000, taup    =   1.00000
     Monte-Carlo Barostat:
     mcbarint  =     100

SHAKE:
     ntc     =       2, jfastw  =       0
     tol     =   0.00001

NMR refinement options:
     iscale  =       0, noeskp  =       1, ipnlty  =       1, mxsub   =       1
     scalm   = 100.00000, pencut  =  -1.00000, tausw   =   0.10000

| Intermolecular bonds treatment:
|     no_intermolecular_bonds =       1

| Energy averages sample interval:
|     ene_avg_sampling =     500

Ewald parameters:
     verbose =       0, ew_type =       0, nbflag  =       1, use_pme =       1
     vdwmeth =       1, eedmeth =       1, netfrc  =       1
     Box X =   38.152   Box Y =   41.567   Box Z =   42.086
     Alpha =   90.000   Beta  =   90.000   Gamma =   90.000
     NFFT1 =   40       NFFT2 =   48       NFFT3 =   48
     Cutoff=    9.000   Tol   =0.100E-04
     Ewald Coefficient =  0.30768
     Interpolation order =    4
| MONTE CARLO BAROSTAT IMPORTANT NOTE:
|   The Monte-Carlo barostat does not require the virial to adjust the system volume.
|   Since it is an expensive calculation, it is skipped for efficiency. A side-effect
|   is that the reported pressure is always 0 because it is not calculated.

--------------------------------------------------------------------------------
   3.  ATOMIC COORDINATES AND VELOCITIES
--------------------------------------------------------------------------------

default_name                                                                    
 begin time read from input coords =   130.000 ps



           Begin reading energy term weight changes/NMR restraints
 WEIGHT CHANGES:
                         ** No weight changes given **

 RESTRAINTS:
 Requested file redirections:
  DISANG    = disang.rest
  LISTOUT   = POUT
 Restraints will be read from file: disang.rest
Here are comments from the DISANG input file:
# Anchor atoms  :58@CA  :79@CA  :105@CA  :1@C3  :1@C9  :1@C11  stage = fe  weigh

                       Number of restraints read =    17

                  Done reading weight changes/NMR restraints


 
 Number of triangulated 3-point waters found:     1867

     Sum of charges from parm topology file =  -0.00000100
     Forcing neutrality...

| Dynamic Memory, Types Used:
| Reals              353455
| Integers           159084

| Nonbonded Pairs Initial Allocation:     1287288

| GPU memory information (estimate):
| KB of GPU memory in use:     35378
| KB of CPU memory in use:     10322

--------------------------------------------------------------------------------
   4.  RESULTS
--------------------------------------------------------------------------------


 NSTEP =      500   TIME(PS) =     132.000  TEMP(K) =   304.37  PRESS =     0.0
 Etot   =    -15491.9204  EKtot   =      3424.5840  EPtot      =    -18916.5043
 BOND   =         6.9925  ANGLE   =        17.0816  DIHED      =        10.6636
 1-4 NB =        10.4673  1-4 EEL =        36.2335  VDWAALS    =      2619.5279
 EELEC  =    -21619.7032  EHBOND  =         0.0000  RESTRAINT  =         2.2326
 EAMBER (non-restraint)  =    -18918.7369
 EKCMT  =         0.0000  VIRIAL  =         0.0000  VOLUME     =     66853.5894
                                                    Density    =         0.8524
 ------------------------------------------------------------------------------

 NMR restraints: Bond =    0.155   Angle =     0.000   Torsion =     2.078
===============================================================================

 NSTEP =     1000   TIME(PS) =     134.000  TEMP(K) =   294.41  PRESS =     0.0
 Etot   =    -15545.4315  EKtot   =      3312.5896  EPtot      =    -18858.0211
 BOND   =         6.8945  ANGLE   =        16.4341  DIHED      =         9.1534
 1-4 NB =        10.9253  1-4 EEL =        35.8078  VDWAALS    =      2789.0277
 EELEC  =    -21732.6805  EHBOND  =         0.0000  RESTRAINT  =         6.4167
 EAMBER (non-restraint)  =    -18864.4378
 EKCMT  =         0.0000  VIRIAL  =         0.0000  VOLUME     =     66701.2574
                                                    Density    =         0.8544
 ------------------------------------------------------------------------------

 NMR restraints: Bond =    0.774   Angle =     0.000   Torsion =     5.642
===============================================================================

 NSTEP =     1500   TIME(PS) =     136.000  TEMP(K) =   303.16  PRESS =     0.0
 Etot   =    -15573.0177  EKtot   =      3411.0442  EPtot      =    -18984.0619
 BOND   =        13.5719  ANGLE   =         9.9245  DIHED      =         6.8570
 1-4 NB =         9.2252  1-4 EEL =        32.5137  VDWAALS    =      2706.6869
 EELEC  =    -21766.1805  EHBOND  =         0.0000  RESTRAINT  =         3.3394
 EAMBER (non-restraint)  =    -18987.4013
 EKCMT  =         0.0000  VIRIAL  =         0.0000  VOLUME     =     66498.6567
                                                    Density    =         0.8570
 ------------------------------------------------------------------------------

 NMR restraints: Bond =    0.432   Angle =     0.000   Torsion =     2.907
===============================================================================

 NSTEP =     2000   TIME(PS) =     138.000  TEMP(K) =   295.76  PRESS =     0.0
 Etot   =    -15529.7246  EKtot   =      3327.7695  EPtot      =    -18857.4942
 BOND   =         7.4495  ANGLE   =        12.2451  DIHED      =        15.3899
 1-4 NB =         9.4964  1-4 EEL =        37.2877  VDWAALS    =      2548.1432
 EELEC  =    -21491.9679  EHBOND  =         0.0000  RESTRAINT  =         4.4620
 EAMBER (non-restraint)  =    -18861.9561
 EKCMT  =         0.0000  VIRIAL  =         0.0000  VOLUME     =     65299.2296
                                                    Density    =         0.8727
 ------------------------------------------------------------------------------

 NMR restraints: Bond =    0.339   Angle =     0.000   Torsion =     4.123
===============================================================================

 NSTEP =     2500   TIME(PS) =     140.000  TEMP(K) =   302.67  PRESS =     0.0
 Etot   =    -15555.1022  EKtot   =      3405.4631  EPtot      =    -18960.5653
 BOND   =         5.1736  ANGLE   =        17.0728  DIHED      =        10.5722
 1-4 NB =         9.9010  1-4 EEL =        33.7588  VDWAALS    =      2886.4725
 EELEC  =    -21928.6870  EHBOND  =         0.0000  RESTRAINT  =         5.1706
 EAMBER (non-restraint)  =    -18965.7360
 EKCMT  =         0.0000  VIRIAL  =         0.0000  VOLUME     =     64567.7772
                                                    Density    =         0.8826
 ------------------------------------------------------------------------------

 NMR restraints: Bond =    0.078   Angle =     0.000   Torsion =     5.093
===============================================================================

 NSTEP =     3000   TIME(PS) =     142.000  TEMP(K) =   300.11  PRESS =     0.0
 Etot   =    -15514.6196  EKtot   =      3376.6658  EPtot      =    -18891.2854
 BOND   =        10.4004  ANGLE   =        10.3998  DIHED      =        10.2655
 1-4 NB =         9.4773  1-4 EEL =        33.2346  VDWAALS    =      2671.2363
 EELEC  =    -21639.8851  EHBOND  =         0.0000  RESTRAINT  =         3.5859
 EAMBER (non-restraint)  =    -18894.8713
 EKCMT  =         0.0000  VIRIAL  =         0.0000  VOLUME     =     64061.2699
                                                    Density    =         0.8896
 ------------------------------------------------------------------------------

 NMR restraints: Bond =    0.280   Angle =     0.000   Torsion =     3.306
===============================================================================

 NSTEP =     3500   TIME(PS) =     144.000  TEMP(K) =   302.73  PRESS =     0.0
 Etot   =    -15559.5473  EKtot   =      3406.1685  EPtot      =    -18965.7157
 BOND   =         5.5893  ANGLE   =        21.5477  DIHED      =        11.5495
 1-4 NB =         9.4485  1-4 EEL =        31.5757  VDWAALS    =      2707.2152
 EELEC  =    -21757.5898  EHBOND  =         0.0000  RESTRAINT  =         4.9481
 EAMBER (non-restraint)  =    -18970.6638
 EKCMT  =         0.0000  VIRIAL  =         0.0000  VOLUME     =     63276.2775
                                                    Density    =         0.9006
 ------------------------------------------------------------------------------

 NMR restraints: Bond =    0.012   Angle =     0.000   Torsion =     4.936
===============================================================================

      A V E R A G E S   O V E R       7 S T E P S


 NSTEP =     3500   TIME(PS) =     144.000  TEMP(K) =   300.46  PRESS =     0.0
 Etot   =    -15538.4805  EKtot   =      3380.6121  EPtot      =    -18919.0926
 BOND   =         8.0103  ANGLE   =        14.9579  DIHED      =        10.6359
 1-4 NB =         9.8487  1-4 EEL =        34.3445  VDWAALS    =      2704.0442
 EELEC  =    -21705.2420  EHBOND  =         0.0000  RESTRAINT  =         4.3079
 EAMBER (non-restraint)  =    -18923.4005
 EKCMT  =         0.0000  VIRIAL  =         0.0000  VOLUME     =     65322.5797
                                                    Density    =         0.8728
 ------------------------------------------------------------------------------

 NMR restraints: Bond =    0.012   Angle =     0.000   Torsion =     4.936
===============================================================================

      R M S  F L U C T U A T I O N S


 NSTEP =     3500   TIME(PS) =     144.000  TEMP(K) =     3.61  PRESS =     0.0
 Etot   =        26.1181  EKtot   =        40.6471  EPtot      =        48.4307
 BOND   =         2.7555  ANGLE   =         3.9290  DIHED      =         2.3921
 1-4 NB =         0.5801  1-4 EEL =         1.9627  VDWAALS    =       102.1510
 EELEC  =       127.7322  EHBOND  =         0.0000  RESTRAINT  =         1.2757
 EAMBER (non-restraint)  =        47.1551
 EKCMT  =         0.0000  VIRIAL  =         0.0000  VOLUME     =      1308.0207
                                                    Density    =         0.0176
 ------------------------------------------------------------------------------


 NMR restraints on final step:

 ------------------------------------------------------------------------------


 Final Restraint Analysis for coords: eqnpt02.rst7                            


 Restraints, deviations, and energy contributions:    pencut =   -1.00

 ------------------------------------------------------------------------------
     First atom        Last atom    curr. value target deviation  penalty
 ------------------------------------------------------------------------------
  C3   LIG    1 --  C9   LIG    1:    6.450    6.392    0.058    0.017 d    0: 0
  C9   LIG    1 --  C11  LIG    1:    6.358    6.364    0.006    0.000 d    0: 0
  C11  LIG    1 --  C3   LIG    1:    6.562    6.535    0.027    0.004 d    0: 0
  C10  LIG    1 --  C9   LIG    1:   -1.948   -4.102    2.154    0.099 t
  C5   LIG    1 --  C6   LIG    1:  176.985  174.162    2.824    0.170 t
  C8   LIG    1 --  C9   LIG    1:   -4.387   -8.316    3.930    0.329 t
  C7   LIG    1 --  C8   LIG    1:    6.233    9.382    3.148    0.211 t
  C6   LIG    1 --  C7   LIG    1:   -1.798    1.647    3.445    0.253 t
  C    LIG    1 --  N2   LIG    1:  159.926  155.656    4.269    0.389 t
  C5   LIG    1 --  C10  LIG    1: -174.939 -172.471    2.467    0.130 t
  C    LIG    1 --  C1   LIG    1:    9.624   16.096    6.471    0.893 t
  N    LIG    1 --  N1   LIG    1:   -2.106   -2.975    0.869    0.016 t
  C    LIG    1 --  C4   LIG    1:  175.267  172.131    3.137    0.210 t
  C2   LIG    1 --  N    LIG    1:  168.344  173.910    5.566    0.661 t
  C1   LIG    1 --  C2   LIG    1:  171.824  173.252    1.428    0.043 t
  C4   LIG    1 --  N1   LIG    1:    9.354    5.550    3.804    0.309 t
  C4   LIG    1 --  C5   LIG    1:  130.661  135.268    4.607    0.453 t
                                       Total distance penalty:      0.021
                                       Total torsion  penalty:      4.165
 ------------------------------------------------------------------------------
| MC Barostat:         35 volume changes attempted.
| MC Barostat:         14 changes successful ( 40.00%)
 ------------------------------------------------------------------------------

--------------------------------------------------------------------------------
   5.  TIMINGS
--------------------------------------------------------------------------------

|  NonSetup CPU Time in Major Routines:
|
|     Routine           Sec        %
|     ------------------------------
|     Nonbond           0.45   28.37
|     Bond              0.00    0.00
|     Angle             0.00    0.00
|     Dihedral          0.00    0.00
|     Shake             0.01    0.57
|     RunMD             1.11   69.56
|     Other             0.02    1.51
|     ------------------------------
|     Total             1.59

|  PME Nonbond Pairlist CPU Time:
|
|     Routine              Sec        %
|     ---------------------------------
|     Set Up Cit           0.00    0.00
|     Build List           0.00    0.00
|     ---------------------------------
|     Total                0.00    0.00

|  PME Direct Force CPU Time:
|
|     Routine              Sec        %
|     ---------------------------------
|     NonBonded Calc       0.00    0.00
|     Exclude Masked       0.00    0.00
|     Other                0.01    0.38
|     ---------------------------------
|     Total                0.01    0.38

|  PME Reciprocal Force CPU Time:
|
|     Routine              Sec        %
|     ---------------------------------
|     1D bspline           0.00    0.00
|     Grid Charges         0.00    0.00
|     Scalar Sum           0.00    0.00
|     Gradient Sum         0.00    0.00
|     FFT                  0.00    0.00
|     ---------------------------------
|     Total                0.00    0.00

|  Final Performance Info:
|     -----------------------------------------------------
|     Average timings for last    3000 steps:
|     Elapsed(s) =       1.52 Per Step(ms) =       0.51
|         ns/day =     680.41   seconds/ns =     126.98
|
|     Average timings for all steps:
|     Elapsed(s) =       1.80 Per Step(ms) =       0.51
|         ns/day =     672.91   seconds/ns =     128.40
|     -----------------------------------------------------

|  Setup CPU time:            1.40 seconds
|  NonSetup CPU time:         1.59 seconds
|  Total CPU time:            2.99 seconds     0.00 hours

|  Setup wall time:           2    seconds
|  NonSetup wall time:        1    seconds
|  Total wall time:           3    seconds     0.00 hours
