
          -------------------------------------------------------
          Amber 20 PMEMD                              2020
          -------------------------------------------------------

| PMEMD implementation of SANDER, Release 18

|  Compiled date/time: Tue Apr 28 10:19:54 2020
| Run on 05/11/2020 at 08:32:29

|   Executable path: pmemd.cuda
| Working directory: /home1/tbaba/centos/BAT.py-master/BAT/fe/pose1/dd/bulk/w11
|          Hostname: tx1

  [-O]verwriting output

File Assignments:
|   MDIN: eqnpt.in                                                              
|  MDOUT: eqnpt.out                                                             
| INPCRD: therm2.rst7                                                           
|   PARM: full.hmr.prmtop                                                       
| RESTRT: eqnpt.rst7                                                            
|   REFC: full.inpcrd                                                           
|  MDVEL: mdvel                                                                 
|   MDEN: mden                                                                  
|  MDCRD: traj000.nc                                                            
| MDINFO: mdinfo                                                                
|  MDFRC: mdfrc                                                                 


 Here is the input file:

*******************************************************                        
*****************************       eqnpt.in                                   
*******************************************************                        
Equilibrate, NPT.                                                              
 &cntrl                                                                        
  imin = 0,                                                                    
  ntx = 5,                                                                     
  irest = 1,                                                                   
  ntpr = 500,                                                                  
  ntwr = 500,                                                                  
  ntwx = 500,                                                                  
  ioutfm = 1,                                                                  
  iwrap = 1,                                                                   
  ntf = 2,                                                                     
  ntc = 2,                                                                     
  cut = 9.0,                                                                   
  ntt = 3,                                                                     
  temp0 = 298.15,                                                              
  gamma_ln = 1.0,                                                              
  ig = -1,                                                                     
  ntp = 1,                                                                     
  barostat = 2,                                                                
  nstlim = 3500,                                                               
  dt = 0.004,                                                                  
  nmropt = 1,                                                                  
  pencut = -1,                                                                 
 /                                                                             
 &wt type = 'END', /                                                           
DISANG=disang.rest                                                             
LISTOUT=POUT                                                                   
                                                                               


Note: ig = -1. Setting random seed to    23648 based on wallclock time in 
      microseconds.
| irandom = 1, using AMBER's internal random number generator (default).
 
|--------------------- INFORMATION ----------------------
| GPU (CUDA) Version of PMEMD in use: NVIDIA GPU IN USE.
|                    Version 18.0.0
| 
|                      03/25/2018
| 
| Implementation by:
|                    Ross C. Walker     (SDSC)
|                    Scott Le Grand     (nVIDIA)
| 
| Version 18 performance extensions by:
|                    David Cerutti     (Rutgers)
| 
| Precision model in use:
|      [SPFP] - Single Precision Forces, 64-bit Fixed Point
|               Accumulation. (Default)
| 
|--------------------------------------------------------
 
|----------------- CITATION INFORMATION -----------------
|
|    When publishing work that utilized the CUDA version
|    of AMBER, please cite the following in addition to
|    the regular AMBER citations:
|
|  - Romelia Salomon-Ferrer; Andreas W. Goetz; Duncan
|    Poole; Scott Le Grand; Ross C. Walker "Routine
|    microsecond molecular dynamics simulations with
|    AMBER - Part II: Particle Mesh Ewald", J. Chem.
|    Theory Comput., 2013, 9 (9), pp3878-3888,
|    DOI: 10.1021/ct400314y.
|
|  - Andreas W. Goetz; Mark J. Williamson; Dong Xu;
|    Duncan Poole; Scott Le Grand; Ross C. Walker
|    "Routine microsecond molecular dynamics simulations
|    with AMBER - Part I: Generalized Born", J. Chem.
|    Theory Comput., 2012, 8 (5), pp1542-1555.
|
|  - Scott Le Grand; Andreas W. Goetz; Ross C. Walker
|    "SPFP: Speed without compromise - a mixed precision
|    model for GPU accelerated molecular dynamics
|    simulations.", Comp. Phys. Comm., 2013, 184
|    pp374-380, DOI: 10.1016/j.cpc.2012.09.022
|
|--------------------------------------------------------
 
|------------------- GPU DEVICE INFO --------------------
|
|            CUDA_VISIBLE_DEVICES: 3
|   CUDA Capable Devices Detected:      1
|           CUDA Device ID in use:      0
|                CUDA Device Name: GeForce GTX TITAN X
|     CUDA Device Global Mem Size:  12212 MB
| CUDA Device Num Multiprocessors:     24
|           CUDA Device Core Freq:   1.08 GHz
|
|--------------------------------------------------------
 
 
| Conditional Compilation Defines Used:
| PUBFFT
| BINTRAJ
| CUDA
| EMIL

| Largest sphere to fit in unit cell has radius =    20.088

| New format PARM file being parsed.
| Version =    1.000 Date = 04/28/20 Time = 18:40:20

| Note: 1-4 EEL scale factors are being read from the topology file.

| Note: 1-4 VDW scale factors are being read from the topology file.
| Duplicated    0 dihedrals

| Duplicated    0 dihedrals

--------------------------------------------------------------------------------
   1.  RESOURCE   USE: 
--------------------------------------------------------------------------------

 getting box info from netcdf restart file
 NATOM  =    5646 NTYPES =      11 NBONH =    5614 MBONA  =      17
 NTHETH =      26 MTHETA =      23 NPHIH =      41 MPHIA  =      35
 NHPARM =       0 NPARM  =       0 NNB   =    7625 NRES   =    1884
 NBONA  =      17 NTHETA =      23 NPHIA =      35 NUMBND =      18
 NUMANG =      25 NPTRA  =      11 NATYP =      16 NPHB   =       0
 IFBOX  =       1 NMXRS  =      29 IFCAP =       0 NEXTRA =       0
 NCOPY  =       0

| Coordinate Index Table dimensions:     8    8    8
| Direct force subcell size =     5.0220    5.4715    5.5398

     BOX TYPE: RECTILINEAR

--------------------------------------------------------------------------------
   2.  CONTROL  DATA  FOR  THE  RUN
--------------------------------------------------------------------------------

default_name                                                                    

General flags:
     imin    =       0, nmropt  =       1

Nature and format of input:
     ntx     =       5, irest   =       1, ntrx    =       1

Nature and format of output:
     ntxo    =       2, ntpr    =     500, ntrx    =       1, ntwr    =     500
     iwrap   =       1, ntwx    =     500, ntwv    =       0, ntwe    =       0
     ioutfm  =       1, ntwprt  =       0, idecomp =       0, rbornstat=      0

Potential function:
     ntf     =       2, ntb     =       2, igb     =       0, nsnb    =      25
     ipol    =       0, gbsa    =       0, iesp    =       0
     dielc   =   1.00000, cut     =   9.00000, intdiel =   1.00000

Frozen or restrained atoms:
     ibelly  =       0, ntr     =       0

Molecular dynamics:
     nstlim  =      3500, nscm    =      1000, nrespa  =         1
     t       =   0.00000, dt      =   0.00400, vlimit  =  -1.00000

Langevin dynamics temperature regulation:
     ig      =   23648
     temp0   = 298.15000, tempi   =   0.00000, gamma_ln=   1.00000

Pressure regulation:
     ntp     =       1
     pres0   =   1.00000, comp    =  44.60000, taup    =   1.00000
     Monte-Carlo Barostat:
     mcbarint  =     100

SHAKE:
     ntc     =       2, jfastw  =       0
     tol     =   0.00001

NMR refinement options:
     iscale  =       0, noeskp  =       1, ipnlty  =       1, mxsub   =       1
     scalm   = 100.00000, pencut  =  -1.00000, tausw   =   0.10000

| Intermolecular bonds treatment:
|     no_intermolecular_bonds =       1

| Energy averages sample interval:
|     ene_avg_sampling =     500

Ewald parameters:
     verbose =       0, ew_type =       0, nbflag  =       1, use_pme =       1
     vdwmeth =       1, eedmeth =       1, netfrc  =       1
     Box X =   40.176   Box Y =   43.772   Box Z =   44.319
     Alpha =   90.000   Beta  =   90.000   Gamma =   90.000
     NFFT1 =   48       NFFT2 =   48       NFFT3 =   48
     Cutoff=    9.000   Tol   =0.100E-04
     Ewald Coefficient =  0.30768
     Interpolation order =    4
| MONTE CARLO BAROSTAT IMPORTANT NOTE:
|   The Monte-Carlo barostat does not require the virial to adjust the system volume.
|   Since it is an expensive calculation, it is skipped for efficiency. A side-effect
|   is that the reported pressure is always 0 because it is not calculated.

--------------------------------------------------------------------------------
   3.  ATOMIC COORDINATES AND VELOCITIES
--------------------------------------------------------------------------------

default_name                                                                    
 begin time read from input coords =   102.000 ps



           Begin reading energy term weight changes/NMR restraints
 WEIGHT CHANGES:
                         ** No weight changes given **

 RESTRAINTS:
 Requested file redirections:
  DISANG    = disang.rest
  LISTOUT   = POUT
 Restraints will be read from file: disang.rest
Here are comments from the DISANG input file:
# Anchor atoms  :58@CA  :79@CA  :105@CA  :1@C3  :1@C9  :1@C11  stage = fe  weigh

                       Number of restraints read =    17

                  Done reading weight changes/NMR restraints


 
 Number of triangulated 3-point waters found:     1867

     Sum of charges from parm topology file =  -0.00000100
     Forcing neutrality...

| Dynamic Memory, Types Used:
| Reals              353471
| Integers           159084

| Nonbonded Pairs Initial Allocation:     1287288

| GPU memory information (estimate):
| KB of GPU memory in use:     39090
| KB of CPU memory in use:     11346

--------------------------------------------------------------------------------
   4.  RESULTS
--------------------------------------------------------------------------------


 NSTEP =      500   TIME(PS) =     104.000  TEMP(K) =   299.75  PRESS =     0.0
 Etot   =    -15303.7996  EKtot   =      3372.6353  EPtot      =    -18676.4349
 BOND   =         4.8523  ANGLE   =        14.0624  DIHED      =        12.3245
 1-4 NB =        11.0795  1-4 EEL =        37.2351  VDWAALS    =      2616.0468
 EELEC  =    -21378.1099  EHBOND  =         0.0000  RESTRAINT  =         6.0745
 EAMBER (non-restraint)  =    -18682.5093
 EKCMT  =         0.0000  VIRIAL  =         0.0000  VOLUME     =     77054.8469
                                                    Density    =         0.7396
 ------------------------------------------------------------------------------

 NMR restraints: Bond =    0.602   Angle =     0.000   Torsion =     5.472
===============================================================================

 NSTEP =     1000   TIME(PS) =     106.000  TEMP(K) =   299.32  PRESS =     0.0
 Etot   =    -15363.9483  EKtot   =      3367.7578  EPtot      =    -18731.7061
 BOND   =         7.1553  ANGLE   =        12.1481  DIHED      =         8.0411
 1-4 NB =        10.8228  1-4 EEL =        35.7410  VDWAALS    =      2838.9500
 EELEC  =    -21647.2993  EHBOND  =         0.0000  RESTRAINT  =         2.7349
 EAMBER (non-restraint)  =    -18734.4410
 EKCMT  =         0.0000  VIRIAL  =         0.0000  VOLUME     =     75256.3879
                                                    Density    =         0.7573
 ------------------------------------------------------------------------------

 NMR restraints: Bond =    0.287   Angle =     0.000   Torsion =     2.448
===============================================================================

 NSTEP =     1500   TIME(PS) =     108.000  TEMP(K) =   298.78  PRESS =     0.0
 Etot   =    -15235.1278  EKtot   =      3361.7317  EPtot      =    -18596.8595
 BOND   =         5.2727  ANGLE   =        13.8339  DIHED      =        10.2146
 1-4 NB =        12.5766  1-4 EEL =        36.0709  VDWAALS    =      2671.7896
 EELEC  =    -21349.7369  EHBOND  =         0.0000  RESTRAINT  =         3.1191
 EAMBER (non-restraint)  =    -18599.9786
 EKCMT  =         0.0000  VIRIAL  =         0.0000  VOLUME     =     74770.9163
                                                    Density    =         0.7622
 ------------------------------------------------------------------------------

 NMR restraints: Bond =    0.444   Angle =     0.000   Torsion =     2.675
===============================================================================

 NSTEP =     2000   TIME(PS) =     110.000  TEMP(K) =   295.26  PRESS =     0.0
 Etot   =    -15266.6618  EKtot   =      3322.1372  EPtot      =    -18588.7990
 BOND   =         9.5493  ANGLE   =        13.1489  DIHED      =         6.6771
 1-4 NB =        10.5051  1-4 EEL =        36.9681  VDWAALS    =      2788.3444
 EELEC  =    -21458.7252  EHBOND  =         0.0000  RESTRAINT  =         4.7333
 EAMBER (non-restraint)  =    -18593.5323
 EKCMT  =         0.0000  VIRIAL  =         0.0000  VOLUME     =     74570.9389
                                                    Density    =         0.7642
 ------------------------------------------------------------------------------

 NMR restraints: Bond =    0.085   Angle =     0.000   Torsion =     4.649
===============================================================================

 NSTEP =     2500   TIME(PS) =     112.000  TEMP(K) =   299.43  PRESS =     0.0
 Etot   =    -15333.7974  EKtot   =      3368.9917  EPtot      =    -18702.7891
 BOND   =         4.4202  ANGLE   =        11.8168  DIHED      =         7.6401
 1-4 NB =        10.7303  1-4 EEL =        35.1272  VDWAALS    =      2639.6660
 EELEC  =    -21417.3472  EHBOND  =         0.0000  RESTRAINT  =         5.1575
 EAMBER (non-restraint)  =    -18707.9466
 EKCMT  =         0.0000  VIRIAL  =         0.0000  VOLUME     =     74223.2116
                                                    Density    =         0.7678
 ------------------------------------------------------------------------------

 NMR restraints: Bond =    0.054   Angle =     0.000   Torsion =     5.103
===============================================================================

 NSTEP =     3000   TIME(PS) =     114.000  TEMP(K) =   295.47  PRESS =     0.0
 Etot   =    -15443.0328  EKtot   =      3324.4641  EPtot      =    -18767.4969
 BOND   =         7.6519  ANGLE   =        16.8806  DIHED      =         9.8718
 1-4 NB =         8.7924  1-4 EEL =        35.9426  VDWAALS    =      2828.5959
 EELEC  =    -21679.4225  EHBOND  =         0.0000  RESTRAINT  =         4.1904
 EAMBER (non-restraint)  =    -18771.6873
 EKCMT  =         0.0000  VIRIAL  =         0.0000  VOLUME     =     72690.8749
                                                    Density    =         0.7840
 ------------------------------------------------------------------------------

 NMR restraints: Bond =    0.492   Angle =     0.000   Torsion =     3.699
===============================================================================

 NSTEP =     3500   TIME(PS) =     116.000  TEMP(K) =   300.13  PRESS =     0.0
 Etot   =    -15309.3697  EKtot   =      3376.8784  EPtot      =    -18686.2481
 BOND   =        10.5296  ANGLE   =        11.3102  DIHED      =         8.1917
 1-4 NB =         9.7040  1-4 EEL =        33.9899  VDWAALS    =      2784.6186
 EELEC  =    -21550.3443  EHBOND  =         0.0000  RESTRAINT  =         5.7523
 EAMBER (non-restraint)  =    -18692.0004
 EKCMT  =         0.0000  VIRIAL  =         0.0000  VOLUME     =     71777.0775
                                                    Density    =         0.7940
 ------------------------------------------------------------------------------

 NMR restraints: Bond =    0.101   Angle =     0.000   Torsion =     5.651
===============================================================================

      A V E R A G E S   O V E R       7 S T E P S


 NSTEP =     3500   TIME(PS) =     116.000  TEMP(K) =   298.30  PRESS =     0.0
 Etot   =    -15322.2482  EKtot   =      3356.3709  EPtot      =    -18678.6191
 BOND   =         7.0616  ANGLE   =        13.3144  DIHED      =         8.9944
 1-4 NB =        10.6015  1-4 EEL =        35.8678  VDWAALS    =      2738.2873
 EELEC  =    -21497.2836  EHBOND  =         0.0000  RESTRAINT  =         4.5374
 EAMBER (non-restraint)  =    -18683.1565
 EKCMT  =         0.0000  VIRIAL  =         0.0000  VOLUME     =     74334.8934
                                                    Density    =         0.7670
 ------------------------------------------------------------------------------

 NMR restraints: Bond =    0.101   Angle =     0.000   Torsion =     5.651
===============================================================================

      R M S  F L U C T U A T I O N S


 NSTEP =     3500   TIME(PS) =     116.000  TEMP(K) =     1.90  PRESS =     0.0
 Etot   =        62.8459  EKtot   =        21.3567  EPtot      =        61.0818
 BOND   =         2.1919  ANGLE   =         1.7401  DIHED      =         1.7771
 1-4 NB =         1.0878  1-4 EEL =         1.0155  VDWAALS    =        86.2155
 EELEC  =       120.9154  EHBOND  =         0.0000  RESTRAINT  =         1.1737
 EAMBER (non-restraint)  =        59.9082
 EKCMT  =         0.0000  VIRIAL  =         0.0000  VOLUME     =      1592.4296
                                                    Density    =         0.0164
 ------------------------------------------------------------------------------


 NMR restraints on final step:

 ------------------------------------------------------------------------------


 Final Restraint Analysis for coords: eqnpt.rst7                              


 Restraints, deviations, and energy contributions:    pencut =   -1.00

 ------------------------------------------------------------------------------
     First atom        Last atom    curr. value target deviation  penalty
 ------------------------------------------------------------------------------
  C3   LIG    1 --  C9   LIG    1:    6.454    6.392    0.062    0.019 d    0: 0
  C9   LIG    1 --  C11  LIG    1:    6.424    6.364    0.060    0.018 d    0: 0
  C11  LIG    1 --  C3   LIG    1:    6.620    6.535    0.085    0.036 d    0: 0
  C10  LIG    1 --  C9   LIG    1:   -5.697   -4.102    1.594    0.054 t
  C5   LIG    1 --  C6   LIG    1:  173.736  174.162    0.426    0.004 t
  C8   LIG    1 --  C9   LIG    1:   -0.570   -8.316    7.746    1.279 t
  C7   LIG    1 --  C8   LIG    1:    1.334    9.382    8.048    1.381 t
  C6   LIG    1 --  C7   LIG    1:    4.529    1.647    2.883    0.177 t
  C    LIG    1 --  N2   LIG    1:  160.065  155.656    4.409    0.414 t
  C5   LIG    1 --  C10  LIG    1: -172.350 -172.471    0.122    0.000 t
  C    LIG    1 --  C1   LIG    1:    9.469   16.096    6.626    0.936 t
  N    LIG    1 --  N1   LIG    1:   -3.355   -2.975    0.381    0.003 t
  C    LIG    1 --  C4   LIG    1:  172.322  172.131    0.191    0.001 t
  C2   LIG    1 --  N    LIG    1:  165.764  173.910    8.146    1.415 t
  C1   LIG    1 --  C2   LIG    1:  173.039  173.252    0.212    0.001 t
  C4   LIG    1 --  N1   LIG    1:    5.415    5.550    0.135    0.000 t
  C4   LIG    1 --  C5   LIG    1:  132.154  135.268    3.114    0.207 t
                                       Total distance penalty:      0.073
                                       Total torsion  penalty:      5.874
 ------------------------------------------------------------------------------
| MC Barostat:         35 volume changes attempted.
| MC Barostat:         19 changes successful ( 54.29%)
 ------------------------------------------------------------------------------

--------------------------------------------------------------------------------
   5.  TIMINGS
--------------------------------------------------------------------------------

|  NonSetup CPU Time in Major Routines:
|
|     Routine           Sec        %
|     ------------------------------
|     Nonbond           0.47   29.09
|     Bond              0.00    0.00
|     Angle             0.00    0.00
|     Dihedral          0.00    0.00
|     Shake             0.01    0.86
|     RunMD             1.12   69.12
|     Other             0.01    0.93
|     ------------------------------
|     Total             1.62

|  PME Nonbond Pairlist CPU Time:
|
|     Routine              Sec        %
|     ---------------------------------
|     Set Up Cit           0.00    0.00
|     Build List           0.00    0.00
|     ---------------------------------
|     Total                0.00    0.00

|  PME Direct Force CPU Time:
|
|     Routine              Sec        %
|     ---------------------------------
|     NonBonded Calc       0.00    0.00
|     Exclude Masked       0.00    0.00
|     Other                0.00    0.19
|     ---------------------------------
|     Total                0.00    0.19

|  PME Reciprocal Force CPU Time:
|
|     Routine              Sec        %
|     ---------------------------------
|     1D bspline           0.00    0.00
|     Grid Charges         0.00    0.00
|     Scalar Sum           0.00    0.00
|     Gradient Sum         0.00    0.00
|     FFT                  0.00    0.00
|     ---------------------------------
|     Total                0.00    0.00

|  Final Performance Info:
|     -----------------------------------------------------
|     Average timings for last    3000 steps:
|     Elapsed(s) =       1.56 Per Step(ms) =       0.52
|         ns/day =     664.30   seconds/ns =     130.06
|
|     Average timings for all steps:
|     Elapsed(s) =       1.84 Per Step(ms) =       0.53
|         ns/day =     655.83   seconds/ns =     131.74
|     -----------------------------------------------------

|  Setup CPU time:            1.32 seconds
|  NonSetup CPU time:         1.62 seconds
|  Total CPU time:            2.94 seconds     0.00 hours

|  Setup wall time:           2    seconds
|  NonSetup wall time:        1    seconds
|  Total wall time:           3    seconds     0.00 hours
