
          -------------------------------------------------------
          Amber 20 PMEMD                              2020
          -------------------------------------------------------

| PMEMD implementation of SANDER, Release 18

|  Compiled date/time: Tue Apr 28 10:19:54 2020
| Run on 05/11/2020 at 08:32:15

|   Executable path: pmemd.cuda
| Working directory: /home1/tbaba/centos/BAT.py-master/BAT/fe/pose1/dd/bulk/w11
|          Hostname: tx1

  [-O]verwriting output

File Assignments:
|   MDIN: therm1.in                                                             
|  MDOUT: therm1.out                                                            
| INPCRD: mini.rst7                                                             
|   PARM: full.hmr.prmtop                                                       
| RESTRT: therm1.rst7                                                           
|   REFC: full.inpcrd                                                           
|  MDVEL: mdvel                                                                 
|   MDEN: mden                                                                  
|  MDCRD: therm1.nc                                                             
| MDINFO: mdinfo                                                                
|  MDFRC: mdfrc                                                                 


 Here is the input file:

*******************************************************                        
*****************************       therm1.in                                  
*******************************************************                        
Thermalizing, NVT.                                                             
 &cntrl                                                                        
  imin = 0,                                                                    
  ntx = 1,                                                                     
  irest = 0,                                                                   
  ntpr = 500,                                                                  
  ntwr = 500,                                                                  
  ntwx = 0,                                                                    
  ioutfm = 1,                                                                  
  iwrap = 1,                                                                   
  ntf = 2,                                                                     
  ntc = 2,                                                                     
  cut = 9.0,                                                                   
  ntt = 3,                                                                     
  tempi = 10.0,                                                                
  temp0 = 10.0,                                                                
  gamma_ln = 1.0,                                                              
  ig = -1,                                                                     
  ntp = 0,                                                                     
  nstlim = 500,                                                                
  dt = 0.004,                                                                  
  nmropt = 1,                                                                  
  pencut = -1,                                                                 
 /                                                                             
 &wt type = 'END', /                                                           
DISANG=disang.rest                                                             
LISTOUT=POUT                                                                   
                                                                               


Note: ig = -1. Setting random seed to   151552 based on wallclock time in 
      microseconds.
| irandom = 1, using AMBER's internal random number generator (default).
 
|--------------------- INFORMATION ----------------------
| GPU (CUDA) Version of PMEMD in use: NVIDIA GPU IN USE.
|                    Version 18.0.0
| 
|                      03/25/2018
| 
| Implementation by:
|                    Ross C. Walker     (SDSC)
|                    Scott Le Grand     (nVIDIA)
| 
| Version 18 performance extensions by:
|                    David Cerutti     (Rutgers)
| 
| Precision model in use:
|      [SPFP] - Single Precision Forces, 64-bit Fixed Point
|               Accumulation. (Default)
| 
|--------------------------------------------------------
 
|----------------- CITATION INFORMATION -----------------
|
|    When publishing work that utilized the CUDA version
|    of AMBER, please cite the following in addition to
|    the regular AMBER citations:
|
|  - Romelia Salomon-Ferrer; Andreas W. Goetz; Duncan
|    Poole; Scott Le Grand; Ross C. Walker "Routine
|    microsecond molecular dynamics simulations with
|    AMBER - Part II: Particle Mesh Ewald", J. Chem.
|    Theory Comput., 2013, 9 (9), pp3878-3888,
|    DOI: 10.1021/ct400314y.
|
|  - Andreas W. Goetz; Mark J. Williamson; Dong Xu;
|    Duncan Poole; Scott Le Grand; Ross C. Walker
|    "Routine microsecond molecular dynamics simulations
|    with AMBER - Part I: Generalized Born", J. Chem.
|    Theory Comput., 2012, 8 (5), pp1542-1555.
|
|  - Scott Le Grand; Andreas W. Goetz; Ross C. Walker
|    "SPFP: Speed without compromise - a mixed precision
|    model for GPU accelerated molecular dynamics
|    simulations.", Comp. Phys. Comm., 2013, 184
|    pp374-380, DOI: 10.1016/j.cpc.2012.09.022
|
|--------------------------------------------------------
 
|------------------- GPU DEVICE INFO --------------------
|
|            CUDA_VISIBLE_DEVICES: 3
|   CUDA Capable Devices Detected:      1
|           CUDA Device ID in use:      0
|                CUDA Device Name: GeForce GTX TITAN X
|     CUDA Device Global Mem Size:  12212 MB
| CUDA Device Num Multiprocessors:     24
|           CUDA Device Core Freq:   1.08 GHz
|
|--------------------------------------------------------
 
 
| Conditional Compilation Defines Used:
| PUBFFT
| BINTRAJ
| CUDA
| EMIL

| Largest sphere to fit in unit cell has radius =    20.088

| New format PARM file being parsed.
| Version =    1.000 Date = 04/28/20 Time = 18:40:20

| Note: 1-4 EEL scale factors are being read from the topology file.

| Note: 1-4 VDW scale factors are being read from the topology file.
| Duplicated    0 dihedrals

| Duplicated    0 dihedrals

--------------------------------------------------------------------------------
   1.  RESOURCE   USE: 
--------------------------------------------------------------------------------

 getting box info from netcdf restart file
 NATOM  =    5646 NTYPES =      11 NBONH =    5614 MBONA  =      17
 NTHETH =      26 MTHETA =      23 NPHIH =      41 MPHIA  =      35
 NHPARM =       0 NPARM  =       0 NNB   =    7625 NRES   =    1884
 NBONA  =      17 NTHETA =      23 NPHIA =      35 NUMBND =      18
 NUMANG =      25 NPTRA  =      11 NATYP =      16 NPHB   =       0
 IFBOX  =       1 NMXRS  =      29 IFCAP =       0 NEXTRA =       0
 NCOPY  =       0

| Coordinate Index Table dimensions:     8    8    8
| Direct force subcell size =     5.0220    5.4715    5.5398

     BOX TYPE: RECTILINEAR

--------------------------------------------------------------------------------
   2.  CONTROL  DATA  FOR  THE  RUN
--------------------------------------------------------------------------------

default_name                                                                    

General flags:
     imin    =       0, nmropt  =       1

Nature and format of input:
     ntx     =       1, irest   =       0, ntrx    =       1

Nature and format of output:
     ntxo    =       2, ntpr    =     500, ntrx    =       1, ntwr    =     500
     iwrap   =       1, ntwx    =       0, ntwv    =       0, ntwe    =       0
     ioutfm  =       1, ntwprt  =       0, idecomp =       0, rbornstat=      0

Potential function:
     ntf     =       2, ntb     =       1, igb     =       0, nsnb    =      25
     ipol    =       0, gbsa    =       0, iesp    =       0
     dielc   =   1.00000, cut     =   9.00000, intdiel =   1.00000

Frozen or restrained atoms:
     ibelly  =       0, ntr     =       0

Molecular dynamics:
     nstlim  =       500, nscm    =      1000, nrespa  =         1
     t       =   0.00000, dt      =   0.00400, vlimit  =  -1.00000

Langevin dynamics temperature regulation:
     ig      =  151552
     temp0   =  10.00000, tempi   =  10.00000, gamma_ln=   1.00000

SHAKE:
     ntc     =       2, jfastw  =       0
     tol     =   0.00001

NMR refinement options:
     iscale  =       0, noeskp  =       1, ipnlty  =       1, mxsub   =       1
     scalm   = 100.00000, pencut  =  -1.00000, tausw   =   0.10000

| Intermolecular bonds treatment:
|     no_intermolecular_bonds =       1

| Energy averages sample interval:
|     ene_avg_sampling =     500

Ewald parameters:
     verbose =       0, ew_type =       0, nbflag  =       1, use_pme =       1
     vdwmeth =       1, eedmeth =       1, netfrc  =       1
     Box X =   40.176   Box Y =   43.772   Box Z =   44.319
     Alpha =   90.000   Beta  =   90.000   Gamma =   90.000
     NFFT1 =   48       NFFT2 =   48       NFFT3 =   48
     Cutoff=    9.000   Tol   =0.100E-04
     Ewald Coefficient =  0.30768
     Interpolation order =    4

--------------------------------------------------------------------------------
   3.  ATOMIC COORDINATES AND VELOCITIES
--------------------------------------------------------------------------------

default_name                                                                    
 begin time read from input coords =     0.000 ps



           Begin reading energy term weight changes/NMR restraints
 WEIGHT CHANGES:
                         ** No weight changes given **

 RESTRAINTS:
 Requested file redirections:
  DISANG    = disang.rest
  LISTOUT   = POUT
 Restraints will be read from file: disang.rest
Here are comments from the DISANG input file:
# Anchor atoms  :58@CA  :79@CA  :105@CA  :1@C3  :1@C9  :1@C11  stage = fe  weigh

                       Number of restraints read =    17

                  Done reading weight changes/NMR restraints


 
 Number of triangulated 3-point waters found:     1867

     Sum of charges from parm topology file =  -0.00000100
     Forcing neutrality...

| Dynamic Memory, Types Used:
| Reals              274397
| Integers           159084

| Nonbonded Pairs Initial Allocation:     1287288

| GPU memory information (estimate):
| KB of GPU memory in use:     39090
| KB of CPU memory in use:     11346

--------------------------------------------------------------------------------
   4.  RESULTS
--------------------------------------------------------------------------------


 NSTEP =        0   TIME(PS) =       0.000  TEMP(K) =    15.00  PRESS =     0.0
 Etot   =    -24026.6290  EKtot   =       168.8282  EPtot      =    -24195.4572
 BOND   =         2.5634  ANGLE   =         4.1807  DIHED      =         6.2700
 1-4 NB =         9.8134  1-4 EEL =        36.6709  VDWAALS    =      3885.4256
 EELEC  =    -28141.4655  EHBOND  =         0.0000  RESTRAINT  =         1.0843
 EAMBER (non-restraint)  =    -24196.5414
 ------------------------------------------------------------------------------

 NMR restraints: Bond =    0.096   Angle =     0.000   Torsion =     0.988
===============================================================================

 NSTEP =      500   TIME(PS) =       2.000  TEMP(K) =    29.23  PRESS =     0.0
 Etot   =    -22523.8842  EKtot   =       328.9251  EPtot      =    -22852.8093
 BOND   =         1.1398  ANGLE   =         4.7929  DIHED      =         7.0257
 1-4 NB =         9.8352  1-4 EEL =        36.7530  VDWAALS    =      4475.0684
 EELEC  =    -27388.4741  EHBOND  =         0.0000  RESTRAINT  =         1.0497
 EAMBER (non-restraint)  =    -22853.8590
 ------------------------------------------------------------------------------

 NMR restraints: Bond =    0.033   Angle =     0.000   Torsion =     1.017
===============================================================================

      A V E R A G E S   O V E R       1 S T E P S


 NSTEP =      500   TIME(PS) =       2.000  TEMP(K) =    29.23  PRESS =     0.0
 Etot   =    -22523.8842  EKtot   =       328.9251  EPtot      =    -22852.8093
 BOND   =         1.1398  ANGLE   =         4.7929  DIHED      =         7.0257
 1-4 NB =         9.8352  1-4 EEL =        36.7530  VDWAALS    =      4475.0684
 EELEC  =    -27388.4741  EHBOND  =         0.0000  RESTRAINT  =         1.0497
 EAMBER (non-restraint)  =    -22853.8590
 ------------------------------------------------------------------------------

 NMR restraints: Bond =    0.033   Angle =     0.000   Torsion =     1.017
===============================================================================

      R M S  F L U C T U A T I O N S


 NSTEP =      500   TIME(PS) =       2.000  TEMP(K) =     0.00  PRESS =     0.0
 Etot   =         0.0000  EKtot   =         0.0000  EPtot      =         0.0000
 BOND   =         0.0000  ANGLE   =         0.0000  DIHED      =         0.0000
 1-4 NB =         0.0000  1-4 EEL =         0.0000  VDWAALS    =         0.0000
 EELEC  =         0.0000  EHBOND  =         0.0000  RESTRAINT  =         0.0000
 ------------------------------------------------------------------------------


 NMR restraints on final step:

 ------------------------------------------------------------------------------


 Final Restraint Analysis for coords: therm1.rst7                             


 Restraints, deviations, and energy contributions:    pencut =   -1.00

 ------------------------------------------------------------------------------
     First atom        Last atom    curr. value target deviation  penalty
 ------------------------------------------------------------------------------
  C3   LIG    1 --  C9   LIG    1:    6.437    6.392    0.045    0.010 d    0: 0
  C9   LIG    1 --  C11  LIG    1:    6.340    6.364    0.024    0.003 d    0: 0
  C11  LIG    1 --  C3   LIG    1:    6.609    6.535    0.074    0.027 d    0: 0
  C10  LIG    1 --  C9   LIG    1:   -2.286   -4.102    1.817    0.070 t
  C5   LIG    1 --  C6   LIG    1:  175.886  174.162    1.725    0.063 t
  C8   LIG    1 --  C9   LIG    1:   -6.637   -8.316    1.679    0.060 t
  C7   LIG    1 --  C8   LIG    1:    7.595    9.382    1.787    0.068 t
  C6   LIG    1 --  C7   LIG    1:    0.336    1.647    1.310    0.037 t
  C    LIG    1 --  N2   LIG    1:  154.937  155.656    0.720    0.011 t
  C5   LIG    1 --  C10  LIG    1: -174.690 -172.471    2.219    0.105 t
  C    LIG    1 --  C1   LIG    1:   11.555   16.096    4.541    0.440 t
  N    LIG    1 --  N1   LIG    1:   -1.735   -2.975    1.240    0.033 t
  C    LIG    1 --  C4   LIG    1:  172.405  172.131    0.274    0.002 t
  C2   LIG    1 --  N    LIG    1:  176.359  173.910    2.449    0.128 t
  C1   LIG    1 --  C2   LIG    1:  173.740  173.252    0.488    0.005 t
  C4   LIG    1 --  N1   LIG    1:    5.344    5.550    0.206    0.001 t
  C4   LIG    1 --  C5   LIG    1:  134.638  135.268    0.630    0.008 t
                                       Total distance penalty:      0.040
                                       Total torsion  penalty:      1.031
 ------------------------------------------------------------------------------
--------------------------------------------------------------------------------
   5.  TIMINGS
--------------------------------------------------------------------------------

|  NonSetup CPU Time in Major Routines:
|
|     Routine           Sec        %
|     ------------------------------
|     Nonbond           0.06   28.94
|     Bond              0.00    0.00
|     Angle             0.00    0.00
|     Dihedral          0.00    0.00
|     Shake             0.00    0.00
|     RunMD             0.14   70.56
|     Other             0.00    0.51
|     ------------------------------
|     Total             0.20

|  PME Nonbond Pairlist CPU Time:
|
|     Routine              Sec        %
|     ---------------------------------
|     Set Up Cit           0.00    0.00
|     Build List           0.00    0.00
|     ---------------------------------
|     Total                0.00    0.00

|  PME Direct Force CPU Time:
|
|     Routine              Sec        %
|     ---------------------------------
|     NonBonded Calc       0.00    0.00
|     Exclude Masked       0.00    0.00
|     Other                0.00    0.00
|     ---------------------------------
|     Total                0.00    0.00

|  PME Reciprocal Force CPU Time:
|
|     Routine              Sec        %
|     ---------------------------------
|     1D bspline           0.00    0.00
|     Grid Charges         0.00    0.00
|     Scalar Sum           0.00    0.00
|     Gradient Sum         0.00    0.00
|     FFT                  0.00    0.00
|     ---------------------------------
|     Total                0.00    0.00

|  Final Performance Info:
|     -----------------------------------------------------
|     Average timings for last     500 steps:
|     Elapsed(s) =       0.28 Per Step(ms) =       0.57
|         ns/day =     607.38   seconds/ns =     142.25
|
|     Average timings for all steps:
|     Elapsed(s) =       0.28 Per Step(ms) =       0.57
|         ns/day =     607.38   seconds/ns =     142.25
|     -----------------------------------------------------

|  Setup CPU time:            1.27 seconds
|  NonSetup CPU time:         0.20 seconds
|  Total CPU time:            1.47 seconds     0.00 hours

|  Setup wall time:           2    seconds
|  NonSetup wall time:        0    seconds
|  Total wall time:           2    seconds     0.00 hours
