
          -------------------------------------------------------
          Amber 20 PMEMD                              2020
          -------------------------------------------------------

| PMEMD implementation of SANDER, Release 18

|  Compiled date/time: Tue Apr 28 10:19:54 2020
| Run on 05/11/2020 at 08:32:17

|   Executable path: pmemd.cuda
| Working directory: /home1/tbaba/centos/BAT.py-master/BAT/fe/pose1/dd/bulk/w11
|          Hostname: tx1

  [-O]verwriting output

File Assignments:
|   MDIN: therm2.in                                                             
|  MDOUT: therm2.out                                                            
| INPCRD: therm1.rst7                                                           
|   PARM: full.hmr.prmtop                                                       
| RESTRT: therm2.rst7                                                           
|   REFC: full.inpcrd                                                           
|  MDVEL: mdvel                                                                 
|   MDEN: mden                                                                  
|  MDCRD: therm2.nc                                                             
| MDINFO: mdinfo                                                                
|  MDFRC: mdfrc                                                                 


 Here is the input file:

*******************************************************                        
*****************************       therm2.in                                  
*******************************************************                        
Thermalizing, NVT.                                                             
 &cntrl                                                                        
  imin = 0,                                                                    
  ntx = 5,                                                                     
  irest = 1,                                                                   
  ntpr = 500,                                                                  
  ntwr = 25000,                                                                
  ntwx = 0,                                                                    
  ioutfm = 1,                                                                  
  iwrap = 1,                                                                   
  ntf = 2,                                                                     
  ntc = 2,                                                                     
  cut = 9.0,                                                                   
  ntt = 3,                                                                     
  gamma_ln = 1.0,                                                              
  ig = -1,                                                                     
  ntp = 0,                                                                     
  nstlim = 25000,                                                              
  dt = 0.004,                                                                  
  nmropt = 1,                                                                  
  pencut = -1,                                                                 
 /                                                                             
 &wt type='TEMP0', istep1=0,    istep2=25000,  value1=10.0, value2= 298.15, /  
 &wt type = 'END', /                                                           
DISANG=disang.rest                                                             
LISTOUT=POUT                                                                   
                                                                               


Note: ig = -1. Setting random seed to    36188 based on wallclock time in 
      microseconds.
| irandom = 1, using AMBER's internal random number generator (default).
 
|--------------------- INFORMATION ----------------------
| GPU (CUDA) Version of PMEMD in use: NVIDIA GPU IN USE.
|                    Version 18.0.0
| 
|                      03/25/2018
| 
| Implementation by:
|                    Ross C. Walker     (SDSC)
|                    Scott Le Grand     (nVIDIA)
| 
| Version 18 performance extensions by:
|                    David Cerutti     (Rutgers)
| 
| Precision model in use:
|      [SPFP] - Single Precision Forces, 64-bit Fixed Point
|               Accumulation. (Default)
| 
|--------------------------------------------------------
 
|----------------- CITATION INFORMATION -----------------
|
|    When publishing work that utilized the CUDA version
|    of AMBER, please cite the following in addition to
|    the regular AMBER citations:
|
|  - Romelia Salomon-Ferrer; Andreas W. Goetz; Duncan
|    Poole; Scott Le Grand; Ross C. Walker "Routine
|    microsecond molecular dynamics simulations with
|    AMBER - Part II: Particle Mesh Ewald", J. Chem.
|    Theory Comput., 2013, 9 (9), pp3878-3888,
|    DOI: 10.1021/ct400314y.
|
|  - Andreas W. Goetz; Mark J. Williamson; Dong Xu;
|    Duncan Poole; Scott Le Grand; Ross C. Walker
|    "Routine microsecond molecular dynamics simulations
|    with AMBER - Part I: Generalized Born", J. Chem.
|    Theory Comput., 2012, 8 (5), pp1542-1555.
|
|  - Scott Le Grand; Andreas W. Goetz; Ross C. Walker
|    "SPFP: Speed without compromise - a mixed precision
|    model for GPU accelerated molecular dynamics
|    simulations.", Comp. Phys. Comm., 2013, 184
|    pp374-380, DOI: 10.1016/j.cpc.2012.09.022
|
|--------------------------------------------------------
 
|------------------- GPU DEVICE INFO --------------------
|
|            CUDA_VISIBLE_DEVICES: 3
|   CUDA Capable Devices Detected:      1
|           CUDA Device ID in use:      0
|                CUDA Device Name: GeForce GTX TITAN X
|     CUDA Device Global Mem Size:  12212 MB
| CUDA Device Num Multiprocessors:     24
|           CUDA Device Core Freq:   1.08 GHz
|
|--------------------------------------------------------
 
 
| Conditional Compilation Defines Used:
| PUBFFT
| BINTRAJ
| CUDA
| EMIL

| Largest sphere to fit in unit cell has radius =    20.088

| New format PARM file being parsed.
| Version =    1.000 Date = 04/28/20 Time = 18:40:20

| Note: 1-4 EEL scale factors are being read from the topology file.

| Note: 1-4 VDW scale factors are being read from the topology file.
| Duplicated    0 dihedrals

| Duplicated    0 dihedrals

--------------------------------------------------------------------------------
   1.  RESOURCE   USE: 
--------------------------------------------------------------------------------

 getting box info from netcdf restart file
 NATOM  =    5646 NTYPES =      11 NBONH =    5614 MBONA  =      17
 NTHETH =      26 MTHETA =      23 NPHIH =      41 MPHIA  =      35
 NHPARM =       0 NPARM  =       0 NNB   =    7625 NRES   =    1884
 NBONA  =      17 NTHETA =      23 NPHIA =      35 NUMBND =      18
 NUMANG =      25 NPTRA  =      11 NATYP =      16 NPHB   =       0
 IFBOX  =       1 NMXRS  =      29 IFCAP =       0 NEXTRA =       0
 NCOPY  =       0

| Coordinate Index Table dimensions:     8    8    8
| Direct force subcell size =     5.0220    5.4715    5.5398

     BOX TYPE: RECTILINEAR

--------------------------------------------------------------------------------
   2.  CONTROL  DATA  FOR  THE  RUN
--------------------------------------------------------------------------------

default_name                                                                    

General flags:
     imin    =       0, nmropt  =       1

Nature and format of input:
     ntx     =       5, irest   =       1, ntrx    =       1

Nature and format of output:
     ntxo    =       2, ntpr    =     500, ntrx    =       1, ntwr    =   25000
     iwrap   =       1, ntwx    =       0, ntwv    =       0, ntwe    =       0
     ioutfm  =       1, ntwprt  =       0, idecomp =       0, rbornstat=      0

Potential function:
     ntf     =       2, ntb     =       1, igb     =       0, nsnb    =      25
     ipol    =       0, gbsa    =       0, iesp    =       0
     dielc   =   1.00000, cut     =   9.00000, intdiel =   1.00000

Frozen or restrained atoms:
     ibelly  =       0, ntr     =       0

Molecular dynamics:
     nstlim  =     25000, nscm    =      1000, nrespa  =         1
     t       =   0.00000, dt      =   0.00400, vlimit  =  -1.00000

Langevin dynamics temperature regulation:
     ig      =   36188
     temp0   = 300.00000, tempi   =   0.00000, gamma_ln=   1.00000

SHAKE:
     ntc     =       2, jfastw  =       0
     tol     =   0.00001

NMR refinement options:
     iscale  =       0, noeskp  =       1, ipnlty  =       1, mxsub   =       1
     scalm   = 100.00000, pencut  =  -1.00000, tausw   =   0.10000

| Intermolecular bonds treatment:
|     no_intermolecular_bonds =       1

| Energy averages sample interval:
|     ene_avg_sampling =     500

Ewald parameters:
     verbose =       0, ew_type =       0, nbflag  =       1, use_pme =       1
     vdwmeth =       1, eedmeth =       1, netfrc  =       1
     Box X =   40.176   Box Y =   43.772   Box Z =   44.319
     Alpha =   90.000   Beta  =   90.000   Gamma =   90.000
     NFFT1 =   48       NFFT2 =   48       NFFT3 =   48
     Cutoff=    9.000   Tol   =0.100E-04
     Ewald Coefficient =  0.30768
     Interpolation order =    4

--------------------------------------------------------------------------------
   3.  ATOMIC COORDINATES AND VELOCITIES
--------------------------------------------------------------------------------

default_name                                                                    
 begin time read from input coords =     2.000 ps



           Begin reading energy term weight changes/NMR restraints
 WEIGHT CHANGES:
 TEMP0         0  25000   10.000000  298.150000      0      0

 RESTRAINTS:
 Requested file redirections:
  DISANG    = disang.rest
  LISTOUT   = POUT
 Restraints will be read from file: disang.rest
Here are comments from the DISANG input file:
# Anchor atoms  :58@CA  :79@CA  :105@CA  :1@C3  :1@C9  :1@C11  stage = fe  weigh

                       Number of restraints read =    17

                  Done reading weight changes/NMR restraints


 
 Number of triangulated 3-point waters found:     1867

     Sum of charges from parm topology file =  -0.00000100
     Forcing neutrality...

| Dynamic Memory, Types Used:
| Reals              274399
| Integers           159091

| Nonbonded Pairs Initial Allocation:     1287288

| GPU memory information (estimate):
| KB of GPU memory in use:     39090
| KB of CPU memory in use:     11346

--------------------------------------------------------------------------------
   4.  RESULTS
--------------------------------------------------------------------------------


 NSTEP =      500   TIME(PS) =       4.000  TEMP(K) =    17.43  PRESS =     0.0
 Etot   =    -22909.2112  EKtot   =       196.0658  EPtot      =    -23105.2770
 BOND   =         1.6618  ANGLE   =         4.4172  DIHED      =         6.9544
 1-4 NB =         9.6582  1-4 EEL =        36.7337  VDWAALS    =      4535.8844
 EELEC  =    -27701.7846  EHBOND  =         0.0000  RESTRAINT  =         1.1980
 EAMBER (non-restraint)  =    -23106.4750
 ------------------------------------------------------------------------------

 NMR restraints: Bond =    0.060   Angle =     0.000   Torsion =     1.138
===============================================================================

 NSTEP =     1000   TIME(PS) =       6.000  TEMP(K) =    19.80  PRESS =     0.0
 Etot   =    -22885.5527  EKtot   =       222.8110  EPtot      =    -23108.3637
 BOND   =         2.3628  ANGLE   =         4.9377  DIHED      =         7.1789
 1-4 NB =         9.4023  1-4 EEL =        35.9754  VDWAALS    =      4517.7185
 EELEC  =    -27687.5108  EHBOND  =         0.0000  RESTRAINT  =         1.5716
 EAMBER (non-restraint)  =    -23109.9354
 ------------------------------------------------------------------------------

 NMR restraints: Bond =    0.106   Angle =     0.000   Torsion =     1.466
===============================================================================

 NSTEP =     1500   TIME(PS) =       8.000  TEMP(K) =    25.13  PRESS =     0.0
 Etot   =    -22781.4052  EKtot   =       282.6935  EPtot      =    -23064.0987
 BOND   =         2.6410  ANGLE   =         4.7855  DIHED      =         7.5130
 1-4 NB =         9.4998  1-4 EEL =        35.7124  VDWAALS    =      4528.4035
 EELEC  =    -27654.2394  EHBOND  =         0.0000  RESTRAINT  =         1.5855
 EAMBER (non-restraint)  =    -23065.6842
 ------------------------------------------------------------------------------

 NMR restraints: Bond =    0.179   Angle =     0.000   Torsion =     1.407
===============================================================================

 NSTEP =     2000   TIME(PS) =      10.000  TEMP(K) =    30.37  PRESS =     0.0
 Etot   =    -22671.2807  EKtot   =       341.7606  EPtot      =    -23013.0413
 BOND   =         2.1868  ANGLE   =         5.2405  DIHED      =         7.0732
 1-4 NB =         9.5914  1-4 EEL =        36.3583  VDWAALS    =      4467.6916
 EELEC  =    -27542.6219  EHBOND  =         0.0000  RESTRAINT  =         1.4388
 EAMBER (non-restraint)  =    -23014.4801
 ------------------------------------------------------------------------------

 NMR restraints: Bond =    0.024   Angle =     0.000   Torsion =     1.415
===============================================================================

 NSTEP =     2500   TIME(PS) =      12.000  TEMP(K) =    36.20  PRESS =     0.0
 Etot   =    -22552.5259  EKtot   =       407.3340  EPtot      =    -22959.8598
 BOND   =         1.9720  ANGLE   =         5.0310  DIHED      =         7.2501
 1-4 NB =        10.2639  1-4 EEL =        36.2621  VDWAALS    =      4457.4593
 EELEC  =    -27479.2263  EHBOND  =         0.0000  RESTRAINT  =         1.1282
 EAMBER (non-restraint)  =    -22960.9880
 ------------------------------------------------------------------------------

 NMR restraints: Bond =    0.118   Angle =     0.000   Torsion =     1.010
===============================================================================

 NSTEP =     3000   TIME(PS) =      14.000  TEMP(K) =    43.75  PRESS =     0.0
 Etot   =    -22427.3892  EKtot   =       492.2889  EPtot      =    -22919.6781
 BOND   =         2.5515  ANGLE   =         5.7006  DIHED      =         6.8446
 1-4 NB =        10.2172  1-4 EEL =        35.5778  VDWAALS    =      4427.8359
 EELEC  =    -27409.4415  EHBOND  =         0.0000  RESTRAINT  =         1.0357
 EAMBER (non-restraint)  =    -22920.7139
 ------------------------------------------------------------------------------

 NMR restraints: Bond =    0.062   Angle =     0.000   Torsion =     0.974
===============================================================================

 NSTEP =     3500   TIME(PS) =      16.000  TEMP(K) =    50.04  PRESS =     0.0
 Etot   =    -22313.7402  EKtot   =       562.9836  EPtot      =    -22876.7237
 BOND   =         1.9884  ANGLE   =         6.5398  DIHED      =         6.8337
 1-4 NB =         9.7671  1-4 EEL =        36.2496  VDWAALS    =      4409.8208
 EELEC  =    -27349.4409  EHBOND  =         0.0000  RESTRAINT  =         1.5179
 EAMBER (non-restraint)  =    -22878.2416
 ------------------------------------------------------------------------------

 NMR restraints: Bond =    0.084   Angle =     0.000   Torsion =     1.434
===============================================================================

 NSTEP =     4000   TIME(PS) =      18.000  TEMP(K) =    54.09  PRESS =     0.0
 Etot   =    -22222.8541  EKtot   =       608.5820  EPtot      =    -22831.4361
 BOND   =         2.4747  ANGLE   =         6.0506  DIHED      =         6.9056
 1-4 NB =        10.2696  1-4 EEL =        36.3129  VDWAALS    =      4392.1378
 EELEC  =    -27286.5575  EHBOND  =         0.0000  RESTRAINT  =         0.9703
 EAMBER (non-restraint)  =    -22832.4064
 ------------------------------------------------------------------------------

 NMR restraints: Bond =    0.036   Angle =     0.000   Torsion =     0.934
===============================================================================

 NSTEP =     4500   TIME(PS) =      20.000  TEMP(K) =    59.95  PRESS =     0.0
 Etot   =    -22114.3533  EKtot   =       674.5621  EPtot      =    -22788.9154
 BOND   =         4.1544  ANGLE   =         6.8068  DIHED      =         6.8106
 1-4 NB =         9.8672  1-4 EEL =        36.0289  VDWAALS    =      4395.8879
 EELEC  =    -27249.7519  EHBOND  =         0.0000  RESTRAINT  =         1.2807
 EAMBER (non-restraint)  =    -22790.1961
 ------------------------------------------------------------------------------

 NMR restraints: Bond =    0.068   Angle =     0.000   Torsion =     1.213
===============================================================================

 NSTEP =     5000   TIME(PS) =      22.000  TEMP(K) =    65.24  PRESS =     0.0
 Etot   =    -22002.8408  EKtot   =       734.0571  EPtot      =    -22736.8980
 BOND   =         1.7762  ANGLE   =         7.8258  DIHED      =         6.9680
 1-4 NB =        10.5838  1-4 EEL =        35.7234  VDWAALS    =      4395.3630
 EELEC  =    -27196.7121  EHBOND  =         0.0000  RESTRAINT  =         1.5739
 EAMBER (non-restraint)  =    -22738.4718
 ------------------------------------------------------------------------------

 NMR restraints: Bond =    0.011   Angle =     0.000   Torsion =     1.563
===============================================================================

 NSTEP =     5500   TIME(PS) =      24.000  TEMP(K) =    70.31  PRESS =     0.0
 Etot   =    -21896.6013  EKtot   =       791.1179  EPtot      =    -22687.7192
 BOND   =         4.2952  ANGLE   =         4.8678  DIHED      =         6.5733
 1-4 NB =         9.7561  1-4 EEL =        36.5419  VDWAALS    =      4285.7291
 EELEC  =    -27037.2104  EHBOND  =         0.0000  RESTRAINT  =         1.7278
 EAMBER (non-restraint)  =    -22689.4470
 ------------------------------------------------------------------------------

 NMR restraints: Bond =    0.151   Angle =     0.000   Torsion =     1.577
===============================================================================

 NSTEP =     6000   TIME(PS) =      26.000  TEMP(K) =    77.63  PRESS =     0.0
 Etot   =    -21750.7246  EKtot   =       873.4069  EPtot      =    -22624.1315
 BOND   =         4.6607  ANGLE   =         7.3770  DIHED      =         8.3436
 1-4 NB =        10.1199  1-4 EEL =        34.8683  VDWAALS    =      4296.5057
 EELEC  =    -26987.4801  EHBOND  =         0.0000  RESTRAINT  =         1.4734
 EAMBER (non-restraint)  =    -22625.6050
 ------------------------------------------------------------------------------

 NMR restraints: Bond =    0.128   Angle =     0.000   Torsion =     1.345
===============================================================================

 NSTEP =     6500   TIME(PS) =      28.000  TEMP(K) =    82.23  PRESS =     0.0
 Etot   =    -21665.5599  EKtot   =       925.1965  EPtot      =    -22590.7564
 BOND   =         3.4293  ANGLE   =         7.0532  DIHED      =         7.1948
 1-4 NB =         9.7164  1-4 EEL =        35.9566  VDWAALS    =      4266.0029
 EELEC  =    -26922.6409  EHBOND  =         0.0000  RESTRAINT  =         2.5314
 EAMBER (non-restraint)  =    -22593.2878
 ------------------------------------------------------------------------------

 NMR restraints: Bond =    0.168   Angle =     0.000   Torsion =     2.363
===============================================================================

 NSTEP =     7000   TIME(PS) =      30.000  TEMP(K) =    87.98  PRESS =     0.0
 Etot   =    -21530.8850  EKtot   =       989.8817  EPtot      =    -22520.7667
 BOND   =         3.3840  ANGLE   =         7.1289  DIHED      =         7.1815
 1-4 NB =        11.0835  1-4 EEL =        36.5291  VDWAALS    =      4219.1177
 EELEC  =    -26806.5326  EHBOND  =         0.0000  RESTRAINT  =         1.3412
 EAMBER (non-restraint)  =    -22522.1079
 ------------------------------------------------------------------------------

 NMR restraints: Bond =    0.232   Angle =     0.000   Torsion =     1.109
===============================================================================

 NSTEP =     7500   TIME(PS) =      32.000  TEMP(K) =    94.87  PRESS =     0.0
 Etot   =    -21449.8068  EKtot   =      1067.4454  EPtot      =    -22517.2522
 BOND   =         4.3115  ANGLE   =         6.3808  DIHED      =         5.8906
 1-4 NB =         9.4903  1-4 EEL =        35.9551  VDWAALS    =      4177.7503
 EELEC  =    -26759.3425  EHBOND  =         0.0000  RESTRAINT  =         2.3116
 EAMBER (non-restraint)  =    -22519.5638
 ------------------------------------------------------------------------------

 NMR restraints: Bond =    0.177   Angle =     0.000   Torsion =     2.134
===============================================================================

 NSTEP =     8000   TIME(PS) =      34.000  TEMP(K) =    98.16  PRESS =     0.0
 Etot   =    -21319.2982  EKtot   =      1104.4993  EPtot      =    -22423.7974
 BOND   =         3.5845  ANGLE   =         7.0833  DIHED      =         7.4783
 1-4 NB =         9.8994  1-4 EEL =        35.7417  VDWAALS    =      4152.9975
 EELEC  =    -26641.7929  EHBOND  =         0.0000  RESTRAINT  =         1.2108
 EAMBER (non-restraint)  =    -22425.0082
 ------------------------------------------------------------------------------

 NMR restraints: Bond =    0.162   Angle =     0.000   Torsion =     1.049
===============================================================================

 NSTEP =     8500   TIME(PS) =      36.000  TEMP(K) =   106.48  PRESS =     0.0
 Etot   =    -21187.6510  EKtot   =      1198.0975  EPtot      =    -22385.7486
 BOND   =         2.2352  ANGLE   =         7.4648  DIHED      =         7.1329
 1-4 NB =         9.9396  1-4 EEL =        36.4373  VDWAALS    =      4182.2889
 EELEC  =    -26632.9132  EHBOND  =         0.0000  RESTRAINT  =         1.6659
 EAMBER (non-restraint)  =    -22387.4145
 ------------------------------------------------------------------------------

 NMR restraints: Bond =    0.153   Angle =     0.000   Torsion =     1.513
===============================================================================

 NSTEP =     9000   TIME(PS) =      38.000  TEMP(K) =   109.13  PRESS =     0.0
 Etot   =    -21105.3252  EKtot   =      1227.9158  EPtot      =    -22333.2410
 BOND   =         2.4073  ANGLE   =         8.9799  DIHED      =         6.9454
 1-4 NB =        10.0320  1-4 EEL =        37.4666  VDWAALS    =      4050.4479
 EELEC  =    -26452.7602  EHBOND  =         0.0000  RESTRAINT  =         3.2401
 EAMBER (non-restraint)  =    -22336.4811
 ------------------------------------------------------------------------------

 NMR restraints: Bond =    0.149   Angle =     0.000   Torsion =     3.091
===============================================================================

 NSTEP =     9500   TIME(PS) =      40.000  TEMP(K) =   115.43  PRESS =     0.0
 Etot   =    -20978.7665  EKtot   =      1298.7889  EPtot      =    -22277.5554
 BOND   =         3.3380  ANGLE   =         8.8287  DIHED      =         7.4917
 1-4 NB =         9.4616  1-4 EEL =        36.5117  VDWAALS    =      4027.2779
 EELEC  =    -26371.7767  EHBOND  =         0.0000  RESTRAINT  =         1.3117
 EAMBER (non-restraint)  =    -22278.8671
 ------------------------------------------------------------------------------

 NMR restraints: Bond =    0.113   Angle =     0.000   Torsion =     1.198
===============================================================================

 NSTEP =    10000   TIME(PS) =      42.000  TEMP(K) =   126.70  PRESS =     0.0
 Etot   =    -20791.0177  EKtot   =      1425.5358  EPtot      =    -22216.5534
 BOND   =         3.1419  ANGLE   =         7.6980  DIHED      =         7.7845
 1-4 NB =         9.6947  1-4 EEL =        36.3174  VDWAALS    =      4051.2983
 EELEC  =    -26334.6880  EHBOND  =         0.0000  RESTRAINT  =         2.1997
 EAMBER (non-restraint)  =    -22218.7532
 ------------------------------------------------------------------------------

 NMR restraints: Bond =    0.114   Angle =     0.000   Torsion =     2.086
===============================================================================

 NSTEP =    10500   TIME(PS) =      44.000  TEMP(K) =   129.59  PRESS =     0.0
 Etot   =    -20690.6331  EKtot   =      1458.0327  EPtot      =    -22148.6658
 BOND   =         4.3286  ANGLE   =         7.8642  DIHED      =         7.4846
 1-4 NB =         9.0179  1-4 EEL =        36.6863  VDWAALS    =      3916.8028
 EELEC  =    -26132.9227  EHBOND  =         0.0000  RESTRAINT  =         2.0724
 EAMBER (non-restraint)  =    -22150.7382
 ------------------------------------------------------------------------------

 NMR restraints: Bond =    0.145   Angle =     0.000   Torsion =     1.927
===============================================================================

 NSTEP =    11000   TIME(PS) =      46.000  TEMP(K) =   133.71  PRESS =     0.0
 Etot   =    -20532.2597  EKtot   =      1504.4325  EPtot      =    -22036.6922
 BOND   =         3.7979  ANGLE   =         8.0123  DIHED      =         8.8330
 1-4 NB =        11.1908  1-4 EEL =        37.0755  VDWAALS    =      4042.9869
 EELEC  =    -26150.1788  EHBOND  =         0.0000  RESTRAINT  =         1.5902
 EAMBER (non-restraint)  =    -22038.2824
 ------------------------------------------------------------------------------

 NMR restraints: Bond =    0.157   Angle =     0.000   Torsion =     1.433
===============================================================================

 NSTEP =    11500   TIME(PS) =      48.000  TEMP(K) =   141.08  PRESS =     0.0
 Etot   =    -20450.7232  EKtot   =      1587.3572  EPtot      =    -22038.0804
 BOND   =         7.0483  ANGLE   =         7.7977  DIHED      =         8.4693
 1-4 NB =        10.3729  1-4 EEL =        34.3873  VDWAALS    =      4006.8252
 EELEC  =    -26114.6869  EHBOND  =         0.0000  RESTRAINT  =         1.7058
 EAMBER (non-restraint)  =    -22039.7862
 ------------------------------------------------------------------------------

 NMR restraints: Bond =    0.142   Angle =     0.000   Torsion =     1.563
===============================================================================

 NSTEP =    12000   TIME(PS) =      50.000  TEMP(K) =   145.06  PRESS =     0.0
 Etot   =    -20323.8702  EKtot   =      1632.1755  EPtot      =    -21956.0457
 BOND   =         6.1699  ANGLE   =         8.3510  DIHED      =         7.7116
 1-4 NB =        10.1054  1-4 EEL =        36.5260  VDWAALS    =      3899.0850
 EELEC  =    -25927.2376  EHBOND  =         0.0000  RESTRAINT  =         3.2431
 EAMBER (non-restraint)  =    -21959.2888
 ------------------------------------------------------------------------------

 NMR restraints: Bond =    0.044   Angle =     0.000   Torsion =     3.199
===============================================================================

 NSTEP =    12500   TIME(PS) =      52.000  TEMP(K) =   153.77  PRESS =     0.0
 Etot   =    -20122.5561  EKtot   =      1730.1130  EPtot      =    -21852.6691
 BOND   =         5.2122  ANGLE   =         7.7701  DIHED      =         9.4197
 1-4 NB =        11.0595  1-4 EEL =        38.0197  VDWAALS    =      3950.2958
 EELEC  =    -25879.6518  EHBOND  =         0.0000  RESTRAINT  =         5.2057
 EAMBER (non-restraint)  =    -21857.8748
 ------------------------------------------------------------------------------

 NMR restraints: Bond =    0.086   Angle =     0.000   Torsion =     5.119
===============================================================================

 NSTEP =    13000   TIME(PS) =      54.000  TEMP(K) =   159.34  PRESS =     0.0
 Etot   =    -19998.7181  EKtot   =      1792.7855  EPtot      =    -21791.5036
 BOND   =         6.6019  ANGLE   =        10.0078  DIHED      =         8.4209
 1-4 NB =        10.2876  1-4 EEL =        36.2380  VDWAALS    =      3823.6111
 EELEC  =    -25689.5655  EHBOND  =         0.0000  RESTRAINT  =         2.8946
 EAMBER (non-restraint)  =    -21794.3982
 ------------------------------------------------------------------------------

 NMR restraints: Bond =    0.023   Angle =     0.000   Torsion =     2.871
===============================================================================

 NSTEP =    13500   TIME(PS) =      56.000  TEMP(K) =   163.55  PRESS =     0.0
 Etot   =    -19909.3220  EKtot   =      1840.1887  EPtot      =    -21749.5108
 BOND   =         2.4402  ANGLE   =         8.0177  DIHED      =         7.5738
 1-4 NB =        10.8253  1-4 EEL =        36.9143  VDWAALS    =      3870.0043
 EELEC  =    -25687.5159  EHBOND  =         0.0000  RESTRAINT  =         2.2296
 EAMBER (non-restraint)  =    -21751.7403
 ------------------------------------------------------------------------------

 NMR restraints: Bond =    0.087   Angle =     0.000   Torsion =     2.142
===============================================================================

 NSTEP =    14000   TIME(PS) =      58.000  TEMP(K) =   168.95  PRESS =     0.0
 Etot   =    -19775.3552  EKtot   =      1900.9688  EPtot      =    -21676.3239
 BOND   =         4.4186  ANGLE   =         9.0140  DIHED      =        10.5600
 1-4 NB =        10.8149  1-4 EEL =        35.5844  VDWAALS    =      3854.9226
 EELEC  =    -25603.7278  EHBOND  =         0.0000  RESTRAINT  =         2.0893
 EAMBER (non-restraint)  =    -21678.4132
 ------------------------------------------------------------------------------

 NMR restraints: Bond =    0.094   Angle =     0.000   Torsion =     1.995
===============================================================================

 NSTEP =    14500   TIME(PS) =      60.000  TEMP(K) =   171.09  PRESS =     0.0
 Etot   =    -19639.1257  EKtot   =      1925.0575  EPtot      =    -21564.1832
 BOND   =         6.4947  ANGLE   =         9.1033  DIHED      =         8.5199
 1-4 NB =        10.4972  1-4 EEL =        34.2762  VDWAALS    =      3818.0066
 EELEC  =    -25454.7451  EHBOND  =         0.0000  RESTRAINT  =         3.6641
 EAMBER (non-restraint)  =    -21567.8472
 ------------------------------------------------------------------------------

 NMR restraints: Bond =    0.004   Angle =     0.000   Torsion =     3.660
===============================================================================

 NSTEP =    15000   TIME(PS) =      62.000  TEMP(K) =   176.91  PRESS =     0.0
 Etot   =    -19521.8433  EKtot   =      1990.4884  EPtot      =    -21512.3317
 BOND   =         7.7537  ANGLE   =         7.8669  DIHED      =         8.6594
 1-4 NB =         9.8195  1-4 EEL =        35.8801  VDWAALS    =      3798.7440
 EELEC  =    -25384.2319  EHBOND  =         0.0000  RESTRAINT  =         3.1766
 EAMBER (non-restraint)  =    -21515.5083
 ------------------------------------------------------------------------------

 NMR restraints: Bond =    0.114   Angle =     0.000   Torsion =     3.063
===============================================================================

 NSTEP =    15500   TIME(PS) =      64.000  TEMP(K) =   183.84  PRESS =     0.0
 Etot   =    -19357.5928  EKtot   =      2068.5132  EPtot      =    -21426.1060
 BOND   =         4.3239  ANGLE   =        10.9204  DIHED      =         8.0708
 1-4 NB =        10.9739  1-4 EEL =        33.7686  VDWAALS    =      3804.5291
 EELEC  =    -25301.7199  EHBOND  =         0.0000  RESTRAINT  =         3.0271
 EAMBER (non-restraint)  =    -21429.1330
 ------------------------------------------------------------------------------

 NMR restraints: Bond =    0.117   Angle =     0.000   Torsion =     2.910
===============================================================================

 NSTEP =    16000   TIME(PS) =      66.000  TEMP(K) =   188.81  PRESS =     0.0
 Etot   =    -19256.9426  EKtot   =      2124.3677  EPtot      =    -21381.3103
 BOND   =         4.8878  ANGLE   =         8.4583  DIHED      =         7.7131
 1-4 NB =        10.8318  1-4 EEL =        35.7708  VDWAALS    =      3694.4325
 EELEC  =    -25147.2353  EHBOND  =         0.0000  RESTRAINT  =         3.8308
 EAMBER (non-restraint)  =    -21385.1410
 ------------------------------------------------------------------------------

 NMR restraints: Bond =    0.077   Angle =     0.000   Torsion =     3.753
===============================================================================

 NSTEP =    16500   TIME(PS) =      68.000  TEMP(K) =   197.54  PRESS =     0.0
 Etot   =    -19117.2890  EKtot   =      2222.5979  EPtot      =    -21339.8869
 BOND   =         3.0213  ANGLE   =         8.0398  DIHED      =         9.3422
 1-4 NB =        11.1693  1-4 EEL =        36.6517  VDWAALS    =      3763.3354
 EELEC  =    -25176.9608  EHBOND  =         0.0000  RESTRAINT  =         5.5142
 EAMBER (non-restraint)  =    -21345.4011
 ------------------------------------------------------------------------------

 NMR restraints: Bond =    0.227   Angle =     0.000   Torsion =     5.287
===============================================================================

 NSTEP =    17000   TIME(PS) =      70.000  TEMP(K) =   200.38  PRESS =     0.0
 Etot   =    -19009.8784  EKtot   =      2254.6191  EPtot      =    -21264.4976
 BOND   =         8.1801  ANGLE   =        11.4286  DIHED      =        10.0560
 1-4 NB =         8.7775  1-4 EEL =        35.6655  VDWAALS    =      3619.7790
 EELEC  =    -24961.8489  EHBOND  =         0.0000  RESTRAINT  =         3.4646
 EAMBER (non-restraint)  =    -21267.9622
 ------------------------------------------------------------------------------

 NMR restraints: Bond =    0.070   Angle =     0.000   Torsion =     3.394
===============================================================================

 NSTEP =    17500   TIME(PS) =      72.000  TEMP(K) =   203.65  PRESS =     0.0
 Etot   =    -18796.6923  EKtot   =      2291.3750  EPtot      =    -21088.0673
 BOND   =         4.6794  ANGLE   =         9.7996  DIHED      =         8.3731
 1-4 NB =        10.4640  1-4 EEL =        36.3456  VDWAALS    =      3480.0238
 EELEC  =    -24641.1316  EHBOND  =         0.0000  RESTRAINT  =         3.3787
 EAMBER (non-restraint)  =    -21091.4461
 ------------------------------------------------------------------------------

 NMR restraints: Bond =    0.044   Angle =     0.000   Torsion =     3.334
===============================================================================

 NSTEP =    18000   TIME(PS) =      74.000  TEMP(K) =   209.12  PRESS =     0.0
 Etot   =    -18557.6278  EKtot   =      2352.9136  EPtot      =    -20910.5413
 BOND   =         3.4715  ANGLE   =        12.8085  DIHED      =         9.2292
 1-4 NB =         9.7017  1-4 EEL =        36.0957  VDWAALS    =      3491.7983
 EELEC  =    -24476.9076  EHBOND  =         0.0000  RESTRAINT  =         3.2613
 EAMBER (non-restraint)  =    -20913.8027
 ------------------------------------------------------------------------------

 NMR restraints: Bond =    0.047   Angle =     0.000   Torsion =     3.214
===============================================================================

 NSTEP =    18500   TIME(PS) =      76.000  TEMP(K) =   218.50  PRESS =     0.0
 Etot   =    -18325.4865  EKtot   =      2458.4944  EPtot      =    -20783.9809
 BOND   =        12.4437  ANGLE   =        12.9255  DIHED      =         7.0558
 1-4 NB =         8.0499  1-4 EEL =        33.9105  VDWAALS    =      3414.5630
 EELEC  =    -24276.7837  EHBOND  =         0.0000  RESTRAINT  =         3.8544
 EAMBER (non-restraint)  =    -20787.8353
 ------------------------------------------------------------------------------

 NMR restraints: Bond =    0.460   Angle =     0.000   Torsion =     3.394
===============================================================================

 NSTEP =    19000   TIME(PS) =      78.000  TEMP(K) =   222.36  PRESS =     0.0
 Etot   =    -18178.3366  EKtot   =      2501.8525  EPtot      =    -20680.1892
 BOND   =         8.4818  ANGLE   =         7.5731  DIHED      =        14.7981
 1-4 NB =        11.2721  1-4 EEL =        36.1022  VDWAALS    =      3437.9744
 EELEC  =    -24202.5556  EHBOND  =         0.0000  RESTRAINT  =         6.1648
 EAMBER (non-restraint)  =    -20686.3540
 ------------------------------------------------------------------------------

 NMR restraints: Bond =    0.257   Angle =     0.000   Torsion =     5.908
===============================================================================

 NSTEP =    19500   TIME(PS) =      80.000  TEMP(K) =   231.10  PRESS =     0.0
 Etot   =    -17933.5946  EKtot   =      2600.2729  EPtot      =    -20533.8675
 BOND   =         6.7953  ANGLE   =        10.6180  DIHED      =         9.7004
 1-4 NB =         9.8176  1-4 EEL =        36.8412  VDWAALS    =      3290.8597
 EELEC  =    -23900.3985  EHBOND  =         0.0000  RESTRAINT  =         1.8989
 EAMBER (non-restraint)  =    -20535.7664
 ------------------------------------------------------------------------------

 NMR restraints: Bond =    0.178   Angle =     0.000   Torsion =     1.721
===============================================================================

 NSTEP =    20000   TIME(PS) =      82.000  TEMP(K) =   233.45  PRESS =     0.0
 Etot   =    -17701.6925  EKtot   =      2626.7100  EPtot      =    -20328.4025
 BOND   =         7.1970  ANGLE   =         9.0668  DIHED      =         8.1818
 1-4 NB =        10.0770  1-4 EEL =        35.6254  VDWAALS    =      3336.7302
 EELEC  =    -23739.1568  EHBOND  =         0.0000  RESTRAINT  =         3.8763
 EAMBER (non-restraint)  =    -20332.2787
 ------------------------------------------------------------------------------

 NMR restraints: Bond =    0.294   Angle =     0.000   Torsion =     3.582
===============================================================================

 NSTEP =    20500   TIME(PS) =      84.000  TEMP(K) =   241.04  PRESS =     0.0
 Etot   =    -17532.6458  EKtot   =      2712.0259  EPtot      =    -20244.6717
 BOND   =         9.2609  ANGLE   =        14.5086  DIHED      =         8.9872
 1-4 NB =         8.9389  1-4 EEL =        35.6591  VDWAALS    =      3239.1504
 EELEC  =    -23565.3675  EHBOND  =         0.0000  RESTRAINT  =         4.1907
 EAMBER (non-restraint)  =    -20248.8624
 ------------------------------------------------------------------------------

 NMR restraints: Bond =    0.163   Angle =     0.000   Torsion =     4.028
===============================================================================

 NSTEP =    21000   TIME(PS) =      86.000  TEMP(K) =   246.91  PRESS =     0.0
 Etot   =    -17305.7634  EKtot   =      2778.1089  EPtot      =    -20083.8723
 BOND   =         7.0189  ANGLE   =        10.4180  DIHED      =         9.5280
 1-4 NB =         9.2590  1-4 EEL =        34.4335  VDWAALS    =      3061.9554
 EELEC  =    -23219.7552  EHBOND  =         0.0000  RESTRAINT  =         3.2700
 EAMBER (non-restraint)  =    -20087.1423
 ------------------------------------------------------------------------------

 NMR restraints: Bond =    0.338   Angle =     0.000   Torsion =     2.932
===============================================================================

 NSTEP =    21500   TIME(PS) =      88.000  TEMP(K) =   258.06  PRESS =     0.0
 Etot   =    -16932.9994  EKtot   =      2903.6082  EPtot      =    -19836.6076
 BOND   =         9.5803  ANGLE   =        11.0761  DIHED      =        11.7374
 1-4 NB =         9.9188  1-4 EEL =        35.4759  VDWAALS    =      3091.0513
 EELEC  =    -23010.4196  EHBOND  =         0.0000  RESTRAINT  =         4.9722
 EAMBER (non-restraint)  =    -19841.5798
 ------------------------------------------------------------------------------

 NMR restraints: Bond =    0.723   Angle =     0.000   Torsion =     4.249
===============================================================================

 NSTEP =    22000   TIME(PS) =      90.000  TEMP(K) =   263.31  PRESS =     0.0
 Etot   =    -16849.0540  EKtot   =      2962.5784  EPtot      =    -19811.6324
 BOND   =        10.3385  ANGLE   =        12.4602  DIHED      =        11.1677
 1-4 NB =         9.4751  1-4 EEL =        36.1373  VDWAALS    =      3081.6028
 EELEC  =    -22978.3891  EHBOND  =         0.0000  RESTRAINT  =         5.5752
 EAMBER (non-restraint)  =    -19817.2077
 ------------------------------------------------------------------------------

 NMR restraints: Bond =    0.355   Angle =     0.000   Torsion =     5.220
===============================================================================

 NSTEP =    22500   TIME(PS) =      92.000  TEMP(K) =   262.84  PRESS =     0.0
 Etot   =    -16681.2265  EKtot   =      2957.3379  EPtot      =    -19638.5644
 BOND   =        11.0086  ANGLE   =         9.4060  DIHED      =         9.4500
 1-4 NB =         9.8800  1-4 EEL =        35.5219  VDWAALS    =      3036.7409
 EELEC  =    -22754.7997  EHBOND  =         0.0000  RESTRAINT  =         4.2279
 EAMBER (non-restraint)  =    -19642.7923
 ------------------------------------------------------------------------------

 NMR restraints: Bond =    0.363   Angle =     0.000   Torsion =     3.865
===============================================================================

 NSTEP =    23000   TIME(PS) =      94.000  TEMP(K) =   270.53  PRESS =     0.0
 Etot   =    -16292.3545  EKtot   =      3043.8735  EPtot      =    -19336.2280
 BOND   =         5.3088  ANGLE   =        12.5379  DIHED      =         9.9038
 1-4 NB =        10.8295  1-4 EEL =        37.3224  VDWAALS    =      2898.1453
 EELEC  =    -22315.4131  EHBOND  =         0.0000  RESTRAINT  =         5.1374
 EAMBER (non-restraint)  =    -19341.3653
 ------------------------------------------------------------------------------

 NMR restraints: Bond =    0.319   Angle =     0.000   Torsion =     4.819
===============================================================================

 NSTEP =    23500   TIME(PS) =      96.000  TEMP(K) =   277.35  PRESS =     0.0
 Etot   =    -16183.4946  EKtot   =      3120.5593  EPtot      =    -19304.0540
 BOND   =         3.6578  ANGLE   =        11.9141  DIHED      =        12.8308
 1-4 NB =        11.7612  1-4 EEL =        36.1471  VDWAALS    =      2890.7582
 EELEC  =    -22273.6094  EHBOND  =         0.0000  RESTRAINT  =         2.4863
 EAMBER (non-restraint)  =    -19306.5402
 ------------------------------------------------------------------------------

 NMR restraints: Bond =    0.264   Angle =     0.000   Torsion =     2.222
===============================================================================

 NSTEP =    24000   TIME(PS) =      98.000  TEMP(K) =   277.79  PRESS =     0.0
 Etot   =    -15915.0168  EKtot   =      3125.5010  EPtot      =    -19040.5178
 BOND   =        13.9455  ANGLE   =        10.7122  DIHED      =         8.9150
 1-4 NB =         8.6189  1-4 EEL =        35.0172  VDWAALS    =      2723.1411
 EELEC  =    -21848.3578  EHBOND  =         0.0000  RESTRAINT  =         7.4900
 EAMBER (non-restraint)  =    -19048.0078
 ------------------------------------------------------------------------------

 NMR restraints: Bond =    0.357   Angle =     0.000   Torsion =     7.133
===============================================================================

 NSTEP =    24500   TIME(PS) =     100.000  TEMP(K) =   292.86  PRESS =     0.0
 Etot   =    -15716.6053  EKtot   =      3295.0815  EPtot      =    -19011.6868
 BOND   =         7.9145  ANGLE   =        15.0157  DIHED      =         9.4074
 1-4 NB =         9.7787  1-4 EEL =        37.1756  VDWAALS    =      2750.5604
 EELEC  =    -21846.9743  EHBOND  =         0.0000  RESTRAINT  =         5.4352
 EAMBER (non-restraint)  =    -19017.1220
 ------------------------------------------------------------------------------

 NMR restraints: Bond =    1.126   Angle =     0.000   Torsion =     4.309
===============================================================================

 NSTEP =    25000   TIME(PS) =     102.000  TEMP(K) =   293.51  PRESS =     0.0
 Etot   =    -15388.0226  EKtot   =      3302.3726  EPtot      =    -18690.3952
 BOND   =        13.2739  ANGLE   =         8.9441  DIHED      =         8.5947
 1-4 NB =         9.9349  1-4 EEL =        35.1644  VDWAALS    =      2655.8111
 EELEC  =    -21428.3119  EHBOND  =         0.0000  RESTRAINT  =         6.1936
 EAMBER (non-restraint)  =    -18696.5888
 ------------------------------------------------------------------------------

 NMR restraints: Bond =    0.933   Angle =     0.000   Torsion =     5.260
===============================================================================

      A V E R A G E S   O V E R      50 S T E P S


 NSTEP =    25000   TIME(PS) =     102.000  TEMP(K) =   153.74  PRESS =     0.0
 Etot   =    -19811.0702  EKtot   =      1729.7878  EPtot      =    -21540.8580
 BOND   =         5.3522  ANGLE   =         8.6527  DIHED      =         8.4209
 1-4 NB =        10.0367  1-4 EEL =        35.9936  VDWAALS    =      3799.6369
 EELEC  =    -25411.8997  EHBOND  =         0.0000  RESTRAINT  =         2.9487
 EAMBER (non-restraint)  =    -21543.8067
 ------------------------------------------------------------------------------

 NMR restraints: Bond =    0.933   Angle =     0.000   Torsion =     5.260
===============================================================================

      R M S  F L U C T U A T I O N S


 NSTEP =    25000   TIME(PS) =     102.000  TEMP(K) =    82.03  PRESS =     0.0
 Etot   =      2157.0391  EKtot   =       922.9077  EPtot      =      1250.0993
 BOND   =         3.1043  ANGLE   =         2.5157  DIHED      =         1.6706
 1-4 NB =         0.7316  1-4 EEL =         0.8640  VDWAALS    =       540.0177
 EELEC  =      1781.3937  EHBOND  =         0.0000  RESTRAINT  =         1.6146
 EAMBER (non-restraint)  =      1248.4847
 ------------------------------------------------------------------------------


 NMR restraints on final step:

 ------------------------------------------------------------------------------


 Final Restraint Analysis for coords: therm2.rst7                             


 Restraints, deviations, and energy contributions:    pencut =   -1.00

 ------------------------------------------------------------------------------
     First atom        Last atom    curr. value target deviation  penalty
 ------------------------------------------------------------------------------
  C3   LIG    1 --  C9   LIG    1:    6.731    6.392    0.339    0.576 d    0: 0
  C9   LIG    1 --  C11  LIG    1:    6.134    6.364    0.230    0.263 d    0: 0
  C11  LIG    1 --  C3   LIG    1:    6.686    6.535    0.151    0.114 d    0: 0
  C10  LIG    1 --  C9   LIG    1:  -10.978   -4.102    6.876    1.008 t
  C5   LIG    1 --  C6   LIG    1:  179.732  174.162    5.570    0.662 t
  C8   LIG    1 --  C9   LIG    1:    1.577   -8.316    9.894    2.087 t
  C7   LIG    1 --  C8   LIG    1:    1.728    9.382    7.653    1.249 t
  C6   LIG    1 --  C7   LIG    1:    4.456    1.647    2.809    0.168 t
  C    LIG    1 --  N2   LIG    1:  160.385  155.656    4.729    0.477 t
  C5   LIG    1 --  C10  LIG    1: -177.383 -172.471    4.911    0.514 t
  C    LIG    1 --  C1   LIG    1:    6.550   16.096    9.546    1.943 t
  N    LIG    1 --  N1   LIG    1:    1.369   -2.975    4.344    0.402 t
  C    LIG    1 --  C4   LIG    1:  178.377  172.131    6.246    0.832 t
  C2   LIG    1 --  N    LIG    1:  178.664  173.910    4.755    0.482 t
  C1   LIG    1 --  C2   LIG    1:  178.321  173.252    5.070    0.548 t
  C4   LIG    1 --  N1   LIG    1:    3.564    5.550    1.986    0.084 t
  C4   LIG    1 --  C5   LIG    1:  130.919  135.268    4.349    0.403 t
                                       Total distance penalty:      0.953
                                       Total torsion  penalty:     10.860
 ------------------------------------------------------------------------------
--------------------------------------------------------------------------------
   5.  TIMINGS
--------------------------------------------------------------------------------

|  NonSetup CPU Time in Major Routines:
|
|     Routine           Sec        %
|     ------------------------------
|     Nonbond           2.79   27.15
|     Bond              0.00    0.00
|     Angle             0.00    0.00
|     Dihedral          0.00    0.00
|     Shake             0.08    0.76
|     RunMD             7.34   71.55
|     Other             0.05    0.54
|     ------------------------------
|     Total            10.26

|  PME Nonbond Pairlist CPU Time:
|
|     Routine              Sec        %
|     ---------------------------------
|     Set Up Cit           0.00    0.00
|     Build List           0.00    0.00
|     ---------------------------------
|     Total                0.00    0.00

|  PME Direct Force CPU Time:
|
|     Routine              Sec        %
|     ---------------------------------
|     NonBonded Calc       0.00    0.00
|     Exclude Masked       0.00    0.00
|     Other                0.04    0.39
|     ---------------------------------
|     Total                0.04    0.39

|  PME Reciprocal Force CPU Time:
|
|     Routine              Sec        %
|     ---------------------------------
|     1D bspline           0.00    0.00
|     Grid Charges         0.00    0.00
|     Scalar Sum           0.00    0.00
|     Gradient Sum         0.00    0.00
|     FFT                  0.00    0.00
|     ---------------------------------
|     Total                0.00    0.00

|  Final Performance Info:
|     -----------------------------------------------------
|     Average timings for last   24500 steps:
|     Elapsed(s) =      10.13 Per Step(ms) =       0.41
|         ns/day =     835.80   seconds/ns =     103.37
|
|     Average timings for all steps:
|     Elapsed(s) =      10.32 Per Step(ms) =       0.41
|         ns/day =     837.56   seconds/ns =     103.16
|     -----------------------------------------------------

|  Setup CPU time:            1.35 seconds
|  NonSetup CPU time:        10.26 seconds
|  Total CPU time:           11.61 seconds     0.00 hours

|  Setup wall time:           2    seconds
|  NonSetup wall time:       10    seconds
|  Total wall time:          12    seconds     0.00 hours
