
          -------------------------------------------------------
          Amber 20 PMEMD                              2020
          -------------------------------------------------------

| PMEMD implementation of SANDER, Release 18

|  Compiled date/time: Tue Apr 28 10:19:54 2020
| Run on 05/10/2020 at 21:49:27

|   Executable path: pmemd.cuda
| Working directory: /home1/tbaba/centos/BAT.py-master/BAT/fe/pose1/dd/site/e00
|          Hostname: tx1

  [-O]verwriting output

File Assignments:
|   MDIN: eqnpt.in                                                              
|  MDOUT: eqnpt02.out                                                           
| INPCRD: eqnpt01.rst7                                                          
|   PARM: full.hmr.prmtop                                                       
| RESTRT: eqnpt02.rst7                                                          
|   REFC: full.inpcrd                                                           
|  MDVEL: mdvel                                                                 
|   MDEN: mden                                                                  
|  MDCRD: traj002.nc                                                            
| MDINFO: mdinfo                                                                
|  MDFRC: mdfrc                                                                 


 Here is the input file:

*******************************************************                        
*****************************       eqnpt.in                                   
*******************************************************                        
Equilibrate, NPT.                                                              
 &cntrl                                                                        
  imin = 0,                                                                    
  ntx = 5,                                                                     
  irest = 1,                                                                   
  ntpr = 500,                                                                  
  ntwr = 500,                                                                  
  ntwx = 500,                                                                  
  ioutfm = 1,                                                                  
  iwrap = 1,                                                                   
  ntf = 2,                                                                     
  ntc = 2,                                                                     
  cut = 9.0,                                                                   
  ntt = 3,                                                                     
  temp0 = 298.15,                                                              
  gamma_ln = 1.0,                                                              
  ig = -1,                                                                     
  ntp = 1,                                                                     
  barostat = 2,                                                                
  nstlim = 3500,                                                               
  dt = 0.004,                                                                  
  ntr = 1,                                                                     
  restraint_wt = 50.0,                                                         
  restraintmask = ':1-3',                                                      
  nmropt = 1,                                                                  
  pencut = -1,                                                                 
  icfe = 1, clambda = 0.00922,                                                 
  timask1 = ':113', timask2 = ':114',                                          
  ifsc=0, crgmask = ':114',                                                    
 /                                                                             
 &wt type = 'END', /                                                           
DISANG=disang.rest                                                             
LISTOUT=POUT                                                                   
                                                                               


Note: ig = -1. Setting random seed to   464061 based on wallclock time in 
      microseconds.
| irandom = 1, using AMBER's internal random number generator (default).
 
|--------------------- INFORMATION ----------------------
| GPU (CUDA) Version of PMEMD in use: NVIDIA GPU IN USE.
|                    Version 18.0.0
| 
|                      03/25/2018
| 
| Implementation by:
|                    Ross C. Walker     (SDSC)
|                    Scott Le Grand     (nVIDIA)
| 
| Version 18 performance extensions by:
|                    David Cerutti     (Rutgers)
| 
| Precision model in use:
|      [SPFP] - Single Precision Forces, 64-bit Fixed Point
|               Accumulation. (Default)
| 
|--------------------------------------------------------
 
|----------------- CITATION INFORMATION -----------------
|
|    When publishing work that utilized the CUDA version
|    of AMBER, please cite the following in addition to
|    the regular AMBER citations:
|
|  - Romelia Salomon-Ferrer; Andreas W. Goetz; Duncan
|    Poole; Scott Le Grand; Ross C. Walker "Routine
|    microsecond molecular dynamics simulations with
|    AMBER - Part II: Particle Mesh Ewald", J. Chem.
|    Theory Comput., 2013, 9 (9), pp3878-3888,
|    DOI: 10.1021/ct400314y.
|
|  - Andreas W. Goetz; Mark J. Williamson; Dong Xu;
|    Duncan Poole; Scott Le Grand; Ross C. Walker
|    "Routine microsecond molecular dynamics simulations
|    with AMBER - Part I: Generalized Born", J. Chem.
|    Theory Comput., 2012, 8 (5), pp1542-1555.
|
|  - Scott Le Grand; Andreas W. Goetz; Ross C. Walker
|    "SPFP: Speed without compromise - a mixed precision
|    model for GPU accelerated molecular dynamics
|    simulations.", Comp. Phys. Comm., 2013, 184
|    pp374-380, DOI: 10.1016/j.cpc.2012.09.022
|
|    When publishing work that utilized the CUDA version
|    of TI, BAR, MBAR or FEP please cite the following 
|    publications in addition to the regular AMBER 
|    GPU citations:
|
|  - Daniel J. Mermelstein; Charles Lin; Gard Nelson; 
|    Rachael Kretsch; J. Andrew McCammon; Ross C. Walker
|    "Fast and Flexible GPU Accelerated Binding 
|    Free Energy Calculations within the AMBER Molecular
|    Dynamics Package" J. Comp. Chem., 2018,
|    DOI: 10.1002/jcc.25187
|
|  - Tai-Sung Lee; Yuan Hu; Brad Sherborne; Zhuyan Guo;
|    Darrin M. York
|    "Toward Fast and Accurate Binding Affinity Prediction with
|    pmemdGTI: An Efficient Implementation of GPU-Accelerated
|    Thermodynamic Integration"
|    J. Chem. Theory Comput., 2017, 13 (7), 3077
|
|
|--------------------------------------------------------
 
|------------------- GPU DEVICE INFO --------------------
|
|            CUDA_VISIBLE_DEVICES: 0
|   CUDA Capable Devices Detected:      1
|           CUDA Device ID in use:      0
|                CUDA Device Name: GeForce GTX TITAN X
|     CUDA Device Global Mem Size:  12212 MB
| CUDA Device Num Multiprocessors:     24
|           CUDA Device Core Freq:   1.08 GHz
|
|--------------------------------------------------------
 
 
| Conditional Compilation Defines Used:
| PUBFFT
| BINTRAJ
| CUDA
| EMIL

| Largest sphere to fit in unit cell has radius =    30.444

| New format PARM file being parsed.
| Version =    1.000 Date = 04/28/20 Time = 18:39:52

| Note: 1-4 EEL scale factors are being read from the topology file.

| Note: 1-4 VDW scale factors are being read from the topology file.
| Duplicated    0 dihedrals

| Duplicated    0 dihedrals

--------------------------------------------------------------------------------
   1.  RESOURCE   USE: 
--------------------------------------------------------------------------------

 getting box info from netcdf restart file
 NATOM  =   40895 NTYPES =      18 NBONH =   39903 MBONA  =     950
 NTHETH =    2062 MTHETA =    1275 NPHIH =    4031 MPHIA  =    3894
 NHPARM =       0 NPARM  =       0 NNB   =   62108 NRES   =   13178
 NBONA  =     950 NTHETA =    1275 NPHIA =    3894 NUMBND =      87
 NUMANG =     186 NPTRA  =     207 NATYP =      51 NPHB   =       1
 IFBOX  =       1 NMXRS  =      29 IFCAP =       0 NEXTRA =       0
 NCOPY  =       0

| Coordinate Index Table dimensions:    13   12   23
| Direct force subcell size =     5.0311    5.0740    5.0687

     BOX TYPE: RECTILINEAR

--------------------------------------------------------------------------------
   2.  CONTROL  DATA  FOR  THE  RUN
--------------------------------------------------------------------------------

default_name                                                                    

General flags:
     imin    =       0, nmropt  =       1

Nature and format of input:
     ntx     =       5, irest   =       1, ntrx    =       1

Nature and format of output:
     ntxo    =       2, ntpr    =     500, ntrx    =       1, ntwr    =     500
     iwrap   =       1, ntwx    =     500, ntwv    =       0, ntwe    =       0
     ioutfm  =       1, ntwprt  =       0, idecomp =       0, rbornstat=      0

Potential function:
     ntf     =       2, ntb     =       2, igb     =       0, nsnb    =      25
     ipol    =       0, gbsa    =       0, iesp    =       0
     dielc   =   1.00000, cut     =   9.00000, intdiel =   1.00000

Frozen or restrained atoms:
     ibelly  =       0, ntr     =       1
     restraint_wt =  50.00000

Molecular dynamics:
     nstlim  =      3500, nscm    =         0, nrespa  =         1
     t       =   0.00000, dt      =   0.00400, vlimit  =  -1.00000

Langevin dynamics temperature regulation:
     ig      =  464061
     temp0   = 298.15000, tempi   =   0.00000, gamma_ln=   1.00000

Pressure regulation:
     ntp     =       1
     pres0   =   1.00000, comp    =  44.60000, taup    =   1.00000
     Monte-Carlo Barostat:
     mcbarint  =     100

SHAKE:
     ntc     =       2, jfastw  =       0
     tol     =   0.00001

NMR refinement options:
     iscale  =       0, noeskp  =       1, ipnlty  =       1, mxsub   =       1
     scalm   = 100.00000, pencut  =  -1.00000, tausw   =   0.10000

Free energy options:
     icfe    =       1, ifsc    =       0, klambda =       1
     clambda =  0.0092, scalpha =  0.5000, scbeta  = 12.0000
     sceeorder =       2
     dynlmb =  0.0000 logdvdl =       0

| Intermolecular bonds treatment:
|     no_intermolecular_bonds =       1

| Energy averages sample interval:
|     ene_avg_sampling =     500

Ewald parameters:
     verbose =       0, ew_type =       0, nbflag  =       1, use_pme =       1
     vdwmeth =       1, eedmeth =       1, netfrc  =       1
     Box X =   65.405   Box Y =   60.888   Box Z =  116.581
     Alpha =   90.000   Beta  =   90.000   Gamma =   90.000
     NFFT1 =   64       NFFT2 =   64       NFFT3 =  128
     Cutoff=    9.000   Tol   =0.100E-04
     Ewald Coefficient =  0.30768
     Interpolation order =    4

    LOADING THE CONSTRAINED ATOMS AS GROUPS


   5.  REFERENCE ATOM COORDINATES

  default_name                                                                    
     Mask :1-3; matches     3 atoms
     TI Mask 1 :113; matches     29 atoms
     TI Mask 2 :114; matches     29 atoms
     TI region 1:   40866 atoms
     TI region 2:   40866 atoms
Removing charge of       0.1324 from atom    1803
Removing charge of      -0.3482 from atom    1804
Removing charge of       0.6867 from atom    1805
Removing charge of      -0.6325 from atom    1806
Removing charge of      -0.2038 from atom    1807
Removing charge of       0.0953 from atom    1808
Removing charge of      -0.3903 from atom    1809
Removing charge of       0.3402 from atom    1810
Removing charge of      -0.1179 from atom    1811
Removing charge of      -0.1090 from atom    1812
Removing charge of      -0.1345 from atom    1813
Removing charge of      -0.1210 from atom    1814
Removing charge of      -0.1345 from atom    1815
Removing charge of      -0.1090 from atom    1816
Removing charge of      -0.7500 from atom    1817
Removing charge of       0.1891 from atom    1818
Removing charge of       0.1660 from atom    1819
Removing charge of       0.0607 from atom    1820
Removing charge of       0.0607 from atom    1821
Removing charge of       0.0607 from atom    1822
Removing charge of       0.1440 from atom    1823
Removing charge of       0.1360 from atom    1824
Removing charge of       0.1340 from atom    1825
Removing charge of       0.1360 from atom    1826
Removing charge of       0.1440 from atom    1827
Removing charge of       0.4328 from atom    1828
Removing charge of       0.0440 from atom    1829
Removing charge of       0.0440 from atom    1830
Removing charge of       0.0440 from atom    1831
Total charge of  -0.00000100 removed from      29 atoms
     Checking for mismatched coordinates.
| MONTE CARLO BAROSTAT IMPORTANT NOTE:
|   The Monte-Carlo barostat does not require the virial to adjust the system volume.
|   Since it is an expensive calculation, it is skipped for efficiency. A side-effect
|   is that the reported pressure is always 0 because it is not calculated.

--------------------------------------------------------------------------------
   3.  ATOMIC COORDINATES AND VELOCITIES
--------------------------------------------------------------------------------

default_name                                                                    
 begin time read from input coords =   228.000 ps



           Begin reading energy term weight changes/NMR restraints
 WEIGHT CHANGES:
                         ** No weight changes given **

 RESTRAINTS:
 Requested file redirections:
  DISANG    = disang.rest
  LISTOUT   = POUT
 Restraints will be read from file: disang.rest
Here are comments from the DISANG input file:
# Anchor atoms  :58@CA  :79@CA  :105@CA  :113@C3  :113@C9  :113@C11  stage = pre

                       Number of restraints read =    54

                  Done reading weight changes/NMR restraints


 
 Number of triangulated 3-point waters found:    13000

     Sum of charges for TI region  1 =  -0.00000106
     Skip neutralizing charges...


     Sum of charges for TI region  2 =  -0.00000007
     Skip neutralizing charges...

| Dynamic Memory, Types Used:
| Reals             2379018
| Integers          1892548

| Nonbonded Pairs Initial Allocation:     9324060

| GPU memory information (estimate):
| KB of GPU memory in use:    260510
| KB of CPU memory in use:     71294

--------------------------------------------------------------------------------
   4.  RESULTS
--------------------------------------------------------------------------------


| TI region  1


 NSTEP =      500   TIME(PS) =     230.000  TEMP(K) =   301.03  PRESS =     0.0
 Etot   =   -105859.8504  EKtot   =     24737.8430  EPtot      =   -130597.6935
 BOND   =       456.2798  ANGLE   =       994.1626  DIHED      =      1376.2824
 1-4 NB =       425.6671  1-4 EEL =      5410.2955  VDWAALS    =     17299.2032
 EELEC  =   -156585.2319  EHBOND  =         0.0000  RESTRAINT  =        25.6479
 EAMBER (non-restraint)  =   -130623.3414
 EKCMT  =         0.0000  VIRIAL  =         0.0000  VOLUME     =    464267.1758
                                                    Density    =         0.8931
 DV/DL  =       -14.6290
 ------------------------------------------------------------------------------

 Lambda-dependent restraint contribution to dV/Dl: Total =    -10.2759
   Dist =     -1.7121  Angl =      -1.4230  Tors =     -7.1407

| TI region  2


 NSTEP =      500   TIME(PS) =     230.000  TEMP(K) =   301.03  PRESS =     0.0
 Etot   =   -105859.8504  EKtot   =     24737.8430  EPtot      =   -130597.6935
 BOND   =       456.2798  ANGLE   =       994.1626  DIHED      =      1376.2824
 1-4 NB =       425.6671  1-4 EEL =      5410.2955  VDWAALS    =     17299.2032
 EELEC  =   -156585.2319  EHBOND  =         0.0000  RESTRAINT  =        25.6479
 EAMBER (non-restraint)  =   -130623.3414
 EKCMT  =         0.0000  VIRIAL  =         0.0000  VOLUME     =    464267.1758
                                                    Density    =         0.8931
 DV/DL  =       -14.6290
 ------------------------------------------------------------------------------

 Lambda-dependent restraint contribution to dV/Dl: Total =    -10.2759
   Dist =     -1.7121  Angl =      -1.4230  Tors =     -7.1407
 NMR restraints: Bond =    4.169   Angle =     2.209   Torsion =    13.211
===============================================================================
| MC Barostat: Decreasing size of volume moves

| TI region  1


 NSTEP =     1000   TIME(PS) =     232.000  TEMP(K) =   298.87  PRESS =     0.0
 Etot   =   -105988.9415  EKtot   =     24560.7879  EPtot      =   -130549.7294
 BOND   =       452.7522  ANGLE   =      1002.1731  DIHED      =      1390.6392
 1-4 NB =       413.7824  1-4 EEL =      5423.2581  VDWAALS    =     18148.5076
 EELEC  =   -157395.0714  EHBOND  =         0.0000  RESTRAINT  =        14.2293
 EAMBER (non-restraint)  =   -130563.9588
 EKCMT  =         0.0000  VIRIAL  =         0.0000  VOLUME     =    461628.1859
                                                    Density    =         0.8983
 DV/DL  =       -14.5726
 ------------------------------------------------------------------------------

 Lambda-dependent restraint contribution to dV/Dl: Total =     -6.6936
   Dist =     -2.2198  Angl =      -0.4430  Tors =     -4.0308

| TI region  2


 NSTEP =     1000   TIME(PS) =     232.000  TEMP(K) =   298.87  PRESS =     0.0
 Etot   =   -105988.9415  EKtot   =     24560.7879  EPtot      =   -130549.7294
 BOND   =       452.7522  ANGLE   =      1002.1731  DIHED      =      1390.6392
 1-4 NB =       413.7824  1-4 EEL =      5423.2581  VDWAALS    =     18148.5076
 EELEC  =   -157395.0714  EHBOND  =         0.0000  RESTRAINT  =        14.2293
 EAMBER (non-restraint)  =   -130563.9588
 EKCMT  =         0.0000  VIRIAL  =         0.0000  VOLUME     =    461628.1859
                                                    Density    =         0.8983
 DV/DL  =       -14.5726
 ------------------------------------------------------------------------------

 Lambda-dependent restraint contribution to dV/Dl: Total =     -6.6936
   Dist =     -2.2198  Angl =      -0.4430  Tors =     -4.0308
 NMR restraints: Bond =    3.204   Angle =     1.418   Torsion =     7.532
===============================================================================

| TI region  1


 NSTEP =     1500   TIME(PS) =     234.000  TEMP(K) =   299.85  PRESS =     0.0
 Etot   =   -105964.7137  EKtot   =     24641.5158  EPtot      =   -130606.2295
 BOND   =       454.9729  ANGLE   =      1050.3306  DIHED      =      1364.5937
 1-4 NB =       415.3044  1-4 EEL =      5437.6881  VDWAALS    =     17498.6029
 EELEC  =   -156846.5316  EHBOND  =         0.0000  RESTRAINT  =        18.8094
 EAMBER (non-restraint)  =   -130625.0389
 EKCMT  =         0.0000  VIRIAL  =         0.0000  VOLUME     =    460939.1632
                                                    Density    =         0.8996
 DV/DL  =        -7.0464
 ------------------------------------------------------------------------------

 Lambda-dependent restraint contribution to dV/Dl: Total =     -5.8020
   Dist =     -1.1031  Angl =      -1.6731  Tors =     -3.0258

| TI region  2


 NSTEP =     1500   TIME(PS) =     234.000  TEMP(K) =   299.85  PRESS =     0.0
 Etot   =   -105964.7137  EKtot   =     24641.5158  EPtot      =   -130606.2295
 BOND   =       454.9729  ANGLE   =      1050.3306  DIHED      =      1364.5937
 1-4 NB =       415.3044  1-4 EEL =      5437.6881  VDWAALS    =     17498.6029
 EELEC  =   -156846.5316  EHBOND  =         0.0000  RESTRAINT  =        18.8094
 EAMBER (non-restraint)  =   -130625.0389
 EKCMT  =         0.0000  VIRIAL  =         0.0000  VOLUME     =    460939.1632
                                                    Density    =         0.8996
 DV/DL  =        -7.0464
 ------------------------------------------------------------------------------

 Lambda-dependent restraint contribution to dV/Dl: Total =     -5.8020
   Dist =     -1.1031  Angl =      -1.6731  Tors =     -3.0258
 NMR restraints: Bond =    3.347   Angle =     1.813   Torsion =    11.048
===============================================================================
| MC Barostat: Decreasing size of volume moves

| TI region  1


 NSTEP =     2000   TIME(PS) =     236.000  TEMP(K) =   301.63  PRESS =     0.0
 Etot   =   -106081.5394  EKtot   =     24787.0991  EPtot      =   -130868.6385
 BOND   =       419.1066  ANGLE   =      1024.7517  DIHED      =      1353.9693
 1-4 NB =       421.0125  1-4 EEL =      5462.3455  VDWAALS    =     17355.2443
 EELEC  =   -156919.8685  EHBOND  =         0.0000  RESTRAINT  =        14.7999
 EAMBER (non-restraint)  =   -130883.4385
 EKCMT  =         0.0000  VIRIAL  =         0.0000  VOLUME     =    460939.1632
                                                    Density    =         0.8996
 DV/DL  =       -15.0247
 ------------------------------------------------------------------------------

 Lambda-dependent restraint contribution to dV/Dl: Total =     -7.1112
   Dist =     -0.3800  Angl =      -0.6053  Tors =     -6.1260

| TI region  2


 NSTEP =     2000   TIME(PS) =     236.000  TEMP(K) =   301.63  PRESS =     0.0
 Etot   =   -106081.5394  EKtot   =     24787.0991  EPtot      =   -130868.6385
 BOND   =       419.1066  ANGLE   =      1024.7517  DIHED      =      1353.9693
 1-4 NB =       421.0125  1-4 EEL =      5462.3455  VDWAALS    =     17355.2443
 EELEC  =   -156919.8685  EHBOND  =         0.0000  RESTRAINT  =        14.7999
 EAMBER (non-restraint)  =   -130883.4385
 EKCMT  =         0.0000  VIRIAL  =         0.0000  VOLUME     =    460939.1632
                                                    Density    =         0.8996
 DV/DL  =       -15.0247
 ------------------------------------------------------------------------------

 Lambda-dependent restraint contribution to dV/Dl: Total =     -7.1112
   Dist =     -0.3800  Angl =      -0.6053  Tors =     -6.1260
 NMR restraints: Bond =    0.507   Angle =     0.843   Torsion =    11.403
===============================================================================

| TI region  1


 NSTEP =     2500   TIME(PS) =     238.000  TEMP(K) =   300.50  PRESS =     0.0
 Etot   =   -106287.5675  EKtot   =     24694.6555  EPtot      =   -130982.2230
 BOND   =       414.4857  ANGLE   =      1003.5605  DIHED      =      1397.0162
 1-4 NB =       420.0067  1-4 EEL =      5433.2587  VDWAALS    =     17342.2663
 EELEC  =   -157010.7527  EHBOND  =         0.0000  RESTRAINT  =        17.9357
 EAMBER (non-restraint)  =   -131000.1587
 EKCMT  =         0.0000  VIRIAL  =         0.0000  VOLUME     =    457431.0455
                                                    Density    =         0.9065
 DV/DL  =       -16.9468
 ------------------------------------------------------------------------------

 Lambda-dependent restraint contribution to dV/Dl: Total =     -9.1183
   Dist =     -0.2870  Angl =      -0.3649  Tors =     -8.4664

| TI region  2


 NSTEP =     2500   TIME(PS) =     238.000  TEMP(K) =   300.50  PRESS =     0.0
 Etot   =   -106287.5675  EKtot   =     24694.6555  EPtot      =   -130982.2230
 BOND   =       414.4857  ANGLE   =      1003.5605  DIHED      =      1397.0162
 1-4 NB =       420.0067  1-4 EEL =      5433.2587  VDWAALS    =     17342.2663
 EELEC  =   -157010.7527  EHBOND  =         0.0000  RESTRAINT  =        17.9357
 EAMBER (non-restraint)  =   -131000.1587
 EKCMT  =         0.0000  VIRIAL  =         0.0000  VOLUME     =    457431.0455
                                                    Density    =         0.9065
 DV/DL  =       -16.9468
 ------------------------------------------------------------------------------

 Lambda-dependent restraint contribution to dV/Dl: Total =     -9.1183
   Dist =     -0.2870  Angl =      -0.3649  Tors =     -8.4664
 NMR restraints: Bond =    1.085   Angle =     1.669   Torsion =    12.213
===============================================================================

| TI region  1


 NSTEP =     3000   TIME(PS) =     240.000  TEMP(K) =   296.09  PRESS =     0.0
 Etot   =   -106532.3928  EKtot   =     24331.9358  EPtot      =   -130864.3286
 BOND   =       401.7889  ANGLE   =      1013.2516  DIHED      =      1355.4898
 1-4 NB =       440.7338  1-4 EEL =      5464.1100  VDWAALS    =     17653.5724
 EELEC  =   -157209.2641  EHBOND  =         0.0000  RESTRAINT  =        15.9891
 EAMBER (non-restraint)  =   -130880.3177
 EKCMT  =         0.0000  VIRIAL  =         0.0000  VOLUME     =    452213.4748
                                                    Density    =         0.9170
 DV/DL  =       -14.0287
 ------------------------------------------------------------------------------

 Lambda-dependent restraint contribution to dV/Dl: Total =     -7.2587
   Dist =     -0.1979  Angl =      -1.2333  Tors =     -5.8274

| TI region  2


 NSTEP =     3000   TIME(PS) =     240.000  TEMP(K) =   296.09  PRESS =     0.0
 Etot   =   -106532.3928  EKtot   =     24331.9358  EPtot      =   -130864.3286
 BOND   =       401.7889  ANGLE   =      1013.2516  DIHED      =      1355.4898
 1-4 NB =       440.7338  1-4 EEL =      5464.1100  VDWAALS    =     17653.5724
 EELEC  =   -157209.2641  EHBOND  =         0.0000  RESTRAINT  =        15.9891
 EAMBER (non-restraint)  =   -130880.3177
 EKCMT  =         0.0000  VIRIAL  =         0.0000  VOLUME     =    452213.4748
                                                    Density    =         0.9170
 DV/DL  =       -14.0287
 ------------------------------------------------------------------------------

 Lambda-dependent restraint contribution to dV/Dl: Total =     -7.2587
   Dist =     -0.1979  Angl =      -1.2333  Tors =     -5.8274
 NMR restraints: Bond =    1.919   Angle =     1.274   Torsion =     9.265
===============================================================================

| TI region  1


 NSTEP =     3500   TIME(PS) =     242.000  TEMP(K) =   296.96  PRESS =     0.0
 Etot   =   -106837.7326  EKtot   =     24403.9754  EPtot      =   -131241.7080
 BOND   =       376.4629  ANGLE   =      1021.8457  DIHED      =      1377.8205
 1-4 NB =       416.0343  1-4 EEL =      5517.8199  VDWAALS    =     17978.9586
 EELEC  =   -157946.5185  EHBOND  =         0.0000  RESTRAINT  =        15.8686
 EAMBER (non-restraint)  =   -131257.5765
 EKCMT  =         0.0000  VIRIAL  =         0.0000  VOLUME     =    449970.7853
                                                    Density    =         0.9215
 DV/DL  =       -12.4078
 ------------------------------------------------------------------------------

 Lambda-dependent restraint contribution to dV/Dl: Total =     -6.8472
   Dist =     -0.6957  Angl =      -0.3149  Tors =     -5.8366

| TI region  2


 NSTEP =     3500   TIME(PS) =     242.000  TEMP(K) =   296.96  PRESS =     0.0
 Etot   =   -106837.7326  EKtot   =     24403.9754  EPtot      =   -131241.7080
 BOND   =       376.4629  ANGLE   =      1021.8457  DIHED      =      1377.8205
 1-4 NB =       416.0343  1-4 EEL =      5517.8199  VDWAALS    =     17978.9586
 EELEC  =   -157946.5185  EHBOND  =         0.0000  RESTRAINT  =        15.8686
 EAMBER (non-restraint)  =   -131257.5765
 EKCMT  =         0.0000  VIRIAL  =         0.0000  VOLUME     =    449970.7853
                                                    Density    =         0.9215
 DV/DL  =       -12.4078
 ------------------------------------------------------------------------------

 Lambda-dependent restraint contribution to dV/Dl: Total =     -6.8472
   Dist =     -0.6957  Angl =      -0.3149  Tors =     -5.8366
 NMR restraints: Bond =    1.276   Angle =     0.347   Torsion =    11.140
===============================================================================

| TI region  1


      A V E R A G E S   O V E R       7 S T E P S


 NSTEP =     3500   TIME(PS) =     242.000  TEMP(K) =   299.28  PRESS =     0.0
 Etot   =   -106221.8197  EKtot   =     24593.9732  EPtot      =   -130815.7929
 BOND   =       425.1213  ANGLE   =      1015.7251  DIHED      =      1373.6873
 1-4 NB =       421.7916  1-4 EEL =      5449.8251  VDWAALS    =     17610.9079
 EELEC  =   -157130.4627  EHBOND  =         0.0000  RESTRAINT  =        17.6114
 EAMBER (non-restraint)  =   -130833.4044
 EKCMT  =         0.0000  VIRIAL  =         0.0000  VOLUME     =    458198.4277
                                                    Density    =         0.9051
 DV/DL  =       -13.5223
 ------------------------------------------------------------------------------

 NMR restraints: Bond =    1.276   Angle =     0.347   Torsion =    11.140
===============================================================================
 Lambda-dependent restraint contribution to dV/Dl: Total =     -7.5867
   Dist =     -0.9422  Angl =      -0.8653  Tors =     -5.7791

      R M S  F L U C T U A T I O N S


 NSTEP =     3500   TIME(PS) =     242.000  TEMP(K) =     1.93  PRESS =     0.0
 Etot   =       327.5806  EKtot   =       158.6809  EPtot      =       231.9252
 BOND   =        28.5026  ANGLE   =        17.3994  DIHED      =        15.3905
 1-4 NB =         8.5940  1-4 EEL =        33.1108  VDWAALS    =       310.2072
 EELEC  =       410.3567  EHBOND  =         0.0000  RESTRAINT  =         3.6083
 EAMBER (non-restraint)  =       228.3169
 EKCMT  =         0.0000  VIRIAL  =         0.0000  VOLUME     =      4894.8784
                                                    Density    =         0.0097
 DV/DL  =         2.9215
 ------------------------------------------------------------------------------

 Lambda-dependent restraint contribution to dV/Dl: Total =      1.4363
   Dist =      0.7182  Angl =       0.5208  Tors =      1.6835

| TI region  2


      A V E R A G E S   O V E R       7 S T E P S


 NSTEP =     3500   TIME(PS) =     242.000  TEMP(K) =   299.28  PRESS =     0.0
 Etot   =   -106221.8197  EKtot   =     24593.9732  EPtot      =   -130815.7929
 BOND   =       425.1213  ANGLE   =      1015.7251  DIHED      =      1373.6873
 1-4 NB =       421.7916  1-4 EEL =      5449.8251  VDWAALS    =     17610.9079
 EELEC  =   -157130.4627  EHBOND  =         0.0000  RESTRAINT  =        17.6114
 EAMBER (non-restraint)  =   -130833.4044
 EKCMT  =         0.0000  VIRIAL  =         0.0000  VOLUME     =    458198.4277
                                                    Density    =         0.9051
 DV/DL  =       -13.5223
 ------------------------------------------------------------------------------

 NMR restraints: Bond =    1.276   Angle =     0.347   Torsion =    11.140
===============================================================================
 Lambda-dependent restraint contribution to dV/Dl: Total =     -7.5867
   Dist =     -0.9422  Angl =      -0.8653  Tors =     -5.7791

      R M S  F L U C T U A T I O N S


 NSTEP =     3500   TIME(PS) =     242.000  TEMP(K) =     1.93  PRESS =     0.0
 Etot   =       327.5806  EKtot   =       158.6809  EPtot      =       231.9252
 BOND   =        28.5026  ANGLE   =        17.3994  DIHED      =        15.3905
 1-4 NB =         8.5940  1-4 EEL =        33.1108  VDWAALS    =       310.2072
 EELEC  =       410.3567  EHBOND  =         0.0000  RESTRAINT  =         3.6083
 EAMBER (non-restraint)  =       228.3169
 EKCMT  =         0.0000  VIRIAL  =         0.0000  VOLUME     =      4894.8784
                                                    Density    =         0.0097
 DV/DL  =         2.9215
 ------------------------------------------------------------------------------

 Lambda-dependent restraint contribution to dV/Dl: Total =      1.4363
   Dist =      0.7182  Angl =       0.5208  Tors =      1.6835

      DV/DL, AVERAGES OVER       7 STEPS


 NSTEP =     3500   TIME(PS) =     242.000  TEMP(K) =     1.93  PRESS =     0.0
 Etot   =         0.0000  EKtot   =         0.0000  EPtot      =         0.0000
 BOND   =         0.0000  ANGLE   =         0.0000  DIHED      =         0.0000
 1-4 NB =         0.0000  1-4 EEL =       -35.9458  VDWAALS    =         0.0000
 EELEC  =        30.0101  EHBOND  =         0.0000  RESTRAINT  =         0.0000
 EKCMT  =         0.0000  VIRIAL  =         0.0000  VOLUME     =         0.0000
                                                    Density    =         0.0000
 ------------------------------------------------------------------------------


 NMR restraints on final step:

 ------------------------------------------------------------------------------


 Final Restraint Analysis for coords: eqnpt02.rst7                            


 Restraints, deviations, and energy contributions:    pencut =   -1.00

 ------------------------------------------------------------------------------
     First atom        Last atom    curr. value target deviation  penalty
 ------------------------------------------------------------------------------
  Pb   DUM    2 --  CA   ILE   58:    7.806    7.780    0.026    0.007 d    0: 0
  Pb   DUM    1 --  CA   ILE   58:   89.691   90.000    0.309    0.007 a
  Pb   DUM    1 --  Pb   DUM    2:  180.022  180.000    0.022    0.000 t
  Pb   DUM    2 --  CA   LEU   79:   77.011   77.652    0.640    0.031 a
  Pb   DUM    2 --  CA   ILE   58:    5.937    4.231    1.706    0.222 t
  CA   ILE   58 --  CA   LEU   79:   79.864   83.643    3.778    1.087 t
  CA   ILE   58 --  CA   LEU   79:   10.836   10.640    0.196    0.191 d    0: 0
  CA   LEU   79 --  CA   PHE  105:   12.664   12.582    0.081    0.033 d    0: 0
  CA   PHE  105 --  CA   ILE   58:   13.604   13.332    0.273    0.372 d    0: 0
  CA   PRO   34 --  C    PRO   34:  146.322  144.272    2.050    0.064 t
  N    VAL   35 --  CA   VAL   35:  -62.513  -56.203    6.310    0.606 t
  CA   VAL   35 --  C    VAL   35:  131.569  129.560    2.009    0.061 t
  N    ASP   36 --  CA   ASP   36:  -76.973  -76.176    0.797    0.010 t
  CA   ASP   36 --  C    ASP   36:   86.981   89.334    2.353    0.084 t
  N    VAL   37 --  CA   VAL   37:  -68.630  -68.294    0.336    0.002 t
  CA   VAL   37 --  C    VAL   37:   -8.733   -7.195    1.538    0.036 t
  N    GLU   38 --  CA   GLU   38:  -92.367  -93.239    0.872    0.012 t
  CA   GLU   38 --  C    GLU   38:   -7.654   -7.767    0.113    0.000 t
  N    ALA   39 --  CA   ALA   39:  -77.316  -74.202    3.114    0.148 t
  CA   ALA   39 --  C    ALA   39:  148.307  147.568    0.739    0.008 t
  N    LEU   40 --  CA   LEU   40:  -53.363  -57.700    4.337    0.286 t
  CA   LEU   40 --  C    LEU   40:  124.504  128.414    3.910    0.233 t
  N    GLY   41 --  CA   GLY   41:  103.836   99.760    4.076    0.253 t
  CA   GLY   41 --  C    GLY   41:  -15.079  -12.800    2.279    0.079 t
  N    LEU   42 --  CA   LEU   42: -101.839 -107.647    5.807    0.514 t
  CA   LEU   42 --  C    LEU   42:   14.545   18.375    3.830    0.223 t
  N    HIE   43 --  CA   HIE   43:  -62.491  -58.835    3.656    0.204 t
  CA   HIE   43 --  C    HIE   43:  -20.132  -25.352    5.220    0.415 t
  N    ASP   44 --  CA   ASP   44: -102.428 -102.924    0.495    0.004 t
  CA   ASP   44 --  C    ASP   44:    4.361    4.593    0.232    0.001 t
  N    TYR   45 --  CA   TYR   45:  -58.126  -56.776    1.350    0.028 t
  Pb   DUM    1 --  C3   LIG  113:    4.661    5.000    0.339    0.573 d    0: 0
  Pb   DUM    2 --  C3   LIG  113:   91.782   90.000    1.782    0.242 a
  Pb   DUM    2 --  Pb   DUM    1:   -1.470    0.000    1.470    0.165 t
  Pb   DUM    1 --  C9   LIG  113:  136.117  134.825    1.292    0.127 a
  Pb   DUM    1 --  C3   LIG  113:  -39.608  -40.760    1.153    0.101 t
  C3   LIG  113 --  C9   LIG  113: -143.376 -147.329    3.953    1.190 t
  C3   LIG  113 --  C9   LIG  113:    6.446    6.392    0.054    0.014 d    0: 0
  C9   LIG  113 --  C11  LIG  113:    6.191    6.364    0.173    0.149 d    0: 0
  C11  LIG  113 --  C3   LIG  113:    6.594    6.535    0.059    0.017 d    0: 0
  C10  LIG  113 --  C9   LIG  113:    6.646   -4.102   10.748    2.463 t
  C5   LIG  113 --  C6   LIG  113:  174.560  174.162    0.398    0.003 t
  C8   LIG  113 --  C9   LIG  113:  -13.749   -8.316    5.433    0.629 t
  C7   LIG  113 --  C8   LIG  113:    8.051    9.382    1.330    0.038 t
  C6   LIG  113 --  C7   LIG  113:    4.146    1.647    2.499    0.133 t
  C    LIG  113 --  N2   LIG  113:  157.802  155.656    2.146    0.098 t
  C5   LIG  113 --  C10  LIG  113: -180.700 -172.471    8.229    1.444 t
  C    LIG  113 --  C1   LIG  113:   12.447   16.096    3.648    0.284 t
  N    LIG  113 --  N1   LIG  113:   -0.878   -2.975    2.097    0.094 t
  C    LIG  113 --  C4   LIG  113:  180.023  172.131    7.893    1.328 t
  C2   LIG  113 --  N    LIG  113:  171.973  173.910    1.937    0.080 t
  C1   LIG  113 --  C2   LIG  113:  176.194  173.252    2.942    0.185 t
  C4   LIG  113 --  N1   LIG  113:    5.851    5.550    0.301    0.002 t
  C4   LIG  113 --  C5   LIG  113:  131.589  135.268    3.679    0.289 t
                                       Total distance penalty:      1.357
                                       Total angle    penalty:      0.407
                                       Total torsion  penalty:     13.106
 ------------------------------------------------------------------------------
| MC Barostat:         35 volume changes attempted.
| MC Barostat:         10 changes successful ( 28.57%)
 ------------------------------------------------------------------------------

--------------------------------------------------------------------------------
   5.  TIMINGS
--------------------------------------------------------------------------------

|  NonSetup CPU Time in Major Routines:
|
|     Routine           Sec        %
|     ------------------------------
|     Nonbond           4.16   39.69
|     Bond              0.00    0.00
|     Angle             0.00    0.00
|     Dihedral          0.00    0.00
|     Shake             0.01    0.11
|     RunMD             6.25   59.63
|     Other             0.06    0.56
|     ------------------------------
|     Total            10.48

|  PME Nonbond Pairlist CPU Time:
|
|     Routine              Sec        %
|     ---------------------------------
|     Set Up Cit           0.00    0.00
|     Build List           0.00    0.00
|     ---------------------------------
|     Total                0.00    0.00

|  PME Direct Force CPU Time:
|
|     Routine              Sec        %
|     ---------------------------------
|     NonBonded Calc       0.00    0.00
|     Exclude Masked       0.00    0.00
|     Other                0.01    0.07
|     ---------------------------------
|     Total                0.01    0.07

|  PME Reciprocal Force CPU Time:
|
|     Routine              Sec        %
|     ---------------------------------
|     1D bspline           0.00    0.00
|     Grid Charges         0.00    0.00
|     Scalar Sum           0.00    0.00
|     Gradient Sum         0.00    0.00
|     FFT                  0.00    0.00
|     ---------------------------------
|     Total                0.00    0.00

|  Final Performance Info:
|     -----------------------------------------------------
|     Average timings for last    3000 steps:
|     Elapsed(s) =       9.40 Per Step(ms) =       3.13
|         ns/day =     110.27   seconds/ns =     783.56
|
|     Average timings for all steps:
|     Elapsed(s) =      10.95 Per Step(ms) =       3.13
|         ns/day =     110.44   seconds/ns =     782.29
|     -----------------------------------------------------

|  Setup CPU time:            1.09 seconds
|  NonSetup CPU time:        10.48 seconds
|  Total CPU time:           11.57 seconds     0.00 hours

|  Setup wall time:           2    seconds
|  NonSetup wall time:       11    seconds
|  Total wall time:          13    seconds     0.00 hours
