
          -------------------------------------------------------
          Amber 20 PMEMD                              2020
          -------------------------------------------------------

| PMEMD implementation of SANDER, Release 18

|  Compiled date/time: Tue Apr 28 10:19:54 2020
| Run on 05/10/2020 at 21:49:39

|   Executable path: pmemd.cuda
| Working directory: /home1/tbaba/centos/BAT.py-master/BAT/fe/pose1/dd/site/e00
|          Hostname: tx1

  [-O]verwriting output

File Assignments:
|   MDIN: eqnpt.in                                                              
|  MDOUT: eqnpt03.out                                                           
| INPCRD: eqnpt02.rst7                                                          
|   PARM: full.hmr.prmtop                                                       
| RESTRT: eqnpt03.rst7                                                          
|   REFC: full.inpcrd                                                           
|  MDVEL: mdvel                                                                 
|   MDEN: mden                                                                  
|  MDCRD: traj003.nc                                                            
| MDINFO: mdinfo                                                                
|  MDFRC: mdfrc                                                                 


 Here is the input file:

*******************************************************                        
*****************************       eqnpt.in                                   
*******************************************************                        
Equilibrate, NPT.                                                              
 &cntrl                                                                        
  imin = 0,                                                                    
  ntx = 5,                                                                     
  irest = 1,                                                                   
  ntpr = 500,                                                                  
  ntwr = 500,                                                                  
  ntwx = 500,                                                                  
  ioutfm = 1,                                                                  
  iwrap = 1,                                                                   
  ntf = 2,                                                                     
  ntc = 2,                                                                     
  cut = 9.0,                                                                   
  ntt = 3,                                                                     
  temp0 = 298.15,                                                              
  gamma_ln = 1.0,                                                              
  ig = -1,                                                                     
  ntp = 1,                                                                     
  barostat = 2,                                                                
  nstlim = 3500,                                                               
  dt = 0.004,                                                                  
  ntr = 1,                                                                     
  restraint_wt = 50.0,                                                         
  restraintmask = ':1-3',                                                      
  nmropt = 1,                                                                  
  pencut = -1,                                                                 
  icfe = 1, clambda = 0.00922,                                                 
  timask1 = ':113', timask2 = ':114',                                          
  ifsc=0, crgmask = ':114',                                                    
 /                                                                             
 &wt type = 'END', /                                                           
DISANG=disang.rest                                                             
LISTOUT=POUT                                                                   
                                                                               


Note: ig = -1. Setting random seed to   798422 based on wallclock time in 
      microseconds.
| irandom = 1, using AMBER's internal random number generator (default).
 
|--------------------- INFORMATION ----------------------
| GPU (CUDA) Version of PMEMD in use: NVIDIA GPU IN USE.
|                    Version 18.0.0
| 
|                      03/25/2018
| 
| Implementation by:
|                    Ross C. Walker     (SDSC)
|                    Scott Le Grand     (nVIDIA)
| 
| Version 18 performance extensions by:
|                    David Cerutti     (Rutgers)
| 
| Precision model in use:
|      [SPFP] - Single Precision Forces, 64-bit Fixed Point
|               Accumulation. (Default)
| 
|--------------------------------------------------------
 
|----------------- CITATION INFORMATION -----------------
|
|    When publishing work that utilized the CUDA version
|    of AMBER, please cite the following in addition to
|    the regular AMBER citations:
|
|  - Romelia Salomon-Ferrer; Andreas W. Goetz; Duncan
|    Poole; Scott Le Grand; Ross C. Walker "Routine
|    microsecond molecular dynamics simulations with
|    AMBER - Part II: Particle Mesh Ewald", J. Chem.
|    Theory Comput., 2013, 9 (9), pp3878-3888,
|    DOI: 10.1021/ct400314y.
|
|  - Andreas W. Goetz; Mark J. Williamson; Dong Xu;
|    Duncan Poole; Scott Le Grand; Ross C. Walker
|    "Routine microsecond molecular dynamics simulations
|    with AMBER - Part I: Generalized Born", J. Chem.
|    Theory Comput., 2012, 8 (5), pp1542-1555.
|
|  - Scott Le Grand; Andreas W. Goetz; Ross C. Walker
|    "SPFP: Speed without compromise - a mixed precision
|    model for GPU accelerated molecular dynamics
|    simulations.", Comp. Phys. Comm., 2013, 184
|    pp374-380, DOI: 10.1016/j.cpc.2012.09.022
|
|    When publishing work that utilized the CUDA version
|    of TI, BAR, MBAR or FEP please cite the following 
|    publications in addition to the regular AMBER 
|    GPU citations:
|
|  - Daniel J. Mermelstein; Charles Lin; Gard Nelson; 
|    Rachael Kretsch; J. Andrew McCammon; Ross C. Walker
|    "Fast and Flexible GPU Accelerated Binding 
|    Free Energy Calculations within the AMBER Molecular
|    Dynamics Package" J. Comp. Chem., 2018,
|    DOI: 10.1002/jcc.25187
|
|  - Tai-Sung Lee; Yuan Hu; Brad Sherborne; Zhuyan Guo;
|    Darrin M. York
|    "Toward Fast and Accurate Binding Affinity Prediction with
|    pmemdGTI: An Efficient Implementation of GPU-Accelerated
|    Thermodynamic Integration"
|    J. Chem. Theory Comput., 2017, 13 (7), 3077
|
|
|--------------------------------------------------------
 
|------------------- GPU DEVICE INFO --------------------
|
|            CUDA_VISIBLE_DEVICES: 0
|   CUDA Capable Devices Detected:      1
|           CUDA Device ID in use:      0
|                CUDA Device Name: GeForce GTX TITAN X
|     CUDA Device Global Mem Size:  12212 MB
| CUDA Device Num Multiprocessors:     24
|           CUDA Device Core Freq:   1.08 GHz
|
|--------------------------------------------------------
 
 
| Conditional Compilation Defines Used:
| PUBFFT
| BINTRAJ
| CUDA
| EMIL

| Largest sphere to fit in unit cell has radius =    30.128

| New format PARM file being parsed.
| Version =    1.000 Date = 04/28/20 Time = 18:39:52

| Note: 1-4 EEL scale factors are being read from the topology file.

| Note: 1-4 VDW scale factors are being read from the topology file.
| Duplicated    0 dihedrals

| Duplicated    0 dihedrals

--------------------------------------------------------------------------------
   1.  RESOURCE   USE: 
--------------------------------------------------------------------------------

 getting box info from netcdf restart file
 NATOM  =   40895 NTYPES =      18 NBONH =   39903 MBONA  =     950
 NTHETH =    2062 MTHETA =    1275 NPHIH =    4031 MPHIA  =    3894
 NHPARM =       0 NPARM  =       0 NNB   =   62108 NRES   =   13178
 NBONA  =     950 NTHETA =    1275 NPHIA =    3894 NUMBND =      87
 NUMANG =     186 NPTRA  =     207 NATYP =      51 NPHB   =       1
 IFBOX  =       1 NMXRS  =      29 IFCAP =       0 NEXTRA =       0
 NCOPY  =       0

| Coordinate Index Table dimensions:    12   12   23
| Direct force subcell size =     5.3939    5.0214    5.0161

     BOX TYPE: RECTILINEAR

--------------------------------------------------------------------------------
   2.  CONTROL  DATA  FOR  THE  RUN
--------------------------------------------------------------------------------

default_name                                                                    

General flags:
     imin    =       0, nmropt  =       1

Nature and format of input:
     ntx     =       5, irest   =       1, ntrx    =       1

Nature and format of output:
     ntxo    =       2, ntpr    =     500, ntrx    =       1, ntwr    =     500
     iwrap   =       1, ntwx    =     500, ntwv    =       0, ntwe    =       0
     ioutfm  =       1, ntwprt  =       0, idecomp =       0, rbornstat=      0

Potential function:
     ntf     =       2, ntb     =       2, igb     =       0, nsnb    =      25
     ipol    =       0, gbsa    =       0, iesp    =       0
     dielc   =   1.00000, cut     =   9.00000, intdiel =   1.00000

Frozen or restrained atoms:
     ibelly  =       0, ntr     =       1
     restraint_wt =  50.00000

Molecular dynamics:
     nstlim  =      3500, nscm    =         0, nrespa  =         1
     t       =   0.00000, dt      =   0.00400, vlimit  =  -1.00000

Langevin dynamics temperature regulation:
     ig      =  798422
     temp0   = 298.15000, tempi   =   0.00000, gamma_ln=   1.00000

Pressure regulation:
     ntp     =       1
     pres0   =   1.00000, comp    =  44.60000, taup    =   1.00000
     Monte-Carlo Barostat:
     mcbarint  =     100

SHAKE:
     ntc     =       2, jfastw  =       0
     tol     =   0.00001

NMR refinement options:
     iscale  =       0, noeskp  =       1, ipnlty  =       1, mxsub   =       1
     scalm   = 100.00000, pencut  =  -1.00000, tausw   =   0.10000

Free energy options:
     icfe    =       1, ifsc    =       0, klambda =       1
     clambda =  0.0092, scalpha =  0.5000, scbeta  = 12.0000
     sceeorder =       2
     dynlmb =  0.0000 logdvdl =       0

| Intermolecular bonds treatment:
|     no_intermolecular_bonds =       1

| Energy averages sample interval:
|     ene_avg_sampling =     500

Ewald parameters:
     verbose =       0, ew_type =       0, nbflag  =       1, use_pme =       1
     vdwmeth =       1, eedmeth =       1, netfrc  =       1
     Box X =   64.726   Box Y =   60.257   Box Z =  115.371
     Alpha =   90.000   Beta  =   90.000   Gamma =   90.000
     NFFT1 =   64       NFFT2 =   64       NFFT3 =  120
     Cutoff=    9.000   Tol   =0.100E-04
     Ewald Coefficient =  0.30768
     Interpolation order =    4

    LOADING THE CONSTRAINED ATOMS AS GROUPS


   5.  REFERENCE ATOM COORDINATES

  default_name                                                                    
     Mask :1-3; matches     3 atoms
     TI Mask 1 :113; matches     29 atoms
     TI Mask 2 :114; matches     29 atoms
     TI region 1:   40866 atoms
     TI region 2:   40866 atoms
Removing charge of       0.1324 from atom    1803
Removing charge of      -0.3482 from atom    1804
Removing charge of       0.6867 from atom    1805
Removing charge of      -0.6325 from atom    1806
Removing charge of      -0.2038 from atom    1807
Removing charge of       0.0953 from atom    1808
Removing charge of      -0.3903 from atom    1809
Removing charge of       0.3402 from atom    1810
Removing charge of      -0.1179 from atom    1811
Removing charge of      -0.1090 from atom    1812
Removing charge of      -0.1345 from atom    1813
Removing charge of      -0.1210 from atom    1814
Removing charge of      -0.1345 from atom    1815
Removing charge of      -0.1090 from atom    1816
Removing charge of      -0.7500 from atom    1817
Removing charge of       0.1891 from atom    1818
Removing charge of       0.1660 from atom    1819
Removing charge of       0.0607 from atom    1820
Removing charge of       0.0607 from atom    1821
Removing charge of       0.0607 from atom    1822
Removing charge of       0.1440 from atom    1823
Removing charge of       0.1360 from atom    1824
Removing charge of       0.1340 from atom    1825
Removing charge of       0.1360 from atom    1826
Removing charge of       0.1440 from atom    1827
Removing charge of       0.4328 from atom    1828
Removing charge of       0.0440 from atom    1829
Removing charge of       0.0440 from atom    1830
Removing charge of       0.0440 from atom    1831
Total charge of  -0.00000100 removed from      29 atoms
     Checking for mismatched coordinates.
| MONTE CARLO BAROSTAT IMPORTANT NOTE:
|   The Monte-Carlo barostat does not require the virial to adjust the system volume.
|   Since it is an expensive calculation, it is skipped for efficiency. A side-effect
|   is that the reported pressure is always 0 because it is not calculated.

--------------------------------------------------------------------------------
   3.  ATOMIC COORDINATES AND VELOCITIES
--------------------------------------------------------------------------------

default_name                                                                    
 begin time read from input coords =   242.000 ps



           Begin reading energy term weight changes/NMR restraints
 WEIGHT CHANGES:
                         ** No weight changes given **

 RESTRAINTS:
 Requested file redirections:
  DISANG    = disang.rest
  LISTOUT   = POUT
 Restraints will be read from file: disang.rest
Here are comments from the DISANG input file:
# Anchor atoms  :58@CA  :79@CA  :105@CA  :113@C3  :113@C9  :113@C11  stage = pre

                       Number of restraints read =    54

                  Done reading weight changes/NMR restraints


 
 Number of triangulated 3-point waters found:    13000

     Sum of charges for TI region  1 =  -0.00000106
     Skip neutralizing charges...


     Sum of charges for TI region  2 =  -0.00000007
     Skip neutralizing charges...

| Dynamic Memory, Types Used:
| Reals             2379010
| Integers          1892548

| Nonbonded Pairs Initial Allocation:     9324060

| GPU memory information (estimate):
| KB of GPU memory in use:    259057
| KB of CPU memory in use:     69841

--------------------------------------------------------------------------------
   4.  RESULTS
--------------------------------------------------------------------------------


| TI region  1


 NSTEP =      500   TIME(PS) =     244.000  TEMP(K) =   299.13  PRESS =     0.0
 Etot   =   -106653.9683  EKtot   =     24582.3913  EPtot      =   -131236.3596
 BOND   =       394.3965  ANGLE   =       984.9200  DIHED      =      1387.7645
 1-4 NB =       432.9226  1-4 EEL =      5426.4182  VDWAALS    =     18034.4844
 EELEC  =   -157919.0595  EHBOND  =         0.0000  RESTRAINT  =        21.7938
 EAMBER (non-restraint)  =   -131258.1533
 EKCMT  =         0.0000  VIRIAL  =         0.0000  VOLUME     =    450064.5079
                                                    Density    =         0.9213
 DV/DL  =       -14.3222
 ------------------------------------------------------------------------------

 Lambda-dependent restraint contribution to dV/Dl: Total =    -10.8911
   Dist =     -0.0969  Angl =      -0.4121  Tors =    -10.3821

| TI region  2


 NSTEP =      500   TIME(PS) =     244.000  TEMP(K) =   299.13  PRESS =     0.0
 Etot   =   -106653.9683  EKtot   =     24582.3913  EPtot      =   -131236.3596
 BOND   =       394.3965  ANGLE   =       984.9200  DIHED      =      1387.7645
 1-4 NB =       432.9226  1-4 EEL =      5426.4182  VDWAALS    =     18034.4844
 EELEC  =   -157919.0595  EHBOND  =         0.0000  RESTRAINT  =        21.7938
 EAMBER (non-restraint)  =   -131258.1533
 EKCMT  =         0.0000  VIRIAL  =         0.0000  VOLUME     =    450064.5079
                                                    Density    =         0.9213
 DV/DL  =       -14.3222
 ------------------------------------------------------------------------------

 Lambda-dependent restraint contribution to dV/Dl: Total =    -10.8911
   Dist =     -0.0969  Angl =      -0.4121  Tors =    -10.3821
 NMR restraints: Bond =    0.213   Angle =     0.678   Torsion =    15.699
===============================================================================
| MC Barostat: Decreasing size of volume moves

| TI region  1


 NSTEP =     1000   TIME(PS) =     246.000  TEMP(K) =   297.46  PRESS =     0.0
 Etot   =   -106492.5604  EKtot   =     24444.8861  EPtot      =   -130937.4465
 BOND   =       424.3692  ANGLE   =       990.4028  DIHED      =      1402.0221
 1-4 NB =       424.6414  1-4 EEL =      5462.8669  VDWAALS    =     17503.3579
 EELEC  =   -157159.5072  EHBOND  =         0.0000  RESTRAINT  =        14.4003
 EAMBER (non-restraint)  =   -130951.8468
 EKCMT  =         0.0000  VIRIAL  =         0.0000  VOLUME     =    449578.3361
                                                    Density    =         0.9223
 DV/DL  =        -9.0859
 ------------------------------------------------------------------------------

 Lambda-dependent restraint contribution to dV/Dl: Total =     -5.2855
   Dist =     -0.6265  Angl =      -0.1012  Tors =     -4.5578

| TI region  2


 NSTEP =     1000   TIME(PS) =     246.000  TEMP(K) =   297.46  PRESS =     0.0
 Etot   =   -106492.5604  EKtot   =     24444.8861  EPtot      =   -130937.4465
 BOND   =       424.3692  ANGLE   =       990.4028  DIHED      =      1402.0221
 1-4 NB =       424.6414  1-4 EEL =      5462.8669  VDWAALS    =     17503.3579
 EELEC  =   -157159.5072  EHBOND  =         0.0000  RESTRAINT  =        14.4003
 EAMBER (non-restraint)  =   -130951.8468
 EKCMT  =         0.0000  VIRIAL  =         0.0000  VOLUME     =    449578.3361
                                                    Density    =         0.9223
 DV/DL  =        -9.0859
 ------------------------------------------------------------------------------

 Lambda-dependent restraint contribution to dV/Dl: Total =     -5.2855
   Dist =     -0.6265  Angl =      -0.1012  Tors =     -4.5578
 NMR restraints: Bond =    0.772   Angle =     0.102   Torsion =    12.046
===============================================================================

| TI region  1


 NSTEP =     1500   TIME(PS) =     248.000  TEMP(K) =   297.20  PRESS =     0.0
 Etot   =   -106815.7076  EKtot   =     24423.3735  EPtot      =   -131239.0810
 BOND   =       401.8788  ANGLE   =      1002.9061  DIHED      =      1379.0578
 1-4 NB =       421.5053  1-4 EEL =      5433.8012  VDWAALS    =     17344.9134
 EELEC  =   -157243.4420  EHBOND  =         0.0000  RESTRAINT  =        20.2982
 EAMBER (non-restraint)  =   -131259.3792
 EKCMT  =         0.0000  VIRIAL  =         0.0000  VOLUME     =    447403.9789
                                                    Density    =         0.9268
 DV/DL  =       -12.6556
 ------------------------------------------------------------------------------

 Lambda-dependent restraint contribution to dV/Dl: Total =     -8.6147
   Dist =     -0.9022  Angl =      -0.4681  Tors =     -7.2444

| TI region  2


 NSTEP =     1500   TIME(PS) =     248.000  TEMP(K) =   297.20  PRESS =     0.0
 Etot   =   -106815.7076  EKtot   =     24423.3735  EPtot      =   -131239.0810
 BOND   =       401.8788  ANGLE   =      1002.9061  DIHED      =      1379.0578
 1-4 NB =       421.5053  1-4 EEL =      5433.8012  VDWAALS    =     17344.9134
 EELEC  =   -157243.4420  EHBOND  =         0.0000  RESTRAINT  =        20.2982
 EAMBER (non-restraint)  =   -131259.3792
 EKCMT  =         0.0000  VIRIAL  =         0.0000  VOLUME     =    447403.9789
                                                    Density    =         0.9268
 DV/DL  =       -12.6556
 ------------------------------------------------------------------------------

 Lambda-dependent restraint contribution to dV/Dl: Total =     -8.6147
   Dist =     -0.9022  Angl =      -0.4681  Tors =     -7.2444
 NMR restraints: Bond =    1.899   Angle =     0.888   Torsion =    16.274
===============================================================================
| MC Barostat: Decreasing size of volume moves

| TI region  1


 NSTEP =     2000   TIME(PS) =     250.000  TEMP(K) =   300.86  PRESS =     0.0
 Etot   =   -106268.5536  EKtot   =     24723.8024  EPtot      =   -130992.3560
 BOND   =       444.3643  ANGLE   =      1027.2565  DIHED      =      1388.8685
 1-4 NB =       429.2620  1-4 EEL =      5461.8452  VDWAALS    =     17230.8988
 EELEC  =   -156991.0515  EHBOND  =         0.0000  RESTRAINT  =        16.2002
 EAMBER (non-restraint)  =   -131008.5562
 EKCMT  =         0.0000  VIRIAL  =         0.0000  VOLUME     =    447403.9789
                                                    Density    =         0.9268
 DV/DL  =       -11.3925
 ------------------------------------------------------------------------------

 Lambda-dependent restraint contribution to dV/Dl: Total =     -9.0087
   Dist =     -0.2322  Angl =      -0.5714  Tors =     -8.2051

| TI region  2


 NSTEP =     2000   TIME(PS) =     250.000  TEMP(K) =   300.86  PRESS =     0.0
 Etot   =   -106268.5536  EKtot   =     24723.8024  EPtot      =   -130992.3560
 BOND   =       444.3643  ANGLE   =      1027.2565  DIHED      =      1388.8685
 1-4 NB =       429.2620  1-4 EEL =      5461.8452  VDWAALS    =     17230.8988
 EELEC  =   -156991.0515  EHBOND  =         0.0000  RESTRAINT  =        16.2002
 EAMBER (non-restraint)  =   -131008.5562
 EKCMT  =         0.0000  VIRIAL  =         0.0000  VOLUME     =    447403.9789
                                                    Density    =         0.9268
 DV/DL  =       -11.3925
 ------------------------------------------------------------------------------

 Lambda-dependent restraint contribution to dV/Dl: Total =     -9.0087
   Dist =     -0.2322  Angl =      -0.5714  Tors =     -8.2051
 NMR restraints: Bond =    0.447   Angle =     0.770   Torsion =    13.380
===============================================================================

| TI region  1


 NSTEP =     2500   TIME(PS) =     252.000  TEMP(K) =   297.92  PRESS =     0.0
 Etot   =   -106671.8193  EKtot   =     24482.8443  EPtot      =   -131154.6637
 BOND   =       455.1934  ANGLE   =      1016.7022  DIHED      =      1378.1601
 1-4 NB =       433.1013  1-4 EEL =      5450.8358  VDWAALS    =     18544.6910
 EELEC  =   -158449.1459  EHBOND  =         0.0000  RESTRAINT  =        15.7984
 EAMBER (non-restraint)  =   -131170.4621
 EKCMT  =         0.0000  VIRIAL  =         0.0000  VOLUME     =    442927.8954
                                                    Density    =         0.9362
 DV/DL  =       -14.0102
 ------------------------------------------------------------------------------

 Lambda-dependent restraint contribution to dV/Dl: Total =     -7.9852
   Dist =     -0.5251  Angl =      -0.2470  Tors =     -7.2130

| TI region  2


 NSTEP =     2500   TIME(PS) =     252.000  TEMP(K) =   297.92  PRESS =     0.0
 Etot   =   -106671.8193  EKtot   =     24482.8443  EPtot      =   -131154.6637
 BOND   =       455.1934  ANGLE   =      1016.7022  DIHED      =      1378.1601
 1-4 NB =       433.1013  1-4 EEL =      5450.8358  VDWAALS    =     18544.6910
 EELEC  =   -158449.1459  EHBOND  =         0.0000  RESTRAINT  =        15.7984
 EAMBER (non-restraint)  =   -131170.4621
 EKCMT  =         0.0000  VIRIAL  =         0.0000  VOLUME     =    442927.8954
                                                    Density    =         0.9362
 DV/DL  =       -14.0102
 ------------------------------------------------------------------------------

 Lambda-dependent restraint contribution to dV/Dl: Total =     -7.9852
   Dist =     -0.5251  Angl =      -0.2470  Tors =     -7.2130
 NMR restraints: Bond =    0.789   Angle =     0.279   Torsion =    13.326
===============================================================================

| TI region  1


 NSTEP =     3000   TIME(PS) =     254.000  TEMP(K) =   299.28  PRESS =     0.0
 Etot   =   -106773.8915  EKtot   =     24594.4960  EPtot      =   -131368.3875
 BOND   =       433.4768  ANGLE   =       978.4231  DIHED      =      1380.0724
 1-4 NB =       409.2490  1-4 EEL =      5457.0482  VDWAALS    =     17743.2765
 EELEC  =   -157786.9580  EHBOND  =         0.0000  RESTRAINT  =        17.0245
 EAMBER (non-restraint)  =   -131385.4121
 EKCMT  =         0.0000  VIRIAL  =         0.0000  VOLUME     =    441010.7302
                                                    Density    =         0.9402
 DV/DL  =       -10.2969
 ------------------------------------------------------------------------------

 Lambda-dependent restraint contribution to dV/Dl: Total =     -6.5145
   Dist =     -0.1575  Angl =      -0.1105  Tors =     -6.2466

| TI region  2


 NSTEP =     3000   TIME(PS) =     254.000  TEMP(K) =   299.28  PRESS =     0.0
 Etot   =   -106773.8915  EKtot   =     24594.4960  EPtot      =   -131368.3875
 BOND   =       433.4768  ANGLE   =       978.4231  DIHED      =      1380.0724
 1-4 NB =       409.2490  1-4 EEL =      5457.0482  VDWAALS    =     17743.2765
 EELEC  =   -157786.9580  EHBOND  =         0.0000  RESTRAINT  =        17.0245
 EAMBER (non-restraint)  =   -131385.4121
 EKCMT  =         0.0000  VIRIAL  =         0.0000  VOLUME     =    441010.7302
                                                    Density    =         0.9402
 DV/DL  =       -10.2969
 ------------------------------------------------------------------------------

 Lambda-dependent restraint contribution to dV/Dl: Total =     -6.5145
   Dist =     -0.1575  Angl =      -0.1105  Tors =     -6.2466
 NMR restraints: Bond =    0.961   Angle =     1.795   Torsion =    12.092
===============================================================================

| TI region  1


 NSTEP =     3500   TIME(PS) =     256.000  TEMP(K) =   298.60  PRESS =     0.0
 Etot   =   -106465.2253  EKtot   =     24538.7636  EPtot      =   -131003.9889
 BOND   =       406.7807  ANGLE   =      1001.9610  DIHED      =      1381.5815
 1-4 NB =       423.0914  1-4 EEL =      5447.0070  VDWAALS    =     17317.9738
 EELEC  =   -156999.1636  EHBOND  =         0.0000  RESTRAINT  =        16.7793
 EAMBER (non-restraint)  =   -131020.7682
 EKCMT  =         0.0000  VIRIAL  =         0.0000  VOLUME     =    439685.5996
                                                    Density    =         0.9431
 DV/DL  =        -7.2697
 ------------------------------------------------------------------------------

 Lambda-dependent restraint contribution to dV/Dl: Total =     -3.4452
   Dist =     -0.5814  Angl =      -0.7847  Tors =     -2.0791

| TI region  2


 NSTEP =     3500   TIME(PS) =     256.000  TEMP(K) =   298.60  PRESS =     0.0
 Etot   =   -106465.2253  EKtot   =     24538.7636  EPtot      =   -131003.9889
 BOND   =       406.7807  ANGLE   =      1001.9610  DIHED      =      1381.5815
 1-4 NB =       423.0914  1-4 EEL =      5447.0070  VDWAALS    =     17317.9738
 EELEC  =   -156999.1636  EHBOND  =         0.0000  RESTRAINT  =        16.7793
 EAMBER (non-restraint)  =   -131020.7682
 EKCMT  =         0.0000  VIRIAL  =         0.0000  VOLUME     =    439685.5996
                                                    Density    =         0.9431
 DV/DL  =        -7.2697
 ------------------------------------------------------------------------------

 Lambda-dependent restraint contribution to dV/Dl: Total =     -3.4452
   Dist =     -0.5814  Angl =      -0.7847  Tors =     -2.0791
 NMR restraints: Bond =    0.741   Angle =     0.911   Torsion =    13.113
===============================================================================

| TI region  1


      A V E R A G E S   O V E R       7 S T E P S


 NSTEP =     3500   TIME(PS) =     256.000  TEMP(K) =   298.64  PRESS =     0.0
 Etot   =   -106591.6751  EKtot   =     24541.5082  EPtot      =   -131133.1833
 BOND   =       422.9228  ANGLE   =      1000.3674  DIHED      =      1385.3610
 1-4 NB =       424.8247  1-4 EEL =      5448.5461  VDWAALS    =     17674.2280
 EELEC  =   -157506.9039  EHBOND  =         0.0000  RESTRAINT  =        17.4707
 EAMBER (non-restraint)  =   -131150.6540
 EKCMT  =         0.0000  VIRIAL  =         0.0000  VOLUME     =    445439.2896
                                                    Density    =         0.9310
 DV/DL  =       -11.2904
 ------------------------------------------------------------------------------

 NMR restraints: Bond =    0.741   Angle =     0.911   Torsion =    13.113
===============================================================================
 Lambda-dependent restraint contribution to dV/Dl: Total =     -7.3921
   Dist =     -0.4460  Angl =      -0.3850  Tors =     -6.5612

      R M S  F L U C T U A T I O N S


 NSTEP =     3500   TIME(PS) =     256.000  TEMP(K) =     1.17  PRESS =     0.0
 Etot   =       178.8526  EKtot   =        95.9545  EPtot      =       147.5895
 BOND   =        21.1517  ANGLE   =        16.1170  DIHED      =         7.8332
 1-4 NB =         7.6572  1-4 EEL =        12.9223  VDWAALS    =       439.7013
 EELEC  =       514.1044  EHBOND  =         0.0000  RESTRAINT  =         2.4260
 EAMBER (non-restraint)  =       145.1635
 EKCMT  =         0.0000  VIRIAL  =         0.0000  VOLUME     =      3877.9329
                                                    Density    =         0.0081
 DV/DL  =         2.4046
 ------------------------------------------------------------------------------

 Lambda-dependent restraint contribution to dV/Dl: Total =      2.3142
   Dist =      0.2715  Angl =       0.2321  Tors =      2.4610

| TI region  2


      A V E R A G E S   O V E R       7 S T E P S


 NSTEP =     3500   TIME(PS) =     256.000  TEMP(K) =   298.64  PRESS =     0.0
 Etot   =   -106591.6751  EKtot   =     24541.5082  EPtot      =   -131133.1833
 BOND   =       422.9228  ANGLE   =      1000.3674  DIHED      =      1385.3610
 1-4 NB =       424.8247  1-4 EEL =      5448.5461  VDWAALS    =     17674.2280
 EELEC  =   -157506.9039  EHBOND  =         0.0000  RESTRAINT  =        17.4707
 EAMBER (non-restraint)  =   -131150.6540
 EKCMT  =         0.0000  VIRIAL  =         0.0000  VOLUME     =    445439.2896
                                                    Density    =         0.9310
 DV/DL  =       -11.2904
 ------------------------------------------------------------------------------

 NMR restraints: Bond =    0.741   Angle =     0.911   Torsion =    13.113
===============================================================================
 Lambda-dependent restraint contribution to dV/Dl: Total =     -7.3921
   Dist =     -0.4460  Angl =      -0.3850  Tors =     -6.5612

      R M S  F L U C T U A T I O N S


 NSTEP =     3500   TIME(PS) =     256.000  TEMP(K) =     1.17  PRESS =     0.0
 Etot   =       178.8526  EKtot   =        95.9545  EPtot      =       147.5895
 BOND   =        21.1517  ANGLE   =        16.1170  DIHED      =         7.8332
 1-4 NB =         7.6572  1-4 EEL =        12.9223  VDWAALS    =       439.7013
 EELEC  =       514.1044  EHBOND  =         0.0000  RESTRAINT  =         2.4260
 EAMBER (non-restraint)  =       145.1635
 EKCMT  =         0.0000  VIRIAL  =         0.0000  VOLUME     =      3877.9329
                                                    Density    =         0.0081
 DV/DL  =         2.4046
 ------------------------------------------------------------------------------

 Lambda-dependent restraint contribution to dV/Dl: Total =      2.3142
   Dist =      0.2715  Angl =       0.2321  Tors =      2.4610

      DV/DL, AVERAGES OVER       7 STEPS


 NSTEP =     3500   TIME(PS) =     256.000  TEMP(K) =     1.17  PRESS =     0.0
 Etot   =         0.0000  EKtot   =         0.0000  EPtot      =         0.0000
 BOND   =         0.0000  ANGLE   =         0.0000  DIHED      =         0.0000
 1-4 NB =         0.0000  1-4 EEL =       -36.4403  VDWAALS    =         0.0000
 EELEC  =        32.5420  EHBOND  =         0.0000  RESTRAINT  =         0.0000
 EKCMT  =         0.0000  VIRIAL  =         0.0000  VOLUME     =         0.0000
                                                    Density    =         0.0000
 ------------------------------------------------------------------------------


 NMR restraints on final step:

 ------------------------------------------------------------------------------


 Final Restraint Analysis for coords: eqnpt03.rst7                            


 Restraints, deviations, and energy contributions:    pencut =   -1.00

 ------------------------------------------------------------------------------
     First atom        Last atom    curr. value target deviation  penalty
 ------------------------------------------------------------------------------
  Pb   DUM    2 --  CA   ILE   58:    7.841    7.780    0.061    0.038 d    0: 0
  Pb   DUM    1 --  CA   ILE   58:   89.320   90.000    0.680    0.035 a
  Pb   DUM    1 --  Pb   DUM    2:  182.000  180.000    2.000    0.305 t
  Pb   DUM    2 --  CA   LEU   79:   78.272   77.652    0.620    0.029 a
  Pb   DUM    2 --  CA   ILE   58:    2.826    4.231    1.406    0.150 t
  CA   ILE   58 --  CA   LEU   79:   84.503   83.643    0.861    0.056 t
  CA   ILE   58 --  CA   LEU   79:   10.581   10.640    0.059    0.017 d    0: 0
  CA   LEU   79 --  CA   PHE  105:   12.676   12.582    0.094    0.044 d    0: 0
  CA   PHE  105 --  CA   ILE   58:   13.289   13.332    0.043    0.009 d    0: 0
  CA   PRO   34 --  C    PRO   34:  146.209  144.272    1.938    0.057 t
  N    VAL   35 --  CA   VAL   35:  -60.687  -56.203    4.485    0.306 t
  CA   VAL   35 --  C    VAL   35:  135.383  129.560    5.823    0.516 t
  N    ASP   36 --  CA   ASP   36:  -76.053  -76.176    0.123    0.000 t
  CA   ASP   36 --  C    ASP   36:   95.566   89.334    6.232    0.592 t
  N    VAL   37 --  CA   VAL   37:  -67.725  -68.294    0.569    0.005 t
  CA   VAL   37 --  C    VAL   37:  -10.361   -7.195    3.166    0.153 t
  N    GLU   38 --  CA   GLU   38:  -89.946  -93.239    3.292    0.165 t
  CA   GLU   38 --  C    GLU   38:  -14.163   -7.767    6.395    0.623 t
  N    ALA   39 --  CA   ALA   39:  -70.924  -74.202    3.279    0.164 t
  CA   ALA   39 --  C    ALA   39:  153.908  147.568    6.340    0.612 t
  N    LEU   40 --  CA   LEU   40:  -60.824  -57.700    3.124    0.149 t
  CA   LEU   40 --  C    LEU   40:  126.637  128.414    1.777    0.048 t
  N    GLY   41 --  CA   GLY   41:   86.584   99.760   13.176    2.644 t
  CA   GLY   41 --  C    GLY   41:  -14.219  -12.800    1.419    0.031 t
  N    LEU   42 --  CA   LEU   42: -101.911 -107.647    5.736    0.501 t
  CA   LEU   42 --  C    LEU   42:   16.663   18.375    1.713    0.045 t
  N    HIE   43 --  CA   HIE   43:  -64.091  -58.835    5.256    0.421 t
  CA   HIE   43 --  C    HIE   43:  -26.609  -25.352    1.257    0.024 t
  N    ASP   44 --  CA   ASP   44: -100.338 -102.924    2.586    0.102 t
  CA   ASP   44 --  C    ASP   44:    3.572    4.593    1.021    0.016 t
  N    TYR   45 --  CA   TYR   45:  -57.287  -56.776    0.511    0.004 t
  Pb   DUM    1 --  C3   LIG  113:    5.291    5.000    0.291    0.423 d    0: 0
  Pb   DUM    2 --  C3   LIG  113:   92.593   90.000    2.593    0.512 a
  Pb   DUM    2 --  Pb   DUM    1:   -0.904    0.000    0.904    0.062 t
  Pb   DUM    1 --  C9   LIG  113:  133.098  134.825    1.727    0.227 a
  Pb   DUM    1 --  C3   LIG  113:  -39.314  -40.760    1.447    0.159 t
  C3   LIG  113 --  C9   LIG  113: -147.026 -147.329    0.303    0.007 t
  C3   LIG  113 --  C9   LIG  113:    6.535    6.392    0.143    0.102 d    0: 0
  C9   LIG  113 --  C11  LIG  113:    6.273    6.364    0.091    0.041 d    0: 0
  C11  LIG  113 --  C3   LIG  113:    6.498    6.535    0.037    0.007 d    0: 0
  C10  LIG  113 --  C9   LIG  113:   -8.767   -4.102    4.665    0.464 t
  C5   LIG  113 --  C6   LIG  113:  179.885  174.162    5.723    0.698 t
  C8   LIG  113 --  C9   LIG  113:   -1.753   -8.316    6.563    0.918 t
  C7   LIG  113 --  C8   LIG  113:    6.590    9.382    2.791    0.166 t
  C6   LIG  113 --  C7   LIG  113:   -0.831    1.647    2.478    0.131 t
  C    LIG  113 --  N2   LIG  113:  157.456  155.656    1.799    0.069 t
  C5   LIG  113 --  C10  LIG  113: -174.514 -172.471    2.043    0.089 t
  C    LIG  113 --  C1   LIG  113:   13.142   16.096    2.954    0.186 t
  N    LIG  113 --  N1   LIG  113:   10.314   -2.975   13.289    3.766 t
  C    LIG  113 --  C4   LIG  113:  169.333  172.131    2.798    0.167 t
  C2   LIG  113 --  N    LIG  113:  178.218  173.910    4.309    0.396 t
  C1   LIG  113 --  C2   LIG  113:  176.260  173.252    3.009    0.193 t
  C4   LIG  113 --  N1   LIG  113:   -0.799    5.550    6.348    0.859 t
  C4   LIG  113 --  C5   LIG  113:  134.420  135.268    0.848    0.015 t
                                       Total distance penalty:      0.682
                                       Total angle    penalty:      0.804
                                       Total torsion  penalty:     16.035
 ------------------------------------------------------------------------------
| MC Barostat:         35 volume changes attempted.
| MC Barostat:         10 changes successful ( 28.57%)
 ------------------------------------------------------------------------------

--------------------------------------------------------------------------------
   5.  TIMINGS
--------------------------------------------------------------------------------

|  NonSetup CPU Time in Major Routines:
|
|     Routine           Sec        %
|     ------------------------------
|     Nonbond           4.23   39.67
|     Bond              0.00    0.00
|     Angle             0.00    0.00
|     Dihedral          0.00    0.00
|     Shake             0.01    0.08
|     RunMD             6.36   59.66
|     Other             0.06    0.58
|     ------------------------------
|     Total            10.66

|  PME Nonbond Pairlist CPU Time:
|
|     Routine              Sec        %
|     ---------------------------------
|     Set Up Cit           0.00    0.00
|     Build List           0.00    0.00
|     ---------------------------------
|     Total                0.00    0.00

|  PME Direct Force CPU Time:
|
|     Routine              Sec        %
|     ---------------------------------
|     NonBonded Calc       0.00    0.00
|     Exclude Masked       0.00    0.00
|     Other                0.00    0.04
|     ---------------------------------
|     Total                0.00    0.04

|  PME Reciprocal Force CPU Time:
|
|     Routine              Sec        %
|     ---------------------------------
|     1D bspline           0.00    0.00
|     Grid Charges         0.00    0.00
|     Scalar Sum           0.00    0.00
|     Gradient Sum         0.00    0.00
|     FFT                  0.00    0.00
|     ---------------------------------
|     Total                0.00    0.00

|  Final Performance Info:
|     -----------------------------------------------------
|     Average timings for last    3000 steps:
|     Elapsed(s) =       9.53 Per Step(ms) =       3.18
|         ns/day =     108.74   seconds/ns =     794.53
|
|     Average timings for all steps:
|     Elapsed(s) =      11.13 Per Step(ms) =       3.18
|         ns/day =     108.71   seconds/ns =     794.80
|     -----------------------------------------------------

|  Setup CPU time:            1.06 seconds
|  NonSetup CPU time:        10.66 seconds
|  Total CPU time:           11.73 seconds     0.00 hours

|  Setup wall time:           1    seconds
|  NonSetup wall time:       11    seconds
|  Total wall time:          12    seconds     0.00 hours
