
          -------------------------------------------------------
          Amber 20 PMEMD                              2020
          -------------------------------------------------------

| PMEMD implementation of SANDER, Release 18

|  Compiled date/time: Tue Apr 28 10:19:54 2020
| Run on 05/10/2020 at 21:49:52

|   Executable path: pmemd.cuda
| Working directory: /home1/tbaba/centos/BAT.py-master/BAT/fe/pose1/dd/site/e00
|          Hostname: tx1

  [-O]verwriting output

File Assignments:
|   MDIN: eqnpt.in                                                              
|  MDOUT: eqnpt04.out                                                           
| INPCRD: eqnpt03.rst7                                                          
|   PARM: full.hmr.prmtop                                                       
| RESTRT: eqnpt04.rst7                                                          
|   REFC: full.inpcrd                                                           
|  MDVEL: mdvel                                                                 
|   MDEN: mden                                                                  
|  MDCRD: traj004.nc                                                            
| MDINFO: mdinfo                                                                
|  MDFRC: mdfrc                                                                 


 Here is the input file:

*******************************************************                        
*****************************       eqnpt.in                                   
*******************************************************                        
Equilibrate, NPT.                                                              
 &cntrl                                                                        
  imin = 0,                                                                    
  ntx = 5,                                                                     
  irest = 1,                                                                   
  ntpr = 500,                                                                  
  ntwr = 500,                                                                  
  ntwx = 500,                                                                  
  ioutfm = 1,                                                                  
  iwrap = 1,                                                                   
  ntf = 2,                                                                     
  ntc = 2,                                                                     
  cut = 9.0,                                                                   
  ntt = 3,                                                                     
  temp0 = 298.15,                                                              
  gamma_ln = 1.0,                                                              
  ig = -1,                                                                     
  ntp = 1,                                                                     
  barostat = 2,                                                                
  nstlim = 3500,                                                               
  dt = 0.004,                                                                  
  ntr = 1,                                                                     
  restraint_wt = 50.0,                                                         
  restraintmask = ':1-3',                                                      
  nmropt = 1,                                                                  
  pencut = -1,                                                                 
  icfe = 1, clambda = 0.00922,                                                 
  timask1 = ':113', timask2 = ':114',                                          
  ifsc=0, crgmask = ':114',                                                    
 /                                                                             
 &wt type = 'END', /                                                           
DISANG=disang.rest                                                             
LISTOUT=POUT                                                                   
                                                                               


Note: ig = -1. Setting random seed to   341832 based on wallclock time in 
      microseconds.
| irandom = 1, using AMBER's internal random number generator (default).
 
|--------------------- INFORMATION ----------------------
| GPU (CUDA) Version of PMEMD in use: NVIDIA GPU IN USE.
|                    Version 18.0.0
| 
|                      03/25/2018
| 
| Implementation by:
|                    Ross C. Walker     (SDSC)
|                    Scott Le Grand     (nVIDIA)
| 
| Version 18 performance extensions by:
|                    David Cerutti     (Rutgers)
| 
| Precision model in use:
|      [SPFP] - Single Precision Forces, 64-bit Fixed Point
|               Accumulation. (Default)
| 
|--------------------------------------------------------
 
|----------------- CITATION INFORMATION -----------------
|
|    When publishing work that utilized the CUDA version
|    of AMBER, please cite the following in addition to
|    the regular AMBER citations:
|
|  - Romelia Salomon-Ferrer; Andreas W. Goetz; Duncan
|    Poole; Scott Le Grand; Ross C. Walker "Routine
|    microsecond molecular dynamics simulations with
|    AMBER - Part II: Particle Mesh Ewald", J. Chem.
|    Theory Comput., 2013, 9 (9), pp3878-3888,
|    DOI: 10.1021/ct400314y.
|
|  - Andreas W. Goetz; Mark J. Williamson; Dong Xu;
|    Duncan Poole; Scott Le Grand; Ross C. Walker
|    "Routine microsecond molecular dynamics simulations
|    with AMBER - Part I: Generalized Born", J. Chem.
|    Theory Comput., 2012, 8 (5), pp1542-1555.
|
|  - Scott Le Grand; Andreas W. Goetz; Ross C. Walker
|    "SPFP: Speed without compromise - a mixed precision
|    model for GPU accelerated molecular dynamics
|    simulations.", Comp. Phys. Comm., 2013, 184
|    pp374-380, DOI: 10.1016/j.cpc.2012.09.022
|
|    When publishing work that utilized the CUDA version
|    of TI, BAR, MBAR or FEP please cite the following 
|    publications in addition to the regular AMBER 
|    GPU citations:
|
|  - Daniel J. Mermelstein; Charles Lin; Gard Nelson; 
|    Rachael Kretsch; J. Andrew McCammon; Ross C. Walker
|    "Fast and Flexible GPU Accelerated Binding 
|    Free Energy Calculations within the AMBER Molecular
|    Dynamics Package" J. Comp. Chem., 2018,
|    DOI: 10.1002/jcc.25187
|
|  - Tai-Sung Lee; Yuan Hu; Brad Sherborne; Zhuyan Guo;
|    Darrin M. York
|    "Toward Fast and Accurate Binding Affinity Prediction with
|    pmemdGTI: An Efficient Implementation of GPU-Accelerated
|    Thermodynamic Integration"
|    J. Chem. Theory Comput., 2017, 13 (7), 3077
|
|
|--------------------------------------------------------
 
|------------------- GPU DEVICE INFO --------------------
|
|            CUDA_VISIBLE_DEVICES: 0
|   CUDA Capable Devices Detected:      1
|           CUDA Device ID in use:      0
|                CUDA Device Name: GeForce GTX TITAN X
|     CUDA Device Global Mem Size:  12212 MB
| CUDA Device Num Multiprocessors:     24
|           CUDA Device Core Freq:   1.08 GHz
|
|--------------------------------------------------------
 
 
| Conditional Compilation Defines Used:
| PUBFFT
| BINTRAJ
| CUDA
| EMIL

| Largest sphere to fit in unit cell has radius =    29.897

| New format PARM file being parsed.
| Version =    1.000 Date = 04/28/20 Time = 18:39:52

| Note: 1-4 EEL scale factors are being read from the topology file.

| Note: 1-4 VDW scale factors are being read from the topology file.
| Duplicated    0 dihedrals

| Duplicated    0 dihedrals

--------------------------------------------------------------------------------
   1.  RESOURCE   USE: 
--------------------------------------------------------------------------------

 getting box info from netcdf restart file
 NATOM  =   40895 NTYPES =      18 NBONH =   39903 MBONA  =     950
 NTHETH =    2062 MTHETA =    1275 NPHIH =    4031 MPHIA  =    3894
 NHPARM =       0 NPARM  =       0 NNB   =   62108 NRES   =   13178
 NBONA  =     950 NTHETA =    1275 NPHIA =    3894 NUMBND =      87
 NUMANG =     186 NPTRA  =     207 NATYP =      51 NPHB   =       1
 IFBOX  =       1 NMXRS  =      29 IFCAP =       0 NEXTRA =       0
 NCOPY  =       0

| Coordinate Index Table dimensions:    12   11   22
| Direct force subcell size =     5.3524    5.4358    5.2039

     BOX TYPE: RECTILINEAR

--------------------------------------------------------------------------------
   2.  CONTROL  DATA  FOR  THE  RUN
--------------------------------------------------------------------------------

default_name                                                                    

General flags:
     imin    =       0, nmropt  =       1

Nature and format of input:
     ntx     =       5, irest   =       1, ntrx    =       1

Nature and format of output:
     ntxo    =       2, ntpr    =     500, ntrx    =       1, ntwr    =     500
     iwrap   =       1, ntwx    =     500, ntwv    =       0, ntwe    =       0
     ioutfm  =       1, ntwprt  =       0, idecomp =       0, rbornstat=      0

Potential function:
     ntf     =       2, ntb     =       2, igb     =       0, nsnb    =      25
     ipol    =       0, gbsa    =       0, iesp    =       0
     dielc   =   1.00000, cut     =   9.00000, intdiel =   1.00000

Frozen or restrained atoms:
     ibelly  =       0, ntr     =       1
     restraint_wt =  50.00000

Molecular dynamics:
     nstlim  =      3500, nscm    =         0, nrespa  =         1
     t       =   0.00000, dt      =   0.00400, vlimit  =  -1.00000

Langevin dynamics temperature regulation:
     ig      =  341832
     temp0   = 298.15000, tempi   =   0.00000, gamma_ln=   1.00000

Pressure regulation:
     ntp     =       1
     pres0   =   1.00000, comp    =  44.60000, taup    =   1.00000
     Monte-Carlo Barostat:
     mcbarint  =     100

SHAKE:
     ntc     =       2, jfastw  =       0
     tol     =   0.00001

NMR refinement options:
     iscale  =       0, noeskp  =       1, ipnlty  =       1, mxsub   =       1
     scalm   = 100.00000, pencut  =  -1.00000, tausw   =   0.10000

Free energy options:
     icfe    =       1, ifsc    =       0, klambda =       1
     clambda =  0.0092, scalpha =  0.5000, scbeta  = 12.0000
     sceeorder =       2
     dynlmb =  0.0000 logdvdl =       0

| Intermolecular bonds treatment:
|     no_intermolecular_bonds =       1

| Energy averages sample interval:
|     ene_avg_sampling =     500

Ewald parameters:
     verbose =       0, ew_type =       0, nbflag  =       1, use_pme =       1
     vdwmeth =       1, eedmeth =       1, netfrc  =       1
     Box X =   64.229   Box Y =   59.794   Box Z =  114.486
     Alpha =   90.000   Beta  =   90.000   Gamma =   90.000
     NFFT1 =   64       NFFT2 =   64       NFFT3 =  120
     Cutoff=    9.000   Tol   =0.100E-04
     Ewald Coefficient =  0.30768
     Interpolation order =    4

    LOADING THE CONSTRAINED ATOMS AS GROUPS


   5.  REFERENCE ATOM COORDINATES

  default_name                                                                    
     Mask :1-3; matches     3 atoms
     TI Mask 1 :113; matches     29 atoms
     TI Mask 2 :114; matches     29 atoms
     TI region 1:   40866 atoms
     TI region 2:   40866 atoms
Removing charge of       0.1324 from atom    1803
Removing charge of      -0.3482 from atom    1804
Removing charge of       0.6867 from atom    1805
Removing charge of      -0.6325 from atom    1806
Removing charge of      -0.2038 from atom    1807
Removing charge of       0.0953 from atom    1808
Removing charge of      -0.3903 from atom    1809
Removing charge of       0.3402 from atom    1810
Removing charge of      -0.1179 from atom    1811
Removing charge of      -0.1090 from atom    1812
Removing charge of      -0.1345 from atom    1813
Removing charge of      -0.1210 from atom    1814
Removing charge of      -0.1345 from atom    1815
Removing charge of      -0.1090 from atom    1816
Removing charge of      -0.7500 from atom    1817
Removing charge of       0.1891 from atom    1818
Removing charge of       0.1660 from atom    1819
Removing charge of       0.0607 from atom    1820
Removing charge of       0.0607 from atom    1821
Removing charge of       0.0607 from atom    1822
Removing charge of       0.1440 from atom    1823
Removing charge of       0.1360 from atom    1824
Removing charge of       0.1340 from atom    1825
Removing charge of       0.1360 from atom    1826
Removing charge of       0.1440 from atom    1827
Removing charge of       0.4328 from atom    1828
Removing charge of       0.0440 from atom    1829
Removing charge of       0.0440 from atom    1830
Removing charge of       0.0440 from atom    1831
Total charge of  -0.00000100 removed from      29 atoms
     Checking for mismatched coordinates.
| MONTE CARLO BAROSTAT IMPORTANT NOTE:
|   The Monte-Carlo barostat does not require the virial to adjust the system volume.
|   Since it is an expensive calculation, it is skipped for efficiency. A side-effect
|   is that the reported pressure is always 0 because it is not calculated.

--------------------------------------------------------------------------------
   3.  ATOMIC COORDINATES AND VELOCITIES
--------------------------------------------------------------------------------

default_name                                                                    
 begin time read from input coords =   256.000 ps



           Begin reading energy term weight changes/NMR restraints
 WEIGHT CHANGES:
                         ** No weight changes given **

 RESTRAINTS:
 Requested file redirections:
  DISANG    = disang.rest
  LISTOUT   = POUT
 Restraints will be read from file: disang.rest
Here are comments from the DISANG input file:
# Anchor atoms  :58@CA  :79@CA  :105@CA  :113@C3  :113@C9  :113@C11  stage = pre

                       Number of restraints read =    54

                  Done reading weight changes/NMR restraints


 
 Number of triangulated 3-point waters found:    13000

     Sum of charges for TI region  1 =  -0.00000106
     Skip neutralizing charges...


     Sum of charges for TI region  2 =  -0.00000007
     Skip neutralizing charges...

| Dynamic Memory, Types Used:
| Reals             2379010
| Integers          1892548

| Nonbonded Pairs Initial Allocation:     9324060

| GPU memory information (estimate):
| KB of GPU memory in use:    247474
| KB of CPU memory in use:     69346

--------------------------------------------------------------------------------
   4.  RESULTS
--------------------------------------------------------------------------------


| TI region  1


 NSTEP =      500   TIME(PS) =     258.000  TEMP(K) =   296.45  PRESS =     0.0
 Etot   =   -106697.5122  EKtot   =     24361.6969  EPtot      =   -131059.2091
 BOND   =       423.0901  ANGLE   =      1015.8697  DIHED      =      1373.6722
 1-4 NB =       407.7517  1-4 EEL =      5448.2287  VDWAALS    =     17803.1486
 EELEC  =   -157554.3791  EHBOND  =         0.0000  RESTRAINT  =        23.4090
 EAMBER (non-restraint)  =   -131082.6181
 EKCMT  =         0.0000  VIRIAL  =         0.0000  VOLUME     =    437063.9343
                                                    Density    =         0.9487
 DV/DL  =       -16.6316
 ------------------------------------------------------------------------------

 Lambda-dependent restraint contribution to dV/Dl: Total =    -11.8884
   Dist =     -0.2830  Angl =      -0.7950  Tors =    -10.8104

| TI region  2


 NSTEP =      500   TIME(PS) =     258.000  TEMP(K) =   296.45  PRESS =     0.0
 Etot   =   -106697.5122  EKtot   =     24361.6969  EPtot      =   -131059.2091
 BOND   =       423.0901  ANGLE   =      1015.8697  DIHED      =      1373.6722
 1-4 NB =       407.7517  1-4 EEL =      5448.2287  VDWAALS    =     17803.1486
 EELEC  =   -157554.3791  EHBOND  =         0.0000  RESTRAINT  =        23.4090
 EAMBER (non-restraint)  =   -131082.6181
 EKCMT  =         0.0000  VIRIAL  =         0.0000  VOLUME     =    437063.9343
                                                    Density    =         0.9487
 DV/DL  =       -16.6316
 ------------------------------------------------------------------------------

 Lambda-dependent restraint contribution to dV/Dl: Total =    -11.8884
   Dist =     -0.2830  Angl =      -0.7950  Tors =    -10.8104
 NMR restraints: Bond =    0.791   Angle =     0.803   Torsion =    17.289
===============================================================================

| TI region  1


 NSTEP =     1000   TIME(PS) =     260.000  TEMP(K) =   301.51  PRESS =     0.0
 Etot   =   -106410.4627  EKtot   =     24777.4742  EPtot      =   -131187.9369
 BOND   =       441.5845  ANGLE   =      1044.9942  DIHED      =      1376.6920
 1-4 NB =       427.9133  1-4 EEL =      5445.0572  VDWAALS    =     17310.5833
 EELEC  =   -157253.0078  EHBOND  =         0.0000  RESTRAINT  =        18.2464
 EAMBER (non-restraint)  =   -131206.1834
 EKCMT  =         0.0000  VIRIAL  =         0.0000  VOLUME     =    433750.5465
                                                    Density    =         0.9560
 DV/DL  =       -12.5090
 ------------------------------------------------------------------------------

 Lambda-dependent restraint contribution to dV/Dl: Total =     -4.0282
   Dist =     -0.4002  Angl =      -0.1426  Tors =     -3.4855

| TI region  2


 NSTEP =     1000   TIME(PS) =     260.000  TEMP(K) =   301.51  PRESS =     0.0
 Etot   =   -106410.4627  EKtot   =     24777.4742  EPtot      =   -131187.9369
 BOND   =       441.5845  ANGLE   =      1044.9942  DIHED      =      1376.6920
 1-4 NB =       427.9133  1-4 EEL =      5445.0572  VDWAALS    =     17310.5833
 EELEC  =   -157253.0078  EHBOND  =         0.0000  RESTRAINT  =        18.2464
 EAMBER (non-restraint)  =   -131206.1834
 EKCMT  =         0.0000  VIRIAL  =         0.0000  VOLUME     =    433750.5465
                                                    Density    =         0.9560
 DV/DL  =       -12.5090
 ------------------------------------------------------------------------------

 Lambda-dependent restraint contribution to dV/Dl: Total =     -4.0282
   Dist =     -0.4002  Angl =      -0.1426  Tors =     -3.4855
 NMR restraints: Bond =    1.885   Angle =     0.141   Torsion =    13.194
===============================================================================

| TI region  1


 NSTEP =     1500   TIME(PS) =     262.000  TEMP(K) =   296.64  PRESS =     0.0
 Etot   =   -106684.9323  EKtot   =     24377.1404  EPtot      =   -131062.0727
 BOND   =       463.6517  ANGLE   =      1026.2517  DIHED      =      1384.7034
 1-4 NB =       435.4520  1-4 EEL =      5457.1151  VDWAALS    =     17488.4473
 EELEC  =   -157336.8125  EHBOND  =         0.0000  RESTRAINT  =        19.1186
 EAMBER (non-restraint)  =   -131081.1913
 EKCMT  =         0.0000  VIRIAL  =         0.0000  VOLUME     =    432378.5112
                                                    Density    =         0.9590
 DV/DL  =        -5.7976
 ------------------------------------------------------------------------------

 Lambda-dependent restraint contribution to dV/Dl: Total =     -7.6097
   Dist =     -1.1422  Angl =      -0.7882  Tors =     -5.6793

| TI region  2


 NSTEP =     1500   TIME(PS) =     262.000  TEMP(K) =   296.64  PRESS =     0.0
 Etot   =   -106684.9323  EKtot   =     24377.1404  EPtot      =   -131062.0727
 BOND   =       463.6517  ANGLE   =      1026.2517  DIHED      =      1384.7034
 1-4 NB =       435.4520  1-4 EEL =      5457.1151  VDWAALS    =     17488.4473
 EELEC  =   -157336.8125  EHBOND  =         0.0000  RESTRAINT  =        19.1186
 EAMBER (non-restraint)  =   -131081.1913
 EKCMT  =         0.0000  VIRIAL  =         0.0000  VOLUME     =    432378.5112
                                                    Density    =         0.9590
 DV/DL  =        -5.7976
 ------------------------------------------------------------------------------

 Lambda-dependent restraint contribution to dV/Dl: Total =     -7.6097
   Dist =     -1.1422  Angl =      -0.7882  Tors =     -5.6793
 NMR restraints: Bond =    1.269   Angle =     1.368   Torsion =    12.901
===============================================================================

| TI region  1


 NSTEP =     2000   TIME(PS) =     264.000  TEMP(K) =   300.06  PRESS =     0.0
 Etot   =   -106844.8807  EKtot   =     24658.1878  EPtot      =   -131503.0685
 BOND   =       411.1951  ANGLE   =       991.9345  DIHED      =      1390.6903
 1-4 NB =       423.2100  1-4 EEL =      5434.3639  VDWAALS    =     17661.5257
 EELEC  =   -157830.7194  EHBOND  =         0.0000  RESTRAINT  =        14.7315
 EAMBER (non-restraint)  =   -131517.8000
 EKCMT  =         0.0000  VIRIAL  =         0.0000  VOLUME     =    430846.4054
                                                    Density    =         0.9624
 DV/DL  =        -9.6396
 ------------------------------------------------------------------------------

 Lambda-dependent restraint contribution to dV/Dl: Total =     -5.3462
   Dist =     -0.6099  Angl =      -0.0140  Tors =     -4.7223

| TI region  2


 NSTEP =     2000   TIME(PS) =     264.000  TEMP(K) =   300.06  PRESS =     0.0
 Etot   =   -106844.8807  EKtot   =     24658.1878  EPtot      =   -131503.0685
 BOND   =       411.1951  ANGLE   =       991.9345  DIHED      =      1390.6903
 1-4 NB =       423.2100  1-4 EEL =      5434.3639  VDWAALS    =     17661.5257
 EELEC  =   -157830.7194  EHBOND  =         0.0000  RESTRAINT  =        14.7315
 EAMBER (non-restraint)  =   -131517.8000
 EKCMT  =         0.0000  VIRIAL  =         0.0000  VOLUME     =    430846.4054
                                                    Density    =         0.9624
 DV/DL  =        -9.6396
 ------------------------------------------------------------------------------

 Lambda-dependent restraint contribution to dV/Dl: Total =     -5.3462
   Dist =     -0.6099  Angl =      -0.0140  Tors =     -4.7223
 NMR restraints: Bond =    1.475   Angle =     0.342   Torsion =    11.094
===============================================================================

| TI region  1


 NSTEP =     2500   TIME(PS) =     266.000  TEMP(K) =   297.41  PRESS =     0.0
 Etot   =   -106575.3972  EKtot   =     24440.3146  EPtot      =   -131015.7117
 BOND   =       452.0459  ANGLE   =      1006.3192  DIHED      =      1402.5962
 1-4 NB =       415.2714  1-4 EEL =      5410.0555  VDWAALS    =     17171.9995
 EELEC  =   -156890.0461  EHBOND  =         0.0000  RESTRAINT  =        16.0466
 EAMBER (non-restraint)  =   -131031.7583
 EKCMT  =         0.0000  VIRIAL  =         0.0000  VOLUME     =    430995.4624
                                                    Density    =         0.9621
 DV/DL  =        -9.9919
 ------------------------------------------------------------------------------

 Lambda-dependent restraint contribution to dV/Dl: Total =     -4.5980
   Dist =     -0.6016  Angl =      -0.2894  Tors =     -3.7069

| TI region  2


 NSTEP =     2500   TIME(PS) =     266.000  TEMP(K) =   297.41  PRESS =     0.0
 Etot   =   -106575.3972  EKtot   =     24440.3146  EPtot      =   -131015.7117
 BOND   =       452.0459  ANGLE   =      1006.3192  DIHED      =      1402.5962
 1-4 NB =       415.2714  1-4 EEL =      5410.0555  VDWAALS    =     17171.9995
 EELEC  =   -156890.0461  EHBOND  =         0.0000  RESTRAINT  =        16.0466
 EAMBER (non-restraint)  =   -131031.7583
 EKCMT  =         0.0000  VIRIAL  =         0.0000  VOLUME     =    430995.4624
                                                    Density    =         0.9621
 DV/DL  =        -9.9919
 ------------------------------------------------------------------------------

 Lambda-dependent restraint contribution to dV/Dl: Total =     -4.5980
   Dist =     -0.6016  Angl =      -0.2894  Tors =     -3.7069
 NMR restraints: Bond =    0.975   Angle =     0.499   Torsion =    11.000
===============================================================================

| TI region  1


 NSTEP =     3000   TIME(PS) =     268.000  TEMP(K) =   297.42  PRESS =     0.0
 Etot   =   -106854.8581  EKtot   =     24441.8151  EPtot      =   -131296.6731
 BOND   =       416.1925  ANGLE   =      1018.4681  DIHED      =      1383.7614
 1-4 NB =       415.4873  1-4 EEL =      5435.6018  VDWAALS    =     17307.4458
 EELEC  =   -157291.6317  EHBOND  =         0.0000  RESTRAINT  =        18.0017
 EAMBER (non-restraint)  =   -131314.6748
 EKCMT  =         0.0000  VIRIAL  =         0.0000  VOLUME     =    429102.8913
                                                    Density    =         0.9663
 DV/DL  =       -11.6886
 ------------------------------------------------------------------------------

 Lambda-dependent restraint contribution to dV/Dl: Total =     -6.7367
   Dist =     -0.2379  Angl =      -0.4891  Tors =     -6.0097

| TI region  2


 NSTEP =     3000   TIME(PS) =     268.000  TEMP(K) =   297.42  PRESS =     0.0
 Etot   =   -106854.8581  EKtot   =     24441.8151  EPtot      =   -131296.6731
 BOND   =       416.1925  ANGLE   =      1018.4681  DIHED      =      1383.7614
 1-4 NB =       415.4873  1-4 EEL =      5435.6018  VDWAALS    =     17307.4458
 EELEC  =   -157291.6317  EHBOND  =         0.0000  RESTRAINT  =        18.0017
 EAMBER (non-restraint)  =   -131314.6748
 EKCMT  =         0.0000  VIRIAL  =         0.0000  VOLUME     =    429102.8913
                                                    Density    =         0.9663
 DV/DL  =       -11.6886
 ------------------------------------------------------------------------------

 Lambda-dependent restraint contribution to dV/Dl: Total =     -6.7367
   Dist =     -0.2379  Angl =      -0.4891  Tors =     -6.0097
 NMR restraints: Bond =    0.998   Angle =     0.514   Torsion =    15.644
===============================================================================

| TI region  1


 NSTEP =     3500   TIME(PS) =     270.000  TEMP(K) =   300.18  PRESS =     0.0
 Etot   =   -106544.2146  EKtot   =     24668.1850  EPtot      =   -131212.3995
 BOND   =       426.0276  ANGLE   =      1005.8097  DIHED      =      1380.3259
 1-4 NB =       420.2616  1-4 EEL =      5445.6893  VDWAALS    =     17084.7568
 EELEC  =   -156991.8826  EHBOND  =         0.0000  RESTRAINT  =        16.6121
 EAMBER (non-restraint)  =   -131229.0116
 EKCMT  =         0.0000  VIRIAL  =         0.0000  VOLUME     =    429102.8913
                                                    Density    =         0.9663
 DV/DL  =       -10.7980
 ------------------------------------------------------------------------------

 Lambda-dependent restraint contribution to dV/Dl: Total =     -7.9623
   Dist =     -0.6499  Angl =      -0.1865  Tors =     -7.1259

| TI region  2


 NSTEP =     3500   TIME(PS) =     270.000  TEMP(K) =   300.18  PRESS =     0.0
 Etot   =   -106544.2146  EKtot   =     24668.1850  EPtot      =   -131212.3995
 BOND   =       426.0276  ANGLE   =      1005.8097  DIHED      =      1380.3259
 1-4 NB =       420.2616  1-4 EEL =      5445.6893  VDWAALS    =     17084.7568
 EELEC  =   -156991.8826  EHBOND  =         0.0000  RESTRAINT  =        16.6121
 EAMBER (non-restraint)  =   -131229.0116
 EKCMT  =         0.0000  VIRIAL  =         0.0000  VOLUME     =    429102.8913
                                                    Density    =         0.9663
 DV/DL  =       -10.7980
 ------------------------------------------------------------------------------

 Lambda-dependent restraint contribution to dV/Dl: Total =     -7.9623
   Dist =     -0.6499  Angl =      -0.1865  Tors =     -7.1259
 NMR restraints: Bond =    0.959   Angle =     0.224   Torsion =    12.757
===============================================================================

| TI region  1


      A V E R A G E S   O V E R       7 S T E P S


 NSTEP =     3500   TIME(PS) =     270.000  TEMP(K) =   298.52  PRESS =     0.0
 Etot   =   -106658.8940  EKtot   =     24532.1163  EPtot      =   -131191.0102
 BOND   =       433.3982  ANGLE   =      1015.6639  DIHED      =      1384.6345
 1-4 NB =       420.7639  1-4 EEL =      5439.4445  VDWAALS    =     17403.9867
 EELEC  =   -157306.9256  EHBOND  =         0.0000  RESTRAINT  =        18.0237
 EAMBER (non-restraint)  =   -131209.0339
 EKCMT  =         0.0000  VIRIAL  =         0.0000  VOLUME     =    431891.5203
                                                    Density    =         0.9601
 DV/DL  =       -11.0080
 ------------------------------------------------------------------------------

 NMR restraints: Bond =    0.959   Angle =     0.224   Torsion =    12.757
===============================================================================
 Lambda-dependent restraint contribution to dV/Dl: Total =     -6.8814
   Dist =     -0.5607  Angl =      -0.3864  Tors =     -5.9343

      R M S  F L U C T U A T I O N S


 NSTEP =     3500   TIME(PS) =     270.000  TEMP(K) =     1.86  PRESS =     0.0
 Etot   =       149.7634  EKtot   =       153.1812  EPtot      =       157.5427
 BOND   =        18.0461  ANGLE   =        15.7107  DIHED      =         8.9593
 1-4 NB =         8.4551  1-4 EEL =        13.9602  VDWAALS    =       240.9980
 EELEC  =       295.8446  EHBOND  =         0.0000  RESTRAINT  =         2.5909
 EAMBER (non-restraint)  =       154.9518
 EKCMT  =         0.0000  VIRIAL  =         0.0000  VOLUME     =      2615.7516
                                                    Density    =         0.0058
 DV/DL  =         3.0341
 ------------------------------------------------------------------------------

 Lambda-dependent restraint contribution to dV/Dl: Total =      2.4641
   Dist =      0.2822  Angl =       0.2894  Tors =      2.3205

| TI region  2


      A V E R A G E S   O V E R       7 S T E P S


 NSTEP =     3500   TIME(PS) =     270.000  TEMP(K) =   298.52  PRESS =     0.0
 Etot   =   -106658.8940  EKtot   =     24532.1163  EPtot      =   -131191.0102
 BOND   =       433.3982  ANGLE   =      1015.6639  DIHED      =      1384.6345
 1-4 NB =       420.7639  1-4 EEL =      5439.4445  VDWAALS    =     17403.9867
 EELEC  =   -157306.9256  EHBOND  =         0.0000  RESTRAINT  =        18.0237
 EAMBER (non-restraint)  =   -131209.0339
 EKCMT  =         0.0000  VIRIAL  =         0.0000  VOLUME     =    431891.5203
                                                    Density    =         0.9601
 DV/DL  =       -11.0080
 ------------------------------------------------------------------------------

 NMR restraints: Bond =    0.959   Angle =     0.224   Torsion =    12.757
===============================================================================
 Lambda-dependent restraint contribution to dV/Dl: Total =     -6.8814
   Dist =     -0.5607  Angl =      -0.3864  Tors =     -5.9343

      R M S  F L U C T U A T I O N S


 NSTEP =     3500   TIME(PS) =     270.000  TEMP(K) =     1.86  PRESS =     0.0
 Etot   =       149.7634  EKtot   =       153.1812  EPtot      =       157.5427
 BOND   =        18.0461  ANGLE   =        15.7107  DIHED      =         8.9593
 1-4 NB =         8.4551  1-4 EEL =        13.9602  VDWAALS    =       240.9980
 EELEC  =       295.8446  EHBOND  =         0.0000  RESTRAINT  =         2.5909
 EAMBER (non-restraint)  =       154.9518
 EKCMT  =         0.0000  VIRIAL  =         0.0000  VOLUME     =      2615.7516
                                                    Density    =         0.0058
 DV/DL  =         3.0341
 ------------------------------------------------------------------------------

 Lambda-dependent restraint contribution to dV/Dl: Total =      2.4641
   Dist =      0.2822  Angl =       0.2894  Tors =      2.3205

      DV/DL, AVERAGES OVER       7 STEPS


 NSTEP =     3500   TIME(PS) =     270.000  TEMP(K) =     1.86  PRESS =     0.0
 Etot   =         0.0000  EKtot   =         0.0000  EPtot      =         0.0000
 BOND   =         0.0000  ANGLE   =         0.0000  DIHED      =         0.0000
 1-4 NB =         0.0000  1-4 EEL =       -36.3513  VDWAALS    =         0.0000
 EELEC  =        32.2247  EHBOND  =         0.0000  RESTRAINT  =         0.0000
 EKCMT  =         0.0000  VIRIAL  =         0.0000  VOLUME     =         0.0000
                                                    Density    =         0.0000
 ------------------------------------------------------------------------------


 NMR restraints on final step:

 ------------------------------------------------------------------------------


 Final Restraint Analysis for coords: eqnpt04.rst7                            


 Restraints, deviations, and energy contributions:    pencut =   -1.00

 ------------------------------------------------------------------------------
     First atom        Last atom    curr. value target deviation  penalty
 ------------------------------------------------------------------------------
  Pb   DUM    2 --  CA   ILE   58:    7.796    7.780    0.016    0.002 d    0: 0
  Pb   DUM    1 --  CA   ILE   58:   90.994   90.000    0.994    0.075 a
  Pb   DUM    1 --  Pb   DUM    2:  181.383  180.000    1.383    0.146 t
  Pb   DUM    2 --  CA   LEU   79:   77.230   77.652    0.422    0.014 a
  Pb   DUM    2 --  CA   ILE   58:    4.892    4.231    0.661    0.033 t
  CA   ILE   58 --  CA   LEU   79:   80.096   83.643    3.546    0.958 t
  CA   ILE   58 --  CA   LEU   79:   10.500   10.640    0.140    0.098 d    0: 0
  CA   LEU   79 --  CA   PHE  105:   12.511   12.582    0.071    0.025 d    0: 0
  CA   PHE  105 --  CA   ILE   58:   13.181   13.332    0.151    0.114 d    0: 0
  CA   PRO   34 --  C    PRO   34:  147.511  144.272    3.239    0.160 t
  N    VAL   35 --  CA   VAL   35:  -61.479  -56.203    5.277    0.424 t
  CA   VAL   35 --  C    VAL   35:  128.574  129.560    0.986    0.015 t
  N    ASP   36 --  CA   ASP   36:  -78.427  -76.176    2.251    0.077 t
  CA   ASP   36 --  C    ASP   36:   85.738   89.334    3.596    0.197 t
  N    VAL   37 --  CA   VAL   37:  -72.195  -68.294    3.901    0.232 t
  CA   VAL   37 --  C    VAL   37:   -3.695   -7.195    3.500    0.187 t
  N    GLU   38 --  CA   GLU   38:  -96.303  -93.239    3.064    0.143 t
  CA   GLU   38 --  C    GLU   38:   -5.304   -7.767    2.463    0.092 t
  N    ALA   39 --  CA   ALA   39:  -75.606  -74.202    1.403    0.030 t
  CA   ALA   39 --  C    ALA   39:  144.679  147.568    2.889    0.127 t
  N    LEU   40 --  CA   LEU   40:  -59.601  -57.700    1.901    0.055 t
  CA   LEU   40 --  C    LEU   40:  129.443  128.414    1.029    0.016 t
  N    GLY   41 --  CA   GLY   41:   94.987   99.760    4.773    0.347 t
  CA   GLY   41 --  C    GLY   41:  -12.899  -12.800    0.099    0.000 t
  N    LEU   42 --  CA   LEU   42: -105.067 -107.647    2.580    0.101 t
  CA   LEU   42 --  C    LEU   42:   17.035   18.375    1.340    0.027 t
  N    HIE   43 --  CA   HIE   43:  -65.845  -58.835    7.010    0.748 t
  CA   HIE   43 --  C    HIE   43:  -27.045  -25.352    1.693    0.044 t
  N    ASP   44 --  CA   ASP   44:  -93.039 -102.924    9.885    1.488 t
  CA   ASP   44 --  C    ASP   44:    8.332    4.593    3.739    0.213 t
  N    TYR   45 --  CA   TYR   45:  -52.273  -56.776    4.504    0.309 t
  Pb   DUM    1 --  C3   LIG  113:    5.249    5.000    0.249    0.311 d    0: 0
  Pb   DUM    2 --  C3   LIG  113:   90.349   90.000    0.349    0.009 a
  Pb   DUM    2 --  Pb   DUM    1:   -2.083    0.000    2.083    0.330 t
  Pb   DUM    1 --  C9   LIG  113:  136.601  134.825    1.776    0.240 a
  Pb   DUM    1 --  C3   LIG  113:  -38.268  -40.760    2.493    0.473 t
  C3   LIG  113 --  C9   LIG  113: -147.431 -147.329    0.103    0.001 t
  C3   LIG  113 --  C9   LIG  113:    6.539    6.392    0.147    0.108 d    0: 0
  C9   LIG  113 --  C11  LIG  113:    6.317    6.364    0.047    0.011 d    0: 0
  C11  LIG  113 --  C3   LIG  113:    6.599    6.535    0.064    0.020 d    0: 0
  C10  LIG  113 --  C9   LIG  113:   -4.228   -4.102    0.126    0.000 t
  C5   LIG  113 --  C6   LIG  113:  177.936  174.162    3.775    0.304 t
  C8   LIG  113 --  C9   LIG  113:   -7.066   -8.316    1.250    0.033 t
  C7   LIG  113 --  C8   LIG  113:    9.369    9.382    0.012    0.000 t
  C6   LIG  113 --  C7   LIG  113:   -0.242    1.647    1.889    0.076 t
  C    LIG  113 --  N2   LIG  113:  159.573  155.656    3.917    0.327 t
  C5   LIG  113 --  C10  LIG  113: -175.590 -172.471    3.119    0.207 t
  C    LIG  113 --  C1   LIG  113:    9.761   16.096    6.335    0.856 t
  N    LIG  113 --  N1   LIG  113:   -3.724   -2.975    0.749    0.012 t
  C    LIG  113 --  C4   LIG  113:  175.529  172.131    3.398    0.246 t
  C2   LIG  113 --  N    LIG  113:  173.425  173.910    0.484    0.005 t
  C1   LIG  113 --  C2   LIG  113:  171.719  173.252    1.533    0.050 t
  C4   LIG  113 --  N1   LIG  113:    8.503    5.550    2.954    0.186 t
  C4   LIG  113 --  C5   LIG  113:  132.952  135.268    2.316    0.114 t
                                       Total distance penalty:      0.689
                                       Total angle    penalty:      0.338
                                       Total torsion  penalty:      9.392
 ------------------------------------------------------------------------------
| MC Barostat:         35 volume changes attempted.
| MC Barostat:          9 changes successful ( 25.71%)
 ------------------------------------------------------------------------------

--------------------------------------------------------------------------------
   5.  TIMINGS
--------------------------------------------------------------------------------

|  NonSetup CPU Time in Major Routines:
|
|     Routine           Sec        %
|     ------------------------------
|     Nonbond           4.12   39.30
|     Bond              0.00    0.00
|     Angle             0.00    0.00
|     Dihedral          0.00    0.00
|     Shake             0.01    0.11
|     RunMD             6.30   60.06
|     Other             0.05    0.52
|     ------------------------------
|     Total            10.48

|  PME Nonbond Pairlist CPU Time:
|
|     Routine              Sec        %
|     ---------------------------------
|     Set Up Cit           0.00    0.00
|     Build List           0.00    0.00
|     ---------------------------------
|     Total                0.00    0.00

|  PME Direct Force CPU Time:
|
|     Routine              Sec        %
|     ---------------------------------
|     NonBonded Calc       0.00    0.00
|     Exclude Masked       0.00    0.00
|     Other                0.01    0.07
|     ---------------------------------
|     Total                0.01    0.07

|  PME Reciprocal Force CPU Time:
|
|     Routine              Sec        %
|     ---------------------------------
|     1D bspline           0.00    0.00
|     Grid Charges         0.00    0.00
|     Scalar Sum           0.00    0.00
|     Gradient Sum         0.00    0.00
|     FFT                  0.00    0.00
|     ---------------------------------
|     Total                0.00    0.00

|  Final Performance Info:
|     -----------------------------------------------------
|     Average timings for last    3000 steps:
|     Elapsed(s) =       9.47 Per Step(ms) =       3.16
|         ns/day =     109.54   seconds/ns =     788.77
|
|     Average timings for all steps:
|     Elapsed(s) =      11.02 Per Step(ms) =       3.15
|         ns/day =     109.77   seconds/ns =     787.13
|     -----------------------------------------------------

|  Setup CPU time:            1.21 seconds
|  NonSetup CPU time:        10.48 seconds
|  Total CPU time:           11.69 seconds     0.00 hours

|  Setup wall time:           2    seconds
|  NonSetup wall time:       11    seconds
|  Total wall time:          13    seconds     0.00 hours
