
          -------------------------------------------------------
          Amber 20 PMEMD                              2020
          -------------------------------------------------------

| PMEMD implementation of SANDER, Release 18

|  Compiled date/time: Tue Apr 28 10:19:54 2020
| Run on 05/10/2020 at 21:49:14

|   Executable path: pmemd.cuda
| Working directory: /home1/tbaba/centos/BAT.py-master/BAT/fe/pose1/dd/site/e00
|          Hostname: tx1

  [-O]verwriting output

File Assignments:
|   MDIN: eqnpt.in                                                              
|  MDOUT: eqnpt01.out                                                           
| INPCRD: eqnpt.rst7                                                            
|   PARM: full.hmr.prmtop                                                       
| RESTRT: eqnpt01.rst7                                                          
|   REFC: full.inpcrd                                                           
|  MDVEL: mdvel                                                                 
|   MDEN: mden                                                                  
|  MDCRD: traj001.nc                                                            
| MDINFO: mdinfo                                                                
|  MDFRC: mdfrc                                                                 


 Here is the input file:

*******************************************************                        
*****************************       eqnpt.in                                   
*******************************************************                        
Equilibrate, NPT.                                                              
 &cntrl                                                                        
  imin = 0,                                                                    
  ntx = 5,                                                                     
  irest = 1,                                                                   
  ntpr = 500,                                                                  
  ntwr = 500,                                                                  
  ntwx = 500,                                                                  
  ioutfm = 1,                                                                  
  iwrap = 1,                                                                   
  ntf = 2,                                                                     
  ntc = 2,                                                                     
  cut = 9.0,                                                                   
  ntt = 3,                                                                     
  temp0 = 298.15,                                                              
  gamma_ln = 1.0,                                                              
  ig = -1,                                                                     
  ntp = 1,                                                                     
  barostat = 2,                                                                
  nstlim = 3500,                                                               
  dt = 0.004,                                                                  
  ntr = 1,                                                                     
  restraint_wt = 50.0,                                                         
  restraintmask = ':1-3',                                                      
  nmropt = 1,                                                                  
  pencut = -1,                                                                 
  icfe = 1, clambda = 0.00922,                                                 
  timask1 = ':113', timask2 = ':114',                                          
  ifsc=0, crgmask = ':114',                                                    
 /                                                                             
 &wt type = 'END', /                                                           
DISANG=disang.rest                                                             
LISTOUT=POUT                                                                   
                                                                               


Note: ig = -1. Setting random seed to   946722 based on wallclock time in 
      microseconds.
| irandom = 1, using AMBER's internal random number generator (default).
 
|--------------------- INFORMATION ----------------------
| GPU (CUDA) Version of PMEMD in use: NVIDIA GPU IN USE.
|                    Version 18.0.0
| 
|                      03/25/2018
| 
| Implementation by:
|                    Ross C. Walker     (SDSC)
|                    Scott Le Grand     (nVIDIA)
| 
| Version 18 performance extensions by:
|                    David Cerutti     (Rutgers)
| 
| Precision model in use:
|      [SPFP] - Single Precision Forces, 64-bit Fixed Point
|               Accumulation. (Default)
| 
|--------------------------------------------------------
 
|----------------- CITATION INFORMATION -----------------
|
|    When publishing work that utilized the CUDA version
|    of AMBER, please cite the following in addition to
|    the regular AMBER citations:
|
|  - Romelia Salomon-Ferrer; Andreas W. Goetz; Duncan
|    Poole; Scott Le Grand; Ross C. Walker "Routine
|    microsecond molecular dynamics simulations with
|    AMBER - Part II: Particle Mesh Ewald", J. Chem.
|    Theory Comput., 2013, 9 (9), pp3878-3888,
|    DOI: 10.1021/ct400314y.
|
|  - Andreas W. Goetz; Mark J. Williamson; Dong Xu;
|    Duncan Poole; Scott Le Grand; Ross C. Walker
|    "Routine microsecond molecular dynamics simulations
|    with AMBER - Part I: Generalized Born", J. Chem.
|    Theory Comput., 2012, 8 (5), pp1542-1555.
|
|  - Scott Le Grand; Andreas W. Goetz; Ross C. Walker
|    "SPFP: Speed without compromise - a mixed precision
|    model for GPU accelerated molecular dynamics
|    simulations.", Comp. Phys. Comm., 2013, 184
|    pp374-380, DOI: 10.1016/j.cpc.2012.09.022
|
|    When publishing work that utilized the CUDA version
|    of TI, BAR, MBAR or FEP please cite the following 
|    publications in addition to the regular AMBER 
|    GPU citations:
|
|  - Daniel J. Mermelstein; Charles Lin; Gard Nelson; 
|    Rachael Kretsch; J. Andrew McCammon; Ross C. Walker
|    "Fast and Flexible GPU Accelerated Binding 
|    Free Energy Calculations within the AMBER Molecular
|    Dynamics Package" J. Comp. Chem., 2018,
|    DOI: 10.1002/jcc.25187
|
|  - Tai-Sung Lee; Yuan Hu; Brad Sherborne; Zhuyan Guo;
|    Darrin M. York
|    "Toward Fast and Accurate Binding Affinity Prediction with
|    pmemdGTI: An Efficient Implementation of GPU-Accelerated
|    Thermodynamic Integration"
|    J. Chem. Theory Comput., 2017, 13 (7), 3077
|
|
|--------------------------------------------------------
 
|------------------- GPU DEVICE INFO --------------------
|
|            CUDA_VISIBLE_DEVICES: 0
|   CUDA Capable Devices Detected:      1
|           CUDA Device ID in use:      0
|                CUDA Device Name: GeForce GTX TITAN X
|     CUDA Device Global Mem Size:  12212 MB
| CUDA Device Num Multiprocessors:     24
|           CUDA Device Core Freq:   1.08 GHz
|
|--------------------------------------------------------
 
 
| Conditional Compilation Defines Used:
| PUBFFT
| BINTRAJ
| CUDA
| EMIL

| Largest sphere to fit in unit cell has radius =    30.848

| New format PARM file being parsed.
| Version =    1.000 Date = 04/28/20 Time = 18:39:52

| Note: 1-4 EEL scale factors are being read from the topology file.

| Note: 1-4 VDW scale factors are being read from the topology file.
| Duplicated    0 dihedrals

| Duplicated    0 dihedrals

--------------------------------------------------------------------------------
   1.  RESOURCE   USE: 
--------------------------------------------------------------------------------

 getting box info from netcdf restart file
 NATOM  =   40895 NTYPES =      18 NBONH =   39903 MBONA  =     950
 NTHETH =    2062 MTHETA =    1275 NPHIH =    4031 MPHIA  =    3894
 NHPARM =       0 NPARM  =       0 NNB   =   62108 NRES   =   13178
 NBONA  =     950 NTHETA =    1275 NPHIA =    3894 NUMBND =      87
 NUMANG =     186 NPTRA  =     207 NATYP =      51 NPHB   =       1
 IFBOX  =       1 NMXRS  =      29 IFCAP =       0 NEXTRA =       0
 NCOPY  =       0

| Coordinate Index Table dimensions:    13   12   23
| Direct force subcell size =     5.0979    5.1413    5.1360

     BOX TYPE: RECTILINEAR

--------------------------------------------------------------------------------
   2.  CONTROL  DATA  FOR  THE  RUN
--------------------------------------------------------------------------------

default_name                                                                    

General flags:
     imin    =       0, nmropt  =       1

Nature and format of input:
     ntx     =       5, irest   =       1, ntrx    =       1

Nature and format of output:
     ntxo    =       2, ntpr    =     500, ntrx    =       1, ntwr    =     500
     iwrap   =       1, ntwx    =     500, ntwv    =       0, ntwe    =       0
     ioutfm  =       1, ntwprt  =       0, idecomp =       0, rbornstat=      0

Potential function:
     ntf     =       2, ntb     =       2, igb     =       0, nsnb    =      25
     ipol    =       0, gbsa    =       0, iesp    =       0
     dielc   =   1.00000, cut     =   9.00000, intdiel =   1.00000

Frozen or restrained atoms:
     ibelly  =       0, ntr     =       1
     restraint_wt =  50.00000

Molecular dynamics:
     nstlim  =      3500, nscm    =         0, nrespa  =         1
     t       =   0.00000, dt      =   0.00400, vlimit  =  -1.00000

Langevin dynamics temperature regulation:
     ig      =  946722
     temp0   = 298.15000, tempi   =   0.00000, gamma_ln=   1.00000

Pressure regulation:
     ntp     =       1
     pres0   =   1.00000, comp    =  44.60000, taup    =   1.00000
     Monte-Carlo Barostat:
     mcbarint  =     100

SHAKE:
     ntc     =       2, jfastw  =       0
     tol     =   0.00001

NMR refinement options:
     iscale  =       0, noeskp  =       1, ipnlty  =       1, mxsub   =       1
     scalm   = 100.00000, pencut  =  -1.00000, tausw   =   0.10000

Free energy options:
     icfe    =       1, ifsc    =       0, klambda =       1
     clambda =  0.0092, scalpha =  0.5000, scbeta  = 12.0000
     sceeorder =       2
     dynlmb =  0.0000 logdvdl =       0

| Intermolecular bonds treatment:
|     no_intermolecular_bonds =       1

| Energy averages sample interval:
|     ene_avg_sampling =     500

Ewald parameters:
     verbose =       0, ew_type =       0, nbflag  =       1, use_pme =       1
     vdwmeth =       1, eedmeth =       1, netfrc  =       1
     Box X =   66.272   Box Y =   61.696   Box Z =  118.127
     Alpha =   90.000   Beta  =   90.000   Gamma =   90.000
     NFFT1 =   64       NFFT2 =   64       NFFT3 =  128
     Cutoff=    9.000   Tol   =0.100E-04
     Ewald Coefficient =  0.30768
     Interpolation order =    4

    LOADING THE CONSTRAINED ATOMS AS GROUPS


   5.  REFERENCE ATOM COORDINATES

  default_name                                                                    
     Mask :1-3; matches     3 atoms
     TI Mask 1 :113; matches     29 atoms
     TI Mask 2 :114; matches     29 atoms
     TI region 1:   40866 atoms
     TI region 2:   40866 atoms
Removing charge of       0.1324 from atom    1803
Removing charge of      -0.3482 from atom    1804
Removing charge of       0.6867 from atom    1805
Removing charge of      -0.6325 from atom    1806
Removing charge of      -0.2038 from atom    1807
Removing charge of       0.0953 from atom    1808
Removing charge of      -0.3903 from atom    1809
Removing charge of       0.3402 from atom    1810
Removing charge of      -0.1179 from atom    1811
Removing charge of      -0.1090 from atom    1812
Removing charge of      -0.1345 from atom    1813
Removing charge of      -0.1210 from atom    1814
Removing charge of      -0.1345 from atom    1815
Removing charge of      -0.1090 from atom    1816
Removing charge of      -0.7500 from atom    1817
Removing charge of       0.1891 from atom    1818
Removing charge of       0.1660 from atom    1819
Removing charge of       0.0607 from atom    1820
Removing charge of       0.0607 from atom    1821
Removing charge of       0.0607 from atom    1822
Removing charge of       0.1440 from atom    1823
Removing charge of       0.1360 from atom    1824
Removing charge of       0.1340 from atom    1825
Removing charge of       0.1360 from atom    1826
Removing charge of       0.1440 from atom    1827
Removing charge of       0.4328 from atom    1828
Removing charge of       0.0440 from atom    1829
Removing charge of       0.0440 from atom    1830
Removing charge of       0.0440 from atom    1831
Total charge of  -0.00000100 removed from      29 atoms
     Checking for mismatched coordinates.
| MONTE CARLO BAROSTAT IMPORTANT NOTE:
|   The Monte-Carlo barostat does not require the virial to adjust the system volume.
|   Since it is an expensive calculation, it is skipped for efficiency. A side-effect
|   is that the reported pressure is always 0 because it is not calculated.

--------------------------------------------------------------------------------
   3.  ATOMIC COORDINATES AND VELOCITIES
--------------------------------------------------------------------------------

default_name                                                                    
 begin time read from input coords =   214.000 ps



           Begin reading energy term weight changes/NMR restraints
 WEIGHT CHANGES:
                         ** No weight changes given **

 RESTRAINTS:
 Requested file redirections:
  DISANG    = disang.rest
  LISTOUT   = POUT
 Restraints will be read from file: disang.rest
Here are comments from the DISANG input file:
# Anchor atoms  :58@CA  :79@CA  :105@CA  :113@C3  :113@C9  :113@C11  stage = pre

                       Number of restraints read =    54

                  Done reading weight changes/NMR restraints


 
 Number of triangulated 3-point waters found:    13000

     Sum of charges for TI region  1 =  -0.00000106
     Skip neutralizing charges...


     Sum of charges for TI region  2 =  -0.00000007
     Skip neutralizing charges...

| Dynamic Memory, Types Used:
| Reals             2379018
| Integers          1892548

| Nonbonded Pairs Initial Allocation:     9324060

| GPU memory information (estimate):
| KB of GPU memory in use:    260510
| KB of CPU memory in use:     71294

--------------------------------------------------------------------------------
   4.  RESULTS
--------------------------------------------------------------------------------


| TI region  1


 NSTEP =      500   TIME(PS) =     216.000  TEMP(K) =   298.19  PRESS =     0.0
 Etot   =   -105920.3090  EKtot   =     24505.0318  EPtot      =   -130425.3408
 BOND   =       454.0980  ANGLE   =      1021.2062  DIHED      =      1382.9864
 1-4 NB =       414.2119  1-4 EEL =      5447.2234  VDWAALS    =     17318.6089
 EELEC  =   -156493.5197  EHBOND  =         0.0000  RESTRAINT  =        29.8441
 EAMBER (non-restraint)  =   -130455.1849
 EKCMT  =         0.0000  VIRIAL  =         0.0000  VOLUME     =    480455.3403
                                                    Density    =         0.8631
 DV/DL  =       -17.4244
 ------------------------------------------------------------------------------

 Lambda-dependent restraint contribution to dV/Dl: Total =    -10.0205
   Dist =     -1.7705  Angl =      -2.7269  Tors =     -5.5230

| TI region  2


 NSTEP =      500   TIME(PS) =     216.000  TEMP(K) =   298.19  PRESS =     0.0
 Etot   =   -105920.3090  EKtot   =     24505.0318  EPtot      =   -130425.3408
 BOND   =       454.0980  ANGLE   =      1021.2062  DIHED      =      1382.9864
 1-4 NB =       414.2119  1-4 EEL =      5447.2234  VDWAALS    =     17318.6089
 EELEC  =   -156493.5197  EHBOND  =         0.0000  RESTRAINT  =        29.8441
 EAMBER (non-restraint)  =   -130455.1849
 EKCMT  =         0.0000  VIRIAL  =         0.0000  VOLUME     =    480455.3403
                                                    Density    =         0.8631
 DV/DL  =       -17.4244
 ------------------------------------------------------------------------------

 Lambda-dependent restraint contribution to dV/Dl: Total =    -10.0205
   Dist =     -1.7705  Angl =      -2.7269  Tors =     -5.5230
 NMR restraints: Bond =    2.973   Angle =     3.345   Torsion =    13.545
===============================================================================

| TI region  1


 NSTEP =     1000   TIME(PS) =     218.000  TEMP(K) =   299.12  PRESS =     0.0
 Etot   =   -106127.2875  EKtot   =     24581.1472  EPtot      =   -130708.4347
 BOND   =       407.1398  ANGLE   =       994.8001  DIHED      =      1390.0430
 1-4 NB =       404.4279  1-4 EEL =      5454.4446  VDWAALS    =     17408.0092
 EELEC  =   -156786.9729  EHBOND  =         0.0000  RESTRAINT  =        19.6734
 EAMBER (non-restraint)  =   -130728.1082
 EKCMT  =         0.0000  VIRIAL  =         0.0000  VOLUME     =    479709.2704
                                                    Density    =         0.8644
 DV/DL  =       -14.7043
 ------------------------------------------------------------------------------

 Lambda-dependent restraint contribution to dV/Dl: Total =     -5.6104
   Dist =     -0.3504  Angl =      -0.3922  Tors =     -4.8678

| TI region  2


 NSTEP =     1000   TIME(PS) =     218.000  TEMP(K) =   299.12  PRESS =     0.0
 Etot   =   -106127.2875  EKtot   =     24581.1472  EPtot      =   -130708.4347
 BOND   =       407.1398  ANGLE   =       994.8001  DIHED      =      1390.0430
 1-4 NB =       404.4279  1-4 EEL =      5454.4446  VDWAALS    =     17408.0092
 EELEC  =   -156786.9729  EHBOND  =         0.0000  RESTRAINT  =        19.6734
 EAMBER (non-restraint)  =   -130728.1082
 EKCMT  =         0.0000  VIRIAL  =         0.0000  VOLUME     =    479709.2704
                                                    Density    =         0.8644
 DV/DL  =       -14.7043
 ------------------------------------------------------------------------------

 Lambda-dependent restraint contribution to dV/Dl: Total =     -5.6104
   Dist =     -0.3504  Angl =      -0.3922  Tors =     -4.8678
 NMR restraints: Bond =    1.557   Angle =     1.433   Torsion =    10.875
===============================================================================

| TI region  1


 NSTEP =     1500   TIME(PS) =     220.000  TEMP(K) =   301.11  PRESS =     0.0
 Etot   =   -106179.5057  EKtot   =     24745.1125  EPtot      =   -130924.6181
 BOND   =       443.6371  ANGLE   =      1025.9752  DIHED      =      1385.3978
 1-4 NB =       432.2031  1-4 EEL =      5441.0170  VDWAALS    =     17184.2123
 EELEC  =   -156855.1784  EHBOND  =         0.0000  RESTRAINT  =        18.1178
 EAMBER (non-restraint)  =   -130942.7359
 EKCMT  =         0.0000  VIRIAL  =         0.0000  VOLUME     =    479548.8293
                                                    Density    =         0.8647
 DV/DL  =       -13.5865
 ------------------------------------------------------------------------------

 Lambda-dependent restraint contribution to dV/Dl: Total =     -8.7188
   Dist =     -0.3627  Angl =      -0.8289  Tors =     -7.5272

| TI region  2


 NSTEP =     1500   TIME(PS) =     220.000  TEMP(K) =   301.11  PRESS =     0.0
 Etot   =   -106179.5057  EKtot   =     24745.1125  EPtot      =   -130924.6181
 BOND   =       443.6371  ANGLE   =      1025.9752  DIHED      =      1385.3978
 1-4 NB =       432.2031  1-4 EEL =      5441.0170  VDWAALS    =     17184.2123
 EELEC  =   -156855.1784  EHBOND  =         0.0000  RESTRAINT  =        18.1178
 EAMBER (non-restraint)  =   -130942.7359
 EKCMT  =         0.0000  VIRIAL  =         0.0000  VOLUME     =    479548.8293
                                                    Density    =         0.8647
 DV/DL  =       -13.5865
 ------------------------------------------------------------------------------

 Lambda-dependent restraint contribution to dV/Dl: Total =     -8.7188
   Dist =     -0.3627  Angl =      -0.8289  Tors =     -7.5272
 NMR restraints: Bond =    0.774   Angle =     1.170   Torsion =    15.824
===============================================================================

| TI region  1


 NSTEP =     2000   TIME(PS) =     222.000  TEMP(K) =   298.23  PRESS =     0.0
 Etot   =   -106387.9118  EKtot   =     24507.8466  EPtot      =   -130895.7585
 BOND   =       437.8692  ANGLE   =      1039.4945  DIHED      =      1398.3721
 1-4 NB =       414.2974  1-4 EEL =      5450.0262  VDWAALS    =     17925.2159
 EELEC  =   -157587.3709  EHBOND  =         0.0000  RESTRAINT  =        26.3372
 EAMBER (non-restraint)  =   -130922.0956
 EKCMT  =         0.0000  VIRIAL  =         0.0000  VOLUME     =    473560.4116
                                                    Density    =         0.8756
 DV/DL  =       -18.6800
 ------------------------------------------------------------------------------

 Lambda-dependent restraint contribution to dV/Dl: Total =    -10.9544
   Dist =     -0.3717  Angl =      -1.9597  Tors =     -8.6230

| TI region  2


 NSTEP =     2000   TIME(PS) =     222.000  TEMP(K) =   298.23  PRESS =     0.0
 Etot   =   -106387.9118  EKtot   =     24507.8466  EPtot      =   -130895.7585
 BOND   =       437.8692  ANGLE   =      1039.4945  DIHED      =      1398.3721
 1-4 NB =       414.2974  1-4 EEL =      5450.0262  VDWAALS    =     17925.2159
 EELEC  =   -157587.3709  EHBOND  =         0.0000  RESTRAINT  =        26.3372
 EAMBER (non-restraint)  =   -130922.0956
 EKCMT  =         0.0000  VIRIAL  =         0.0000  VOLUME     =    473560.4116
                                                    Density    =         0.8756
 DV/DL  =       -18.6800
 ------------------------------------------------------------------------------

 Lambda-dependent restraint contribution to dV/Dl: Total =    -10.9544
   Dist =     -0.3717  Angl =      -1.9597  Tors =     -8.6230
 NMR restraints: Bond =    0.757   Angle =     2.810   Torsion =    20.539
===============================================================================

| TI region  1


 NSTEP =     2500   TIME(PS) =     224.000  TEMP(K) =   299.88  PRESS =     0.0
 Etot   =   -106024.0211  EKtot   =     24643.4385  EPtot      =   -130667.4596
 BOND   =       421.3275  ANGLE   =      1082.1719  DIHED      =      1374.5588
 1-4 NB =       417.9984  1-4 EEL =      5420.7043  VDWAALS    =     17646.4325
 EELEC  =   -157048.5218  EHBOND  =         0.0000  RESTRAINT  =        17.8686
 EAMBER (non-restraint)  =   -130685.3282
 EKCMT  =         0.0000  VIRIAL  =         0.0000  VOLUME     =    470920.1327
                                                    Density    =         0.8805
 DV/DL  =       -16.8802
 ------------------------------------------------------------------------------

 Lambda-dependent restraint contribution to dV/Dl: Total =     -7.5069
   Dist =     -0.0579  Angl =      -0.6455  Tors =     -6.8035

| TI region  2


 NSTEP =     2500   TIME(PS) =     224.000  TEMP(K) =   299.88  PRESS =     0.0
 Etot   =   -106024.0211  EKtot   =     24643.4385  EPtot      =   -130667.4596
 BOND   =       421.3275  ANGLE   =      1082.1719  DIHED      =      1374.5588
 1-4 NB =       417.9984  1-4 EEL =      5420.7043  VDWAALS    =     17646.4325
 EELEC  =   -157048.5218  EHBOND  =         0.0000  RESTRAINT  =        17.8686
 EAMBER (non-restraint)  =   -130685.3282
 EKCMT  =         0.0000  VIRIAL  =         0.0000  VOLUME     =    470920.1327
                                                    Density    =         0.8805
 DV/DL  =       -16.8802
 ------------------------------------------------------------------------------

 Lambda-dependent restraint contribution to dV/Dl: Total =     -7.5069
   Dist =     -0.0579  Angl =      -0.6455  Tors =     -6.8035
 NMR restraints: Bond =    1.035   Angle =     0.679   Torsion =    14.381
===============================================================================

| TI region  1


 NSTEP =     3000   TIME(PS) =     226.000  TEMP(K) =   296.16  PRESS =     0.0
 Etot   =   -106399.9609  EKtot   =     24337.7359  EPtot      =   -130737.6968
 BOND   =       467.8242  ANGLE   =       982.0996  DIHED      =      1369.2662
 1-4 NB =       418.6485  1-4 EEL =      5485.6493  VDWAALS    =     17419.8782
 EELEC  =   -156894.5564  EHBOND  =         0.0000  RESTRAINT  =        13.4936
 EAMBER (non-restraint)  =   -130751.1904
 EKCMT  =         0.0000  VIRIAL  =         0.0000  VOLUME     =    468320.9077
                                                    Density    =         0.8854
 DV/DL  =       -18.5136
 ------------------------------------------------------------------------------

 Lambda-dependent restraint contribution to dV/Dl: Total =     -6.0986
   Dist =     -0.2711  Angl =      -0.5324  Tors =     -5.2951

| TI region  2


 NSTEP =     3000   TIME(PS) =     226.000  TEMP(K) =   296.16  PRESS =     0.0
 Etot   =   -106399.9609  EKtot   =     24337.7359  EPtot      =   -130737.6968
 BOND   =       467.8242  ANGLE   =       982.0996  DIHED      =      1369.2662
 1-4 NB =       418.6485  1-4 EEL =      5485.6493  VDWAALS    =     17419.8782
 EELEC  =   -156894.5564  EHBOND  =         0.0000  RESTRAINT  =        13.4936
 EAMBER (non-restraint)  =   -130751.1904
 EKCMT  =         0.0000  VIRIAL  =         0.0000  VOLUME     =    468320.9077
                                                    Density    =         0.8854
 DV/DL  =       -18.5136
 ------------------------------------------------------------------------------

 Lambda-dependent restraint contribution to dV/Dl: Total =     -6.0986
   Dist =     -0.2711  Angl =      -0.5324  Tors =     -5.2951
 NMR restraints: Bond =    0.850   Angle =     0.600   Torsion =     9.414
===============================================================================

| TI region  1


 NSTEP =     3500   TIME(PS) =     228.000  TEMP(K) =   298.55  PRESS =     0.0
 Etot   =   -106326.5792  EKtot   =     24534.4887  EPtot      =   -130861.0679
 BOND   =       436.0358  ANGLE   =      1069.5673  DIHED      =      1368.6253
 1-4 NB =       405.9826  1-4 EEL =      5413.0962  VDWAALS    =     18206.4984
 EELEC  =   -157778.3447  EHBOND  =         0.0000  RESTRAINT  =        17.4713
 EAMBER (non-restraint)  =   -130878.5392
 EKCMT  =         0.0000  VIRIAL  =         0.0000  VOLUME     =    464267.1758
                                                    Density    =         0.8931
 DV/DL  =        -3.2251
 ------------------------------------------------------------------------------

 Lambda-dependent restraint contribution to dV/Dl: Total =     -3.3861
   Dist =     -0.1758  Angl =      -0.2523  Tors =     -2.9580

| TI region  2


 NSTEP =     3500   TIME(PS) =     228.000  TEMP(K) =   298.55  PRESS =     0.0
 Etot   =   -106326.5792  EKtot   =     24534.4887  EPtot      =   -130861.0679
 BOND   =       436.0358  ANGLE   =      1069.5673  DIHED      =      1368.6253
 1-4 NB =       405.9826  1-4 EEL =      5413.0962  VDWAALS    =     18206.4984
 EELEC  =   -157778.3447  EHBOND  =         0.0000  RESTRAINT  =        17.4713
 EAMBER (non-restraint)  =   -130878.5392
 EKCMT  =         0.0000  VIRIAL  =         0.0000  VOLUME     =    464267.1758
                                                    Density    =         0.8931
 DV/DL  =        -3.2251
 ------------------------------------------------------------------------------

 Lambda-dependent restraint contribution to dV/Dl: Total =     -3.3861
   Dist =     -0.1758  Angl =      -0.2523  Tors =     -2.9580
 NMR restraints: Bond =    0.903   Angle =     0.382   Torsion =    13.125
===============================================================================

| TI region  1


      A V E R A G E S   O V E R       7 S T E P S


 NSTEP =     3500   TIME(PS) =     228.000  TEMP(K) =   298.75  PRESS =     0.0
 Etot   =   -106195.0822  EKtot   =     24550.6859  EPtot      =   -130745.7681
 BOND   =       438.2759  ANGLE   =      1030.7593  DIHED      =      1381.3214
 1-4 NB =       415.3957  1-4 EEL =      5444.5945  VDWAALS    =     17586.9793
 EELEC  =   -157063.4950  EHBOND  =         0.0000  RESTRAINT  =        20.4009
 EAMBER (non-restraint)  =   -130766.1689
 EKCMT  =         0.0000  VIRIAL  =         0.0000  VOLUME     =    473826.0097
                                                    Density    =         0.8753
 DV/DL  =       -14.7163
 ------------------------------------------------------------------------------

 NMR restraints: Bond =    0.903   Angle =     0.382   Torsion =    13.125
===============================================================================
 Lambda-dependent restraint contribution to dV/Dl: Total =     -7.4708
   Dist =     -0.4800  Angl =      -1.0483  Tors =     -5.9425

      R M S  F L U C T U A T I O N S


 NSTEP =     3500   TIME(PS) =     228.000  TEMP(K) =     1.43  PRESS =     0.0
 Etot   =       171.5688  EKtot   =       117.6327  EPtot      =       159.4828
 BOND   =        18.5706  ANGLE   =        33.8074  DIHED      =        10.2708
 1-4 NB =         8.5469  1-4 EEL =        22.0215  VDWAALS    =       337.2027
 EELEC  =       424.0877  EHBOND  =         0.0000  RESTRAINT  =         5.2490
 EAMBER (non-restraint)  =       154.2338
 EKCMT  =         0.0000  VIRIAL  =         0.0000  VOLUME     =      5873.7134
                                                    Density    =         0.0109
 DV/DL  =         5.0067
 ------------------------------------------------------------------------------

 Lambda-dependent restraint contribution to dV/Dl: Total =      2.4560
   Dist =      0.5374  Angl =       0.8610  Tors =      1.7360

| TI region  2


      A V E R A G E S   O V E R       7 S T E P S


 NSTEP =     3500   TIME(PS) =     228.000  TEMP(K) =   298.75  PRESS =     0.0
 Etot   =   -106195.0822  EKtot   =     24550.6859  EPtot      =   -130745.7681
 BOND   =       438.2759  ANGLE   =      1030.7593  DIHED      =      1381.3214
 1-4 NB =       415.3957  1-4 EEL =      5444.5945  VDWAALS    =     17586.9793
 EELEC  =   -157063.4950  EHBOND  =         0.0000  RESTRAINT  =        20.4009
 EAMBER (non-restraint)  =   -130766.1689
 EKCMT  =         0.0000  VIRIAL  =         0.0000  VOLUME     =    473826.0097
                                                    Density    =         0.8753
 DV/DL  =       -14.7163
 ------------------------------------------------------------------------------

 NMR restraints: Bond =    0.903   Angle =     0.382   Torsion =    13.125
===============================================================================
 Lambda-dependent restraint contribution to dV/Dl: Total =     -7.4708
   Dist =     -0.4800  Angl =      -1.0483  Tors =     -5.9425

      R M S  F L U C T U A T I O N S


 NSTEP =     3500   TIME(PS) =     228.000  TEMP(K) =     1.43  PRESS =     0.0
 Etot   =       171.5688  EKtot   =       117.6327  EPtot      =       159.4828
 BOND   =        18.5706  ANGLE   =        33.8074  DIHED      =        10.2708
 1-4 NB =         8.5469  1-4 EEL =        22.0215  VDWAALS    =       337.2027
 EELEC  =       424.0877  EHBOND  =         0.0000  RESTRAINT  =         5.2490
 EAMBER (non-restraint)  =       154.2338
 EKCMT  =         0.0000  VIRIAL  =         0.0000  VOLUME     =      5873.7134
                                                    Density    =         0.0109
 DV/DL  =         5.0067
 ------------------------------------------------------------------------------

 Lambda-dependent restraint contribution to dV/Dl: Total =      2.4560
   Dist =      0.5374  Angl =       0.8610  Tors =      1.7360

      DV/DL, AVERAGES OVER       7 STEPS


 NSTEP =     3500   TIME(PS) =     228.000  TEMP(K) =     1.43  PRESS =     0.0
 Etot   =         0.0000  EKtot   =         0.0000  EPtot      =         0.0000
 BOND   =         0.0000  ANGLE   =         0.0000  DIHED      =         0.0000
 1-4 NB =         0.0000  1-4 EEL =       -36.1829  VDWAALS    =         0.0000
 EELEC  =        28.9374  EHBOND  =         0.0000  RESTRAINT  =         0.0000
 EKCMT  =         0.0000  VIRIAL  =         0.0000  VOLUME     =         0.0000
                                                    Density    =         0.0000
 ------------------------------------------------------------------------------


 NMR restraints on final step:

 ------------------------------------------------------------------------------


 Final Restraint Analysis for coords: eqnpt01.rst7                            


 Restraints, deviations, and energy contributions:    pencut =   -1.00

 ------------------------------------------------------------------------------
     First atom        Last atom    curr. value target deviation  penalty
 ------------------------------------------------------------------------------
  Pb   DUM    2 --  CA   ILE   58:    7.738    7.780    0.042    0.018 d    0: 0
  Pb   DUM    1 --  CA   ILE   58:   91.340   90.000    1.340    0.137 a
  Pb   DUM    1 --  Pb   DUM    2:  181.100  180.000    1.100    0.092 t
  Pb   DUM    2 --  CA   LEU   79:   77.379   77.652    0.272    0.006 a
  Pb   DUM    2 --  CA   ILE   58:    2.691    4.231    1.541    0.181 t
  CA   ILE   58 --  CA   LEU   79:   84.601   83.643    0.958    0.070 t
  CA   ILE   58 --  CA   LEU   79:   10.568   10.640    0.072    0.026 d    0: 0
  CA   LEU   79 --  CA   PHE  105:   12.629   12.582    0.047    0.011 d    0: 0
  CA   PHE  105 --  CA   ILE   58:   12.953   13.332    0.378    0.716 d    0: 0
  CA   PRO   34 --  C    PRO   34:  155.391  144.272   11.119    1.883 t
  N    VAL   35 --  CA   VAL   35:  -62.801  -56.203    6.598    0.663 t
  CA   VAL   35 --  C    VAL   35:  133.594  129.560    4.034    0.248 t
  N    ASP   36 --  CA   ASP   36:  -72.346  -76.176    3.830    0.223 t
  CA   ASP   36 --  C    ASP   36:   87.669   89.334    1.665    0.042 t
  N    VAL   37 --  CA   VAL   37:  -61.728  -68.294    6.566    0.657 t
  CA   VAL   37 --  C    VAL   37:  -10.950   -7.195    3.755    0.215 t
  N    GLU   38 --  CA   GLU   38:  -93.568  -93.239    0.330    0.002 t
  CA   GLU   38 --  C    GLU   38:  -11.402   -7.767    3.635    0.201 t
  N    ALA   39 --  CA   ALA   39:  -69.665  -74.202    4.537    0.314 t
  CA   ALA   39 --  C    ALA   39:  148.192  147.568    0.624    0.006 t
  N    LEU   40 --  CA   LEU   40:  -58.159  -57.700    0.459    0.003 t
  CA   LEU   40 --  C    LEU   40:  127.153  128.414    1.261    0.024 t
  N    GLY   41 --  CA   GLY   41:   93.641   99.760    6.119    0.570 t
  CA   GLY   41 --  C    GLY   41:  -10.170  -12.800    2.630    0.105 t
  N    LEU   42 --  CA   LEU   42: -102.761 -107.647    4.886    0.364 t
  CA   LEU   42 --  C    LEU   42:   17.128   18.375    1.248    0.024 t
  N    HIE   43 --  CA   HIE   43:  -68.409  -58.835    9.574    1.396 t
  CA   HIE   43 --  C    HIE   43:  -21.491  -25.352    3.861    0.227 t
  N    ASP   44 --  CA   ASP   44: -105.442 -102.924    2.519    0.097 t
  CA   ASP   44 --  C    ASP   44:    5.909    4.593    1.316    0.026 t
  N    TYR   45 --  CA   TYR   45:  -49.855  -56.776    6.921    0.730 t
  Pb   DUM    1 --  C3   LIG  113:    4.871    5.000    0.129    0.083 d    0: 0
  Pb   DUM    2 --  C3   LIG  113:   91.083   90.000    1.083    0.089 a
  Pb   DUM    2 --  Pb   DUM    1:   -1.082    0.000    1.082    0.089 t
  Pb   DUM    1 --  C9   LIG  113:  133.696  134.825    1.129    0.097 a
  Pb   DUM    1 --  C3   LIG  113:  -39.271  -40.760    1.489    0.169 t
  C3   LIG  113 --  C9   LIG  113: -149.701 -147.329    2.372    0.429 t
  C3   LIG  113 --  C9   LIG  113:    6.420    6.392    0.028    0.004 d    0: 0
  C9   LIG  113 --  C11  LIG  113:    6.401    6.364    0.037    0.007 d    0: 0
  C11  LIG  113 --  C3   LIG  113:    6.641    6.535    0.106    0.056 d    0: 0
  C10  LIG  113 --  C9   LIG  113:   -5.218   -4.102    1.115    0.027 t
  C5   LIG  113 --  C6   LIG  113:  180.768  174.162    6.606    0.931 t
  C8   LIG  113 --  C9   LIG  113:   -5.325   -8.316    2.991    0.191 t
  C7   LIG  113 --  C8   LIG  113:   11.093    9.382    1.712    0.062 t
  C6   LIG  113 --  C7   LIG  113:   -6.525    1.647    8.172    1.424 t
  C    LIG  113 --  N2   LIG  113:  157.670  155.656    2.013    0.086 t
  C5   LIG  113 --  C10  LIG  113: -174.311 -172.471    1.840    0.072 t
  C    LIG  113 --  C1   LIG  113:   13.119   16.096    2.976    0.189 t
  N    LIG  113 --  N1   LIG  113:   -2.193   -2.975    0.781    0.013 t
  C    LIG  113 --  C4   LIG  113:  177.021  172.131    4.890    0.510 t
  C2   LIG  113 --  N    LIG  113:  173.412  173.910    0.497    0.005 t
  C1   LIG  113 --  C2   LIG  113:  176.145  173.252    2.893    0.178 t
  C4   LIG  113 --  N1   LIG  113:    5.997    5.550    0.448    0.004 t
  C4   LIG  113 --  C5   LIG  113:  134.775  135.268    0.493    0.005 t
                                       Total distance penalty:      0.920
                                       Total angle    penalty:      0.329
                                       Total torsion  penalty:     12.747
 ------------------------------------------------------------------------------
| MC Barostat:         35 volume changes attempted.
| MC Barostat:         12 changes successful ( 34.29%)
 ------------------------------------------------------------------------------

--------------------------------------------------------------------------------
   5.  TIMINGS
--------------------------------------------------------------------------------

|  NonSetup CPU Time in Major Routines:
|
|     Routine           Sec        %
|     ------------------------------
|     Nonbond           4.19   39.67
|     Bond              0.00    0.00
|     Angle             0.00    0.00
|     Dihedral          0.00    0.00
|     Shake             0.00    0.05
|     RunMD             6.29   59.59
|     Other             0.07    0.69
|     ------------------------------
|     Total            10.56

|  PME Nonbond Pairlist CPU Time:
|
|     Routine              Sec        %
|     ---------------------------------
|     Set Up Cit           0.00    0.00
|     Build List           0.00    0.00
|     ---------------------------------
|     Total                0.00    0.00

|  PME Direct Force CPU Time:
|
|     Routine              Sec        %
|     ---------------------------------
|     NonBonded Calc       0.00    0.00
|     Exclude Masked       0.00    0.00
|     Other                0.01    0.05
|     ---------------------------------
|     Total                0.01    0.05

|  PME Reciprocal Force CPU Time:
|
|     Routine              Sec        %
|     ---------------------------------
|     1D bspline           0.00    0.00
|     Grid Charges         0.00    0.00
|     Scalar Sum           0.00    0.00
|     Gradient Sum         0.00    0.00
|     FFT                  0.00    0.00
|     ---------------------------------
|     Total                0.00    0.00

|  Final Performance Info:
|     -----------------------------------------------------
|     Average timings for last    3000 steps:
|     Elapsed(s) =       9.53 Per Step(ms) =       3.18
|         ns/day =     108.83   seconds/ns =     793.87
|
|     Average timings for all steps:
|     Elapsed(s) =      11.09 Per Step(ms) =       3.17
|         ns/day =     109.04   seconds/ns =     792.34
|     -----------------------------------------------------

|  Setup CPU time:            0.95 seconds
|  NonSetup CPU time:        10.56 seconds
|  Total CPU time:           11.51 seconds     0.00 hours

|  Setup wall time:           1    seconds
|  NonSetup wall time:       11    seconds
|  Total wall time:          12    seconds     0.00 hours
